2025-05-25 13:31:38,752 - cluster-integrate - INFO - 日志文件创建于: D:\GitHub_local\Brain_Neuroimage_Processing\Visualization\logs\2979_analysis\cluster-integrate_20250525-133138.log
2025-05-25 13:31:38,752 - cluster-integrate - INFO - 开始钙爆发聚类分析，输出目录: ../results/processed_2979_all_datasets_analysis
2025-05-25 13:31:38,752 - cluster-integrate - INFO - 使用输入文件: ../results/processed_2979_all_datasets_analysis/all_datasets_transients.xlsx
2025-05-25 13:31:38,753 - cluster-integrate - INFO - OUTPUT: 正在从../results/processed_2979_all_datasets_analysis/all_datasets_transients.xlsx加载数据...
2025-05-25 13:31:41,378 - cluster-integrate - INFO - OUTPUT: 成功加载数据，共11716行
2025-05-25 13:31:41,379 - cluster-integrate - INFO - OUTPUT: 输出目录设置为: ../results/processed_2979_all_datasets_analysis
2025-05-25 13:31:41,379 - cluster-integrate - INFO - OUTPUT: 使用权重设置进行聚类分析
2025-05-25 13:31:41,393 - cluster-integrate - INFO - OUTPUT: 应用特征权重: amplitude:2.00, duration:2.00, fwhm:0.50, rise_time:1.50, decay_time:1.50, auc:0.50, snr:0.50, is_complex:1.00, subpeaks_count:1.00
2025-05-25 13:31:41,393 - cluster-integrate - INFO - OUTPUT: 预处理完成，保留11716个有效样本，使用特征: amplitude, duration, fwhm, rise_time, decay_time, auc, snr, is_complex, subpeaks_count
2025-05-25 13:31:41,393 - cluster-integrate - INFO - OUTPUT: 使用指定的聚类数: K=4
2025-05-25 13:31:41,393 - cluster-integrate - INFO - OUTPUT: 使用K均值聚类算法，聚类数=4...
2025-05-25 13:31:41,613 - cluster-integrate - INFO - OUTPUT: 使用PCA降维可视化...
2025-05-25 13:31:42,336 - cluster-integrate - INFO - OUTPUT: 使用t-SNE降维可视化...
2025-05-25 13:32:04,554 - cluster-integrate - INFO - OUTPUT: 可视化各个簇的特征分布...
2025-05-25 13:32:06,147 - cluster-integrate - INFO - OUTPUT: 分析各个簇的特征统计信息...
2025-05-25 13:32:06,184 - cluster-integrate - INFO - OUTPUT: 聚类统计信息已保存到 '../results/processed_2979_all_datasets_analysis/cluster_statistics.csv'
2025-05-25 13:32:06,184 - cluster-integrate - INFO - OUTPUT: 使用雷达图可视化各簇的特征...
2025-05-25 13:32:06,666 - cluster-integrate - INFO - OUTPUT: 可视化不同神经元的聚类分布...
2025-05-25 13:32:07,211 - cluster-integrate - INFO - OUTPUT: 神经元聚类分布图已保存到: ../results/processed_2979_all_datasets_analysis/neuron_cluster_distribution.png
2025-05-25 13:32:07,212 - cluster-integrate - INFO - OUTPUT: 可视化不同波形类型在各聚类中的分布...
2025-05-25 13:32:07,598 - cluster-integrate - INFO - OUTPUT: 波形类型分布图已保存到: ../results/processed_2979_all_datasets_analysis/wave_type_distribution.png
2025-05-25 13:32:07,599 - cluster-integrate - INFO - OUTPUT: 分析各聚类中的子峰特征...
2025-05-25 13:32:07,885 - cluster-integrate - INFO - OUTPUT: 子峰统计信息已保存到 ../results/processed_2979_all_datasets_analysis/subpeaks_statistics.csv
2025-05-25 13:32:07,886 - cluster-integrate - INFO - OUTPUT: 正在可视化不同聚类类别的平均钙爆发波形...
2025-05-25 13:32:07,887 - cluster-integrate - INFO - OUTPUT: 检测到源文件路径信息，将优先使用这些信息加载原始数据
2025-05-25 13:32:07,888 - cluster-integrate - INFO - OUTPUT: 从事件数据中检测到 25 个不同的源文件
2025-05-25 13:32:07,889 - cluster-integrate - INFO - OUTPUT: 使用项目根目录: D:\GitHub_local\Brain_Neuroimage_Processing
2025-05-25 13:32:07,889 - cluster-integrate - INFO - OUTPUT: 加载源文件: D:\GitHub_local\Brain_Neuroimage_Processing\Visualization\datasets\2979数据\csdsday3\processed_DAY3EMtrace.xlsx
2025-05-25 13:32:08,520 - cluster-integrate - INFO - OUTPUT:   成功加载数据集: processed_DAY3EMtrace, 形状: (2999, 37)
2025-05-25 13:32:08,521 - cluster-integrate - INFO - OUTPUT: 加载源文件: D:\GitHub_local\Brain_Neuroimage_Processing\Visualization\datasets\2979数据\csdsday3\processed_DAY3Openfieldtrace.xlsx
2025-05-25 13:32:08,630 - cluster-integrate - INFO - OUTPUT:   成功加载数据集: processed_DAY3Openfieldtrace, 形状: (388, 49)
2025-05-25 13:32:08,630 - cluster-integrate - INFO - OUTPUT: 加载源文件: D:\GitHub_local\Brain_Neuroimage_Processing\Visualization\datasets\2979数据\csdsday6\processed_Day6EMtrace.xlsx
2025-05-25 13:32:09,253 - cluster-integrate - INFO - OUTPUT:   成功加载数据集: processed_Day6EMtrace, 形状: (2999, 35)
2025-05-25 13:32:09,253 - cluster-integrate - INFO - OUTPUT: 加载源文件: D:\GitHub_local\Brain_Neuroimage_Processing\Visualization\datasets\2979数据\csdsday6\processed_Day6openfieldtrace.xlsx
2025-05-25 13:32:10,088 - cluster-integrate - INFO - OUTPUT:   成功加载数据集: processed_Day6openfieldtrace, 形状: (2999, 50)
2025-05-25 13:32:10,089 - cluster-integrate - INFO - OUTPUT: 加载源文件: D:\GitHub_local\Brain_Neuroimage_Processing\Visualization\datasets\2979数据\csdsday8\processed_Day8EMtrace.xlsx
2025-05-25 13:32:10,927 - cluster-integrate - INFO - OUTPUT:   成功加载数据集: processed_Day8EMtrace, 形状: (2999, 48)
2025-05-25 13:32:10,927 - cluster-integrate - INFO - OUTPUT: 加载源文件: D:\GitHub_local\Brain_Neuroimage_Processing\Visualization\datasets\2979数据\csdsday8\processed_Day8homecagetrace.xlsx
2025-05-25 13:32:11,960 - cluster-integrate - INFO - OUTPUT:   成功加载数据集: processed_Day8homecagetrace, 形状: (4265, 42)
2025-05-25 13:32:11,960 - cluster-integrate - INFO - OUTPUT: 加载源文件: D:\GitHub_local\Brain_Neuroimage_Processing\Visualization\datasets\2979数据\csdsday9\processed_Day9homecagetrace01.xlsx
2025-05-25 13:32:11,992 - cluster-integrate - INFO - OUTPUT:   成功加载数据集: processed_Day9homecagetrace01, 形状: (169, 26)
2025-05-25 13:32:11,992 - cluster-integrate - INFO - OUTPUT: 加载源文件: D:\GitHub_local\Brain_Neuroimage_Processing\Visualization\datasets\2979数据\csdsday9\processed_Day9homecagetrace02.xlsx
2025-05-25 13:32:12,707 - cluster-integrate - INFO - OUTPUT:   成功加载数据集: processed_Day9homecagetrace02, 形状: (3531, 35)
2025-05-25 13:32:12,707 - cluster-integrate - INFO - OUTPUT: 加载源文件: D:\GitHub_local\Brain_Neuroimage_Processing\Visualization\datasets\2979数据\csdsday9\processed_Day9xuanweitrace.xlsx
2025-05-25 13:32:13,207 - cluster-integrate - INFO - OUTPUT:   成功加载数据集: processed_Day9xuanweitrace, 形状: (2005, 46)
2025-05-25 13:32:13,207 - cluster-integrate - INFO - OUTPUT: 加载源文件: D:\GitHub_local\Brain_Neuroimage_Processing\Visualization\datasets\2979数据\csdsday9\processed_Day9ymazetrace.xlsx
2025-05-25 13:32:13,957 - cluster-integrate - INFO - OUTPUT:   成功加载数据集: processed_Day9ymazetrace, 形状: (2999, 44)
2025-05-25 13:32:13,957 - cluster-integrate - INFO - OUTPUT: 加载源文件: D:\GitHub_local\Brain_Neuroimage_Processing\Visualization\datasets\2979数据\processed_csdsday3trace.xlsx
2025-05-25 13:32:14,120 - cluster-integrate - INFO - OUTPUT:   成功加载数据集: processed_csdsday3trace, 形状: (1026, 28)
2025-05-25 13:32:14,121 - cluster-integrate - INFO - OUTPUT: 加载源文件: D:\GitHub_local\Brain_Neuroimage_Processing\Visualization\datasets\2979数据\processed_EMtrace01.xlsx
2025-05-25 13:32:14,897 - cluster-integrate - INFO - OUTPUT:   成功加载数据集: processed_EMtrace01, 形状: (2999, 44)
2025-05-25 13:32:14,897 - cluster-integrate - INFO - OUTPUT: 加载源文件: D:\GitHub_local\Brain_Neuroimage_Processing\Visualization\datasets\2979数据\processed_EMtrace02.xlsx
2025-05-25 13:32:15,158 - cluster-integrate - INFO - OUTPUT:   成功加载数据集: processed_EMtrace02, 形状: (1184, 39)
2025-05-25 13:32:15,158 - cluster-integrate - INFO - OUTPUT: 加载源文件: D:\GitHub_local\Brain_Neuroimage_Processing\Visualization\datasets\2979数据\processed_homecagefamilarmicetrace.xlsx
2025-05-25 13:32:15,590 - cluster-integrate - INFO - OUTPUT:   成功加载数据集: processed_homecagefamilarmicetrace, 形状: (1999, 41)
2025-05-25 13:32:15,591 - cluster-integrate - INFO - OUTPUT: 加载源文件: D:\GitHub_local\Brain_Neuroimage_Processing\Visualization\datasets\2979数据\processed_homecagetrace.xlsx
2025-05-25 13:32:16,419 - cluster-integrate - INFO - OUTPUT:   成功加载数据集: processed_homecagetrace, 形状: (4266, 34)
2025-05-25 13:32:16,419 - cluster-integrate - INFO - OUTPUT: 加载源文件: D:\GitHub_local\Brain_Neuroimage_Processing\Visualization\datasets\2979数据\processed_NORhabititutetrace.xlsx
2025-05-25 13:32:17,062 - cluster-integrate - INFO - OUTPUT:   成功加载数据集: processed_NORhabititutetrace, 形状: (1828, 61)
2025-05-25 13:32:17,063 - cluster-integrate - INFO - OUTPUT: 加载源文件: D:\GitHub_local\Brain_Neuroimage_Processing\Visualization\datasets\2979数据\processed_NORtesttrace.xlsx
2025-05-25 13:32:17,531 - cluster-integrate - INFO - OUTPUT:   成功加载数据集: processed_NORtesttrace, 形状: (1599, 53)
2025-05-25 13:32:17,532 - cluster-integrate - INFO - OUTPUT: 加载源文件: D:\GitHub_local\Brain_Neuroimage_Processing\Visualization\datasets\2979数据\processed_openfieldtrace.xlsx
2025-05-25 13:32:18,202 - cluster-integrate - INFO - OUTPUT:   成功加载数据集: processed_openfieldtrace, 形状: (2999, 39)
2025-05-25 13:32:18,202 - cluster-integrate - INFO - OUTPUT: 加载源文件: D:\GitHub_local\Brain_Neuroimage_Processing\Visualization\datasets\2979数据\processed_socialtrace01.xlsx
2025-05-25 13:32:18,822 - cluster-integrate - INFO - OUTPUT:   成功加载数据集: processed_socialtrace01, 形状: (2999, 37)
2025-05-25 13:32:18,823 - cluster-integrate - INFO - OUTPUT: 加载源文件: D:\GitHub_local\Brain_Neuroimage_Processing\Visualization\datasets\2979数据\processed_socialtrace02.xlsx
2025-05-25 13:32:19,446 - cluster-integrate - INFO - OUTPUT:   成功加载数据集: processed_socialtrace02, 形状: (2999, 36)
2025-05-25 13:32:19,447 - cluster-integrate - INFO - OUTPUT: 加载源文件: D:\GitHub_local\Brain_Neuroimage_Processing\Visualization\datasets\2979数据\processed_tangsuitiewangtrace.xlsx
2025-05-25 13:32:20,316 - cluster-integrate - INFO - OUTPUT:   成功加载数据集: processed_tangsuitiewangtrace, 形状: (2999, 52)
2025-05-25 13:32:20,317 - cluster-integrate - INFO - OUTPUT: 加载源文件: D:\GitHub_local\Brain_Neuroimage_Processing\Visualization\datasets\2979数据\processed_tangsuitrace.xlsx
2025-05-25 13:32:21,080 - cluster-integrate - INFO - OUTPUT:   成功加载数据集: processed_tangsuitrace, 形状: (2650, 54)
2025-05-25 13:32:21,080 - cluster-integrate - INFO - OUTPUT: 加载源文件: D:\GitHub_local\Brain_Neuroimage_Processing\Visualization\datasets\2979数据\processed_tstrace.xlsx
2025-05-25 13:32:21,986 - cluster-integrate - INFO - OUTPUT:   成功加载数据集: processed_tstrace, 形状: (2999, 52)
2025-05-25 13:32:21,986 - cluster-integrate - INFO - OUTPUT: 加载源文件: D:\GitHub_local\Brain_Neuroimage_Processing\Visualization\datasets\2979数据\processed_xuanweitrace.xlsx
2025-05-25 13:32:22,420 - cluster-integrate - INFO - OUTPUT:   成功加载数据集: processed_xuanweitrace, 形状: (1599, 45)
2025-05-25 13:32:22,420 - cluster-integrate - INFO - OUTPUT: 加载源文件: D:\GitHub_local\Brain_Neuroimage_Processing\Visualization\datasets\2979数据\processed_ymazetrace.xlsx
2025-05-25 13:32:23,092 - cluster-integrate - INFO - OUTPUT:   成功加载数据集: processed_ymazetrace, 形状: (2999, 41)
2025-05-25 13:32:23,093 - cluster-integrate - INFO - OUTPUT: 原始数据中的神经元列：
2025-05-25 13:32:23,093 - cluster-integrate - INFO - OUTPUT:   数据集 processed_DAY3EMtrace: 36 个神经元列 - ['n1', 'n2', 'n3', 'n4', 'n5']...
2025-05-25 13:32:23,093 - cluster-integrate - INFO - OUTPUT:   数据集 processed_DAY3Openfieldtrace: 48 个神经元列 - ['n1', 'n2', 'n3', 'n4', 'n5']...
2025-05-25 13:32:23,093 - cluster-integrate - INFO - OUTPUT:   数据集 processed_Day6EMtrace: 34 个神经元列 - ['n1', 'n2', 'n3', 'n4', 'n5']...
2025-05-25 13:32:23,094 - cluster-integrate - INFO - OUTPUT:   数据集 processed_Day6openfieldtrace: 49 个神经元列 - ['n1', 'n2', 'n3', 'n4', 'n5']...
2025-05-25 13:32:23,094 - cluster-integrate - INFO - OUTPUT:   数据集 processed_Day8EMtrace: 47 个神经元列 - ['n1', 'n2', 'n3', 'n4', 'n5']...
2025-05-25 13:32:23,094 - cluster-integrate - INFO - OUTPUT:   数据集 processed_Day8homecagetrace: 41 个神经元列 - ['n1', 'n2', 'n3', 'n4', 'n5']...
2025-05-25 13:32:23,094 - cluster-integrate - INFO - OUTPUT:   数据集 processed_Day9homecagetrace01: 25 个神经元列 - ['n1', 'n2', 'n3', 'n4', 'n5']...
2025-05-25 13:32:23,094 - cluster-integrate - INFO - OUTPUT:   数据集 processed_Day9homecagetrace02: 34 个神经元列 - ['n1', 'n2', 'n3', 'n4', 'n5']...
2025-05-25 13:32:23,095 - cluster-integrate - INFO - OUTPUT:   数据集 processed_Day9xuanweitrace: 45 个神经元列 - ['n1', 'n2', 'n3', 'n4', 'n5']...
2025-05-25 13:32:23,095 - cluster-integrate - INFO - OUTPUT:   数据集 processed_Day9ymazetrace: 43 个神经元列 - ['n1', 'n2', 'n3', 'n4', 'n5']...
2025-05-25 13:32:23,095 - cluster-integrate - INFO - OUTPUT:   数据集 processed_csdsday3trace: 27 个神经元列 - ['n1', 'n2', 'n3', 'n4', 'n5']...
2025-05-25 13:32:23,095 - cluster-integrate - INFO - OUTPUT:   数据集 processed_EMtrace01: 43 个神经元列 - ['n1', 'n2', 'n3', 'n4', 'n5']...
2025-05-25 13:32:23,096 - cluster-integrate - INFO - OUTPUT:   数据集 processed_EMtrace02: 38 个神经元列 - ['n1', 'n2', 'n3', 'n4', 'n5']...
2025-05-25 13:32:23,096 - cluster-integrate - INFO - OUTPUT:   数据集 processed_homecagefamilarmicetrace: 40 个神经元列 - ['n1', 'n2', 'n3', 'n4', 'n5']...
2025-05-25 13:32:23,096 - cluster-integrate - INFO - OUTPUT:   数据集 processed_homecagetrace: 33 个神经元列 - ['n1', 'n2', 'n3', 'n4', 'n5']...
2025-05-25 13:32:23,096 - cluster-integrate - INFO - OUTPUT:   数据集 processed_NORhabititutetrace: 60 个神经元列 - ['n1', 'n2', 'n3', 'n4', 'n5']...
2025-05-25 13:32:23,096 - cluster-integrate - INFO - OUTPUT:   数据集 processed_NORtesttrace: 52 个神经元列 - ['n1', 'n2', 'n3', 'n4', 'n5']...
2025-05-25 13:32:23,097 - cluster-integrate - INFO - OUTPUT:   数据集 processed_openfieldtrace: 38 个神经元列 - ['n1', 'n3', 'n4', 'n5', 'n6']...
2025-05-25 13:32:23,097 - cluster-integrate - INFO - OUTPUT:   数据集 processed_socialtrace01: 36 个神经元列 - ['n1', 'n2', 'n3', 'n4', 'n5']...
2025-05-25 13:32:23,097 - cluster-integrate - INFO - OUTPUT:   数据集 processed_socialtrace02: 35 个神经元列 - ['n1', 'n2', 'n3', 'n4', 'n5']...
2025-05-25 13:32:23,097 - cluster-integrate - INFO - OUTPUT:   数据集 processed_tangsuitiewangtrace: 51 个神经元列 - ['n1', 'n2', 'n3', 'n4', 'n5']...
2025-05-25 13:32:23,097 - cluster-integrate - INFO - OUTPUT:   数据集 processed_tangsuitrace: 53 个神经元列 - ['n1', 'n2', 'n3', 'n4', 'n5']...
2025-05-25 13:32:23,098 - cluster-integrate - INFO - OUTPUT:   数据集 processed_tstrace: 51 个神经元列 - ['n1', 'n2', 'n3', 'n4', 'n5']...
2025-05-25 13:32:23,098 - cluster-integrate - INFO - OUTPUT:   数据集 processed_xuanweitrace: 44 个神经元列 - ['n1', 'n2', 'n3', 'n4', 'n5']...
2025-05-25 13:32:23,098 - cluster-integrate - INFO - OUTPUT:   数据集 processed_ymazetrace: 40 个神经元列 - ['n1', 'n2', 'n3', 'n4', 'n5']...
2025-05-25 13:32:23,099 - cluster-integrate - INFO - OUTPUT: 钙爆发数据中的神经元: 60 个 - ['n1' 'n2' 'n3' 'n4' 'n5']...
2025-05-25 13:32:23,099 - cluster-integrate - INFO - OUTPUT: 创建了 60 个神经元名称映射
2025-05-25 13:32:23,154 - cluster-integrate - INFO - OUTPUT: 聚类 1: 使用从起始点开始的固定长度400处理波形...
2025-05-25 13:32:23,156 - cluster-integrate - INFO - OUTPUT: 聚类 1: 使用源文件信息匹配原始数据
2025-05-25 13:32:23,651 - cluster-integrate - INFO - OUTPUT: 聚类 2: 使用从起始点开始的固定长度400处理波形...
2025-05-25 13:32:23,652 - cluster-integrate - INFO - OUTPUT: 聚类 2: 使用源文件信息匹配原始数据
2025-05-25 13:32:23,699 - cluster-integrate - INFO - OUTPUT: 聚类 3: 使用从起始点开始的固定长度400处理波形...
2025-05-25 13:32:23,700 - cluster-integrate - INFO - OUTPUT: 聚类 3: 使用源文件信息匹配原始数据
2025-05-25 13:32:23,905 - cluster-integrate - INFO - OUTPUT: 聚类 4: 使用从起始点开始的固定长度400处理波形...
2025-05-25 13:32:23,907 - cluster-integrate - INFO - OUTPUT: 聚类 4: 使用源文件信息匹配原始数据
2025-05-25 13:32:24,427 - cluster-integrate - INFO - OUTPUT: 平均钙爆发波形可视化已保存到 ../results/processed_2979_all_datasets_analysis/cluster_average_waveforms.png
2025-05-25 13:32:24,427 - cluster-integrate - INFO - OUTPUT: 波形数据已保存到 ../results/processed_2979_all_datasets_analysis/cluster_average_waveforms.csv
2025-05-25 13:32:24,432 - cluster-integrate - INFO - OUTPUT: 开始生成整合神经元钙波活动时间线图...
2025-05-25 13:32:24,433 - cluster-integrate - INFO - OUTPUT: 错误: 未指定神经元对应表路径，且未找到默认位置的对应表
2025-05-25 13:32:24,434 - cluster-integrate - INFO - OUTPUT: 将聚类标签添加到原始数据...
2025-05-25 13:32:32,002 - cluster-integrate - INFO - OUTPUT: 聚类结果已保存到 ../results/processed_2979_all_datasets_analysis/transients_clustered_k4.xlsx
2025-05-25 13:32:32,003 - cluster-integrate - INFO - OUTPUT: 聚类结果已保存到: ../results/processed_2979_all_datasets_analysis/transients_clustered_k4.xlsx
2025-05-25 13:32:32,004 - cluster-integrate - INFO - OUTPUT: 聚类分析完成!
