2025-05-02 14:36:04,434 - cluster-integrate - INFO - 日志文件创建于: D:\GitHub_local\Brain_Neuroimage_Processing\Visualization\logs\2979_analysis\cluster-integrate_20250502-143604.log
2025-05-02 14:36:04,434 - cluster-integrate - INFO - 开始钙爆发聚类分析，输出目录: ../results/processed_2979_all_datasets_analysis
2025-05-02 14:36:04,434 - cluster-integrate - INFO - 使用输入文件: ../results/processed_2979_all_datasets_analysis/all_datasets_transients.xlsx
2025-05-02 14:36:04,434 - cluster-integrate - INFO - OUTPUT: 正在从../results/processed_2979_all_datasets_analysis/all_datasets_transients.xlsx加载数据...
2025-05-02 14:36:05,016 - cluster-integrate - INFO - OUTPUT: 成功加载数据，共1985行
2025-05-02 14:36:05,018 - cluster-integrate - INFO - OUTPUT: 输出目录设置为: ../results/processed_2979_all_datasets_analysis
2025-05-02 14:36:05,018 - cluster-integrate - INFO - OUTPUT: 使用权重设置进行聚类分析
2025-05-02 14:36:05,022 - cluster-integrate - INFO - OUTPUT: 应用特征权重: amplitude:2.00, duration:1.00, fwhm:0.50, rise_time:0.80, decay_time:0.80, auc:0.50, snr:0.50, is_complex:1.00, subpeaks_count:1.00
2025-05-02 14:36:05,022 - cluster-integrate - INFO - OUTPUT: 预处理完成，保留1985个有效样本，使用特征: amplitude, duration, fwhm, rise_time, decay_time, auc, snr, is_complex, subpeaks_count
2025-05-02 14:36:05,022 - cluster-integrate - INFO - OUTPUT: 使用指定的聚类数: K=4
2025-05-02 14:36:05,023 - cluster-integrate - INFO - OUTPUT: 使用K均值聚类算法，聚类数=4...
2025-05-02 14:36:05,226 - cluster-integrate - INFO - OUTPUT: 使用PCA降维可视化...
2025-05-02 14:36:05,699 - cluster-integrate - INFO - OUTPUT: 使用t-SNE降维可视化...
2025-05-02 14:36:08,939 - cluster-integrate - INFO - OUTPUT: 可视化各个簇的特征分布...
2025-05-02 14:36:10,600 - cluster-integrate - INFO - OUTPUT: 分析各个簇的特征统计信息...
2025-05-02 14:36:10,606 - cluster-integrate - INFO - OUTPUT: 聚类统计信息已保存到 '../results/processed_2979_all_datasets_analysis/cluster_statistics.csv'
2025-05-02 14:36:10,606 - cluster-integrate - INFO - OUTPUT: 使用雷达图可视化各簇的特征...
2025-05-02 14:36:11,078 - cluster-integrate - INFO - OUTPUT: 可视化不同神经元的聚类分布...
2025-05-02 14:36:11,676 - cluster-integrate - INFO - OUTPUT: 神经元聚类分布图已保存到: ../results/processed_2979_all_datasets_analysis/neuron_cluster_distribution.png
2025-05-02 14:36:11,676 - cluster-integrate - INFO - OUTPUT: 可视化不同波形类型在各聚类中的分布...
2025-05-02 14:36:12,081 - cluster-integrate - INFO - OUTPUT: 波形类型分布图已保存到: ../results/processed_2979_all_datasets_analysis/wave_type_distribution.png
2025-05-02 14:36:12,081 - cluster-integrate - INFO - OUTPUT: 分析各聚类中的子峰特征...
2025-05-02 14:36:12,374 - cluster-integrate - INFO - OUTPUT: 子峰统计信息已保存到 ../results/processed_2979_all_datasets_analysis/subpeaks_statistics.csv
2025-05-02 14:36:12,374 - cluster-integrate - INFO - OUTPUT: 正在可视化不同聚类类别的平均钙爆发波形...
2025-05-02 14:36:12,374 - cluster-integrate - INFO - OUTPUT: 检测到源文件路径信息，将优先使用这些信息加载原始数据
2025-05-02 14:36:12,375 - cluster-integrate - INFO - OUTPUT: 从事件数据中检测到 25 个不同的源文件
2025-05-02 14:36:12,375 - cluster-integrate - INFO - OUTPUT: 使用项目根目录: D:\GitHub_local\Brain_Neuroimage_Processing
2025-05-02 14:36:12,376 - cluster-integrate - INFO - OUTPUT: 加载源文件: D:\GitHub_local\Brain_Neuroimage_Processing\Visualization\datasets\2979数据\csdsday3\processed_29791011csdsDAY3EMCellVedio22024-12-05194348trace.xlsx
2025-05-02 14:36:13,063 - cluster-integrate - INFO - OUTPUT:   成功加载数据集: processed_29791011csdsDAY3EMCellVedio22024-12-05194348trace, 形状: (2999, 37)
2025-05-02 14:36:13,063 - cluster-integrate - INFO - OUTPUT: 加载源文件: D:\GitHub_local\Brain_Neuroimage_Processing\Visualization\datasets\2979数据\csdsday3\processed_29791011csdsDAY3Openfield2024-12-06171458trace.xlsx
2025-05-02 14:36:13,176 - cluster-integrate - INFO - OUTPUT:   成功加载数据集: processed_29791011csdsDAY3Openfield2024-12-06171458trace, 形状: (388, 49)
2025-05-02 14:36:13,176 - cluster-integrate - INFO - OUTPUT: 加载源文件: D:\GitHub_local\Brain_Neuroimage_Processing\Visualization\datasets\2979数据\csdsday6\processed_2979241014CSDSDay6EM2024-12-05214309trace.xlsx
2025-05-02 14:36:13,820 - cluster-integrate - INFO - OUTPUT:   成功加载数据集: processed_2979241014CSDSDay6EM2024-12-05214309trace, 形状: (2999, 35)
2025-05-02 14:36:13,821 - cluster-integrate - INFO - OUTPUT: 加载源文件: D:\GitHub_local\Brain_Neuroimage_Processing\Visualization\datasets\2979数据\csdsday6\processed_2979241014CSDSDay6openfield2024-12-06200757trace.xlsx
2025-05-02 14:36:14,685 - cluster-integrate - INFO - OUTPUT:   成功加载数据集: processed_2979241014CSDSDay6openfield2024-12-06200757trace, 形状: (2999, 50)
2025-05-02 14:36:14,686 - cluster-integrate - INFO - OUTPUT: 加载源文件: D:\GitHub_local\Brain_Neuroimage_Processing\Visualization\datasets\2979数据\csdsday8\processed_2979241016csdsday8em2024-12-05220607trace.xlsx
2025-05-02 14:36:15,550 - cluster-integrate - INFO - OUTPUT:   成功加载数据集: processed_2979241016csdsday8em2024-12-05220607trace, 形状: (2999, 48)
2025-05-02 14:36:15,551 - cluster-integrate - INFO - OUTPUT: 加载源文件: D:\GitHub_local\Brain_Neuroimage_Processing\Visualization\datasets\2979数据\csdsday8\processed_2979241016csdsday8homecage2024-12-06210721trace.xlsx
2025-05-02 14:36:16,636 - cluster-integrate - INFO - OUTPUT:   成功加载数据集: processed_2979241016csdsday8homecage2024-12-06210721trace, 形状: (4265, 42)
2025-05-02 14:36:16,636 - cluster-integrate - INFO - OUTPUT: 加载源文件: D:\GitHub_local\Brain_Neuroimage_Processing\Visualization\datasets\2979数据\csdsday9\processed_No.2979241017CSDSDAY9homecage2024-12-06212712trace.xlsx
2025-05-02 14:36:16,671 - cluster-integrate - INFO - OUTPUT:   成功加载数据集: processed_No.2979241017CSDSDAY9homecage2024-12-06212712trace, 形状: (169, 26)
2025-05-02 14:36:16,671 - cluster-integrate - INFO - OUTPUT: 加载源文件: D:\GitHub_local\Brain_Neuroimage_Processing\Visualization\datasets\2979数据\csdsday9\processed_No.2979241017CSDSDAY9homecage22024-12-06214123trace.xlsx
2025-05-02 14:36:17,415 - cluster-integrate - INFO - OUTPUT:   成功加载数据集: processed_No.2979241017CSDSDAY9homecage22024-12-06214123trace, 形状: (3531, 35)
2025-05-02 14:36:17,416 - cluster-integrate - INFO - OUTPUT: 加载源文件: D:\GitHub_local\Brain_Neuroimage_Processing\Visualization\datasets\2979数据\csdsday9\processed_No.2979241017CSDSDAY9xuanwei2024-12-06215049trace.xlsx
2025-05-02 14:36:17,943 - cluster-integrate - INFO - OUTPUT:   成功加载数据集: processed_No.2979241017CSDSDAY9xuanwei2024-12-06215049trace, 形状: (2005, 46)
2025-05-02 14:36:17,944 - cluster-integrate - INFO - OUTPUT: 加载源文件: D:\GitHub_local\Brain_Neuroimage_Processing\Visualization\datasets\2979数据\csdsday9\processed_No.2979241017CSDSDAY9ymaze2024-12-0622032trace1.xlsx
2025-05-02 14:36:18,742 - cluster-integrate - INFO - OUTPUT:   成功加载数据集: processed_No.2979241017CSDSDAY9ymaze2024-12-0622032trace1, 形状: (2999, 44)
2025-05-02 14:36:18,742 - cluster-integrate - INFO - OUTPUT: 加载源文件: D:\GitHub_local\Brain_Neuroimage_Processing\Visualization\datasets\2979数据\processed_240924EMtrace.xlsx
2025-05-02 14:36:19,478 - cluster-integrate - INFO - OUTPUT:   成功加载数据集: processed_240924EMtrace, 形状: (2999, 44)
2025-05-02 14:36:19,478 - cluster-integrate - INFO - OUTPUT: 加载源文件: D:\GitHub_local\Brain_Neuroimage_Processing\Visualization\datasets\2979数据\processed_240924openfieldtrace.xlsx
2025-05-02 14:36:20,182 - cluster-integrate - INFO - OUTPUT:   成功加载数据集: processed_240924openfieldtrace, 形状: (2999, 39)
2025-05-02 14:36:20,183 - cluster-integrate - INFO - OUTPUT: 加载源文件: D:\GitHub_local\Brain_Neuroimage_Processing\Visualization\datasets\2979数据\processed_29792409EM2Trace.xlsx
2025-05-02 14:36:20,450 - cluster-integrate - INFO - OUTPUT:   成功加载数据集: processed_29792409EM2Trace, 形状: (1184, 39)
2025-05-02 14:36:20,450 - cluster-integrate - INFO - OUTPUT: 加载源文件: D:\GitHub_local\Brain_Neuroimage_Processing\Visualization\datasets\2979数据\processed_EMNO2979241011csdsday3CellVideo22024-10-1111-41-59trace.xlsx
2025-05-02 14:36:20,619 - cluster-integrate - INFO - OUTPUT:   成功加载数据集: processed_EMNO2979241011csdsday3CellVideo22024-10-1111-41-59trace, 形状: (1026, 28)
2025-05-02 14:36:20,620 - cluster-integrate - INFO - OUTPUT: 加载源文件: D:\GitHub_local\Brain_Neuroimage_Processing\Visualization\datasets\2979数据\processed_No.29790930NORhabitituteCellVedio22024-12-04202145trace.xlsx
2025-05-02 14:36:21,296 - cluster-integrate - INFO - OUTPUT:   成功加载数据集: processed_No.29790930NORhabitituteCellVedio22024-12-04202145trace, 形状: (1828, 61)
2025-05-02 14:36:21,297 - cluster-integrate - INFO - OUTPUT: 加载源文件: D:\GitHub_local\Brain_Neuroimage_Processing\Visualization\datasets\2979数据\processed_No.29790930NORtestCellVedio2CellVedio22024-12-04200410trace.xlsx
2025-05-02 14:36:21,772 - cluster-integrate - INFO - OUTPUT:   成功加载数据集: processed_No.29790930NORtestCellVedio2CellVedio22024-12-04200410trace, 形状: (1599, 53)
2025-05-02 14:36:21,774 - cluster-integrate - INFO - OUTPUT: 加载源文件: D:\GitHub_local\Brain_Neuroimage_Processing\Visualization\datasets\2979数据\processed_No.29790930tangsuiCellVedio22024-12-04210940trace.xlsx
2025-05-02 14:36:22,639 - cluster-integrate - INFO - OUTPUT:   成功加载数据集: processed_No.29790930tangsuiCellVedio22024-12-04210940trace, 形状: (2650, 54)
2025-05-02 14:36:22,640 - cluster-integrate - INFO - OUTPUT: 加载源文件: D:\GitHub_local\Brain_Neuroimage_Processing\Visualization\datasets\2979数据\processed_No.29790930tangsuitiewangCellVedio22024-12-04214328trace.xlsx
2025-05-02 14:36:23,569 - cluster-integrate - INFO - OUTPUT:   成功加载数据集: processed_No.29790930tangsuitiewangCellVedio22024-12-04214328trace, 形状: (2999, 52)
2025-05-02 14:36:23,570 - cluster-integrate - INFO - OUTPUT: 加载源文件: D:\GitHub_local\Brain_Neuroimage_Processing\Visualization\datasets\2979数据\processed_No.29790930xuanweiCellVedio22024-12-05182322trace.xlsx
2025-05-02 14:36:23,982 - cluster-integrate - INFO - OUTPUT:   成功加载数据集: processed_No.29790930xuanweiCellVedio22024-12-05182322trace, 形状: (1599, 45)
2025-05-02 14:36:23,983 - cluster-integrate - INFO - OUTPUT: 加载源文件: D:\GitHub_local\Brain_Neuroimage_Processing\Visualization\datasets\2979数据\processed_No.2979240926social22024-12-05202642trace.xlsx
2025-05-02 14:36:24,670 - cluster-integrate - INFO - OUTPUT:   成功加载数据集: processed_No.2979240926social22024-12-05202642trace, 形状: (2999, 37)
2025-05-02 14:36:24,671 - cluster-integrate - INFO - OUTPUT: 加载源文件: D:\GitHub_local\Brain_Neuroimage_Processing\Visualization\datasets\2979数据\processed_No.2979240926social32024-12-07121733trace.xlsx
2025-05-02 14:36:25,301 - cluster-integrate - INFO - OUTPUT:   成功加载数据集: processed_No.2979240926social32024-12-07121733trace, 形状: (2999, 36)
2025-05-02 14:36:25,302 - cluster-integrate - INFO - OUTPUT: 加载源文件: D:\GitHub_local\Brain_Neuroimage_Processing\Visualization\datasets\2979数据\processed_No.2979240926ymaze2024-12-06180137trace.xlsx
2025-05-02 14:36:26,067 - cluster-integrate - INFO - OUTPUT:   成功加载数据集: processed_No.2979240926ymaze2024-12-06180137trace, 形状: (2999, 41)
2025-05-02 14:36:26,068 - cluster-integrate - INFO - OUTPUT: 加载源文件: D:\GitHub_local\Brain_Neuroimage_Processing\Visualization\datasets\2979数据\processed_No.2979240929ts2024-12-05212947trace.xlsx
2025-05-02 14:36:27,004 - cluster-integrate - INFO - OUTPUT:   成功加载数据集: processed_No.2979240929ts2024-12-05212947trace, 形状: (2999, 52)
2025-05-02 14:36:27,005 - cluster-integrate - INFO - OUTPUT: 加载源文件: D:\GitHub_local\Brain_Neuroimage_Processing\Visualization\datasets\2979数据\processed_No.297920240925homecagecellvedio22024-12-07104733trace.xlsx
2025-05-02 14:36:27,874 - cluster-integrate - INFO - OUTPUT:   成功加载数据集: processed_No.297920240925homecagecellvedio22024-12-07104733trace, 形状: (4266, 34)
2025-05-02 14:36:27,875 - cluster-integrate - INFO - OUTPUT: 加载源文件: D:\GitHub_local\Brain_Neuroimage_Processing\Visualization\datasets\2979数据\processed_No.297920240925homecagefamilarmice2024-12-07095919trace.xlsx
2025-05-02 14:36:28,347 - cluster-integrate - INFO - OUTPUT:   成功加载数据集: processed_No.297920240925homecagefamilarmice2024-12-07095919trace, 形状: (1999, 41)
2025-05-02 14:36:28,348 - cluster-integrate - INFO - OUTPUT: 原始数据中的神经元列：
2025-05-02 14:36:28,348 - cluster-integrate - INFO - OUTPUT:   数据集 processed_29791011csdsDAY3EMCellVedio22024-12-05194348trace: 36 个神经元列 - ['n1', 'n2', 'n3', 'n4', 'n5']...
2025-05-02 14:36:28,348 - cluster-integrate - INFO - OUTPUT:   数据集 processed_29791011csdsDAY3Openfield2024-12-06171458trace: 48 个神经元列 - ['n1', 'n2', 'n3', 'n4', 'n5']...
2025-05-02 14:36:28,348 - cluster-integrate - INFO - OUTPUT:   数据集 processed_2979241014CSDSDay6EM2024-12-05214309trace: 34 个神经元列 - ['n1', 'n2', 'n3', 'n4', 'n5']...
2025-05-02 14:36:28,348 - cluster-integrate - INFO - OUTPUT:   数据集 processed_2979241014CSDSDay6openfield2024-12-06200757trace: 49 个神经元列 - ['n1', 'n2', 'n3', 'n4', 'n5']...
2025-05-02 14:36:28,349 - cluster-integrate - INFO - OUTPUT:   数据集 processed_2979241016csdsday8em2024-12-05220607trace: 47 个神经元列 - ['n1', 'n2', 'n3', 'n4', 'n5']...
2025-05-02 14:36:28,349 - cluster-integrate - INFO - OUTPUT:   数据集 processed_2979241016csdsday8homecage2024-12-06210721trace: 41 个神经元列 - ['n1', 'n2', 'n3', 'n4', 'n5']...
2025-05-02 14:36:28,349 - cluster-integrate - INFO - OUTPUT:   数据集 processed_No.2979241017CSDSDAY9homecage2024-12-06212712trace: 25 个神经元列 - ['n1', 'n2', 'n3', 'n4', 'n5']...
2025-05-02 14:36:28,349 - cluster-integrate - INFO - OUTPUT:   数据集 processed_No.2979241017CSDSDAY9homecage22024-12-06214123trace: 34 个神经元列 - ['n1', 'n2', 'n3', 'n4', 'n5']...
2025-05-02 14:36:28,349 - cluster-integrate - INFO - OUTPUT:   数据集 processed_No.2979241017CSDSDAY9xuanwei2024-12-06215049trace: 45 个神经元列 - ['n1', 'n2', 'n3', 'n4', 'n5']...
2025-05-02 14:36:28,349 - cluster-integrate - INFO - OUTPUT:   数据集 processed_No.2979241017CSDSDAY9ymaze2024-12-0622032trace1: 43 个神经元列 - ['n1', 'n2', 'n3', 'n4', 'n5']...
2025-05-02 14:36:28,349 - cluster-integrate - INFO - OUTPUT:   数据集 processed_240924EMtrace: 43 个神经元列 - ['n1', 'n2', 'n3', 'n4', 'n5']...
2025-05-02 14:36:28,350 - cluster-integrate - INFO - OUTPUT:   数据集 processed_240924openfieldtrace: 38 个神经元列 - ['n1', 'n3', 'n4', 'n5', 'n6']...
2025-05-02 14:36:28,350 - cluster-integrate - INFO - OUTPUT:   数据集 processed_29792409EM2Trace: 38 个神经元列 - ['n1', 'n2', 'n3', 'n4', 'n5']...
2025-05-02 14:36:28,351 - cluster-integrate - INFO - OUTPUT:   数据集 processed_EMNO2979241011csdsday3CellVideo22024-10-1111-41-59trace: 27 个神经元列 - ['n1', 'n2', 'n3', 'n4', 'n5']...
2025-05-02 14:36:28,351 - cluster-integrate - INFO - OUTPUT:   数据集 processed_No.29790930NORhabitituteCellVedio22024-12-04202145trace: 60 个神经元列 - ['n1', 'n2', 'n3', 'n4', 'n5']...
2025-05-02 14:36:28,351 - cluster-integrate - INFO - OUTPUT:   数据集 processed_No.29790930NORtestCellVedio2CellVedio22024-12-04200410trace: 52 个神经元列 - ['n1', 'n2', 'n3', 'n4', 'n5']...
2025-05-02 14:36:28,351 - cluster-integrate - INFO - OUTPUT:   数据集 processed_No.29790930tangsuiCellVedio22024-12-04210940trace: 53 个神经元列 - ['n1', 'n2', 'n3', 'n4', 'n5']...
2025-05-02 14:36:28,351 - cluster-integrate - INFO - OUTPUT:   数据集 processed_No.29790930tangsuitiewangCellVedio22024-12-04214328trace: 51 个神经元列 - ['n1', 'n2', 'n3', 'n4', 'n5']...
2025-05-02 14:36:28,352 - cluster-integrate - INFO - OUTPUT:   数据集 processed_No.29790930xuanweiCellVedio22024-12-05182322trace: 44 个神经元列 - ['n1', 'n2', 'n3', 'n4', 'n5']...
2025-05-02 14:36:28,352 - cluster-integrate - INFO - OUTPUT:   数据集 processed_No.2979240926social22024-12-05202642trace: 36 个神经元列 - ['n1', 'n2', 'n3', 'n4', 'n5']...
2025-05-02 14:36:28,352 - cluster-integrate - INFO - OUTPUT:   数据集 processed_No.2979240926social32024-12-07121733trace: 35 个神经元列 - ['n1', 'n2', 'n3', 'n4', 'n5']...
2025-05-02 14:36:28,352 - cluster-integrate - INFO - OUTPUT:   数据集 processed_No.2979240926ymaze2024-12-06180137trace: 40 个神经元列 - ['n1', 'n2', 'n3', 'n4', 'n5']...
2025-05-02 14:36:28,352 - cluster-integrate - INFO - OUTPUT:   数据集 processed_No.2979240929ts2024-12-05212947trace: 51 个神经元列 - ['n1', 'n2', 'n3', 'n4', 'n5']...
2025-05-02 14:36:28,353 - cluster-integrate - INFO - OUTPUT:   数据集 processed_No.297920240925homecagecellvedio22024-12-07104733trace: 33 个神经元列 - ['n1', 'n2', 'n3', 'n4', 'n5']...
2025-05-02 14:36:28,353 - cluster-integrate - INFO - OUTPUT:   数据集 processed_No.297920240925homecagefamilarmice2024-12-07095919trace: 40 个神经元列 - ['n1', 'n2', 'n3', 'n4', 'n5']...
2025-05-02 14:36:28,353 - cluster-integrate - INFO - OUTPUT: 钙爆发数据中的神经元: 59 个 - ['n2' 'n3' 'n4' 'n5' 'n6']...
2025-05-02 14:36:28,353 - cluster-integrate - INFO - OUTPUT: 创建了 59 个神经元名称映射
2025-05-02 14:36:28,407 - cluster-integrate - INFO - OUTPUT: 聚类 1: 使用从起始点开始的固定长度400处理波形...
2025-05-02 14:36:28,407 - cluster-integrate - INFO - OUTPUT: 聚类 1: 使用源文件信息匹配原始数据
2025-05-02 14:36:28,499 - cluster-integrate - INFO - OUTPUT: 聚类 2: 使用从起始点开始的固定长度400处理波形...
2025-05-02 14:36:28,499 - cluster-integrate - INFO - OUTPUT: 聚类 2: 使用源文件信息匹配原始数据
2025-05-02 14:36:28,529 - cluster-integrate - INFO - OUTPUT: 聚类 3: 使用从起始点开始的固定长度400处理波形...
2025-05-02 14:36:28,530 - cluster-integrate - INFO - OUTPUT: 聚类 3: 使用源文件信息匹配原始数据
2025-05-02 14:36:28,535 - cluster-integrate - INFO - OUTPUT: 聚类 4: 使用从起始点开始的固定长度400处理波形...
2025-05-02 14:36:28,536 - cluster-integrate - INFO - OUTPUT: 聚类 4: 使用源文件信息匹配原始数据
2025-05-02 14:36:29,317 - cluster-integrate - INFO - OUTPUT: 平均钙爆发波形可视化已保存到 ../results/processed_2979_all_datasets_analysis/cluster_average_waveforms.png
2025-05-02 14:36:29,318 - cluster-integrate - INFO - OUTPUT: 波形数据已保存到 ../results/processed_2979_all_datasets_analysis/cluster_average_waveforms.csv
2025-05-02 14:36:29,320 - cluster-integrate - INFO - OUTPUT: 将聚类标签添加到原始数据...
2025-05-02 14:36:30,744 - cluster-integrate - INFO - OUTPUT: 聚类结果已保存到 ../results/processed_2979_all_datasets_analysis/transients_clustered_k4.xlsx
2025-05-02 14:36:30,744 - cluster-integrate - INFO - OUTPUT: 聚类结果已保存到: ../results/processed_2979_all_datasets_analysis/transients_clustered_k4.xlsx
2025-05-02 14:36:30,744 - cluster-integrate - INFO - OUTPUT: 聚类分析完成!
