2025-05-25 14:35:18,205 - cluster-integrate - INFO - 日志文件创建于: D:\GitHub_local\Brain_Neuroimage_Processing\Visualization\logs\2979_analysis\cluster-integrate_20250525-143518.log
2025-05-25 14:35:18,205 - cluster-integrate - INFO - 开始钙爆发聚类分析，输出目录: ../results/processed_2979_all_datasets_analysis
2025-05-25 14:35:18,205 - cluster-integrate - INFO - 使用输入文件: ../results/processed_2979_all_datasets_analysis/all_datasets_transients.xlsx
2025-05-25 14:35:18,206 - cluster-integrate - INFO - OUTPUT: 正在从../results/processed_2979_all_datasets_analysis/all_datasets_transients.xlsx加载数据...
2025-05-25 14:35:20,822 - cluster-integrate - INFO - OUTPUT: 成功加载数据，共11716行
2025-05-25 14:35:20,822 - cluster-integrate - INFO - OUTPUT: 输出目录设置为: ../results/processed_2979_all_datasets_analysis
2025-05-25 14:35:20,823 - cluster-integrate - INFO - OUTPUT: 使用权重设置进行聚类分析
2025-05-25 14:35:20,833 - cluster-integrate - INFO - OUTPUT: 应用特征权重: amplitude:2.00, duration:2.00, fwhm:0.50, rise_time:1.50, decay_time:1.50, auc:0.50, snr:0.50, is_complex:1.00, subpeaks_count:1.00
2025-05-25 14:35:20,834 - cluster-integrate - INFO - OUTPUT: 预处理完成，保留11716个有效样本，使用特征: amplitude, duration, fwhm, rise_time, decay_time, auc, snr, is_complex, subpeaks_count
2025-05-25 14:35:20,834 - cluster-integrate - INFO - OUTPUT: 使用指定的聚类数: K=10
2025-05-25 14:35:20,834 - cluster-integrate - INFO - OUTPUT: 使用K均值聚类算法，聚类数=10...
2025-05-25 14:35:21,122 - cluster-integrate - INFO - OUTPUT: 正在生成学术风格的钙爆发特征可视化...
2025-05-25 14:35:21,310 - cluster-integrate - INFO - OUTPUT: 计算Gap Statistic...
2025-05-25 14:35:49,099 - cluster-integrate - INFO - OUTPUT: Gap Statistic建议的最佳聚类数: K = 10
2025-05-25 14:35:49,204 - cluster-integrate - INFO - OUTPUT: 计算了 11656 个钙爆发间隔，其中 11656 个在显示范围内
2025-05-25 14:35:49,250 - cluster-integrate - INFO - OUTPUT: 计算了 60 个神经元的钙爆发频率
2025-05-25 14:35:50,144 - cluster-integrate - INFO - OUTPUT: 学术风格钙爆发特征图已保存到: ../results/processed_2979_all_datasets_analysis/burst_attributes_academic_style.png
2025-05-25 14:35:50,145 - cluster-integrate - INFO - OUTPUT: 正在生成学术风格的单独子图文件...
2025-05-25 14:35:50,145 - cluster-integrate - INFO - OUTPUT: 生成Gap Statistic单独图...
2025-05-25 14:36:18,152 - cluster-integrate - INFO - OUTPUT: 生成Duration分布单独图...
2025-05-25 14:36:18,445 - cluster-integrate - INFO - OUTPUT: 生成Amplitude分布单独图...
2025-05-25 14:36:18,755 - cluster-integrate - INFO - OUTPUT: 生成间隔时间分布单独图...
2025-05-25 14:36:19,349 - cluster-integrate - INFO - OUTPUT: 生成频率分布单独图...
2025-05-25 14:36:19,658 - cluster-integrate - INFO - OUTPUT: 生成聚类分布单独图...
2025-05-25 14:36:19,952 - cluster-integrate - INFO - OUTPUT: 单独图表已保存到: ../results/processed_2979_all_datasets_analysis\individual_figures/
2025-05-25 14:36:19,952 - cluster-integrate - INFO - OUTPUT: 生成的文件:
2025-05-25 14:36:19,952 - cluster-integrate - INFO - OUTPUT:   - figure_a_gap_statistic.png
2025-05-25 14:36:19,952 - cluster-integrate - INFO - OUTPUT:   - figure_b_duration_distribution.png
2025-05-25 14:36:19,953 - cluster-integrate - INFO - OUTPUT:   - figure_c_amplitude_distribution.png
2025-05-25 14:36:19,953 - cluster-integrate - INFO - OUTPUT:   - figure_d_interval_distribution.png
2025-05-25 14:36:19,953 - cluster-integrate - INFO - OUTPUT:   - figure_e_frequency_distribution.png
2025-05-25 14:36:19,953 - cluster-integrate - INFO - OUTPUT:   - figure_f_cluster_distribution.png
2025-05-25 14:36:19,954 - cluster-integrate - INFO - OUTPUT: 使用PCA降维可视化...
2025-05-25 14:36:20,447 - cluster-integrate - INFO - OUTPUT: 使用t-SNE降维可视化...
2025-05-25 14:36:41,802 - cluster-integrate - INFO - OUTPUT: 可视化各个簇的特征分布...
2025-05-25 14:36:43,897 - cluster-integrate - INFO - OUTPUT: 学术风格特征分布图已保存到: ../results/processed_2979_all_datasets_analysis/cluster_feature_distribution_academic.png
2025-05-25 14:36:43,897 - cluster-integrate - INFO - OUTPUT: 分析各个簇的特征统计信息...
2025-05-25 14:36:43,905 - cluster-integrate - INFO - OUTPUT: 聚类统计信息已保存到 '../results/processed_2979_all_datasets_analysis/cluster_statistics.csv'
2025-05-25 14:36:43,905 - cluster-integrate - INFO - OUTPUT: 使用雷达图可视化各簇的特征...
2025-05-25 14:36:44,414 - cluster-integrate - INFO - OUTPUT: 可视化不同神经元的聚类分布...
2025-05-25 14:36:45,253 - cluster-integrate - INFO - OUTPUT: 神经元聚类分布图已保存到: ../results/processed_2979_all_datasets_analysis/neuron_cluster_distribution.png
2025-05-25 14:36:45,253 - cluster-integrate - INFO - OUTPUT: 可视化不同波形类型在各聚类中的分布...
2025-05-25 14:36:45,671 - cluster-integrate - INFO - OUTPUT: 波形类型分布图已保存到: ../results/processed_2979_all_datasets_analysis/wave_type_distribution.png
2025-05-25 14:36:45,672 - cluster-integrate - INFO - OUTPUT: 分析各聚类中的子峰特征...
2025-05-25 14:36:45,992 - cluster-integrate - INFO - OUTPUT: 子峰统计信息已保存到 ../results/processed_2979_all_datasets_analysis/subpeaks_statistics.csv
2025-05-25 14:36:45,993 - cluster-integrate - INFO - OUTPUT: 正在可视化不同聚类类别的平均钙爆发波形...
2025-05-25 14:36:45,994 - cluster-integrate - INFO - OUTPUT: 检测到源文件路径信息，将优先使用这些信息加载原始数据
2025-05-25 14:36:45,996 - cluster-integrate - INFO - OUTPUT: 从事件数据中检测到 25 个不同的源文件
2025-05-25 14:36:45,996 - cluster-integrate - INFO - OUTPUT: 使用项目根目录: D:\GitHub_local\Brain_Neuroimage_Processing
2025-05-25 14:36:45,996 - cluster-integrate - INFO - OUTPUT: 加载源文件: D:\GitHub_local\Brain_Neuroimage_Processing\Visualization\datasets\2979数据\csdsday3\processed_DAY3EMtrace.xlsx
2025-05-25 14:36:46,602 - cluster-integrate - INFO - OUTPUT:   成功加载数据集: processed_DAY3EMtrace, 形状: (2999, 37)
2025-05-25 14:36:46,603 - cluster-integrate - INFO - OUTPUT: 加载源文件: D:\GitHub_local\Brain_Neuroimage_Processing\Visualization\datasets\2979数据\csdsday3\processed_DAY3Openfieldtrace.xlsx
2025-05-25 14:36:46,716 - cluster-integrate - INFO - OUTPUT:   成功加载数据集: processed_DAY3Openfieldtrace, 形状: (388, 49)
2025-05-25 14:36:46,716 - cluster-integrate - INFO - OUTPUT: 加载源文件: D:\GitHub_local\Brain_Neuroimage_Processing\Visualization\datasets\2979数据\csdsday6\processed_Day6EMtrace.xlsx
2025-05-25 14:36:47,370 - cluster-integrate - INFO - OUTPUT:   成功加载数据集: processed_Day6EMtrace, 形状: (2999, 35)
2025-05-25 14:36:47,371 - cluster-integrate - INFO - OUTPUT: 加载源文件: D:\GitHub_local\Brain_Neuroimage_Processing\Visualization\datasets\2979数据\csdsday6\processed_Day6openfieldtrace.xlsx
2025-05-25 14:36:48,181 - cluster-integrate - INFO - OUTPUT:   成功加载数据集: processed_Day6openfieldtrace, 形状: (2999, 50)
2025-05-25 14:36:48,181 - cluster-integrate - INFO - OUTPUT: 加载源文件: D:\GitHub_local\Brain_Neuroimage_Processing\Visualization\datasets\2979数据\csdsday8\processed_Day8EMtrace.xlsx
2025-05-25 14:36:49,060 - cluster-integrate - INFO - OUTPUT:   成功加载数据集: processed_Day8EMtrace, 形状: (2999, 48)
2025-05-25 14:36:49,061 - cluster-integrate - INFO - OUTPUT: 加载源文件: D:\GitHub_local\Brain_Neuroimage_Processing\Visualization\datasets\2979数据\csdsday8\processed_Day8homecagetrace.xlsx
2025-05-25 14:36:50,179 - cluster-integrate - INFO - OUTPUT:   成功加载数据集: processed_Day8homecagetrace, 形状: (4265, 42)
2025-05-25 14:36:50,179 - cluster-integrate - INFO - OUTPUT: 加载源文件: D:\GitHub_local\Brain_Neuroimage_Processing\Visualization\datasets\2979数据\csdsday9\processed_Day9homecagetrace01.xlsx
2025-05-25 14:36:50,212 - cluster-integrate - INFO - OUTPUT:   成功加载数据集: processed_Day9homecagetrace01, 形状: (169, 26)
2025-05-25 14:36:50,213 - cluster-integrate - INFO - OUTPUT: 加载源文件: D:\GitHub_local\Brain_Neuroimage_Processing\Visualization\datasets\2979数据\csdsday9\processed_Day9homecagetrace02.xlsx
2025-05-25 14:36:50,901 - cluster-integrate - INFO - OUTPUT:   成功加载数据集: processed_Day9homecagetrace02, 形状: (3531, 35)
2025-05-25 14:36:50,902 - cluster-integrate - INFO - OUTPUT: 加载源文件: D:\GitHub_local\Brain_Neuroimage_Processing\Visualization\datasets\2979数据\csdsday9\processed_Day9xuanweitrace.xlsx
2025-05-25 14:36:51,473 - cluster-integrate - INFO - OUTPUT:   成功加载数据集: processed_Day9xuanweitrace, 形状: (2005, 46)
2025-05-25 14:36:51,474 - cluster-integrate - INFO - OUTPUT: 加载源文件: D:\GitHub_local\Brain_Neuroimage_Processing\Visualization\datasets\2979数据\csdsday9\processed_Day9ymazetrace.xlsx
2025-05-25 14:36:52,255 - cluster-integrate - INFO - OUTPUT:   成功加载数据集: processed_Day9ymazetrace, 形状: (2999, 44)
2025-05-25 14:36:52,255 - cluster-integrate - INFO - OUTPUT: 加载源文件: D:\GitHub_local\Brain_Neuroimage_Processing\Visualization\datasets\2979数据\processed_csdsday3trace.xlsx
2025-05-25 14:36:52,418 - cluster-integrate - INFO - OUTPUT:   成功加载数据集: processed_csdsday3trace, 形状: (1026, 28)
2025-05-25 14:36:52,418 - cluster-integrate - INFO - OUTPUT: 加载源文件: D:\GitHub_local\Brain_Neuroimage_Processing\Visualization\datasets\2979数据\processed_EMtrace01.xlsx
2025-05-25 14:36:53,235 - cluster-integrate - INFO - OUTPUT:   成功加载数据集: processed_EMtrace01, 形状: (2999, 44)
2025-05-25 14:36:53,235 - cluster-integrate - INFO - OUTPUT: 加载源文件: D:\GitHub_local\Brain_Neuroimage_Processing\Visualization\datasets\2979数据\processed_EMtrace02.xlsx
2025-05-25 14:36:53,493 - cluster-integrate - INFO - OUTPUT:   成功加载数据集: processed_EMtrace02, 形状: (1184, 39)
2025-05-25 14:36:53,493 - cluster-integrate - INFO - OUTPUT: 加载源文件: D:\GitHub_local\Brain_Neuroimage_Processing\Visualization\datasets\2979数据\processed_homecagefamilarmicetrace.xlsx
2025-05-25 14:36:53,949 - cluster-integrate - INFO - OUTPUT:   成功加载数据集: processed_homecagefamilarmicetrace, 形状: (1999, 41)
2025-05-25 14:36:53,949 - cluster-integrate - INFO - OUTPUT: 加载源文件: D:\GitHub_local\Brain_Neuroimage_Processing\Visualization\datasets\2979数据\processed_homecagetrace.xlsx
2025-05-25 14:36:54,810 - cluster-integrate - INFO - OUTPUT:   成功加载数据集: processed_homecagetrace, 形状: (4266, 34)
2025-05-25 14:36:54,810 - cluster-integrate - INFO - OUTPUT: 加载源文件: D:\GitHub_local\Brain_Neuroimage_Processing\Visualization\datasets\2979数据\processed_NORhabititutetrace.xlsx
2025-05-25 14:36:55,449 - cluster-integrate - INFO - OUTPUT:   成功加载数据集: processed_NORhabititutetrace, 形状: (1828, 61)
2025-05-25 14:36:55,450 - cluster-integrate - INFO - OUTPUT: 加载源文件: D:\GitHub_local\Brain_Neuroimage_Processing\Visualization\datasets\2979数据\processed_NORtesttrace.xlsx
2025-05-25 14:36:55,940 - cluster-integrate - INFO - OUTPUT:   成功加载数据集: processed_NORtesttrace, 形状: (1599, 53)
2025-05-25 14:36:55,940 - cluster-integrate - INFO - OUTPUT: 加载源文件: D:\GitHub_local\Brain_Neuroimage_Processing\Visualization\datasets\2979数据\processed_openfieldtrace.xlsx
2025-05-25 14:36:56,787 - cluster-integrate - INFO - OUTPUT:   成功加载数据集: processed_openfieldtrace, 形状: (2999, 39)
2025-05-25 14:36:56,787 - cluster-integrate - INFO - OUTPUT: 加载源文件: D:\GitHub_local\Brain_Neuroimage_Processing\Visualization\datasets\2979数据\processed_socialtrace01.xlsx
2025-05-25 14:36:57,523 - cluster-integrate - INFO - OUTPUT:   成功加载数据集: processed_socialtrace01, 形状: (2999, 37)
2025-05-25 14:36:57,523 - cluster-integrate - INFO - OUTPUT: 加载源文件: D:\GitHub_local\Brain_Neuroimage_Processing\Visualization\datasets\2979数据\processed_socialtrace02.xlsx
2025-05-25 14:36:58,282 - cluster-integrate - INFO - OUTPUT:   成功加载数据集: processed_socialtrace02, 形状: (2999, 36)
2025-05-25 14:36:58,283 - cluster-integrate - INFO - OUTPUT: 加载源文件: D:\GitHub_local\Brain_Neuroimage_Processing\Visualization\datasets\2979数据\processed_tangsuitiewangtrace.xlsx
2025-05-25 14:36:59,302 - cluster-integrate - INFO - OUTPUT:   成功加载数据集: processed_tangsuitiewangtrace, 形状: (2999, 52)
2025-05-25 14:36:59,303 - cluster-integrate - INFO - OUTPUT: 加载源文件: D:\GitHub_local\Brain_Neuroimage_Processing\Visualization\datasets\2979数据\processed_tangsuitrace.xlsx
2025-05-25 14:37:00,190 - cluster-integrate - INFO - OUTPUT:   成功加载数据集: processed_tangsuitrace, 形状: (2650, 54)
2025-05-25 14:37:00,191 - cluster-integrate - INFO - OUTPUT: 加载源文件: D:\GitHub_local\Brain_Neuroimage_Processing\Visualization\datasets\2979数据\processed_tstrace.xlsx
2025-05-25 14:37:01,137 - cluster-integrate - INFO - OUTPUT:   成功加载数据集: processed_tstrace, 形状: (2999, 52)
2025-05-25 14:37:01,137 - cluster-integrate - INFO - OUTPUT: 加载源文件: D:\GitHub_local\Brain_Neuroimage_Processing\Visualization\datasets\2979数据\processed_xuanweitrace.xlsx
2025-05-25 14:37:01,546 - cluster-integrate - INFO - OUTPUT:   成功加载数据集: processed_xuanweitrace, 形状: (1599, 45)
2025-05-25 14:37:01,547 - cluster-integrate - INFO - OUTPUT: 加载源文件: D:\GitHub_local\Brain_Neuroimage_Processing\Visualization\datasets\2979数据\processed_ymazetrace.xlsx
2025-05-25 14:37:02,226 - cluster-integrate - INFO - OUTPUT:   成功加载数据集: processed_ymazetrace, 形状: (2999, 41)
2025-05-25 14:37:02,227 - cluster-integrate - INFO - OUTPUT: 原始数据中的神经元列：
2025-05-25 14:37:02,227 - cluster-integrate - INFO - OUTPUT:   数据集 processed_DAY3EMtrace: 36 个神经元列 - ['n1', 'n2', 'n3', 'n4', 'n5']...
2025-05-25 14:37:02,228 - cluster-integrate - INFO - OUTPUT:   数据集 processed_DAY3Openfieldtrace: 48 个神经元列 - ['n1', 'n2', 'n3', 'n4', 'n5']...
2025-05-25 14:37:02,228 - cluster-integrate - INFO - OUTPUT:   数据集 processed_Day6EMtrace: 34 个神经元列 - ['n1', 'n2', 'n3', 'n4', 'n5']...
2025-05-25 14:37:02,228 - cluster-integrate - INFO - OUTPUT:   数据集 processed_Day6openfieldtrace: 49 个神经元列 - ['n1', 'n2', 'n3', 'n4', 'n5']...
2025-05-25 14:37:02,228 - cluster-integrate - INFO - OUTPUT:   数据集 processed_Day8EMtrace: 47 个神经元列 - ['n1', 'n2', 'n3', 'n4', 'n5']...
2025-05-25 14:37:02,229 - cluster-integrate - INFO - OUTPUT:   数据集 processed_Day8homecagetrace: 41 个神经元列 - ['n1', 'n2', 'n3', 'n4', 'n5']...
2025-05-25 14:37:02,229 - cluster-integrate - INFO - OUTPUT:   数据集 processed_Day9homecagetrace01: 25 个神经元列 - ['n1', 'n2', 'n3', 'n4', 'n5']...
2025-05-25 14:37:02,229 - cluster-integrate - INFO - OUTPUT:   数据集 processed_Day9homecagetrace02: 34 个神经元列 - ['n1', 'n2', 'n3', 'n4', 'n5']...
2025-05-25 14:37:02,229 - cluster-integrate - INFO - OUTPUT:   数据集 processed_Day9xuanweitrace: 45 个神经元列 - ['n1', 'n2', 'n3', 'n4', 'n5']...
2025-05-25 14:37:02,229 - cluster-integrate - INFO - OUTPUT:   数据集 processed_Day9ymazetrace: 43 个神经元列 - ['n1', 'n2', 'n3', 'n4', 'n5']...
2025-05-25 14:37:02,230 - cluster-integrate - INFO - OUTPUT:   数据集 processed_csdsday3trace: 27 个神经元列 - ['n1', 'n2', 'n3', 'n4', 'n5']...
2025-05-25 14:37:02,230 - cluster-integrate - INFO - OUTPUT:   数据集 processed_EMtrace01: 43 个神经元列 - ['n1', 'n2', 'n3', 'n4', 'n5']...
2025-05-25 14:37:02,230 - cluster-integrate - INFO - OUTPUT:   数据集 processed_EMtrace02: 38 个神经元列 - ['n1', 'n2', 'n3', 'n4', 'n5']...
2025-05-25 14:37:02,230 - cluster-integrate - INFO - OUTPUT:   数据集 processed_homecagefamilarmicetrace: 40 个神经元列 - ['n1', 'n2', 'n3', 'n4', 'n5']...
2025-05-25 14:37:02,231 - cluster-integrate - INFO - OUTPUT:   数据集 processed_homecagetrace: 33 个神经元列 - ['n1', 'n2', 'n3', 'n4', 'n5']...
2025-05-25 14:37:02,231 - cluster-integrate - INFO - OUTPUT:   数据集 processed_NORhabititutetrace: 60 个神经元列 - ['n1', 'n2', 'n3', 'n4', 'n5']...
2025-05-25 14:37:02,231 - cluster-integrate - INFO - OUTPUT:   数据集 processed_NORtesttrace: 52 个神经元列 - ['n1', 'n2', 'n3', 'n4', 'n5']...
2025-05-25 14:37:02,231 - cluster-integrate - INFO - OUTPUT:   数据集 processed_openfieldtrace: 38 个神经元列 - ['n1', 'n3', 'n4', 'n5', 'n6']...
2025-05-25 14:37:02,232 - cluster-integrate - INFO - OUTPUT:   数据集 processed_socialtrace01: 36 个神经元列 - ['n1', 'n2', 'n3', 'n4', 'n5']...
2025-05-25 14:37:02,232 - cluster-integrate - INFO - OUTPUT:   数据集 processed_socialtrace02: 35 个神经元列 - ['n1', 'n2', 'n3', 'n4', 'n5']...
2025-05-25 14:37:02,233 - cluster-integrate - INFO - OUTPUT:   数据集 processed_tangsuitiewangtrace: 51 个神经元列 - ['n1', 'n2', 'n3', 'n4', 'n5']...
2025-05-25 14:37:02,233 - cluster-integrate - INFO - OUTPUT:   数据集 processed_tangsuitrace: 53 个神经元列 - ['n1', 'n2', 'n3', 'n4', 'n5']...
2025-05-25 14:37:02,233 - cluster-integrate - INFO - OUTPUT:   数据集 processed_tstrace: 51 个神经元列 - ['n1', 'n2', 'n3', 'n4', 'n5']...
2025-05-25 14:37:02,233 - cluster-integrate - INFO - OUTPUT:   数据集 processed_xuanweitrace: 44 个神经元列 - ['n1', 'n2', 'n3', 'n4', 'n5']...
2025-05-25 14:37:02,234 - cluster-integrate - INFO - OUTPUT:   数据集 processed_ymazetrace: 40 个神经元列 - ['n1', 'n2', 'n3', 'n4', 'n5']...
2025-05-25 14:37:02,234 - cluster-integrate - INFO - OUTPUT: 钙爆发数据中的神经元: 60 个 - ['n1' 'n2' 'n3' 'n4' 'n5']...
2025-05-25 14:37:02,234 - cluster-integrate - INFO - OUTPUT: 创建了 60 个神经元名称映射
2025-05-25 14:37:02,292 - cluster-integrate - INFO - OUTPUT: 聚类 1: 使用从起始点开始的固定长度400处理波形...
2025-05-25 14:37:02,293 - cluster-integrate - INFO - OUTPUT: 聚类 1: 使用源文件信息匹配原始数据
2025-05-25 14:37:02,317 - cluster-integrate - INFO - OUTPUT: 聚类 2: 使用从起始点开始的固定长度400处理波形...
2025-05-25 14:37:02,318 - cluster-integrate - INFO - OUTPUT: 聚类 2: 使用源文件信息匹配原始数据
2025-05-25 14:37:02,523 - cluster-integrate - INFO - OUTPUT: 聚类 3: 使用从起始点开始的固定长度400处理波形...
2025-05-25 14:37:02,524 - cluster-integrate - INFO - OUTPUT: 聚类 3: 使用源文件信息匹配原始数据
2025-05-25 14:37:02,574 - cluster-integrate - INFO - OUTPUT: 聚类 4: 使用从起始点开始的固定长度400处理波形...
2025-05-25 14:37:02,575 - cluster-integrate - INFO - OUTPUT: 聚类 4: 使用源文件信息匹配原始数据
2025-05-25 14:37:02,683 - cluster-integrate - INFO - OUTPUT: 聚类 5: 使用从起始点开始的固定长度400处理波形...
2025-05-25 14:37:02,684 - cluster-integrate - INFO - OUTPUT: 聚类 5: 使用源文件信息匹配原始数据
2025-05-25 14:37:02,698 - cluster-integrate - INFO - OUTPUT: 聚类 6: 使用从起始点开始的固定长度400处理波形...
2025-05-25 14:37:02,699 - cluster-integrate - INFO - OUTPUT: 聚类 6: 使用源文件信息匹配原始数据
2025-05-25 14:37:02,799 - cluster-integrate - INFO - OUTPUT: 聚类 7: 使用从起始点开始的固定长度400处理波形...
2025-05-25 14:37:02,800 - cluster-integrate - INFO - OUTPUT: 聚类 7: 使用源文件信息匹配原始数据
2025-05-25 14:37:02,922 - cluster-integrate - INFO - OUTPUT: 聚类 8: 使用从起始点开始的固定长度400处理波形...
2025-05-25 14:37:02,923 - cluster-integrate - INFO - OUTPUT: 聚类 8: 使用源文件信息匹配原始数据
2025-05-25 14:37:02,977 - cluster-integrate - INFO - OUTPUT: 聚类 9: 使用从起始点开始的固定长度400处理波形...
2025-05-25 14:37:02,977 - cluster-integrate - INFO - OUTPUT: 聚类 9: 使用源文件信息匹配原始数据
2025-05-25 14:37:03,015 - cluster-integrate - INFO - OUTPUT: 聚类 10: 使用从起始点开始的固定长度400处理波形...
2025-05-25 14:37:03,016 - cluster-integrate - INFO - OUTPUT: 聚类 10: 使用源文件信息匹配原始数据
2025-05-25 14:37:03,616 - cluster-integrate - INFO - OUTPUT: 平均钙爆发波形可视化已保存到 ../results/processed_2979_all_datasets_analysis/cluster_average_waveforms.png
2025-05-25 14:37:03,616 - cluster-integrate - INFO - OUTPUT: 波形数据已保存到 ../results/processed_2979_all_datasets_analysis/cluster_average_waveforms.csv
2025-05-25 14:37:03,621 - cluster-integrate - INFO - OUTPUT: 开始生成整合神经元钙波活动时间线图...
2025-05-25 14:37:03,623 - cluster-integrate - INFO - OUTPUT: 错误: 未指定神经元对应表路径，且未找到默认位置的对应表
2025-05-25 14:37:03,623 - cluster-integrate - INFO - OUTPUT: 将聚类标签添加到原始数据...
2025-05-25 14:37:11,417 - cluster-integrate - INFO - OUTPUT: 聚类结果已保存到 ../results/processed_2979_all_datasets_analysis/transients_clustered_k10.xlsx
2025-05-25 14:37:11,418 - cluster-integrate - INFO - OUTPUT: 聚类结果已保存到: ../results/processed_2979_all_datasets_analysis/transients_clustered_k10.xlsx
2025-05-25 14:37:11,418 - cluster-integrate - INFO - OUTPUT: 聚类分析完成!
