2025-05-03 10:12:58,322 - cluster-integrate - INFO - 日志文件创建于: D:\GitHub_local\Brain_Neuroimage_Processing\Visualization\logs\CD1_trace\cluster-integrate_20250503-101258.log
2025-05-03 10:12:58,323 - cluster-integrate - INFO - 开始钙爆发聚类分析，输出目录: D:\GitHub_local\Brain_Neuroimage_Processing\Visualization\results\CD1_trace_transients
2025-05-03 10:12:58,323 - cluster-integrate - INFO - 使用输入文件: D:\GitHub_local\Brain_Neuroimage_Processing\Visualization\results\CD1_trace_transients\all_datasets_transients.xlsx
2025-05-03 10:12:58,324 - cluster-integrate - INFO - OUTPUT: 正在从D:\GitHub_local\Brain_Neuroimage_Processing\Visualization\results\CD1_trace_transients\all_datasets_transients.xlsx加载数据...
2025-05-03 10:12:58,644 - cluster-integrate - INFO - OUTPUT: 成功加载数据，共990行
2025-05-03 10:12:58,644 - cluster-integrate - INFO - OUTPUT: 输出目录设置为: D:\GitHub_local\Brain_Neuroimage_Processing\Visualization\results\CD1_trace_transients
2025-05-03 10:12:58,645 - cluster-integrate - INFO - OUTPUT: 使用权重设置进行聚类分析
2025-05-03 10:12:58,648 - cluster-integrate - INFO - OUTPUT: 应用特征权重: amplitude:2.00, duration:1.00, fwhm:0.50, rise_time:0.80, decay_time:0.80, auc:0.50, snr:0.50, is_complex:1.00, subpeaks_count:1.00
2025-05-03 10:12:58,648 - cluster-integrate - INFO - OUTPUT: 预处理完成，保留990个有效样本，使用特征: amplitude, duration, fwhm, rise_time, decay_time, auc, snr, is_complex, subpeaks_count
2025-05-03 10:12:58,648 - cluster-integrate - INFO - OUTPUT: 使用指定的聚类数: K=4
2025-05-03 10:12:58,648 - cluster-integrate - INFO - OUTPUT: 使用K均值聚类算法，聚类数=4...
2025-05-03 10:12:58,981 - cluster-integrate - INFO - OUTPUT: 使用PCA降维可视化...
2025-05-03 10:12:59,465 - cluster-integrate - INFO - OUTPUT: 使用t-SNE降维可视化...
2025-05-03 10:13:01,029 - cluster-integrate - INFO - OUTPUT: 可视化各个簇的特征分布...
2025-05-03 10:13:02,533 - cluster-integrate - INFO - OUTPUT: 分析各个簇的特征统计信息...
2025-05-03 10:13:02,537 - cluster-integrate - INFO - OUTPUT: 聚类统计信息已保存到 'D:\GitHub_local\Brain_Neuroimage_Processing\Visualization\results\CD1_trace_transients/cluster_statistics.csv'
2025-05-03 10:13:02,539 - cluster-integrate - INFO - OUTPUT: 使用雷达图可视化各簇的特征...
2025-05-03 10:13:02,987 - cluster-integrate - INFO - OUTPUT: 可视化不同神经元的聚类分布...
2025-05-03 10:13:03,659 - cluster-integrate - INFO - OUTPUT: 神经元聚类分布图已保存到: D:\GitHub_local\Brain_Neuroimage_Processing\Visualization\results\CD1_trace_transients/neuron_cluster_distribution.png
2025-05-03 10:13:03,660 - cluster-integrate - INFO - OUTPUT: 可视化不同波形类型在各聚类中的分布...
2025-05-03 10:13:04,072 - cluster-integrate - INFO - OUTPUT: 波形类型分布图已保存到: D:\GitHub_local\Brain_Neuroimage_Processing\Visualization\results\CD1_trace_transients/wave_type_distribution.png
2025-05-03 10:13:04,072 - cluster-integrate - INFO - OUTPUT: 分析各聚类中的子峰特征...
2025-05-03 10:13:04,372 - cluster-integrate - INFO - OUTPUT: 子峰统计信息已保存到 D:\GitHub_local\Brain_Neuroimage_Processing\Visualization\results\CD1_trace_transients/subpeaks_statistics.csv
2025-05-03 10:13:04,372 - cluster-integrate - INFO - OUTPUT: 正在可视化不同聚类类别的平均钙爆发波形...
2025-05-03 10:13:04,373 - cluster-integrate - INFO - OUTPUT: 检测到源文件路径信息，将优先使用这些信息加载原始数据
2025-05-03 10:13:04,374 - cluster-integrate - INFO - OUTPUT: 从事件数据中检测到 3 个不同的源文件
2025-05-03 10:13:04,374 - cluster-integrate - INFO - OUTPUT: 使用项目根目录: D:\GitHub_local\Brain_Neuroimage_Processing
2025-05-03 10:13:04,374 - cluster-integrate - INFO - OUTPUT: 加载源文件: D:\GitHub_local\Brain_Neuroimage_Processing\Visualization\datasets\Day3_with_behavior_labels_filled.xlsx
2025-05-03 10:13:05,306 - cluster-integrate - INFO - OUTPUT:   成功加载数据集: Day3_with_behavior_labels_filled, 形状: (2999, 54)
2025-05-03 10:13:05,306 - cluster-integrate - INFO - OUTPUT: 加载源文件: D:\GitHub_local\Brain_Neuroimage_Processing\Visualization\datasets\Day6_with_behavior_labels_filled.xlsx
2025-05-03 10:13:06,386 - cluster-integrate - INFO - OUTPUT:   成功加载数据集: Day6_with_behavior_labels_filled, 形状: (2999, 62)
2025-05-03 10:13:06,387 - cluster-integrate - INFO - OUTPUT: 加载源文件: D:\GitHub_local\Brain_Neuroimage_Processing\Visualization\datasets\Day9_with_behavior_labels_filled.xlsx
2025-05-03 10:13:07,411 - cluster-integrate - INFO - OUTPUT:   成功加载数据集: Day9_with_behavior_labels_filled, 形状: (2999, 60)
2025-05-03 10:13:07,412 - cluster-integrate - INFO - OUTPUT: 原始数据中的神经元列：
2025-05-03 10:13:07,412 - cluster-integrate - INFO - OUTPUT:   数据集 Day3_with_behavior_labels_filled: 52 个神经元列 - ['n1', 'n2', 'n3', 'n4', 'n5']...
2025-05-03 10:13:07,413 - cluster-integrate - INFO - OUTPUT:   数据集 Day6_with_behavior_labels_filled: 60 个神经元列 - ['n1', 'n2', 'n3', 'n4', 'n5']...
2025-05-03 10:13:07,413 - cluster-integrate - INFO - OUTPUT:   数据集 Day9_with_behavior_labels_filled: 58 个神经元列 - ['n1', 'n2', 'n3', 'n4', 'n5']...
2025-05-03 10:13:07,414 - cluster-integrate - INFO - OUTPUT: 钙爆发数据中的神经元: 62 个 - ['n1' 'n2' 'n3' 'n4' 'n5']...
2025-05-03 10:13:07,414 - cluster-integrate - INFO - OUTPUT: 创建了 62 个神经元名称映射
2025-05-03 10:13:07,478 - cluster-integrate - INFO - OUTPUT: 聚类 1: 使用从起始点开始的固定长度400处理波形...
2025-05-03 10:13:07,479 - cluster-integrate - INFO - OUTPUT: 聚类 1: 使用源文件信息匹配原始数据
2025-05-03 10:13:07,515 - cluster-integrate - INFO - OUTPUT: 聚类 2: 使用从起始点开始的固定长度400处理波形...
2025-05-03 10:13:07,515 - cluster-integrate - INFO - OUTPUT: 聚类 2: 使用源文件信息匹配原始数据
2025-05-03 10:13:07,522 - cluster-integrate - INFO - OUTPUT: 聚类 3: 使用从起始点开始的固定长度400处理波形...
2025-05-03 10:13:07,522 - cluster-integrate - INFO - OUTPUT: 聚类 3: 使用源文件信息匹配原始数据
2025-05-03 10:13:07,532 - cluster-integrate - INFO - OUTPUT: 聚类 4: 使用从起始点开始的固定长度400处理波形...
2025-05-03 10:13:07,533 - cluster-integrate - INFO - OUTPUT: 聚类 4: 使用源文件信息匹配原始数据
2025-05-03 10:13:08,300 - cluster-integrate - INFO - OUTPUT: 平均钙爆发波形可视化已保存到 D:\GitHub_local\Brain_Neuroimage_Processing\Visualization\results\CD1_trace_transients/cluster_average_waveforms.png
2025-05-03 10:13:08,300 - cluster-integrate - INFO - OUTPUT: 波形数据已保存到 D:\GitHub_local\Brain_Neuroimage_Processing\Visualization\results\CD1_trace_transients/cluster_average_waveforms.csv
2025-05-03 10:13:08,302 - cluster-integrate - INFO - OUTPUT: 开始生成整合神经元钙波活动时间线图...
2025-05-03 10:13:08,302 - cluster-integrate - INFO - OUTPUT: 加载神经元对应表: ../datasets/神经元对应表.xlsx
2025-05-03 10:13:08,319 - cluster-integrate - INFO - OUTPUT: 成功加载神经元对应表，形状: (53, 3)
2025-05-03 10:13:08,319 - cluster-integrate - INFO - OUTPUT: 对应表中的数据集: ['Day3_with_behavior_labels_filled', 'Day6_with_behavior_labels_filled', 'Day9_with_behavior_labels_filled']
2025-05-03 10:13:08,324 - cluster-integrate - INFO - OUTPUT: 创建了 3 个数据集的神经元ID映射
2025-05-03 10:13:08,365 - cluster-integrate - INFO - OUTPUT: 神经元ID映射完成: 成功映射 739/990 条记录 (74.65%)
2025-05-03 10:13:09,096 - cluster-integrate - INFO - OUTPUT: 交互式整合神经元钙波活动时间线图已保存到 D:\GitHub_local\Brain_Neuroimage_Processing\Visualization\results\CD1_trace_transients/integrated_neuron_timeline_interactive.html
2025-05-03 10:13:09,097 - cluster-integrate - INFO - OUTPUT: 将聚类标签添加到原始数据...
2025-05-03 10:13:09,699 - cluster-integrate - INFO - OUTPUT: 聚类结果已保存到 D:\GitHub_local\Brain_Neuroimage_Processing\Visualization\results\CD1_trace_transients/transients_clustered_k4.xlsx
2025-05-03 10:13:09,699 - cluster-integrate - INFO - OUTPUT: 聚类结果已保存到: D:\GitHub_local\Brain_Neuroimage_Processing\Visualization\results\CD1_trace_transients/transients_clustered_k4.xlsx
2025-05-03 10:13:09,699 - cluster-integrate - INFO - OUTPUT: 聚类分析完成!
