2025-05-03 10:54:30,449 - cluster-integrate - INFO - 日志文件创建于: D:\GitHub_local\Brain_Neuroimage_Processing\Visualization\logs\CD1_trace\cluster-integrate_20250503-105430.log
2025-05-03 10:54:30,449 - cluster-integrate - INFO - 开始钙爆发聚类分析，输出目录: D:\GitHub_local\Brain_Neuroimage_Processing\Visualization\results\CD1_trace_transients
2025-05-03 10:54:30,449 - cluster-integrate - INFO - 使用输入文件: D:\GitHub_local\Brain_Neuroimage_Processing\Visualization\results\CD1_trace_transients\all_datasets_transients.xlsx
2025-05-03 10:54:30,449 - cluster-integrate - INFO - OUTPUT: 正在从D:\GitHub_local\Brain_Neuroimage_Processing\Visualization\results\CD1_trace_transients\all_datasets_transients.xlsx加载数据...
2025-05-03 10:54:30,775 - cluster-integrate - INFO - OUTPUT: 成功加载数据，共990行
2025-05-03 10:54:30,775 - cluster-integrate - INFO - OUTPUT: 输出目录设置为: D:\GitHub_local\Brain_Neuroimage_Processing\Visualization\results\CD1_trace_transients
2025-05-03 10:54:30,776 - cluster-integrate - INFO - OUTPUT: 使用权重设置进行聚类分析
2025-05-03 10:54:30,779 - cluster-integrate - INFO - OUTPUT: 应用特征权重: amplitude:2.00, duration:1.00, fwhm:0.50, rise_time:0.80, decay_time:0.80, auc:0.50, snr:0.50, is_complex:1.00, subpeaks_count:1.00
2025-05-03 10:54:30,779 - cluster-integrate - INFO - OUTPUT: 预处理完成，保留990个有效样本，使用特征: amplitude, duration, fwhm, rise_time, decay_time, auc, snr, is_complex, subpeaks_count
2025-05-03 10:54:30,780 - cluster-integrate - INFO - OUTPUT: 使用指定的聚类数: K=4
2025-05-03 10:54:30,780 - cluster-integrate - INFO - OUTPUT: 使用K均值聚类算法，聚类数=4...
2025-05-03 10:54:30,950 - cluster-integrate - INFO - OUTPUT: 使用PCA降维可视化...
2025-05-03 10:54:31,438 - cluster-integrate - INFO - OUTPUT: 使用t-SNE降维可视化...
2025-05-03 10:54:33,074 - cluster-integrate - INFO - OUTPUT: 可视化各个簇的特征分布...
2025-05-03 10:54:34,593 - cluster-integrate - INFO - OUTPUT: 分析各个簇的特征统计信息...
2025-05-03 10:54:34,597 - cluster-integrate - INFO - OUTPUT: 聚类统计信息已保存到 'D:\GitHub_local\Brain_Neuroimage_Processing\Visualization\results\CD1_trace_transients/cluster_statistics.csv'
2025-05-03 10:54:34,598 - cluster-integrate - INFO - OUTPUT: 使用雷达图可视化各簇的特征...
2025-05-03 10:54:35,051 - cluster-integrate - INFO - OUTPUT: 可视化不同神经元的聚类分布...
2025-05-03 10:54:35,653 - cluster-integrate - INFO - OUTPUT: 神经元聚类分布图已保存到: D:\GitHub_local\Brain_Neuroimage_Processing\Visualization\results\CD1_trace_transients/neuron_cluster_distribution.png
2025-05-03 10:54:35,653 - cluster-integrate - INFO - OUTPUT: 可视化不同波形类型在各聚类中的分布...
2025-05-03 10:54:36,057 - cluster-integrate - INFO - OUTPUT: 波形类型分布图已保存到: D:\GitHub_local\Brain_Neuroimage_Processing\Visualization\results\CD1_trace_transients/wave_type_distribution.png
2025-05-03 10:54:36,058 - cluster-integrate - INFO - OUTPUT: 分析各聚类中的子峰特征...
2025-05-03 10:54:36,344 - cluster-integrate - INFO - OUTPUT: 子峰统计信息已保存到 D:\GitHub_local\Brain_Neuroimage_Processing\Visualization\results\CD1_trace_transients/subpeaks_statistics.csv
2025-05-03 10:54:36,345 - cluster-integrate - INFO - OUTPUT: 正在可视化不同聚类类别的平均钙爆发波形...
2025-05-03 10:54:36,346 - cluster-integrate - INFO - OUTPUT: 检测到源文件路径信息，将优先使用这些信息加载原始数据
2025-05-03 10:54:36,346 - cluster-integrate - INFO - OUTPUT: 从事件数据中检测到 3 个不同的源文件
2025-05-03 10:54:36,346 - cluster-integrate - INFO - OUTPUT: 使用项目根目录: D:\GitHub_local\Brain_Neuroimage_Processing
2025-05-03 10:54:36,347 - cluster-integrate - INFO - OUTPUT: 加载源文件: D:\GitHub_local\Brain_Neuroimage_Processing\Visualization\datasets\Day3_with_behavior_labels_filled.xlsx
2025-05-03 10:54:37,285 - cluster-integrate - INFO - OUTPUT:   成功加载数据集: Day3_with_behavior_labels_filled, 形状: (2999, 54)
2025-05-03 10:54:37,285 - cluster-integrate - INFO - OUTPUT: 加载源文件: D:\GitHub_local\Brain_Neuroimage_Processing\Visualization\datasets\Day6_with_behavior_labels_filled.xlsx
2025-05-03 10:54:38,327 - cluster-integrate - INFO - OUTPUT:   成功加载数据集: Day6_with_behavior_labels_filled, 形状: (2999, 62)
2025-05-03 10:54:38,328 - cluster-integrate - INFO - OUTPUT: 加载源文件: D:\GitHub_local\Brain_Neuroimage_Processing\Visualization\datasets\Day9_with_behavior_labels_filled.xlsx
2025-05-03 10:54:39,337 - cluster-integrate - INFO - OUTPUT:   成功加载数据集: Day9_with_behavior_labels_filled, 形状: (2999, 60)
2025-05-03 10:54:39,337 - cluster-integrate - INFO - OUTPUT: 原始数据中的神经元列：
2025-05-03 10:54:39,337 - cluster-integrate - INFO - OUTPUT:   数据集 Day3_with_behavior_labels_filled: 52 个神经元列 - ['n1', 'n2', 'n3', 'n4', 'n5']...
2025-05-03 10:54:39,337 - cluster-integrate - INFO - OUTPUT:   数据集 Day6_with_behavior_labels_filled: 60 个神经元列 - ['n1', 'n2', 'n3', 'n4', 'n5']...
2025-05-03 10:54:39,338 - cluster-integrate - INFO - OUTPUT:   数据集 Day9_with_behavior_labels_filled: 58 个神经元列 - ['n1', 'n2', 'n3', 'n4', 'n5']...
2025-05-03 10:54:39,338 - cluster-integrate - INFO - OUTPUT: 钙爆发数据中的神经元: 62 个 - ['n1' 'n2' 'n3' 'n4' 'n5']...
2025-05-03 10:54:39,339 - cluster-integrate - INFO - OUTPUT: 创建了 62 个神经元名称映射
2025-05-03 10:54:39,390 - cluster-integrate - INFO - OUTPUT: 聚类 1: 使用从起始点开始的固定长度400处理波形...
2025-05-03 10:54:39,390 - cluster-integrate - INFO - OUTPUT: 聚类 1: 使用源文件信息匹配原始数据
2025-05-03 10:54:39,421 - cluster-integrate - INFO - OUTPUT: 聚类 2: 使用从起始点开始的固定长度400处理波形...
2025-05-03 10:54:39,422 - cluster-integrate - INFO - OUTPUT: 聚类 2: 使用源文件信息匹配原始数据
2025-05-03 10:54:39,428 - cluster-integrate - INFO - OUTPUT: 聚类 3: 使用从起始点开始的固定长度400处理波形...
2025-05-03 10:54:39,428 - cluster-integrate - INFO - OUTPUT: 聚类 3: 使用源文件信息匹配原始数据
2025-05-03 10:54:39,436 - cluster-integrate - INFO - OUTPUT: 聚类 4: 使用从起始点开始的固定长度400处理波形...
2025-05-03 10:54:39,437 - cluster-integrate - INFO - OUTPUT: 聚类 4: 使用源文件信息匹配原始数据
2025-05-03 10:54:39,865 - cluster-integrate - INFO - OUTPUT: 平均钙爆发波形可视化已保存到 D:\GitHub_local\Brain_Neuroimage_Processing\Visualization\results\CD1_trace_transients/cluster_average_waveforms.png
2025-05-03 10:54:39,865 - cluster-integrate - INFO - OUTPUT: 波形数据已保存到 D:\GitHub_local\Brain_Neuroimage_Processing\Visualization\results\CD1_trace_transients/cluster_average_waveforms.csv
2025-05-03 10:54:39,866 - cluster-integrate - INFO - OUTPUT: 开始生成整合神经元钙波活动时间线图...
2025-05-03 10:54:39,867 - cluster-integrate - INFO - OUTPUT: 加载神经元对应表: ../datasets/神经元对应表.xlsx
2025-05-03 10:54:39,884 - cluster-integrate - INFO - OUTPUT: 成功加载神经元对应表，形状: (53, 3)
2025-05-03 10:54:39,885 - cluster-integrate - INFO - OUTPUT: 对应表中的数据集: ['Day3_with_behavior_labels_filled', 'Day6_with_behavior_labels_filled', 'Day9_with_behavior_labels_filled']
2025-05-03 10:54:39,891 - cluster-integrate - INFO - OUTPUT: 创建了 3 个数据集的神经元ID映射
2025-05-03 10:54:39,931 - cluster-integrate - INFO - OUTPUT: 神经元ID映射完成: 成功映射 739/990 条记录 (74.65%)
2025-05-03 10:54:39,932 - cluster-integrate - INFO - OUTPUT: 检测到 3 个不同的数据集: ['Day3_with_behavior_labels_filled', 'Day6_with_behavior_labels_filled', 'Day9_with_behavior_labels_filled']
2025-05-03 10:54:39,933 - cluster-integrate - INFO - OUTPUT: 数据集 Day3_with_behavior_labels_filled 的最大时间为 815.00 time (seconds)
2025-05-03 10:54:39,934 - cluster-integrate - INFO - OUTPUT: 数据集 Day6_with_behavior_labels_filled 的最大时间为 740.83 time (seconds)
2025-05-03 10:54:39,934 - cluster-integrate - INFO - OUTPUT: 数据集 Day9_with_behavior_labels_filled 的最大时间为 744.17 time (seconds)
2025-05-03 10:54:39,935 - cluster-integrate - INFO - OUTPUT: 数据集 Day3_with_behavior_labels_filled 的时间偏移量设置为 0.00 time (seconds)
2025-05-03 10:54:39,935 - cluster-integrate - INFO - OUTPUT: 数据集 Day6_with_behavior_labels_filled 的时间偏移量设置为 825.00 time (seconds)
2025-05-03 10:54:39,935 - cluster-integrate - INFO - OUTPUT: 数据集 Day9_with_behavior_labels_filled 的时间偏移量设置为 1575.83 time (seconds)
2025-05-03 10:54:41,256 - cluster-integrate - INFO - OUTPUT: 整合神经元钙波活动时间线图已保存到 D:\GitHub_local\Brain_Neuroimage_Processing\Visualization\results\CD1_trace_transients/integrated_neuron_timeline.png
2025-05-03 10:54:41,257 - cluster-integrate - INFO - OUTPUT: 将聚类标签添加到原始数据...
2025-05-03 10:54:41,835 - cluster-integrate - INFO - OUTPUT: 聚类结果已保存到 D:\GitHub_local\Brain_Neuroimage_Processing\Visualization\results\CD1_trace_transients/transients_clustered_k4.xlsx
2025-05-03 10:54:41,835 - cluster-integrate - INFO - OUTPUT: 聚类结果已保存到: D:\GitHub_local\Brain_Neuroimage_Processing\Visualization\results\CD1_trace_transients/transients_clustered_k4.xlsx
2025-05-03 10:54:41,835 - cluster-integrate - INFO - OUTPUT: 聚类分析完成!
