2025-05-03 10:53:33,708 - cluster-integrate - INFO - 日志文件创建于: D:\GitHub_local\Brain_Neuroimage_Processing\Visualization\logs\CD1_trace\cluster-integrate_20250503-105333.log
2025-05-03 10:53:33,709 - cluster-integrate - INFO - 开始钙爆发聚类分析，输出目录: D:\GitHub_local\Brain_Neuroimage_Processing\Visualization\results\CD1_trace_transients
2025-05-03 10:53:33,709 - cluster-integrate - INFO - 使用输入文件: D:\GitHub_local\Brain_Neuroimage_Processing\Visualization\results\CD1_trace_transients\all_datasets_transients.xlsx
2025-05-03 10:53:33,709 - cluster-integrate - INFO - OUTPUT: 正在从D:\GitHub_local\Brain_Neuroimage_Processing\Visualization\results\CD1_trace_transients\all_datasets_transients.xlsx加载数据...
2025-05-03 10:53:34,048 - cluster-integrate - INFO - OUTPUT: 成功加载数据，共990行
2025-05-03 10:53:34,048 - cluster-integrate - INFO - OUTPUT: 输出目录设置为: D:\GitHub_local\Brain_Neuroimage_Processing\Visualization\results\CD1_trace_transients
2025-05-03 10:53:34,049 - cluster-integrate - INFO - OUTPUT: 使用权重设置进行聚类分析
2025-05-03 10:53:34,052 - cluster-integrate - INFO - OUTPUT: 应用特征权重: amplitude:2.00, duration:1.00, fwhm:0.50, rise_time:0.80, decay_time:0.80, auc:0.50, snr:0.50, is_complex:1.00, subpeaks_count:1.00
2025-05-03 10:53:34,052 - cluster-integrate - INFO - OUTPUT: 预处理完成，保留990个有效样本，使用特征: amplitude, duration, fwhm, rise_time, decay_time, auc, snr, is_complex, subpeaks_count
2025-05-03 10:53:34,052 - cluster-integrate - INFO - OUTPUT: 使用指定的聚类数: K=4
2025-05-03 10:53:34,052 - cluster-integrate - INFO - OUTPUT: 使用K均值聚类算法，聚类数=4...
2025-05-03 10:53:34,228 - cluster-integrate - INFO - OUTPUT: 使用PCA降维可视化...
2025-05-03 10:53:34,724 - cluster-integrate - INFO - OUTPUT: 使用t-SNE降维可视化...
2025-05-03 10:53:36,409 - cluster-integrate - INFO - OUTPUT: 可视化各个簇的特征分布...
2025-05-03 10:53:37,893 - cluster-integrate - INFO - OUTPUT: 分析各个簇的特征统计信息...
2025-05-03 10:53:37,899 - cluster-integrate - INFO - OUTPUT: 聚类统计信息已保存到 'D:\GitHub_local\Brain_Neuroimage_Processing\Visualization\results\CD1_trace_transients/cluster_statistics.csv'
2025-05-03 10:53:37,899 - cluster-integrate - INFO - OUTPUT: 使用雷达图可视化各簇的特征...
2025-05-03 10:53:38,345 - cluster-integrate - INFO - OUTPUT: 可视化不同神经元的聚类分布...
2025-05-03 10:53:39,012 - cluster-integrate - INFO - OUTPUT: 神经元聚类分布图已保存到: D:\GitHub_local\Brain_Neuroimage_Processing\Visualization\results\CD1_trace_transients/neuron_cluster_distribution.png
2025-05-03 10:53:39,012 - cluster-integrate - INFO - OUTPUT: 可视化不同波形类型在各聚类中的分布...
2025-05-03 10:53:39,427 - cluster-integrate - INFO - OUTPUT: 波形类型分布图已保存到: D:\GitHub_local\Brain_Neuroimage_Processing\Visualization\results\CD1_trace_transients/wave_type_distribution.png
2025-05-03 10:53:39,428 - cluster-integrate - INFO - OUTPUT: 分析各聚类中的子峰特征...
2025-05-03 10:53:39,711 - cluster-integrate - INFO - OUTPUT: 子峰统计信息已保存到 D:\GitHub_local\Brain_Neuroimage_Processing\Visualization\results\CD1_trace_transients/subpeaks_statistics.csv
2025-05-03 10:53:39,713 - cluster-integrate - INFO - OUTPUT: 正在可视化不同聚类类别的平均钙爆发波形...
2025-05-03 10:53:39,713 - cluster-integrate - INFO - OUTPUT: 检测到源文件路径信息，将优先使用这些信息加载原始数据
2025-05-03 10:53:39,714 - cluster-integrate - INFO - OUTPUT: 从事件数据中检测到 3 个不同的源文件
2025-05-03 10:53:39,714 - cluster-integrate - INFO - OUTPUT: 使用项目根目录: D:\GitHub_local\Brain_Neuroimage_Processing
2025-05-03 10:53:39,714 - cluster-integrate - INFO - OUTPUT: 加载源文件: D:\GitHub_local\Brain_Neuroimage_Processing\Visualization\datasets\Day3_with_behavior_labels_filled.xlsx
2025-05-03 10:53:40,636 - cluster-integrate - INFO - OUTPUT:   成功加载数据集: Day3_with_behavior_labels_filled, 形状: (2999, 54)
2025-05-03 10:53:40,637 - cluster-integrate - INFO - OUTPUT: 加载源文件: D:\GitHub_local\Brain_Neuroimage_Processing\Visualization\datasets\Day6_with_behavior_labels_filled.xlsx
2025-05-03 10:53:41,722 - cluster-integrate - INFO - OUTPUT:   成功加载数据集: Day6_with_behavior_labels_filled, 形状: (2999, 62)
2025-05-03 10:53:41,722 - cluster-integrate - INFO - OUTPUT: 加载源文件: D:\GitHub_local\Brain_Neuroimage_Processing\Visualization\datasets\Day9_with_behavior_labels_filled.xlsx
2025-05-03 10:53:42,755 - cluster-integrate - INFO - OUTPUT:   成功加载数据集: Day9_with_behavior_labels_filled, 形状: (2999, 60)
2025-05-03 10:53:42,755 - cluster-integrate - INFO - OUTPUT: 原始数据中的神经元列：
2025-05-03 10:53:42,755 - cluster-integrate - INFO - OUTPUT:   数据集 Day3_with_behavior_labels_filled: 52 个神经元列 - ['n1', 'n2', 'n3', 'n4', 'n5']...
2025-05-03 10:53:42,756 - cluster-integrate - INFO - OUTPUT:   数据集 Day6_with_behavior_labels_filled: 60 个神经元列 - ['n1', 'n2', 'n3', 'n4', 'n5']...
2025-05-03 10:53:42,756 - cluster-integrate - INFO - OUTPUT:   数据集 Day9_with_behavior_labels_filled: 58 个神经元列 - ['n1', 'n2', 'n3', 'n4', 'n5']...
2025-05-03 10:53:42,756 - cluster-integrate - INFO - OUTPUT: 钙爆发数据中的神经元: 62 个 - ['n1' 'n2' 'n3' 'n4' 'n5']...
2025-05-03 10:53:42,757 - cluster-integrate - INFO - OUTPUT: 创建了 62 个神经元名称映射
2025-05-03 10:53:42,809 - cluster-integrate - INFO - OUTPUT: 聚类 1: 使用从起始点开始的固定长度400处理波形...
2025-05-03 10:53:42,809 - cluster-integrate - INFO - OUTPUT: 聚类 1: 使用源文件信息匹配原始数据
2025-05-03 10:53:42,844 - cluster-integrate - INFO - OUTPUT: 聚类 2: 使用从起始点开始的固定长度400处理波形...
2025-05-03 10:53:42,845 - cluster-integrate - INFO - OUTPUT: 聚类 2: 使用源文件信息匹配原始数据
2025-05-03 10:53:42,850 - cluster-integrate - INFO - OUTPUT: 聚类 3: 使用从起始点开始的固定长度400处理波形...
2025-05-03 10:53:42,851 - cluster-integrate - INFO - OUTPUT: 聚类 3: 使用源文件信息匹配原始数据
2025-05-03 10:53:42,860 - cluster-integrate - INFO - OUTPUT: 聚类 4: 使用从起始点开始的固定长度400处理波形...
2025-05-03 10:53:42,861 - cluster-integrate - INFO - OUTPUT: 聚类 4: 使用源文件信息匹配原始数据
2025-05-03 10:53:43,311 - cluster-integrate - INFO - OUTPUT: 平均钙爆发波形可视化已保存到 D:\GitHub_local\Brain_Neuroimage_Processing\Visualization\results\CD1_trace_transients/cluster_average_waveforms.png
2025-05-03 10:53:43,311 - cluster-integrate - INFO - OUTPUT: 波形数据已保存到 D:\GitHub_local\Brain_Neuroimage_Processing\Visualization\results\CD1_trace_transients/cluster_average_waveforms.csv
2025-05-03 10:53:43,313 - cluster-integrate - INFO - OUTPUT: 开始生成整合神经元钙波活动时间线图...
2025-05-03 10:53:43,313 - cluster-integrate - INFO - OUTPUT: 加载神经元对应表: ../datasets/神经元对应表.xlsx
2025-05-03 10:53:43,336 - cluster-integrate - INFO - OUTPUT: 成功加载神经元对应表，形状: (53, 3)
2025-05-03 10:53:43,337 - cluster-integrate - INFO - OUTPUT: 对应表中的数据集: ['Day3_with_behavior_labels_filled', 'Day6_with_behavior_labels_filled', 'Day9_with_behavior_labels_filled']
2025-05-03 10:53:43,344 - cluster-integrate - INFO - OUTPUT: 创建了 3 个数据集的神经元ID映射
2025-05-03 10:53:43,388 - cluster-integrate - INFO - OUTPUT: 神经元ID映射完成: 成功映射 739/990 条记录 (74.65%)
2025-05-03 10:53:43,390 - cluster-integrate - INFO - OUTPUT: 检测到 3 个不同的数据集: ['Day3_with_behavior_labels_filled', 'Day6_with_behavior_labels_filled', 'Day9_with_behavior_labels_filled']
2025-05-03 10:53:43,391 - cluster-integrate - INFO - OUTPUT: 数据集 Day3_with_behavior_labels_filled 的最大时间为 815.00 time (seconds)
2025-05-03 10:53:43,392 - cluster-integrate - INFO - OUTPUT: 数据集 Day6_with_behavior_labels_filled 的最大时间为 740.83 time (seconds)
2025-05-03 10:53:43,393 - cluster-integrate - INFO - OUTPUT: 数据集 Day9_with_behavior_labels_filled 的最大时间为 744.17 time (seconds)
2025-05-03 10:53:43,393 - cluster-integrate - INFO - OUTPUT: 数据集 Day3_with_behavior_labels_filled 的时间偏移量设置为 0.00 time (seconds)
2025-05-03 10:53:43,393 - cluster-integrate - INFO - OUTPUT: 数据集 Day6_with_behavior_labels_filled 的时间偏移量设置为 825.00 time (seconds)
2025-05-03 10:53:43,394 - cluster-integrate - INFO - OUTPUT: 数据集 Day9_with_behavior_labels_filled 的时间偏移量设置为 1575.83 time (seconds)
2025-05-03 10:53:44,700 - cluster-integrate - INFO - OUTPUT: 整合神经元钙波活动时间线图已保存到 D:\GitHub_local\Brain_Neuroimage_Processing\Visualization\results\CD1_trace_transients/integrated_neuron_timeline.png
2025-05-03 10:53:44,701 - cluster-integrate - INFO - OUTPUT: 将聚类标签添加到原始数据...
2025-05-03 10:53:45,308 - cluster-integrate - INFO - OUTPUT: 聚类结果已保存到 D:\GitHub_local\Brain_Neuroimage_Processing\Visualization\results\CD1_trace_transients/transients_clustered_k4.xlsx
2025-05-03 10:53:45,308 - cluster-integrate - INFO - OUTPUT: 聚类结果已保存到: D:\GitHub_local\Brain_Neuroimage_Processing\Visualization\results\CD1_trace_transients/transients_clustered_k4.xlsx
2025-05-03 10:53:45,309 - cluster-integrate - INFO - OUTPUT: 聚类分析完成!
