2025-05-06 09:28:23,614 - cluster-integrate - INFO - 日志文件创建于: D:\GitHub_local\Brain_Neuroimage_Processing\Visualization\logs\CD1_trace\cluster-integrate_20250506-092823.log
2025-05-06 09:28:23,614 - cluster-integrate - INFO - 开始钙爆发聚类分析，输出目录: D:\GitHub_local\Brain_Neuroimage_Processing\Visualization\results\CD1_processed_transients
2025-05-06 09:28:23,614 - cluster-integrate - INFO - 使用输入文件: D:\GitHub_local\Brain_Neuroimage_Processing\Visualization\results\CD1_processed_transients\all_datasets_transients.xlsx
2025-05-06 09:28:23,614 - cluster-integrate - INFO - OUTPUT: 正在从D:\GitHub_local\Brain_Neuroimage_Processing\Visualization\results\CD1_processed_transients\all_datasets_transients.xlsx加载数据...
2025-05-06 09:28:23,966 - cluster-integrate - INFO - OUTPUT: 成功加载数据，共943行
2025-05-06 09:28:23,967 - cluster-integrate - INFO - OUTPUT: 输出目录设置为: D:\GitHub_local\Brain_Neuroimage_Processing\Visualization\results\CD1_processed_transients
2025-05-06 09:28:23,967 - cluster-integrate - INFO - OUTPUT: 使用权重设置进行聚类分析
2025-05-06 09:28:23,970 - cluster-integrate - INFO - OUTPUT: 应用特征权重: amplitude:1.50, duration:1.50, fwhm:0.50, rise_time:1.50, decay_time:1.50, auc:0.50, snr:0.50, is_complex:1.00, subpeaks_count:1.00
2025-05-06 09:28:23,970 - cluster-integrate - INFO - OUTPUT: 预处理完成，保留943个有效样本，使用特征: amplitude, duration, fwhm, rise_time, decay_time, auc, snr, is_complex, subpeaks_count
2025-05-06 09:28:23,970 - cluster-integrate - INFO - OUTPUT: 使用指定的聚类数: K=4
2025-05-06 09:28:23,971 - cluster-integrate - INFO - OUTPUT: 使用K均值聚类算法，聚类数=4...
2025-05-06 09:28:24,193 - cluster-integrate - INFO - OUTPUT: 使用PCA降维可视化...
2025-05-06 09:28:24,727 - cluster-integrate - INFO - OUTPUT: 使用t-SNE降维可视化...
2025-05-06 09:28:26,567 - cluster-integrate - INFO - OUTPUT: 可视化各个簇的特征分布...
2025-05-06 09:28:28,070 - cluster-integrate - INFO - OUTPUT: 分析各个簇的特征统计信息...
2025-05-06 09:28:28,076 - cluster-integrate - INFO - OUTPUT: 聚类统计信息已保存到 'D:\GitHub_local\Brain_Neuroimage_Processing\Visualization\results\CD1_processed_transients/cluster_statistics.csv'
2025-05-06 09:28:28,077 - cluster-integrate - INFO - OUTPUT: 使用雷达图可视化各簇的特征...
2025-05-06 09:28:28,523 - cluster-integrate - INFO - OUTPUT: 可视化不同神经元的聚类分布...
2025-05-06 09:28:29,073 - cluster-integrate - INFO - OUTPUT: 神经元聚类分布图已保存到: D:\GitHub_local\Brain_Neuroimage_Processing\Visualization\results\CD1_processed_transients/neuron_cluster_distribution.png
2025-05-06 09:28:29,073 - cluster-integrate - INFO - OUTPUT: 可视化不同波形类型在各聚类中的分布...
2025-05-06 09:28:29,563 - cluster-integrate - INFO - OUTPUT: 波形类型分布图已保存到: D:\GitHub_local\Brain_Neuroimage_Processing\Visualization\results\CD1_processed_transients/wave_type_distribution.png
2025-05-06 09:28:29,564 - cluster-integrate - INFO - OUTPUT: 分析各聚类中的子峰特征...
2025-05-06 09:28:29,863 - cluster-integrate - INFO - OUTPUT: 子峰统计信息已保存到 D:\GitHub_local\Brain_Neuroimage_Processing\Visualization\results\CD1_processed_transients/subpeaks_statistics.csv
2025-05-06 09:28:29,863 - cluster-integrate - INFO - OUTPUT: 正在可视化不同聚类类别的平均钙爆发波形...
2025-05-06 09:28:29,864 - cluster-integrate - INFO - OUTPUT: 检测到源文件路径信息，将优先使用这些信息加载原始数据
2025-05-06 09:28:29,865 - cluster-integrate - INFO - OUTPUT: 从事件数据中检测到 3 个不同的源文件
2025-05-06 09:28:29,866 - cluster-integrate - INFO - OUTPUT: 使用项目根目录: D:\GitHub_local\Brain_Neuroimage_Processing
2025-05-06 09:28:29,866 - cluster-integrate - INFO - OUTPUT:   源文件不存在: D:\GitHub_local\Brain_Neuroimage_Processing\datasets\processed_Day3.xlsx
2025-05-06 09:28:29,866 - cluster-integrate - INFO - OUTPUT:   源文件不存在: D:\GitHub_local\Brain_Neuroimage_Processing\datasets\processed_Day6.xlsx
2025-05-06 09:28:29,867 - cluster-integrate - INFO - OUTPUT:   源文件不存在: D:\GitHub_local\Brain_Neuroimage_Processing\datasets\processed_Day9.xlsx
2025-05-06 09:28:29,867 - cluster-integrate - INFO - OUTPUT: 尝试加载默认原始数据从: ../datasets/processed_EMtrace.xlsx
2025-05-06 09:28:30,660 - cluster-integrate - INFO - OUTPUT: 成功加载原始数据，形状: (2999, 45)
2025-05-06 09:28:30,660 - cluster-integrate - INFO - OUTPUT: 原始数据中的神经元列：
2025-05-06 09:28:30,661 - cluster-integrate - INFO - OUTPUT:   数据集 processed_EMtrace: 43 个神经元列 - ['n1', 'n2', 'n3', 'n4', 'n5']...
2025-05-06 09:28:30,662 - cluster-integrate - INFO - OUTPUT: 钙爆发数据中的神经元: 62 个 - ['n1' 'n2' 'n3' 'n4' 'n5']...
2025-05-06 09:28:30,662 - cluster-integrate - INFO - OUTPUT: 创建了 62 个神经元名称映射
2025-05-06 09:28:30,716 - cluster-integrate - INFO - OUTPUT: 聚类 1: 使用从起始点开始的固定长度400处理波形...
2025-05-06 09:28:30,757 - cluster-integrate - INFO - OUTPUT: 聚类 2: 使用从起始点开始的固定长度400处理波形...
2025-05-06 09:28:30,767 - cluster-integrate - INFO - OUTPUT: 聚类 3: 使用从起始点开始的固定长度400处理波形...
2025-05-06 09:28:30,792 - cluster-integrate - INFO - OUTPUT: 聚类 4: 使用从起始点开始的固定长度400处理波形...
2025-05-06 09:28:31,186 - cluster-integrate - INFO - OUTPUT: 平均钙爆发波形可视化已保存到 D:\GitHub_local\Brain_Neuroimage_Processing\Visualization\results\CD1_processed_transients/cluster_average_waveforms.png
2025-05-06 09:28:31,187 - cluster-integrate - INFO - OUTPUT: 波形数据已保存到 D:\GitHub_local\Brain_Neuroimage_Processing\Visualization\results\CD1_processed_transients/cluster_average_waveforms.csv
2025-05-06 09:28:31,187 - cluster-integrate - INFO - OUTPUT: 开始生成整合神经元钙波活动时间线图...
2025-05-06 09:28:31,188 - cluster-integrate - INFO - OUTPUT: 加载神经元对应表: ../datasets/神经元对应表.xlsx
2025-05-06 09:28:31,253 - cluster-integrate - INFO - OUTPUT: 成功加载神经元对应表，形状: (53, 3)
2025-05-06 09:28:31,253 - cluster-integrate - INFO - OUTPUT: 对应表中的数据集: ['processed_Day3', 'processed_Day6', 'processed_Day9']
2025-05-06 09:28:31,258 - cluster-integrate - INFO - OUTPUT: 创建了 3 个数据集的神经元ID映射
2025-05-06 09:28:31,298 - cluster-integrate - INFO - OUTPUT: 神经元ID映射完成: 成功映射 712/943 条记录 (75.50%)
2025-05-06 09:28:31,300 - cluster-integrate - INFO - OUTPUT: 检测到 3 个不同的数据集: ['processed_Day3', 'processed_Day6', 'processed_Day9']
2025-05-06 09:28:31,300 - cluster-integrate - INFO - OUTPUT: 数据集 processed_Day3 的最大时间为 782.50 time (seconds)
2025-05-06 09:28:31,301 - cluster-integrate - INFO - OUTPUT: 数据集 processed_Day6 的最大时间为 752.92 time (seconds)
2025-05-06 09:28:31,302 - cluster-integrate - INFO - OUTPUT: 数据集 processed_Day9 的最大时间为 763.75 time (seconds)
2025-05-06 09:28:31,303 - cluster-integrate - INFO - OUTPUT: 数据集 processed_Day3 的时间偏移量设置为 0.00 time (seconds)
2025-05-06 09:28:31,303 - cluster-integrate - INFO - OUTPUT: 数据集 processed_Day6 的时间偏移量设置为 792.50 time (seconds)
2025-05-06 09:28:31,303 - cluster-integrate - INFO - OUTPUT: 数据集 processed_Day9 的时间偏移量设置为 1555.42 time (seconds)
2025-05-06 09:28:32,566 - cluster-integrate - INFO - OUTPUT: 整合神经元钙波活动时间线图已保存到 D:\GitHub_local\Brain_Neuroimage_Processing\Visualization\results\CD1_processed_transients/integrated_neuron_timeline.png
2025-05-06 09:28:32,566 - cluster-integrate - INFO - OUTPUT: 将聚类标签添加到原始数据...
2025-05-06 09:28:33,181 - cluster-integrate - INFO - OUTPUT: 聚类结果已保存到 D:\GitHub_local\Brain_Neuroimage_Processing\Visualization\results\CD1_processed_transients/transients_clustered_k4.xlsx
2025-05-06 09:28:33,182 - cluster-integrate - INFO - OUTPUT: 聚类结果已保存到: D:\GitHub_local\Brain_Neuroimage_Processing\Visualization\results\CD1_processed_transients/transients_clustered_k4.xlsx
2025-05-06 09:28:33,182 - cluster-integrate - INFO - OUTPUT: 聚类分析完成!
