2025-05-03 13:50:02,428 - cluster-integrate - INFO - 日志文件创建于: D:\GitHub_local\Brain_Neuroimage_Processing\Visualization\logs\CD1_trace\cluster-integrate_20250503-135002.log
2025-05-03 13:50:02,429 - cluster-integrate - INFO - 开始钙爆发聚类分析，输出目录: D:\GitHub_local\Brain_Neuroimage_Processing\Visualization\results\CD1_processed_transients
2025-05-03 13:50:02,429 - cluster-integrate - INFO - 使用输入文件: D:\GitHub_local\Brain_Neuroimage_Processing\Visualization\results\CD1_processed_transients\all_datasets_transients.xlsx
2025-05-03 13:50:02,429 - cluster-integrate - INFO - OUTPUT: 正在从D:\GitHub_local\Brain_Neuroimage_Processing\Visualization\results\CD1_processed_transients\all_datasets_transients.xlsx加载数据...
2025-05-03 13:50:02,988 - cluster-integrate - INFO - OUTPUT: 成功加载数据，共943行
2025-05-03 13:50:02,988 - cluster-integrate - INFO - OUTPUT: 输出目录设置为: D:\GitHub_local\Brain_Neuroimage_Processing\Visualization\results\CD1_processed_transients
2025-05-03 13:50:02,989 - cluster-integrate - INFO - OUTPUT: 使用权重设置进行聚类分析
2025-05-03 13:50:02,991 - cluster-integrate - INFO - OUTPUT: 应用特征权重: amplitude:2.00, duration:1.00, fwhm:0.50, rise_time:0.80, decay_time:0.80, auc:0.50, snr:0.50, is_complex:1.00, subpeaks_count:1.00
2025-05-03 13:50:02,992 - cluster-integrate - INFO - OUTPUT: 预处理完成，保留943个有效样本，使用特征: amplitude, duration, fwhm, rise_time, decay_time, auc, snr, is_complex, subpeaks_count
2025-05-03 13:50:02,992 - cluster-integrate - INFO - OUTPUT: 使用指定的聚类数: K=4
2025-05-03 13:50:02,992 - cluster-integrate - INFO - OUTPUT: 使用K均值聚类算法，聚类数=4...
2025-05-03 13:50:03,169 - cluster-integrate - INFO - OUTPUT: 使用PCA降维可视化...
2025-05-03 13:50:03,639 - cluster-integrate - INFO - OUTPUT: 使用t-SNE降维可视化...
2025-05-03 13:50:05,136 - cluster-integrate - INFO - OUTPUT: 可视化各个簇的特征分布...
2025-05-03 13:50:06,585 - cluster-integrate - INFO - OUTPUT: 分析各个簇的特征统计信息...
2025-05-03 13:50:06,590 - cluster-integrate - INFO - OUTPUT: 聚类统计信息已保存到 'D:\GitHub_local\Brain_Neuroimage_Processing\Visualization\results\CD1_processed_transients/cluster_statistics.csv'
2025-05-03 13:50:06,590 - cluster-integrate - INFO - OUTPUT: 使用雷达图可视化各簇的特征...
2025-05-03 13:50:07,036 - cluster-integrate - INFO - OUTPUT: 可视化不同神经元的聚类分布...
2025-05-03 13:50:07,611 - cluster-integrate - INFO - OUTPUT: 神经元聚类分布图已保存到: D:\GitHub_local\Brain_Neuroimage_Processing\Visualization\results\CD1_processed_transients/neuron_cluster_distribution.png
2025-05-03 13:50:07,612 - cluster-integrate - INFO - OUTPUT: 可视化不同波形类型在各聚类中的分布...
2025-05-03 13:50:08,035 - cluster-integrate - INFO - OUTPUT: 波形类型分布图已保存到: D:\GitHub_local\Brain_Neuroimage_Processing\Visualization\results\CD1_processed_transients/wave_type_distribution.png
2025-05-03 13:50:08,036 - cluster-integrate - INFO - OUTPUT: 分析各聚类中的子峰特征...
2025-05-03 13:50:08,306 - cluster-integrate - INFO - OUTPUT: 子峰统计信息已保存到 D:\GitHub_local\Brain_Neuroimage_Processing\Visualization\results\CD1_processed_transients/subpeaks_statistics.csv
2025-05-03 13:50:08,307 - cluster-integrate - INFO - OUTPUT: 正在可视化不同聚类类别的平均钙爆发波形...
2025-05-03 13:50:08,307 - cluster-integrate - INFO - OUTPUT: 检测到源文件路径信息，将优先使用这些信息加载原始数据
2025-05-03 13:50:08,308 - cluster-integrate - INFO - OUTPUT: 从事件数据中检测到 3 个不同的源文件
2025-05-03 13:50:08,308 - cluster-integrate - INFO - OUTPUT: 使用项目根目录: D:\GitHub_local\Brain_Neuroimage_Processing
2025-05-03 13:50:08,308 - cluster-integrate - INFO - OUTPUT: 加载源文件: D:\GitHub_local\Brain_Neuroimage_Processing\Visualization\datasets\processed_Day3.xlsx
2025-05-03 13:50:09,269 - cluster-integrate - INFO - OUTPUT:   成功加载数据集: processed_Day3, 形状: (2999, 54)
2025-05-03 13:50:09,270 - cluster-integrate - INFO - OUTPUT: 加载源文件: D:\GitHub_local\Brain_Neuroimage_Processing\Visualization\datasets\processed_Day6.xlsx
2025-05-03 13:50:10,356 - cluster-integrate - INFO - OUTPUT:   成功加载数据集: processed_Day6, 形状: (2999, 62)
2025-05-03 13:50:10,357 - cluster-integrate - INFO - OUTPUT: 加载源文件: D:\GitHub_local\Brain_Neuroimage_Processing\Visualization\datasets\processed_Day9.xlsx
2025-05-03 13:50:11,414 - cluster-integrate - INFO - OUTPUT:   成功加载数据集: processed_Day9, 形状: (2999, 60)
2025-05-03 13:50:11,414 - cluster-integrate - INFO - OUTPUT: 原始数据中的神经元列：
2025-05-03 13:50:11,414 - cluster-integrate - INFO - OUTPUT:   数据集 processed_Day3: 52 个神经元列 - ['n1', 'n2', 'n3', 'n4', 'n5']...
2025-05-03 13:50:11,415 - cluster-integrate - INFO - OUTPUT:   数据集 processed_Day6: 60 个神经元列 - ['n1', 'n2', 'n3', 'n4', 'n5']...
2025-05-03 13:50:11,415 - cluster-integrate - INFO - OUTPUT:   数据集 processed_Day9: 58 个神经元列 - ['n1', 'n2', 'n3', 'n4', 'n5']...
2025-05-03 13:50:11,415 - cluster-integrate - INFO - OUTPUT: 钙爆发数据中的神经元: 62 个 - ['n1' 'n2' 'n3' 'n4' 'n5']...
2025-05-03 13:50:11,415 - cluster-integrate - INFO - OUTPUT: 创建了 62 个神经元名称映射
2025-05-03 13:50:11,468 - cluster-integrate - INFO - OUTPUT: 聚类 1: 使用从起始点开始的固定长度400处理波形...
2025-05-03 13:50:11,469 - cluster-integrate - INFO - OUTPUT: 聚类 1: 使用源文件信息匹配原始数据
2025-05-03 13:50:11,513 - cluster-integrate - INFO - OUTPUT: 聚类 2: 使用从起始点开始的固定长度400处理波形...
2025-05-03 13:50:11,514 - cluster-integrate - INFO - OUTPUT: 聚类 2: 使用源文件信息匹配原始数据
2025-05-03 13:50:11,524 - cluster-integrate - INFO - OUTPUT: 聚类 3: 使用从起始点开始的固定长度400处理波形...
2025-05-03 13:50:11,525 - cluster-integrate - INFO - OUTPUT: 聚类 3: 使用源文件信息匹配原始数据
2025-05-03 13:50:11,553 - cluster-integrate - INFO - OUTPUT: 聚类 4: 使用从起始点开始的固定长度400处理波形...
2025-05-03 13:50:11,554 - cluster-integrate - INFO - OUTPUT: 聚类 4: 使用源文件信息匹配原始数据
2025-05-03 13:50:11,918 - cluster-integrate - INFO - OUTPUT: 平均钙爆发波形可视化已保存到 D:\GitHub_local\Brain_Neuroimage_Processing\Visualization\results\CD1_processed_transients/cluster_average_waveforms.png
2025-05-03 13:50:11,918 - cluster-integrate - INFO - OUTPUT: 波形数据已保存到 D:\GitHub_local\Brain_Neuroimage_Processing\Visualization\results\CD1_processed_transients/cluster_average_waveforms.csv
2025-05-03 13:50:11,919 - cluster-integrate - INFO - OUTPUT: 开始生成整合神经元钙波活动时间线图...
2025-05-03 13:50:11,920 - cluster-integrate - INFO - OUTPUT: 加载神经元对应表: ../datasets/神经元对应表.xlsx
2025-05-03 13:50:11,937 - cluster-integrate - INFO - OUTPUT: 成功加载神经元对应表，形状: (53, 3)
2025-05-03 13:50:11,937 - cluster-integrate - INFO - OUTPUT: 对应表中的数据集: ['processed_Day3', 'processed_Day6', 'processed_Day9']
2025-05-03 13:50:11,943 - cluster-integrate - INFO - OUTPUT: 创建了 3 个数据集的神经元ID映射
2025-05-03 13:50:11,980 - cluster-integrate - INFO - OUTPUT: 神经元ID映射完成: 成功映射 712/943 条记录 (75.50%)
2025-05-03 13:50:11,982 - cluster-integrate - INFO - OUTPUT: 检测到 3 个不同的数据集: ['processed_Day3', 'processed_Day6', 'processed_Day9']
2025-05-03 13:50:11,982 - cluster-integrate - INFO - OUTPUT: 数据集 processed_Day3 的最大时间为 782.50 time (seconds)
2025-05-03 13:50:11,983 - cluster-integrate - INFO - OUTPUT: 数据集 processed_Day6 的最大时间为 752.92 time (seconds)
2025-05-03 13:50:11,984 - cluster-integrate - INFO - OUTPUT: 数据集 processed_Day9 的最大时间为 763.75 time (seconds)
2025-05-03 13:50:11,984 - cluster-integrate - INFO - OUTPUT: 数据集 processed_Day3 的时间偏移量设置为 0.00 time (seconds)
2025-05-03 13:50:11,985 - cluster-integrate - INFO - OUTPUT: 数据集 processed_Day6 的时间偏移量设置为 792.50 time (seconds)
2025-05-03 13:50:11,985 - cluster-integrate - INFO - OUTPUT: 数据集 processed_Day9 的时间偏移量设置为 1555.42 time (seconds)
2025-05-03 13:50:13,248 - cluster-integrate - INFO - OUTPUT: 整合神经元钙波活动时间线图已保存到 D:\GitHub_local\Brain_Neuroimage_Processing\Visualization\results\CD1_processed_transients/integrated_neuron_timeline.png
2025-05-03 13:50:13,249 - cluster-integrate - INFO - OUTPUT: 将聚类标签添加到原始数据...
2025-05-03 13:50:13,883 - cluster-integrate - INFO - OUTPUT: 聚类结果已保存到 D:\GitHub_local\Brain_Neuroimage_Processing\Visualization\results\CD1_processed_transients/transients_clustered_k4.xlsx
2025-05-03 13:50:13,883 - cluster-integrate - INFO - OUTPUT: 聚类结果已保存到: D:\GitHub_local\Brain_Neuroimage_Processing\Visualization\results\CD1_processed_transients/transients_clustered_k4.xlsx
2025-05-03 13:50:13,883 - cluster-integrate - INFO - OUTPUT: 聚类分析完成!
