2025-05-06 09:36:53,072 - cluster-integrate - INFO - 日志文件创建于: D:\GitHub_local\Brain_Neuroimage_Processing\Visualization\logs\CD1_trace\cluster-integrate_20250506-093653.log
2025-05-06 09:36:53,072 - cluster-integrate - INFO - 开始钙爆发聚类分析，输出目录: D:\GitHub_local\Brain_Neuroimage_Processing\Visualization\results\CD1_processed_transients
2025-05-06 09:36:53,072 - cluster-integrate - INFO - 使用输入文件: D:\GitHub_local\Brain_Neuroimage_Processing\Visualization\results\CD1_processed_transients\all_datasets_transients.xlsx
2025-05-06 09:36:53,073 - cluster-integrate - INFO - OUTPUT: 正在从D:\GitHub_local\Brain_Neuroimage_Processing\Visualization\results\CD1_processed_transients\all_datasets_transients.xlsx加载数据...
2025-05-06 09:36:53,445 - cluster-integrate - INFO - OUTPUT: 成功加载数据，共1090行
2025-05-06 09:36:53,446 - cluster-integrate - INFO - OUTPUT: 输出目录设置为: D:\GitHub_local\Brain_Neuroimage_Processing\Visualization\results\CD1_processed_transients
2025-05-06 09:36:53,446 - cluster-integrate - INFO - OUTPUT: 使用权重设置进行聚类分析
2025-05-06 09:36:53,450 - cluster-integrate - INFO - OUTPUT: 应用特征权重: amplitude:2.00, duration:1.00, fwhm:0.50, rise_time:0.80, decay_time:0.80, auc:0.50, snr:0.50, is_complex:1.00, subpeaks_count:1.00
2025-05-06 09:36:53,450 - cluster-integrate - INFO - OUTPUT: 预处理完成，保留1090个有效样本，使用特征: amplitude, duration, fwhm, rise_time, decay_time, auc, snr, is_complex, subpeaks_count
2025-05-06 09:36:53,451 - cluster-integrate - INFO - OUTPUT: 使用指定的聚类数: K=4
2025-05-06 09:36:53,451 - cluster-integrate - INFO - OUTPUT: 使用K均值聚类算法，聚类数=4...
2025-05-06 09:36:53,654 - cluster-integrate - INFO - OUTPUT: 使用PCA降维可视化...
2025-05-06 09:36:54,182 - cluster-integrate - INFO - OUTPUT: 使用t-SNE降维可视化...
2025-05-06 09:36:56,243 - cluster-integrate - INFO - OUTPUT: 可视化各个簇的特征分布...
2025-05-06 09:36:57,707 - cluster-integrate - INFO - OUTPUT: 分析各个簇的特征统计信息...
2025-05-06 09:36:57,713 - cluster-integrate - INFO - OUTPUT: 聚类统计信息已保存到 'D:\GitHub_local\Brain_Neuroimage_Processing\Visualization\results\CD1_processed_transients/cluster_statistics.csv'
2025-05-06 09:36:57,714 - cluster-integrate - INFO - OUTPUT: 使用雷达图可视化各簇的特征...
2025-05-06 09:36:58,171 - cluster-integrate - INFO - OUTPUT: 可视化不同神经元的聚类分布...
2025-05-06 09:36:58,800 - cluster-integrate - INFO - OUTPUT: 神经元聚类分布图已保存到: D:\GitHub_local\Brain_Neuroimage_Processing\Visualization\results\CD1_processed_transients/neuron_cluster_distribution.png
2025-05-06 09:36:58,801 - cluster-integrate - INFO - OUTPUT: 可视化不同波形类型在各聚类中的分布...
2025-05-06 09:36:59,204 - cluster-integrate - INFO - OUTPUT: 波形类型分布图已保存到: D:\GitHub_local\Brain_Neuroimage_Processing\Visualization\results\CD1_processed_transients/wave_type_distribution.png
2025-05-06 09:36:59,205 - cluster-integrate - INFO - OUTPUT: 分析各聚类中的子峰特征...
2025-05-06 09:36:59,488 - cluster-integrate - INFO - OUTPUT: 子峰统计信息已保存到 D:\GitHub_local\Brain_Neuroimage_Processing\Visualization\results\CD1_processed_transients/subpeaks_statistics.csv
2025-05-06 09:36:59,488 - cluster-integrate - INFO - OUTPUT: 正在可视化不同聚类类别的平均钙爆发波形...
2025-05-06 09:36:59,488 - cluster-integrate - INFO - OUTPUT: 检测到源文件路径信息，将优先使用这些信息加载原始数据
2025-05-06 09:36:59,489 - cluster-integrate - INFO - OUTPUT: 从事件数据中检测到 3 个不同的源文件
2025-05-06 09:36:59,490 - cluster-integrate - INFO - OUTPUT: 使用项目根目录: D:\GitHub_local\Brain_Neuroimage_Processing
2025-05-06 09:36:59,490 - cluster-integrate - INFO - OUTPUT:   源文件不存在: D:\GitHub_local\Brain_Neuroimage_Processing\datasets\processed_Day3.xlsx
2025-05-06 09:36:59,490 - cluster-integrate - INFO - OUTPUT:   源文件不存在: D:\GitHub_local\Brain_Neuroimage_Processing\datasets\processed_Day6.xlsx
2025-05-06 09:36:59,490 - cluster-integrate - INFO - OUTPUT:   源文件不存在: D:\GitHub_local\Brain_Neuroimage_Processing\datasets\processed_Day9.xlsx
2025-05-06 09:36:59,490 - cluster-integrate - INFO - OUTPUT: 尝试加载默认原始数据从: ../datasets/processed_EMtrace.xlsx
2025-05-06 09:37:00,334 - cluster-integrate - INFO - OUTPUT: 成功加载原始数据，形状: (2999, 45)
2025-05-06 09:37:00,334 - cluster-integrate - INFO - OUTPUT: 原始数据中的神经元列：
2025-05-06 09:37:00,334 - cluster-integrate - INFO - OUTPUT:   数据集 processed_EMtrace: 43 个神经元列 - ['n1', 'n2', 'n3', 'n4', 'n5']...
2025-05-06 09:37:00,335 - cluster-integrate - INFO - OUTPUT: 钙爆发数据中的神经元: 62 个 - ['n1' 'n2' 'n3' 'n4' 'n5']...
2025-05-06 09:37:00,336 - cluster-integrate - INFO - OUTPUT: 创建了 62 个神经元名称映射
2025-05-06 09:37:00,390 - cluster-integrate - INFO - OUTPUT: 聚类 1: 使用从起始点开始的固定长度400处理波形...
2025-05-06 09:37:00,429 - cluster-integrate - INFO - OUTPUT: 聚类 2: 使用从起始点开始的固定长度400处理波形...
2025-05-06 09:37:00,458 - cluster-integrate - INFO - OUTPUT: 聚类 3: 使用从起始点开始的固定长度400处理波形...
2025-05-06 09:37:00,463 - cluster-integrate - INFO - OUTPUT: 聚类 4: 使用从起始点开始的固定长度400处理波形...
2025-05-06 09:37:00,847 - cluster-integrate - INFO - OUTPUT: 平均钙爆发波形可视化已保存到 D:\GitHub_local\Brain_Neuroimage_Processing\Visualization\results\CD1_processed_transients/cluster_average_waveforms.png
2025-05-06 09:37:00,848 - cluster-integrate - INFO - OUTPUT: 波形数据已保存到 D:\GitHub_local\Brain_Neuroimage_Processing\Visualization\results\CD1_processed_transients/cluster_average_waveforms.csv
2025-05-06 09:37:00,848 - cluster-integrate - INFO - OUTPUT: 开始生成整合神经元钙波活动时间线图...
2025-05-06 09:37:00,849 - cluster-integrate - INFO - OUTPUT: 加载神经元对应表: ../datasets/神经元对应表.xlsx
2025-05-06 09:37:00,867 - cluster-integrate - INFO - OUTPUT: 成功加载神经元对应表，形状: (53, 3)
2025-05-06 09:37:00,867 - cluster-integrate - INFO - OUTPUT: 对应表中的数据集: ['processed_Day3', 'processed_Day6', 'processed_Day9']
2025-05-06 09:37:00,874 - cluster-integrate - INFO - OUTPUT: 创建了 3 个数据集的神经元ID映射
2025-05-06 09:37:00,919 - cluster-integrate - INFO - OUTPUT: 神经元ID映射完成: 成功映射 830/1090 条记录 (76.15%)
2025-05-06 09:37:00,921 - cluster-integrate - INFO - OUTPUT: 检测到 3 个不同的数据集: ['processed_Day3', 'processed_Day6', 'processed_Day9']
2025-05-06 09:37:00,922 - cluster-integrate - INFO - OUTPUT: 数据集 processed_Day3 的最大时间为 722.08 time (seconds)
2025-05-06 09:37:00,923 - cluster-integrate - INFO - OUTPUT: 数据集 processed_Day6 的最大时间为 752.71 time (seconds)
2025-05-06 09:37:00,924 - cluster-integrate - INFO - OUTPUT: 数据集 processed_Day9 的最大时间为 749.79 time (seconds)
2025-05-06 09:37:00,924 - cluster-integrate - INFO - OUTPUT: 数据集 processed_Day3 的时间偏移量设置为 0.00 time (seconds)
2025-05-06 09:37:00,924 - cluster-integrate - INFO - OUTPUT: 数据集 processed_Day6 的时间偏移量设置为 732.08 time (seconds)
2025-05-06 09:37:00,924 - cluster-integrate - INFO - OUTPUT: 数据集 processed_Day9 的时间偏移量设置为 1494.79 time (seconds)
2025-05-06 09:37:02,362 - cluster-integrate - INFO - OUTPUT: 整合神经元钙波活动时间线图已保存到 D:\GitHub_local\Brain_Neuroimage_Processing\Visualization\results\CD1_processed_transients/integrated_neuron_timeline.png
2025-05-06 09:37:02,363 - cluster-integrate - INFO - OUTPUT: 将聚类标签添加到原始数据...
2025-05-06 09:37:03,079 - cluster-integrate - INFO - OUTPUT: 聚类结果已保存到 D:\GitHub_local\Brain_Neuroimage_Processing\Visualization\results\CD1_processed_transients/transients_clustered_k4.xlsx
2025-05-06 09:37:03,079 - cluster-integrate - INFO - OUTPUT: 聚类结果已保存到: D:\GitHub_local\Brain_Neuroimage_Processing\Visualization\results\CD1_processed_transients/transients_clustered_k4.xlsx
2025-05-06 09:37:03,079 - cluster-integrate - INFO - OUTPUT: 聚类分析完成!
