2025-05-23 18:49:15,904 - main - INFO - ============================================================
2025-05-23 18:49:15,904 - main - INFO - 脑网络状态分类器训练程序启动
2025-05-23 18:49:15,905 - main - INFO - ============================================================
2025-05-23 18:49:15,907 - main - INFO - ✓ 随机种子设置完成
2025-05-23 18:49:15,913 - main - INFO - ✓ 使用GPU: NVIDIA GeForce RTX 4060
2025-05-23 18:49:15,914 - main - INFO - 加载数据集...
2025-05-23 18:49:15,971 - main - INFO - ✓ 数据集加载成功
2025-05-23 18:49:15,972 - main - INFO -   - 训练集批次数: 240
2025-05-23 18:49:15,972 - main - INFO -   - 验证集批次数: 20
2025-05-23 18:49:15,972 - main - INFO -   - 测试集批次数: 19
2025-05-23 18:49:16,185 - main - INFO - ✓ 模型创建成功
2025-05-23 18:49:16,185 - main - INFO - 模型架构:
MultiLayerGCN(
  (conv0): GCNConv(3, 32)
  (conv1): GCNConv(32, 32)
  (conv2): GCNConv(32, 32)
  (pool): GlobalPooling(
    (max_pool): AdaptiveMaxPool1d(output_size=1)
    (avg_pool): AdaptiveAvgPool1d(output_size=1)
  )
  (classifier): Sequential(
    (fc0): Linear(in_features=192, out_features=16, bias=False)
    (relu0): LeakyReLU(negative_slope=0.2)
    (drop0): Dropout(p=0.5, inplace=False)
    (fc2): Linear(in_features=16, out_features=6, bias=True)
  )
)
2025-05-23 18:49:16,186 - main - INFO - 模型参数总数: 5,414
2025-05-23 18:49:16,186 - main - INFO - 可训练参数: 5,414
2025-05-23 18:49:16,186 - main - INFO - 
开始模型训练...
2025-05-23 18:49:16,187 - main - INFO - 开始训练，总共 160 个epoch
2025-05-23 18:49:18,238 - main - INFO - Epoch 1 平均损失: 1.8034
2025-05-23 18:49:18,314 - main - INFO - Epoch 1/160 - 训练损失: 1.8034, 验证准确率: 0.3500, 最佳准确率: 0.3500 (Epoch 1), 最佳平均类别准确率: 0.2500
2025-05-23 18:49:19,469 - main - INFO - Epoch 2 平均损失: 1.7931
2025-05-23 18:49:19,532 - main - INFO - Epoch 2/160 - 训练损失: 1.7931, 验证准确率: 0.3000, 最佳准确率: 0.3500 (Epoch 1), 最佳平均类别准确率: 0.2500
2025-05-23 18:49:20,739 - main - INFO - Epoch 3 平均损失: 1.8045
2025-05-23 18:49:20,798 - main - INFO - Epoch 3/160 - 训练损失: 1.8045, 验证准确率: 0.2000, 最佳准确率: 0.3500 (Epoch 1), 最佳平均类别准确率: 0.2500
2025-05-23 18:49:22,026 - main - INFO - Epoch 4 平均损失: 1.7776
2025-05-23 18:49:22,085 - main - INFO - Epoch 4/160 - 训练损失: 1.7776, 验证准确率: 0.3000, 最佳准确率: 0.3500 (Epoch 1), 最佳平均类别准确率: 0.2500
2025-05-23 18:49:23,205 - main - INFO - Epoch 5 平均损失: 1.7617
2025-05-23 18:49:23,269 - main - INFO - Epoch 5/160 - 训练损失: 1.7617, 验证准确率: 0.2000, 最佳准确率: 0.3500 (Epoch 1), 最佳平均类别准确率: 0.2500
2025-05-23 18:49:24,398 - main - INFO - Epoch 6 平均损失: 1.7692
2025-05-23 18:49:24,463 - main - INFO - Epoch 6/160 - 训练损失: 1.7692, 验证准确率: 0.1500, 最佳准确率: 0.3500 (Epoch 1), 最佳平均类别准确率: 0.2500
2025-05-23 18:49:25,721 - main - INFO - Epoch 7 平均损失: 1.7601
2025-05-23 18:49:25,791 - main - INFO - Epoch 7/160 - 训练损失: 1.7601, 验证准确率: 0.3000, 最佳准确率: 0.3500 (Epoch 1), 最佳平均类别准确率: 0.2500
2025-05-23 18:49:27,092 - main - INFO - Epoch 8 平均损失: 1.7369
2025-05-23 18:49:27,158 - main - INFO - Epoch 8/160 - 训练损失: 1.7369, 验证准确率: 0.1500, 最佳准确率: 0.3500 (Epoch 1), 最佳平均类别准确率: 0.2500
2025-05-23 18:49:28,319 - main - INFO - Epoch 9 平均损失: 1.7436
2025-05-23 18:49:28,390 - main - INFO - Epoch 9/160 - 训练损失: 1.7436, 验证准确率: 0.2000, 最佳准确率: 0.3500 (Epoch 1), 最佳平均类别准确率: 0.2500
2025-05-23 18:49:29,594 - main - INFO - Epoch 10 平均损失: 1.7220
2025-05-23 18:49:29,659 - main - INFO - Epoch 10/160 - 训练损失: 1.7220, 验证准确率: 0.0000, 最佳准确率: 0.3500 (Epoch 1), 最佳平均类别准确率: 0.2500
2025-05-23 18:49:30,888 - main - INFO - Epoch 11 平均损失: 1.7015
2025-05-23 18:49:30,962 - main - INFO - Epoch 11/160 - 训练损失: 1.7015, 验证准确率: 0.2000, 最佳准确率: 0.3500 (Epoch 1), 最佳平均类别准确率: 0.2500
2025-05-23 18:49:32,214 - main - INFO - Epoch 12 平均损失: 1.7111
2025-05-23 18:49:32,277 - main - INFO - Epoch 12/160 - 训练损失: 1.7111, 验证准确率: 0.2000, 最佳准确率: 0.3500 (Epoch 1), 最佳平均类别准确率: 0.2500
2025-05-23 18:49:33,533 - main - INFO - Epoch 13 平均损失: 1.7085
2025-05-23 18:49:33,611 - main - INFO - Epoch 13/160 - 训练损失: 1.7085, 验证准确率: 0.0000, 最佳准确率: 0.3500 (Epoch 1), 最佳平均类别准确率: 0.2500
2025-05-23 18:49:34,871 - main - INFO - Epoch 14 平均损失: 1.7022
2025-05-23 18:49:34,940 - main - INFO - Epoch 14/160 - 训练损失: 1.7022, 验证准确率: 0.0500, 最佳准确率: 0.3500 (Epoch 1), 最佳平均类别准确率: 0.2500
2025-05-23 18:49:36,192 - main - INFO - Epoch 15 平均损失: 1.6723
2025-05-23 18:49:36,270 - main - INFO - Epoch 15/160 - 训练损失: 1.6723, 验证准确率: 0.1000, 最佳准确率: 0.3500 (Epoch 1), 最佳平均类别准确率: 0.2500
2025-05-23 18:49:37,498 - main - INFO - Epoch 16 平均损失: 1.6644
2025-05-23 18:49:37,567 - main - INFO - Epoch 16/160 - 训练损失: 1.6644, 验证准确率: 0.0500, 最佳准确率: 0.3500 (Epoch 1), 最佳平均类别准确率: 0.2500
2025-05-23 18:49:38,797 - main - INFO - Epoch 17 平均损失: 1.6432
2025-05-23 18:49:38,865 - main - INFO - Epoch 17/160 - 训练损失: 1.6432, 验证准确率: 0.1000, 最佳准确率: 0.3500 (Epoch 1), 最佳平均类别准确率: 0.2500
2025-05-23 18:49:40,029 - main - INFO - Epoch 18 平均损失: 1.6602
2025-05-23 18:49:40,097 - main - INFO - Epoch 18/160 - 训练损失: 1.6602, 验证准确率: 0.0500, 最佳准确率: 0.3500 (Epoch 1), 最佳平均类别准确率: 0.2500
2025-05-23 18:49:41,320 - main - INFO - Epoch 19 平均损失: 1.6385
2025-05-23 18:49:41,384 - main - INFO - Epoch 19/160 - 训练损失: 1.6385, 验证准确率: 0.1500, 最佳准确率: 0.3500 (Epoch 1), 最佳平均类别准确率: 0.2500
2025-05-23 18:49:42,658 - main - INFO - Epoch 20 平均损失: 1.6472
2025-05-23 18:49:42,734 - main - INFO - Epoch 20/160 - 训练损失: 1.6472, 验证准确率: 0.2500, 最佳准确率: 0.3500 (Epoch 1), 最佳平均类别准确率: 0.2500
2025-05-23 18:49:42,735 - main - INFO - 学习率衰减至: 0.000750
2025-05-23 18:49:44,021 - main - INFO - Epoch 21 平均损失: 1.5749
2025-05-23 18:49:44,099 - main - INFO - Epoch 21/160 - 训练损失: 1.5749, 验证准确率: 0.2500, 最佳准确率: 0.3500 (Epoch 1), 最佳平均类别准确率: 0.2500
2025-05-23 18:49:45,373 - main - INFO - Epoch 22 平均损失: 1.5450
2025-05-23 18:49:45,457 - main - INFO - Epoch 22/160 - 训练损失: 1.5450, 验证准确率: 0.2000, 最佳准确率: 0.3500 (Epoch 1), 最佳平均类别准确率: 0.2500
2025-05-23 18:49:46,737 - main - INFO - Epoch 23 平均损失: 1.5803
2025-05-23 18:49:46,807 - main - INFO - Epoch 23/160 - 训练损失: 1.5803, 验证准确率: 0.2000, 最佳准确率: 0.3500 (Epoch 1), 最佳平均类别准确率: 0.2500
2025-05-23 18:49:48,008 - main - INFO - Epoch 24 平均损失: 1.5770
2025-05-23 18:49:48,074 - main - INFO - Epoch 24/160 - 训练损失: 1.5770, 验证准确率: 0.1500, 最佳准确率: 0.3500 (Epoch 1), 最佳平均类别准确率: 0.2500
2025-05-23 18:49:49,432 - main - INFO - Epoch 25 平均损失: 1.5521
2025-05-23 18:49:49,504 - main - INFO - Epoch 25/160 - 训练损失: 1.5521, 验证准确率: 0.1000, 最佳准确率: 0.3500 (Epoch 1), 最佳平均类别准确率: 0.2500
2025-05-23 18:49:50,861 - main - INFO - Epoch 26 平均损失: 1.5211
2025-05-23 18:49:50,935 - main - INFO - Epoch 26/160 - 训练损失: 1.5211, 验证准确率: 0.0000, 最佳准确率: 0.3500 (Epoch 1), 最佳平均类别准确率: 0.2500
2025-05-23 18:49:52,161 - main - INFO - Epoch 27 平均损失: 1.5190
2025-05-23 18:49:52,231 - main - INFO - Epoch 27/160 - 训练损失: 1.5190, 验证准确率: 0.0000, 最佳准确率: 0.3500 (Epoch 1), 最佳平均类别准确率: 0.2500
2025-05-23 18:49:53,443 - main - INFO - Epoch 28 平均损失: 1.5106
2025-05-23 18:49:53,517 - main - INFO - Epoch 28/160 - 训练损失: 1.5106, 验证准确率: 0.1000, 最佳准确率: 0.3500 (Epoch 1), 最佳平均类别准确率: 0.2500
2025-05-23 18:49:54,714 - main - INFO - Epoch 29 平均损失: 1.4798
2025-05-23 18:49:54,779 - main - INFO - Epoch 29/160 - 训练损失: 1.4798, 验证准确率: 0.1000, 最佳准确率: 0.3500 (Epoch 1), 最佳平均类别准确率: 0.2500
2025-05-23 18:49:56,069 - main - INFO - Epoch 30 平均损失: 1.5262
2025-05-23 18:49:56,147 - main - INFO - Epoch 30/160 - 训练损失: 1.5262, 验证准确率: 0.1000, 最佳准确率: 0.3500 (Epoch 1), 最佳平均类别准确率: 0.2500
2025-05-23 18:49:57,460 - main - INFO - Epoch 31 平均损失: 1.5349
2025-05-23 18:49:57,533 - main - INFO - Epoch 31/160 - 训练损失: 1.5349, 验证准确率: 0.2000, 最佳准确率: 0.3500 (Epoch 1), 最佳平均类别准确率: 0.2500
2025-05-23 18:49:58,779 - main - INFO - Epoch 32 平均损失: 1.4814
2025-05-23 18:49:58,855 - main - INFO - Epoch 32/160 - 训练损失: 1.4814, 验证准确率: 0.1500, 最佳准确率: 0.3500 (Epoch 1), 最佳平均类别准确率: 0.2500
2025-05-23 18:50:00,023 - main - INFO - Epoch 33 平均损失: 1.4738
2025-05-23 18:50:00,088 - main - INFO - Epoch 33/160 - 训练损失: 1.4738, 验证准确率: 0.0000, 最佳准确率: 0.3500 (Epoch 1), 最佳平均类别准确率: 0.2500
2025-05-23 18:50:01,177 - main - INFO - Epoch 34 平均损失: 1.4991
2025-05-23 18:50:01,248 - main - INFO - Epoch 34/160 - 训练损失: 1.4991, 验证准确率: 0.0500, 最佳准确率: 0.3500 (Epoch 1), 最佳平均类别准确率: 0.2500
2025-05-23 18:50:02,351 - main - INFO - Epoch 35 平均损失: 1.4406
2025-05-23 18:50:02,428 - main - INFO - Epoch 35/160 - 训练损失: 1.4406, 验证准确率: 0.1500, 最佳准确率: 0.3500 (Epoch 1), 最佳平均类别准确率: 0.2500
2025-05-23 18:50:03,615 - main - INFO - Epoch 36 平均损失: 1.4653
2025-05-23 18:50:03,684 - main - INFO - Epoch 36/160 - 训练损失: 1.4653, 验证准确率: 0.1500, 最佳准确率: 0.3500 (Epoch 1), 最佳平均类别准确率: 0.2500
2025-05-23 18:50:04,858 - main - INFO - Epoch 37 平均损失: 1.4520
2025-05-23 18:50:04,942 - main - INFO - Epoch 37/160 - 训练损失: 1.4520, 验证准确率: 0.1500, 最佳准确率: 0.3500 (Epoch 1), 最佳平均类别准确率: 0.2500
2025-05-23 18:50:06,185 - main - INFO - Epoch 38 平均损失: 1.4825
2025-05-23 18:50:06,263 - main - INFO - Epoch 38/160 - 训练损失: 1.4825, 验证准确率: 0.1500, 最佳准确率: 0.3500 (Epoch 1), 最佳平均类别准确率: 0.2500
2025-05-23 18:50:07,572 - main - INFO - Epoch 39 平均损失: 1.4040
2025-05-23 18:50:07,671 - main - INFO - Epoch 39/160 - 训练损失: 1.4040, 验证准确率: 0.1000, 最佳准确率: 0.3500 (Epoch 1), 最佳平均类别准确率: 0.2500
2025-05-23 18:50:08,967 - main - INFO - Epoch 40 平均损失: 1.4054
2025-05-23 18:50:09,069 - main - INFO - Epoch 40/160 - 训练损失: 1.4054, 验证准确率: 0.1500, 最佳准确率: 0.3500 (Epoch 1), 最佳平均类别准确率: 0.2500
2025-05-23 18:50:09,070 - main - INFO - 学习率衰减至: 0.000563
2025-05-23 18:50:10,246 - main - INFO - Epoch 41 平均损失: 1.3852
2025-05-23 18:50:10,311 - main - INFO - Epoch 41/160 - 训练损失: 1.3852, 验证准确率: 0.2000, 最佳准确率: 0.3500 (Epoch 1), 最佳平均类别准确率: 0.2500
2025-05-23 18:50:11,569 - main - INFO - Epoch 42 平均损失: 1.4006
2025-05-23 18:50:11,649 - main - INFO - Epoch 42/160 - 训练损失: 1.4006, 验证准确率: 0.1500, 最佳准确率: 0.3500 (Epoch 1), 最佳平均类别准确率: 0.2500
2025-05-23 18:50:12,915 - main - INFO - Epoch 43 平均损失: 1.4127
2025-05-23 18:50:12,978 - main - INFO - Epoch 43/160 - 训练损失: 1.4127, 验证准确率: 0.1000, 最佳准确率: 0.3500 (Epoch 1), 最佳平均类别准确率: 0.2500
2025-05-23 18:50:14,182 - main - INFO - Epoch 44 平均损失: 1.3745
2025-05-23 18:50:14,249 - main - INFO - Epoch 44/160 - 训练损失: 1.3745, 验证准确率: 0.2500, 最佳准确率: 0.3500 (Epoch 1), 最佳平均类别准确率: 0.2500
2025-05-23 18:50:15,409 - main - INFO - Epoch 45 平均损失: 1.3693
2025-05-23 18:50:15,469 - main - INFO - Epoch 45/160 - 训练损失: 1.3693, 验证准确率: 0.2000, 最佳准确率: 0.3500 (Epoch 1), 最佳平均类别准确率: 0.2500
2025-05-23 18:50:16,622 - main - INFO - Epoch 46 平均损失: 1.4087
2025-05-23 18:50:16,681 - main - INFO - Epoch 46/160 - 训练损失: 1.4087, 验证准确率: 0.1000, 最佳准确率: 0.3500 (Epoch 1), 最佳平均类别准确率: 0.2500
2025-05-23 18:50:17,869 - main - INFO - Epoch 47 平均损失: 1.4172
2025-05-23 18:50:17,945 - main - INFO - Epoch 47/160 - 训练损失: 1.4172, 验证准确率: 0.1500, 最佳准确率: 0.3500 (Epoch 1), 最佳平均类别准确率: 0.2500
2025-05-23 18:50:19,191 - main - INFO - Epoch 48 平均损失: 1.3352
2025-05-23 18:50:19,266 - main - INFO - Epoch 48/160 - 训练损失: 1.3352, 验证准确率: 0.1500, 最佳准确率: 0.3500 (Epoch 1), 最佳平均类别准确率: 0.2500
2025-05-23 18:50:20,403 - main - INFO - Epoch 49 平均损失: 1.3579
2025-05-23 18:50:20,472 - main - INFO - Epoch 49/160 - 训练损失: 1.3579, 验证准确率: 0.1500, 最佳准确率: 0.3500 (Epoch 1), 最佳平均类别准确率: 0.2500
2025-05-23 18:50:21,542 - main - INFO - Epoch 50 平均损失: 1.3309
2025-05-23 18:50:21,609 - main - INFO - Epoch 50/160 - 训练损失: 1.3309, 验证准确率: 0.1500, 最佳准确率: 0.3500 (Epoch 1), 最佳平均类别准确率: 0.2500
2025-05-23 18:50:22,638 - main - INFO - Epoch 51 平均损失: 1.3321
2025-05-23 18:50:22,700 - main - INFO - Epoch 51/160 - 训练损失: 1.3321, 验证准确率: 0.1500, 最佳准确率: 0.3500 (Epoch 1), 最佳平均类别准确率: 0.2500
2025-05-23 18:50:23,739 - main - INFO - Epoch 52 平均损失: 1.2944
2025-05-23 18:50:23,835 - main - INFO - Epoch 52/160 - 训练损失: 1.2944, 验证准确率: 0.1500, 最佳准确率: 0.3500 (Epoch 1), 最佳平均类别准确率: 0.2500
2025-05-23 18:50:24,977 - main - INFO - Epoch 53 平均损失: 1.3670
2025-05-23 18:50:25,049 - main - INFO - Epoch 53/160 - 训练损失: 1.3670, 验证准确率: 0.1500, 最佳准确率: 0.3500 (Epoch 1), 最佳平均类别准确率: 0.2500
2025-05-23 18:50:26,179 - main - INFO - Epoch 54 平均损失: 1.3107
2025-05-23 18:50:26,248 - main - INFO - Epoch 54/160 - 训练损失: 1.3107, 验证准确率: 0.1500, 最佳准确率: 0.3500 (Epoch 1), 最佳平均类别准确率: 0.2500
2025-05-23 18:50:27,302 - main - INFO - Epoch 55 平均损失: 1.2471
2025-05-23 18:50:27,364 - main - INFO - Epoch 55/160 - 训练损失: 1.2471, 验证准确率: 0.1500, 最佳准确率: 0.3500 (Epoch 1), 最佳平均类别准确率: 0.2500
2025-05-23 18:50:28,468 - main - INFO - Epoch 56 平均损失: 1.3113
2025-05-23 18:50:28,532 - main - INFO - Epoch 56/160 - 训练损失: 1.3113, 验证准确率: 0.2000, 最佳准确率: 0.3500 (Epoch 1), 最佳平均类别准确率: 0.2500
2025-05-23 18:50:29,687 - main - INFO - Epoch 57 平均损失: 1.2900
2025-05-23 18:50:29,747 - main - INFO - Epoch 57/160 - 训练损失: 1.2900, 验证准确率: 0.1000, 最佳准确率: 0.3500 (Epoch 1), 最佳平均类别准确率: 0.2500
2025-05-23 18:50:30,869 - main - INFO - Epoch 58 平均损失: 1.2758
2025-05-23 18:50:30,942 - main - INFO - Epoch 58/160 - 训练损失: 1.2758, 验证准确率: 0.1500, 最佳准确率: 0.3500 (Epoch 1), 最佳平均类别准确率: 0.2500
2025-05-23 18:50:32,131 - main - INFO - Epoch 59 平均损失: 1.1780
2025-05-23 18:50:32,201 - main - INFO - Epoch 59/160 - 训练损失: 1.1780, 验证准确率: 0.1500, 最佳准确率: 0.3500 (Epoch 1), 最佳平均类别准确率: 0.2500
2025-05-23 18:50:33,382 - main - INFO - Epoch 60 平均损失: 1.2639
2025-05-23 18:50:33,444 - main - INFO - Epoch 60/160 - 训练损失: 1.2639, 验证准确率: 0.2500, 最佳准确率: 0.3500 (Epoch 1), 最佳平均类别准确率: 0.2500
2025-05-23 18:50:33,445 - main - INFO - 学习率衰减至: 0.000422
2025-05-23 18:50:34,622 - main - INFO - Epoch 61 平均损失: 1.2248
2025-05-23 18:50:34,680 - main - INFO - Epoch 61/160 - 训练损失: 1.2248, 验证准确率: 0.1500, 最佳准确率: 0.3500 (Epoch 1), 最佳平均类别准确率: 0.2500
2025-05-23 18:50:35,872 - main - INFO - Epoch 62 平均损失: 1.2091
2025-05-23 18:50:35,940 - main - INFO - Epoch 62/160 - 训练损失: 1.2091, 验证准确率: 0.1500, 最佳准确率: 0.3500 (Epoch 1), 最佳平均类别准确率: 0.2500
2025-05-23 18:50:36,988 - main - INFO - Epoch 63 平均损失: 1.2514
2025-05-23 18:50:37,051 - main - INFO - Epoch 63/160 - 训练损失: 1.2514, 验证准确率: 0.1500, 最佳准确率: 0.3500 (Epoch 1), 最佳平均类别准确率: 0.2500
2025-05-23 18:50:38,015 - main - INFO - Epoch 64 平均损失: 1.2273
2025-05-23 18:50:38,075 - main - INFO - Epoch 64/160 - 训练损失: 1.2273, 验证准确率: 0.2000, 最佳准确率: 0.3500 (Epoch 1), 最佳平均类别准确率: 0.2500
2025-05-23 18:50:39,030 - main - INFO - Epoch 65 平均损失: 1.2247
2025-05-23 18:50:39,082 - main - INFO - Epoch 65/160 - 训练损失: 1.2247, 验证准确率: 0.1500, 最佳准确率: 0.3500 (Epoch 1), 最佳平均类别准确率: 0.2500
2025-05-23 18:50:40,069 - main - INFO - Epoch 66 平均损失: 1.2269
2025-05-23 18:50:40,125 - main - INFO - Epoch 66/160 - 训练损失: 1.2269, 验证准确率: 0.1500, 最佳准确率: 0.3500 (Epoch 1), 最佳平均类别准确率: 0.2500
2025-05-23 18:50:41,086 - main - INFO - Epoch 67 平均损失: 1.2338
2025-05-23 18:50:41,147 - main - INFO - Epoch 67/160 - 训练损失: 1.2338, 验证准确率: 0.2000, 最佳准确率: 0.3500 (Epoch 1), 最佳平均类别准确率: 0.2500
2025-05-23 18:50:42,291 - main - INFO - Epoch 68 平均损失: 1.2124
2025-05-23 18:50:42,381 - main - INFO - Epoch 68/160 - 训练损失: 1.2124, 验证准确率: 0.2000, 最佳准确率: 0.3500 (Epoch 1), 最佳平均类别准确率: 0.2500
2025-05-23 18:50:43,514 - main - INFO - Epoch 69 平均损失: 1.1821
2025-05-23 18:50:43,570 - main - INFO - Epoch 69/160 - 训练损失: 1.1821, 验证准确率: 0.1500, 最佳准确率: 0.3500 (Epoch 1), 最佳平均类别准确率: 0.2500
2025-05-23 18:50:44,631 - main - INFO - Epoch 70 平均损失: 1.2045
2025-05-23 18:50:44,687 - main - INFO - Epoch 70/160 - 训练损失: 1.2045, 验证准确率: 0.2000, 最佳准确率: 0.3500 (Epoch 1), 最佳平均类别准确率: 0.2500
2025-05-23 18:50:45,775 - main - INFO - Epoch 71 平均损失: 1.1820
2025-05-23 18:50:45,835 - main - INFO - Epoch 71/160 - 训练损失: 1.1820, 验证准确率: 0.1500, 最佳准确率: 0.3500 (Epoch 1), 最佳平均类别准确率: 0.2500
2025-05-23 18:50:47,152 - main - INFO - Epoch 72 平均损失: 1.2004
2025-05-23 18:50:47,220 - main - INFO - Epoch 72/160 - 训练损失: 1.2004, 验证准确率: 0.1500, 最佳准确率: 0.3500 (Epoch 1), 最佳平均类别准确率: 0.2500
2025-05-23 18:50:48,509 - main - INFO - Epoch 73 平均损失: 1.1673
2025-05-23 18:50:48,573 - main - INFO - Epoch 73/160 - 训练损失: 1.1673, 验证准确率: 0.2000, 最佳准确率: 0.3500 (Epoch 1), 最佳平均类别准确率: 0.2500
2025-05-23 18:50:49,747 - main - INFO - Epoch 74 平均损失: 1.2613
2025-05-23 18:50:49,813 - main - INFO - Epoch 74/160 - 训练损失: 1.2613, 验证准确率: 0.2000, 最佳准确率: 0.3500 (Epoch 1), 最佳平均类别准确率: 0.2500
2025-05-23 18:50:50,886 - main - INFO - Epoch 75 平均损失: 1.1926
2025-05-23 18:50:50,945 - main - INFO - Epoch 75/160 - 训练损失: 1.1926, 验证准确率: 0.1500, 最佳准确率: 0.3500 (Epoch 1), 最佳平均类别准确率: 0.2500
2025-05-23 18:50:52,021 - main - INFO - Epoch 76 平均损失: 1.1630
2025-05-23 18:50:52,093 - main - INFO - Epoch 76/160 - 训练损失: 1.1630, 验证准确率: 0.2000, 最佳准确率: 0.3500 (Epoch 1), 最佳平均类别准确率: 0.2500
2025-05-23 18:50:53,202 - main - INFO - Epoch 77 平均损失: 1.1438
2025-05-23 18:50:53,278 - main - INFO - Epoch 77/160 - 训练损失: 1.1438, 验证准确率: 0.2000, 最佳准确率: 0.3500 (Epoch 1), 最佳平均类别准确率: 0.2500
2025-05-23 18:50:54,378 - main - INFO - Epoch 78 平均损失: 1.2688
2025-05-23 18:50:54,449 - main - INFO - Epoch 78/160 - 训练损失: 1.2688, 验证准确率: 0.2000, 最佳准确率: 0.3500 (Epoch 1), 最佳平均类别准确率: 0.2500
2025-05-23 18:50:55,485 - main - INFO - Epoch 79 平均损失: 1.1317
2025-05-23 18:50:55,542 - main - INFO - Epoch 79/160 - 训练损失: 1.1317, 验证准确率: 0.2000, 最佳准确率: 0.3500 (Epoch 1), 最佳平均类别准确率: 0.2500
2025-05-23 18:50:56,711 - main - INFO - Epoch 80 平均损失: 1.2151
2025-05-23 18:50:56,774 - main - INFO - Epoch 80/160 - 训练损失: 1.2151, 验证准确率: 0.2000, 最佳准确率: 0.3500 (Epoch 1), 最佳平均类别准确率: 0.2500
2025-05-23 18:50:56,775 - main - INFO - 学习率衰减至: 0.000316
2025-05-23 18:50:57,932 - main - INFO - Epoch 81 平均损失: 1.1034
2025-05-23 18:50:57,993 - main - INFO - Epoch 81/160 - 训练损失: 1.1034, 验证准确率: 0.2000, 最佳准确率: 0.3500 (Epoch 1), 最佳平均类别准确率: 0.2500
2025-05-23 18:50:59,109 - main - INFO - Epoch 82 平均损失: 1.1475
2025-05-23 18:50:59,180 - main - INFO - Epoch 82/160 - 训练损失: 1.1475, 验证准确率: 0.2000, 最佳准确率: 0.3500 (Epoch 1), 最佳平均类别准确率: 0.2500
2025-05-23 18:51:00,301 - main - INFO - Epoch 83 平均损失: 1.1624
2025-05-23 18:51:00,360 - main - INFO - Epoch 83/160 - 训练损失: 1.1624, 验证准确率: 0.2000, 最佳准确率: 0.3500 (Epoch 1), 最佳平均类别准确率: 0.2500
2025-05-23 18:51:01,523 - main - INFO - Epoch 84 平均损失: 1.1842
2025-05-23 18:51:01,604 - main - INFO - Epoch 84/160 - 训练损失: 1.1842, 验证准确率: 0.1500, 最佳准确率: 0.3500 (Epoch 1), 最佳平均类别准确率: 0.2500
2025-05-23 18:51:02,776 - main - INFO - Epoch 85 平均损失: 1.0591
2025-05-23 18:51:02,837 - main - INFO - Epoch 85/160 - 训练损失: 1.0591, 验证准确率: 0.1500, 最佳准确率: 0.3500 (Epoch 1), 最佳平均类别准确率: 0.2500
2025-05-23 18:51:03,959 - main - INFO - Epoch 86 平均损失: 1.1574
2025-05-23 18:51:04,024 - main - INFO - Epoch 86/160 - 训练损失: 1.1574, 验证准确率: 0.1500, 最佳准确率: 0.3500 (Epoch 1), 最佳平均类别准确率: 0.2500
2025-05-23 18:51:05,225 - main - INFO - Epoch 87 平均损失: 1.1424
2025-05-23 18:51:05,287 - main - INFO - Epoch 87/160 - 训练损失: 1.1424, 验证准确率: 0.1500, 最佳准确率: 0.3500 (Epoch 1), 最佳平均类别准确率: 0.2500
2025-05-23 18:51:06,387 - main - INFO - Epoch 88 平均损失: 1.1157
2025-05-23 18:51:06,455 - main - INFO - Epoch 88/160 - 训练损失: 1.1157, 验证准确率: 0.1000, 最佳准确率: 0.3500 (Epoch 1), 最佳平均类别准确率: 0.2500
2025-05-23 18:51:07,762 - main - INFO - Epoch 89 平均损失: 1.1394
2025-05-23 18:51:07,830 - main - INFO - Epoch 89/160 - 训练损失: 1.1394, 验证准确率: 0.2000, 最佳准确率: 0.3500 (Epoch 1), 最佳平均类别准确率: 0.2500
2025-05-23 18:51:08,910 - main - INFO - Epoch 90 平均损失: 1.0103
2025-05-23 18:51:08,974 - main - INFO - Epoch 90/160 - 训练损失: 1.0103, 验证准确率: 0.1500, 最佳准确率: 0.3500 (Epoch 1), 最佳平均类别准确率: 0.2500
2025-05-23 18:51:10,042 - main - INFO - Epoch 91 平均损失: 1.0807
2025-05-23 18:51:10,109 - main - INFO - Epoch 91/160 - 训练损失: 1.0807, 验证准确率: 0.2000, 最佳准确率: 0.3500 (Epoch 1), 最佳平均类别准确率: 0.2500
2025-05-23 18:51:11,225 - main - INFO - Epoch 92 平均损失: 1.0970
2025-05-23 18:51:11,292 - main - INFO - Epoch 92/160 - 训练损失: 1.0970, 验证准确率: 0.2000, 最佳准确率: 0.3500 (Epoch 1), 最佳平均类别准确率: 0.2500
2025-05-23 18:51:12,324 - main - INFO - Epoch 93 平均损失: 1.0840
2025-05-23 18:51:12,386 - main - INFO - Epoch 93/160 - 训练损失: 1.0840, 验证准确率: 0.2000, 最佳准确率: 0.3500 (Epoch 1), 最佳平均类别准确率: 0.2500
2025-05-23 18:51:13,410 - main - INFO - Epoch 94 平均损失: 1.0643
2025-05-23 18:51:13,472 - main - INFO - Epoch 94/160 - 训练损失: 1.0643, 验证准确率: 0.1500, 最佳准确率: 0.3500 (Epoch 1), 最佳平均类别准确率: 0.2500
2025-05-23 18:51:14,515 - main - INFO - Epoch 95 平均损失: 1.1565
2025-05-23 18:51:14,575 - main - INFO - Epoch 95/160 - 训练损失: 1.1565, 验证准确率: 0.1500, 最佳准确率: 0.3500 (Epoch 1), 最佳平均类别准确率: 0.2500
2025-05-23 18:51:15,645 - main - INFO - Epoch 96 平均损失: 1.0366
2025-05-23 18:51:15,703 - main - INFO - Epoch 96/160 - 训练损失: 1.0366, 验证准确率: 0.1500, 最佳准确率: 0.3500 (Epoch 1), 最佳平均类别准确率: 0.2500
2025-05-23 18:51:16,743 - main - INFO - Epoch 97 平均损失: 1.0637
2025-05-23 18:51:16,804 - main - INFO - Epoch 97/160 - 训练损失: 1.0637, 验证准确率: 0.1500, 最佳准确率: 0.3500 (Epoch 1), 最佳平均类别准确率: 0.2500
2025-05-23 18:51:17,962 - main - INFO - Epoch 98 平均损失: 1.1032
2025-05-23 18:51:18,031 - main - INFO - Epoch 98/160 - 训练损失: 1.1032, 验证准确率: 0.1500, 最佳准确率: 0.3500 (Epoch 1), 最佳平均类别准确率: 0.2500
2025-05-23 18:51:19,110 - main - INFO - Epoch 99 平均损失: 1.1143
2025-05-23 18:51:19,178 - main - INFO - Epoch 99/160 - 训练损失: 1.1143, 验证准确率: 0.2000, 最佳准确率: 0.3500 (Epoch 1), 最佳平均类别准确率: 0.2500
2025-05-23 18:51:20,267 - main - INFO - Epoch 100 平均损失: 1.0359
2025-05-23 18:51:20,329 - main - INFO - Epoch 100/160 - 训练损失: 1.0359, 验证准确率: 0.2500, 最佳准确率: 0.3500 (Epoch 1), 最佳平均类别准确率: 0.2500
2025-05-23 18:51:20,329 - main - INFO - 学习率衰减至: 0.000237
2025-05-23 18:51:21,520 - main - INFO - Epoch 101 平均损失: 1.1156
2025-05-23 18:51:21,581 - main - INFO - Epoch 101/160 - 训练损失: 1.1156, 验证准确率: 0.2500, 最佳准确率: 0.3500 (Epoch 1), 最佳平均类别准确率: 0.2500
2025-05-23 18:51:22,780 - main - INFO - Epoch 102 平均损失: 1.0918
2025-05-23 18:51:22,846 - main - INFO - Epoch 102/160 - 训练损失: 1.0918, 验证准确率: 0.1500, 最佳准确率: 0.3500 (Epoch 1), 最佳平均类别准确率: 0.2500
2025-05-23 18:51:24,110 - main - INFO - Epoch 103 平均损失: 0.9760
2025-05-23 18:51:24,187 - main - INFO - Epoch 103/160 - 训练损失: 0.9760, 验证准确率: 0.1500, 最佳准确率: 0.3500 (Epoch 1), 最佳平均类别准确率: 0.2500
2025-05-23 18:51:25,341 - main - INFO - Epoch 104 平均损失: 1.0187
2025-05-23 18:51:25,409 - main - INFO - Epoch 104/160 - 训练损失: 1.0187, 验证准确率: 0.2000, 最佳准确率: 0.3500 (Epoch 1), 最佳平均类别准确率: 0.2500
2025-05-23 18:51:26,569 - main - INFO - Epoch 105 平均损失: 1.0202
2025-05-23 18:51:26,637 - main - INFO - Epoch 105/160 - 训练损失: 1.0202, 验证准确率: 0.1500, 最佳准确率: 0.3500 (Epoch 1), 最佳平均类别准确率: 0.2500
2025-05-23 18:51:27,800 - main - INFO - Epoch 106 平均损失: 0.9963
2025-05-23 18:51:27,859 - main - INFO - Epoch 106/160 - 训练损失: 0.9963, 验证准确率: 0.2000, 最佳准确率: 0.3500 (Epoch 1), 最佳平均类别准确率: 0.2500
2025-05-23 18:51:28,872 - main - INFO - Epoch 107 平均损失: 1.0362
2025-05-23 18:51:28,937 - main - INFO - Epoch 107/160 - 训练损失: 1.0362, 验证准确率: 0.2000, 最佳准确率: 0.3500 (Epoch 1), 最佳平均类别准确率: 0.2500
2025-05-23 18:51:29,921 - main - INFO - Epoch 108 平均损失: 1.0410
2025-05-23 18:51:29,982 - main - INFO - Epoch 108/160 - 训练损失: 1.0410, 验证准确率: 0.2000, 最佳准确率: 0.3500 (Epoch 1), 最佳平均类别准确率: 0.2500
2025-05-23 18:51:30,969 - main - INFO - Epoch 109 平均损失: 1.1046
2025-05-23 18:51:31,030 - main - INFO - Epoch 109/160 - 训练损失: 1.1046, 验证准确率: 0.1500, 最佳准确率: 0.3500 (Epoch 1), 最佳平均类别准确率: 0.2500
2025-05-23 18:51:32,108 - main - INFO - Epoch 110 平均损失: 0.9900
2025-05-23 18:51:32,181 - main - INFO - Epoch 110/160 - 训练损失: 0.9900, 验证准确率: 0.2500, 最佳准确率: 0.3500 (Epoch 1), 最佳平均类别准确率: 0.2500
2025-05-23 18:51:33,195 - main - INFO - Epoch 111 平均损失: 0.9942
2025-05-23 18:51:33,257 - main - INFO - Epoch 111/160 - 训练损失: 0.9942, 验证准确率: 0.2000, 最佳准确率: 0.3500 (Epoch 1), 最佳平均类别准确率: 0.2500
2025-05-23 18:51:34,258 - main - INFO - Epoch 112 平均损失: 0.9369
2025-05-23 18:51:34,314 - main - INFO - Epoch 112/160 - 训练损失: 0.9369, 验证准确率: 0.1500, 最佳准确率: 0.3500 (Epoch 1), 最佳平均类别准确率: 0.2500
2025-05-23 18:51:35,346 - main - INFO - Epoch 113 平均损失: 0.9537
2025-05-23 18:51:35,409 - main - INFO - Epoch 113/160 - 训练损失: 0.9537, 验证准确率: 0.2000, 最佳准确率: 0.3500 (Epoch 1), 最佳平均类别准确率: 0.2500
2025-05-23 18:51:36,452 - main - INFO - Epoch 114 平均损失: 1.0122
2025-05-23 18:51:36,509 - main - INFO - Epoch 114/160 - 训练损失: 1.0122, 验证准确率: 0.2000, 最佳准确率: 0.3500 (Epoch 1), 最佳平均类别准确率: 0.2500
2025-05-23 18:51:37,526 - main - INFO - Epoch 115 平均损失: 1.0334
2025-05-23 18:51:37,588 - main - INFO - Epoch 115/160 - 训练损失: 1.0334, 验证准确率: 0.2000, 最佳准确率: 0.3500 (Epoch 1), 最佳平均类别准确率: 0.2500
2025-05-23 18:51:38,554 - main - INFO - Epoch 116 平均损失: 1.0505
2025-05-23 18:51:38,608 - main - INFO - Epoch 116/160 - 训练损失: 1.0505, 验证准确率: 0.2000, 最佳准确率: 0.3500 (Epoch 1), 最佳平均类别准确率: 0.2500
2025-05-23 18:51:39,606 - main - INFO - Epoch 117 平均损失: 1.0103
2025-05-23 18:51:39,661 - main - INFO - Epoch 117/160 - 训练损失: 1.0103, 验证准确率: 0.1500, 最佳准确率: 0.3500 (Epoch 1), 最佳平均类别准确率: 0.2500
2025-05-23 18:51:40,719 - main - INFO - Epoch 118 平均损失: 1.0209
2025-05-23 18:51:40,769 - main - INFO - Epoch 118/160 - 训练损失: 1.0209, 验证准确率: 0.1500, 最佳准确率: 0.3500 (Epoch 1), 最佳平均类别准确率: 0.2500
2025-05-23 18:51:41,760 - main - INFO - Epoch 119 平均损失: 1.0406
2025-05-23 18:51:41,853 - main - INFO - Epoch 119/160 - 训练损失: 1.0406, 验证准确率: 0.2000, 最佳准确率: 0.3500 (Epoch 1), 最佳平均类别准确率: 0.2500
2025-05-23 18:51:42,810 - main - INFO - Epoch 120 平均损失: 0.9964
2025-05-23 18:51:42,866 - main - INFO - Epoch 120/160 - 训练损失: 0.9964, 验证准确率: 0.2000, 最佳准确率: 0.3500 (Epoch 1), 最佳平均类别准确率: 0.2500
2025-05-23 18:51:42,867 - main - INFO - 学习率衰减至: 0.000178
2025-05-23 18:51:43,876 - main - INFO - Epoch 121 平均损失: 1.0618
2025-05-23 18:51:43,937 - main - INFO - Epoch 121/160 - 训练损失: 1.0618, 验证准确率: 0.2000, 最佳准确率: 0.3500 (Epoch 1), 最佳平均类别准确率: 0.2500
2025-05-23 18:51:44,905 - main - INFO - Epoch 122 平均损失: 0.9856
2025-05-23 18:51:44,963 - main - INFO - Epoch 122/160 - 训练损失: 0.9856, 验证准确率: 0.2000, 最佳准确率: 0.3500 (Epoch 1), 最佳平均类别准确率: 0.2500
2025-05-23 18:51:45,971 - main - INFO - Epoch 123 平均损失: 0.9762
2025-05-23 18:51:46,024 - main - INFO - Epoch 123/160 - 训练损失: 0.9762, 验证准确率: 0.2000, 最佳准确率: 0.3500 (Epoch 1), 最佳平均类别准确率: 0.2500
2025-05-23 18:51:47,105 - main - INFO - Epoch 124 平均损失: 1.0236
2025-05-23 18:51:47,181 - main - INFO - Epoch 124/160 - 训练损失: 1.0236, 验证准确率: 0.2000, 最佳准确率: 0.3500 (Epoch 1), 最佳平均类别准确率: 0.2500
2025-05-23 18:51:48,351 - main - INFO - Epoch 125 平均损失: 0.9117
2025-05-23 18:51:48,418 - main - INFO - Epoch 125/160 - 训练损失: 0.9117, 验证准确率: 0.1500, 最佳准确率: 0.3500 (Epoch 1), 最佳平均类别准确率: 0.2500
2025-05-23 18:51:49,537 - main - INFO - Epoch 126 平均损失: 0.8997
2025-05-23 18:51:49,600 - main - INFO - Epoch 126/160 - 训练损失: 0.8997, 验证准确率: 0.1500, 最佳准确率: 0.3500 (Epoch 1), 最佳平均类别准确率: 0.2500
2025-05-23 18:51:50,696 - main - INFO - Epoch 127 平均损失: 0.9892
2025-05-23 18:51:50,754 - main - INFO - Epoch 127/160 - 训练损失: 0.9892, 验证准确率: 0.2000, 最佳准确率: 0.3500 (Epoch 1), 最佳平均类别准确率: 0.2500
2025-05-23 18:51:51,868 - main - INFO - Epoch 128 平均损失: 0.8992
2025-05-23 18:51:51,932 - main - INFO - Epoch 128/160 - 训练损失: 0.8992, 验证准确率: 0.1000, 最佳准确率: 0.3500 (Epoch 1), 最佳平均类别准确率: 0.2500
2025-05-23 18:51:53,021 - main - INFO - Epoch 129 平均损失: 1.0091
2025-05-23 18:51:53,085 - main - INFO - Epoch 129/160 - 训练损失: 1.0091, 验证准确率: 0.2000, 最佳准确率: 0.3500 (Epoch 1), 最佳平均类别准确率: 0.2500
2025-05-23 18:51:54,104 - main - INFO - Epoch 130 平均损失: 0.9402
2025-05-23 18:51:54,170 - main - INFO - Epoch 130/160 - 训练损失: 0.9402, 验证准确率: 0.2000, 最佳准确率: 0.3500 (Epoch 1), 最佳平均类别准确率: 0.2500
2025-05-23 18:51:55,179 - main - INFO - Epoch 131 平均损失: 0.9928
2025-05-23 18:51:55,230 - main - INFO - Epoch 131/160 - 训练损失: 0.9928, 验证准确率: 0.2000, 最佳准确率: 0.3500 (Epoch 1), 最佳平均类别准确率: 0.2500
2025-05-23 18:51:56,210 - main - INFO - Epoch 132 平均损失: 0.9682
2025-05-23 18:51:56,263 - main - INFO - Epoch 132/160 - 训练损失: 0.9682, 验证准确率: 0.2000, 最佳准确率: 0.3500 (Epoch 1), 最佳平均类别准确率: 0.2500
2025-05-23 18:51:57,240 - main - INFO - Epoch 133 平均损失: 0.8633
2025-05-23 18:51:57,298 - main - INFO - Epoch 133/160 - 训练损失: 0.8633, 验证准确率: 0.1500, 最佳准确率: 0.3500 (Epoch 1), 最佳平均类别准确率: 0.2500
2025-05-23 18:51:58,314 - main - INFO - Epoch 134 平均损失: 1.0251
2025-05-23 18:51:58,366 - main - INFO - Epoch 134/160 - 训练损失: 1.0251, 验证准确率: 0.1500, 最佳准确率: 0.3500 (Epoch 1), 最佳平均类别准确率: 0.2500
2025-05-23 18:51:59,332 - main - INFO - Epoch 135 平均损失: 0.9267
2025-05-23 18:51:59,392 - main - INFO - Epoch 135/160 - 训练损失: 0.9267, 验证准确率: 0.1500, 最佳准确率: 0.3500 (Epoch 1), 最佳平均类别准确率: 0.2500
2025-05-23 18:52:00,495 - main - INFO - Epoch 136 平均损失: 0.9357
2025-05-23 18:52:00,552 - main - INFO - Epoch 136/160 - 训练损失: 0.9357, 验证准确率: 0.2000, 最佳准确率: 0.3500 (Epoch 1), 最佳平均类别准确率: 0.2500
2025-05-23 18:52:01,591 - main - INFO - Epoch 137 平均损失: 1.0202
2025-05-23 18:52:01,660 - main - INFO - Epoch 137/160 - 训练损失: 1.0202, 验证准确率: 0.1500, 最佳准确率: 0.3500 (Epoch 1), 最佳平均类别准确率: 0.2500
2025-05-23 18:52:02,718 - main - INFO - Epoch 138 平均损失: 0.9573
2025-05-23 18:52:02,775 - main - INFO - Epoch 138/160 - 训练损失: 0.9573, 验证准确率: 0.1500, 最佳准确率: 0.3500 (Epoch 1), 最佳平均类别准确率: 0.2500
2025-05-23 18:52:03,840 - main - INFO - Epoch 139 平均损失: 0.9282
2025-05-23 18:52:03,902 - main - INFO - Epoch 139/160 - 训练损失: 0.9282, 验证准确率: 0.1000, 最佳准确率: 0.3500 (Epoch 1), 最佳平均类别准确率: 0.2500
2025-05-23 18:52:04,980 - main - INFO - Epoch 140 平均损失: 0.9294
2025-05-23 18:52:05,036 - main - INFO - Epoch 140/160 - 训练损失: 0.9294, 验证准确率: 0.1000, 最佳准确率: 0.3500 (Epoch 1), 最佳平均类别准确率: 0.2500
2025-05-23 18:52:05,036 - main - INFO - 学习率衰减至: 0.000133
2025-05-23 18:52:06,060 - main - INFO - Epoch 141 平均损失: 0.9189
2025-05-23 18:52:06,122 - main - INFO - Epoch 141/160 - 训练损失: 0.9189, 验证准确率: 0.1500, 最佳准确率: 0.3500 (Epoch 1), 最佳平均类别准确率: 0.2500
2025-05-23 18:52:07,077 - main - INFO - Epoch 142 平均损失: 0.8633
2025-05-23 18:52:07,134 - main - INFO - Epoch 142/160 - 训练损失: 0.8633, 验证准确率: 0.1500, 最佳准确率: 0.3500 (Epoch 1), 最佳平均类别准确率: 0.2500
2025-05-23 18:52:08,102 - main - INFO - Epoch 143 平均损失: 0.8860
2025-05-23 18:52:08,174 - main - INFO - Epoch 143/160 - 训练损失: 0.8860, 验证准确率: 0.1500, 最佳准确率: 0.3500 (Epoch 1), 最佳平均类别准确率: 0.2500
2025-05-23 18:52:09,226 - main - INFO - Epoch 144 平均损失: 0.8845
2025-05-23 18:52:09,284 - main - INFO - Epoch 144/160 - 训练损失: 0.8845, 验证准确率: 0.1500, 最佳准确率: 0.3500 (Epoch 1), 最佳平均类别准确率: 0.2500
2025-05-23 18:52:10,286 - main - INFO - Epoch 145 平均损失: 0.9325
2025-05-23 18:52:10,339 - main - INFO - Epoch 145/160 - 训练损失: 0.9325, 验证准确率: 0.1500, 最佳准确率: 0.3500 (Epoch 1), 最佳平均类别准确率: 0.2500
2025-05-23 18:52:11,325 - main - INFO - Epoch 146 平均损失: 0.9390
2025-05-23 18:52:11,375 - main - INFO - Epoch 146/160 - 训练损失: 0.9390, 验证准确率: 0.1500, 最佳准确率: 0.3500 (Epoch 1), 最佳平均类别准确率: 0.2500
2025-05-23 18:52:12,347 - main - INFO - Epoch 147 平均损失: 0.9629
2025-05-23 18:52:12,405 - main - INFO - Epoch 147/160 - 训练损失: 0.9629, 验证准确率: 0.2500, 最佳准确率: 0.3500 (Epoch 1), 最佳平均类别准确率: 0.2500
2025-05-23 18:52:13,468 - main - INFO - Epoch 148 平均损失: 1.0508
2025-05-23 18:52:13,518 - main - INFO - Epoch 148/160 - 训练损失: 1.0508, 验证准确率: 0.1500, 最佳准确率: 0.3500 (Epoch 1), 最佳平均类别准确率: 0.2500
2025-05-23 18:52:14,607 - main - INFO - Epoch 149 平均损失: 0.9636
2025-05-23 18:52:14,660 - main - INFO - Epoch 149/160 - 训练损失: 0.9636, 验证准确率: 0.1500, 最佳准确率: 0.3500 (Epoch 1), 最佳平均类别准确率: 0.2500
2025-05-23 18:52:15,726 - main - INFO - Epoch 150 平均损失: 0.9503
2025-05-23 18:52:15,783 - main - INFO - Epoch 150/160 - 训练损失: 0.9503, 验证准确率: 0.1000, 最佳准确率: 0.3500 (Epoch 1), 最佳平均类别准确率: 0.2500
2025-05-23 18:52:16,843 - main - INFO - Epoch 151 平均损失: 0.9215
2025-05-23 18:52:16,911 - main - INFO - Epoch 151/160 - 训练损失: 0.9215, 验证准确率: 0.2000, 最佳准确率: 0.3500 (Epoch 1), 最佳平均类别准确率: 0.2500
2025-05-23 18:52:18,090 - main - INFO - Epoch 152 平均损失: 0.8905
2025-05-23 18:52:18,157 - main - INFO - Epoch 152/160 - 训练损失: 0.8905, 验证准确率: 0.2000, 最佳准确率: 0.3500 (Epoch 1), 最佳平均类别准确率: 0.2500
2025-05-23 18:52:19,254 - main - INFO - Epoch 153 平均损失: 0.9123
2025-05-23 18:52:19,308 - main - INFO - Epoch 153/160 - 训练损失: 0.9123, 验证准确率: 0.2000, 最佳准确率: 0.3500 (Epoch 1), 最佳平均类别准确率: 0.2500
2025-05-23 18:52:20,467 - main - INFO - Epoch 154 平均损失: 0.8817
2025-05-23 18:52:20,525 - main - INFO - Epoch 154/160 - 训练损失: 0.8817, 验证准确率: 0.1500, 最佳准确率: 0.3500 (Epoch 1), 最佳平均类别准确率: 0.2500
2025-05-23 18:52:21,659 - main - INFO - Epoch 155 平均损失: 0.8855
2025-05-23 18:52:21,713 - main - INFO - Epoch 155/160 - 训练损失: 0.8855, 验证准确率: 0.1500, 最佳准确率: 0.3500 (Epoch 1), 最佳平均类别准确率: 0.2500
2025-05-23 18:52:22,846 - main - INFO - Epoch 156 平均损失: 0.8182
2025-05-23 18:52:22,904 - main - INFO - Epoch 156/160 - 训练损失: 0.8182, 验证准确率: 0.2000, 最佳准确率: 0.3500 (Epoch 1), 最佳平均类别准确率: 0.2500
2025-05-23 18:52:23,983 - main - INFO - Epoch 157 平均损失: 0.9173
2025-05-23 18:52:24,038 - main - INFO - Epoch 157/160 - 训练损失: 0.9173, 验证准确率: 0.1500, 最佳准确率: 0.3500 (Epoch 1), 最佳平均类别准确率: 0.2500
2025-05-23 18:52:25,132 - main - INFO - Epoch 158 平均损失: 0.8557
2025-05-23 18:52:25,190 - main - INFO - Epoch 158/160 - 训练损失: 0.8557, 验证准确率: 0.1500, 最佳准确率: 0.3500 (Epoch 1), 最佳平均类别准确率: 0.2500
2025-05-23 18:52:26,436 - main - INFO - Epoch 159 平均损失: 0.9427
2025-05-23 18:52:26,509 - main - INFO - Epoch 159/160 - 训练损失: 0.9427, 验证准确率: 0.1500, 最佳准确率: 0.3500 (Epoch 1), 最佳平均类别准确率: 0.2500
2025-05-23 18:52:27,814 - main - INFO - Epoch 160 平均损失: 0.8808
2025-05-23 18:52:27,872 - main - INFO - Epoch 160/160 - 训练损失: 0.8808, 验证准确率: 0.1500, 最佳准确率: 0.3500 (Epoch 1), 最佳平均类别准确率: 0.2500
2025-05-23 18:52:27,879 - main - INFO - 最佳模型已保存至: D:\GitHub_local\Brain_Neuroimage_Processing\StateClassifier\results\best_scn.pt
2025-05-23 18:52:27,880 - main - INFO - 
在测试集上评估最终性能...
2025-05-23 18:52:27,941 - main - INFO - ============================================================
2025-05-23 18:52:27,941 - main - INFO - 最终测试结果:
2025-05-23 18:52:27,942 - main - INFO -   测试损失: 3.4513
2025-05-23 18:52:27,942 - main - INFO -   测试准确率: 0.1053
2025-05-23 18:52:27,943 - main - INFO -   平均类别准确率: 0.2083
2025-05-23 18:52:27,943 - main - INFO - ============================================================
