2025-02-11 17:28:45,824 - INFO - Starting clustering analysis, results will be saved to: ../result\clustering_Spectral_20250211_172845.log
2025-02-11 17:28:45,824 - INFO - Using algorithms: Spectral
2025-02-11 17:28:57,142 - INFO - Loaded data from ../datasets\Day6_topology_matrix.xlsx
2025-02-11 17:28:57,166 - INFO - 
==================================================
2025-02-11 17:28:57,166 - INFO - Executing Spectral clustering algorithm
2025-02-11 17:28:57,166 - INFO - ==================================================
2025-02-11 17:29:04,427 - INFO - Using parameters: {'n_clusters': 8, 'affinity': 'nearest_neighbors', 'n_neighbors': 10}
2025-02-11 17:29:07,760 - INFO - 
Spectral Cluster 0:
2025-02-11 17:29:07,782 - INFO - Behavior distribution:
2025-02-11 17:29:07,782 - INFO - - Exp: 86.95% (726 occurrences)
2025-02-11 17:29:07,782 - INFO - - Trem: 7.19% (60 occurrences)
2025-02-11 17:29:07,783 - INFO - - Gro: 5.75% (48 occurrences)
2025-02-11 17:29:07,783 - INFO - - Scra: 0.12% (1 occurrences)
2025-02-11 17:29:07,783 - INFO - 
Timestamps:
2025-02-11 17:29:07,783 - INFO - 93, 94, 95, 100, 102, 104, 105, 106, 107, 108
2025-02-11 17:29:07,783 - INFO - 109, 110, 117, 118, 119, 122, 125, 127, 128, 152
2025-02-11 17:29:07,783 - INFO - 154, 155, 161, 163, 164, 165, 167, 168, 171, 172
2025-02-11 17:29:07,783 - INFO - 173, 174, 177, 181, 183, 184, 196, 198, 200, 206
2025-02-11 17:29:07,784 - INFO - 210, 215, 377, 378, 379, 380, 381, 383, 385, 386
2025-02-11 17:29:07,784 - INFO - 388, 391, 392, 393, 396, 397, 398, 399, 400, 401
2025-02-11 17:29:07,784 - INFO - 402, 403, 404, 405, 406, 407, 408, 409, 410, 411
2025-02-11 17:29:07,784 - INFO - 412, 413, 414, 415, 416, 417, 418, 419, 420, 421
2025-02-11 17:29:07,784 - INFO - 422, 423, 424, 425, 426, 427, 428, 429, 430, 431
2025-02-11 17:29:07,784 - INFO - 432, 433, 434, 435, 436, 550, 562, 564, 565, 569
2025-02-11 17:29:07,784 - INFO - 571, 572, 573, 574, 575, 577, 578, 581, 645, 649
2025-02-11 17:29:07,784 - INFO - 657, 660, 666, 667, 668, 669, 670, 672, 673, 674
2025-02-11 17:29:07,785 - INFO - 676, 682, 684, 685, 686, 687, 688, 689, 690, 691
2025-02-11 17:29:07,785 - INFO - 692, 693, 694, 695, 696, 697, 698, 699, 700, 702
2025-02-11 17:29:07,785 - INFO - 703, 704, 705, 706, 707, 708, 709, 710, 711, 712
2025-02-11 17:29:07,785 - INFO - 722, 723, 727, 733, 734, 738, 739, 740, 741, 742
2025-02-11 17:29:07,785 - INFO - 743, 744, 746, 747, 748, 749, 750, 753, 754, 755
2025-02-11 17:29:07,785 - INFO - 756, 757, 759, 760, 761, 770, 776, 777, 778, 779
2025-02-11 17:29:07,785 - INFO - 780, 781, 782, 783, 863, 865, 869, 872, 882, 885
2025-02-11 17:29:07,785 - INFO - 886, 887, 888, 889, 890, 891, 893, 895, 897, 900
2025-02-11 17:29:07,786 - INFO - 903, 905, 906, 908, 910, 911, 914, 917, 923, 924
2025-02-11 17:29:07,786 - INFO - 925, 926, 931, 934, 937, 943, 945, 946, 965, 966
2025-02-11 17:29:07,786 - INFO - 967, 968, 971, 972, 973, 988, 995, 996, 998, 1000
2025-02-11 17:29:07,786 - INFO - 1003, 1006, 1007, 1011, 1013, 1015, 1016, 1018, 1020, 1022
2025-02-11 17:29:07,786 - INFO - 1024, 1025, 1028, 1029, 1044, 1051, 1057, 1059, 1062, 1069
2025-02-11 17:29:07,786 - INFO - 1078, 1079, 1080, 1083, 1084, 1086, 1092, 1093, 1094, 1098
2025-02-11 17:29:07,786 - INFO - 1099, 1100, 1101, 1106, 1107, 1108, 1110, 1146, 1401, 1423
2025-02-11 17:29:07,786 - INFO - 1432, 1441, 1586, 1589, 1612, 1614, 1620, 1636, 1653, 1669
2025-02-11 17:29:07,786 - INFO - 1672, 1676, 1677, 1679, 1687, 1691, 1694, 1749, 1839, 1843
2025-02-11 17:29:07,787 - INFO - 1848, 2052, 2150, 2151, 2152, 2153, 2154, 2155, 2157, 2158
2025-02-11 17:29:07,787 - INFO - 2159, 2160, 2161, 2162, 2163, 2164, 2165, 2166, 2167, 2168
2025-02-11 17:29:07,787 - INFO - 2169, 2170, 2171, 2172, 2173, 2174, 2175, 2176, 2177, 2178
2025-02-11 17:29:07,787 - INFO - 2179, 2180, 2181, 2183, 2184, 2185, 2186, 2187, 2188, 2189
2025-02-11 17:29:07,787 - INFO - 2190, 2191, 2192, 2193, 2194, 2195, 2196, 2197, 2198, 2199
2025-02-11 17:29:07,787 - INFO - 2200, 2201, 2202, 2203, 2204, 2205, 2206, 2207, 2208, 2209
2025-02-11 17:29:07,788 - INFO - 2210, 2211, 2212, 2213, 2214, 2215, 2216, 2217, 2218, 2219
2025-02-11 17:29:07,788 - INFO - 2220, 2221, 2222, 2223, 2224, 2225, 2226, 2227, 2228, 2229
2025-02-11 17:29:07,788 - INFO - 2230, 2231, 2232, 2233, 2234, 2235, 2236, 2237, 2238, 2239
2025-02-11 17:29:07,788 - INFO - 2240, 2241, 2242, 2243, 2244, 2245, 2246, 2247, 2248, 2249
2025-02-11 17:29:07,788 - INFO - 2250, 2251, 2252, 2253, 2254, 2255, 2256, 2257, 2258, 2259
2025-02-11 17:29:07,788 - INFO - 2260, 2261, 2262, 2263, 2264, 2265, 2266, 2267, 2268, 2269
2025-02-11 17:29:07,789 - INFO - 2270, 2271, 2272, 2273, 2274, 2275, 2276, 2277, 2278, 2279
2025-02-11 17:29:07,789 - INFO - 2280, 2281, 2282, 2283, 2284, 2285, 2286, 2287, 2288, 2289
2025-02-11 17:29:07,789 - INFO - 2290, 2291, 2292, 2293, 2294, 2295, 2297, 2298, 2299, 2300
2025-02-11 17:29:07,789 - INFO - 2301, 2302, 2303, 2304, 2305, 2306, 2308, 2309, 2311, 2313
2025-02-11 17:29:07,789 - INFO - 2315, 2321, 2326, 2327, 2329, 2330, 2331, 2332, 2333, 2334
2025-02-11 17:29:07,789 - INFO - 2335, 2336, 2337, 2338, 2339, 2340, 2342, 2345, 2347, 2350
2025-02-11 17:29:07,789 - INFO - 2351, 2352, 2353, 2356, 2357, 2362, 2363, 2366, 2373, 2376
2025-02-11 17:29:07,789 - INFO - 2380, 2381, 2382, 2383, 2384, 2385, 2386, 2387, 2388, 2389
2025-02-11 17:29:07,790 - INFO - 2390, 2391, 2392, 2393, 2394, 2395, 2396, 2397, 2398, 2399
2025-02-11 17:29:07,790 - INFO - 2400, 2401, 2402, 2403, 2404, 2405, 2406, 2407, 2408, 2409
2025-02-11 17:29:07,790 - INFO - 2410, 2412, 2413, 2414, 2415, 2416, 2418, 2420, 2421, 2422
2025-02-11 17:29:07,790 - INFO - 2423, 2425, 2426, 2427, 2429, 2430, 2432, 2433, 2434, 2437
2025-02-11 17:29:07,790 - INFO - 2439, 2440, 2441, 2442, 2443, 2445, 2446, 2448, 2451, 2452
2025-02-11 17:29:07,790 - INFO - 2453, 2454, 2456, 2461, 2464, 2465, 2466, 2467, 2468, 2469
2025-02-11 17:29:07,790 - INFO - 2470, 2471, 2472, 2475, 2476, 2478, 2479, 2480, 2481, 2482
2025-02-11 17:29:07,791 - INFO - 2483, 2484, 2485, 2489, 2490, 2491, 2492, 2493, 2494, 2495
2025-02-11 17:29:07,791 - INFO - 2496, 2497, 2498, 2499, 2500, 2501, 2502, 2503, 2504, 2505
2025-02-11 17:29:07,791 - INFO - 2506, 2507, 2508, 2509, 2510, 2511, 2512, 2513, 2514, 2515
2025-02-11 17:29:07,791 - INFO - 2516, 2517, 2518, 2519, 2521, 2522, 2523, 2524, 2525, 2527
2025-02-11 17:29:07,791 - INFO - 2528, 2529, 2530, 2531, 2532, 2533, 2535, 2536, 2537, 2539
2025-02-11 17:29:07,791 - INFO - 2541, 2542, 2543, 2544, 2550, 2553, 2554, 2555, 2556, 2557
2025-02-11 17:29:07,791 - INFO - 2558, 2560, 2561, 2566, 2567, 2570, 2571, 2572, 2573, 2575
2025-02-11 17:29:07,792 - INFO - 2578, 2579, 2581, 2582, 2583, 2584, 2585, 2589, 2590, 2591
2025-02-11 17:29:07,792 - INFO - 2595, 2596, 2597, 2598, 2599, 2600, 2601, 2602, 2603, 2604
2025-02-11 17:29:07,792 - INFO - 2605, 2606, 2607, 2608, 2609, 2610, 2611, 2612, 2613, 2614
2025-02-11 17:29:07,792 - INFO - 2615, 2616, 2617, 2618, 2619, 2620, 2621, 2622, 2623, 2624
2025-02-11 17:29:07,792 - INFO - 2625, 2626, 2627, 2629, 2630, 2631, 2632, 2636, 2637, 2638
2025-02-11 17:29:07,792 - INFO - 2639, 2640, 2641, 2642, 2643, 2645, 2646, 2647, 2648, 2649
2025-02-11 17:29:07,793 - INFO - 2650, 2651, 2652, 2653, 2654, 2655, 2656, 2657, 2658, 2659
2025-02-11 17:29:07,793 - INFO - 2660, 2661, 2662, 2663, 2664, 2665, 2666, 2667, 2668, 2669
2025-02-11 17:29:07,793 - INFO - 2670, 2671, 2672, 2673, 2674, 2675, 2676, 2677, 2678, 2679
2025-02-11 17:29:07,793 - INFO - 2680, 2681, 2682, 2683, 2684, 2685, 2686, 2687, 2688, 2689
2025-02-11 17:29:07,793 - INFO - 2690, 2691, 2692, 2693, 2694, 2695, 2696, 2697, 2698, 2699
2025-02-11 17:29:07,793 - INFO - 2700, 2701, 2702, 2703, 2704, 2705, 2706, 2707, 2708, 2709
2025-02-11 17:29:07,793 - INFO - 2710, 2711, 2712, 2713, 2715, 2716, 2717, 2721, 2722, 2723
2025-02-11 17:29:07,793 - INFO - 2724, 2725, 2726, 2727, 2728, 2730, 2733, 2734, 2735, 2736
2025-02-11 17:29:07,794 - INFO - 2737, 2738, 2739, 2740, 2741, 2742, 2743, 2745, 2746, 2747
2025-02-11 17:29:07,794 - INFO - 2748, 2751, 2752, 2753, 2754, 2755, 2756, 2757, 2758, 2759
2025-02-11 17:29:07,794 - INFO - 2760, 2761, 2762, 2763, 2764, 2768, 2772, 2773, 2776, 2778
2025-02-11 17:29:07,794 - INFO - 2779, 2781, 2782, 2783, 2785, 2786, 2787, 2791, 2796, 2806
2025-02-11 17:29:07,794 - INFO - 2808, 2809, 2817, 2819, 2822, 2825, 2826, 2827, 2866, 2874
2025-02-11 17:29:07,794 - INFO - 2920, 2926, 2965, 2976, 2977, 2979, 2982, 2983, 2990, 2994
2025-02-11 17:29:07,794 - INFO - 2995, 2996, 2997, 2998, 2999
2025-02-11 17:29:07,796 - INFO - 
Spectral Cluster 1:
2025-02-11 17:29:07,796 - INFO - Behavior distribution:
2025-02-11 17:29:07,796 - INFO - - Exp: 79.4% (474 occurrences)
2025-02-11 17:29:07,796 - INFO - - Gro: 16.08% (96 occurrences)
2025-02-11 17:29:07,796 - INFO - - Sta: 4.19% (25 occurrences)
2025-02-11 17:29:07,797 - INFO - - CD1: 0.17% (1 occurrences)
2025-02-11 17:29:07,797 - INFO - - Scra: 0.17% (1 occurrences)
2025-02-11 17:29:07,797 - INFO - 
Timestamps:
2025-02-11 17:29:07,797 - INFO - 797, 798, 799, 800, 801, 802, 803, 804, 805, 806
2025-02-11 17:29:07,797 - INFO - 807, 808, 809, 810, 811, 812, 813, 814, 815, 816
2025-02-11 17:29:07,797 - INFO - 817, 818, 819, 820, 821, 822, 823, 824, 825, 826
2025-02-11 17:29:07,798 - INFO - 827, 828, 829, 830, 831, 832, 833, 834, 835, 836
2025-02-11 17:29:07,798 - INFO - 837, 838, 839, 840, 841, 842, 843, 844, 845, 846
2025-02-11 17:29:07,798 - INFO - 847, 848, 849, 850, 851, 852, 853, 854, 855, 856
2025-02-11 17:29:07,798 - INFO - 857, 858, 859, 860, 861, 862, 864, 866, 867, 868
2025-02-11 17:29:07,798 - INFO - 870, 871, 873, 874, 875, 876, 877, 878, 879, 880
2025-02-11 17:29:07,798 - INFO - 881, 883, 884, 892, 894, 896, 898, 899, 901, 902
2025-02-11 17:29:07,798 - INFO - 904, 907, 909, 913, 916, 918, 919, 920, 922, 927
2025-02-11 17:29:07,799 - INFO - 929, 933, 944, 958, 1008, 1111, 1112, 1113, 1114, 1115
2025-02-11 17:29:07,799 - INFO - 1116, 1117, 1118, 1119, 1120, 1121, 1122, 1123, 1124, 1125
2025-02-11 17:29:07,799 - INFO - 1126, 1127, 1128, 1129, 1130, 1131, 1132, 1133, 1134, 1136
2025-02-11 17:29:07,799 - INFO - 1137, 1138, 1139, 1143, 1144, 1145, 1147, 1151, 1334, 1356
2025-02-11 17:29:07,799 - INFO - 1357, 1358, 1359, 1448, 1537, 1543, 1553, 1564, 1568, 1575
2025-02-11 17:29:07,799 - INFO - 1577, 1581, 1582, 1583, 1585, 1588, 1590, 1595, 1597, 1598
2025-02-11 17:29:07,800 - INFO - 1602, 1604, 1606, 1609, 1615, 1616, 1617, 1621, 1623, 1624
2025-02-11 17:29:07,800 - INFO - 1626, 1628, 1629, 1630, 1631, 1639, 1642, 1643, 1646, 1660
2025-02-11 17:29:07,800 - INFO - 1661, 1665, 1681, 1682, 1686, 1689, 1692, 1743, 1785, 1787
2025-02-11 17:29:07,800 - INFO - 1788, 1860, 1861, 1862, 1863, 1864, 1865, 1866, 1867, 1868
2025-02-11 17:29:07,800 - INFO - 1869, 1870, 1871, 1872, 1873, 1874, 1875, 1876, 1877, 1878
2025-02-11 17:29:07,800 - INFO - 1879, 1880, 1881, 1882, 1883, 1884, 1885, 1886, 1887, 1888
2025-02-11 17:29:07,801 - INFO - 1889, 1890, 1891, 1892, 1893, 1894, 1895, 1896, 1897, 1898
2025-02-11 17:29:07,801 - INFO - 1899, 1900, 1901, 1902, 1903, 1904, 1905, 1906, 1907, 1908
2025-02-11 17:29:07,801 - INFO - 1909, 1910, 1911, 1912, 1913, 1914, 1915, 1916, 1917, 1918
2025-02-11 17:29:07,801 - INFO - 1919, 1920, 1921, 1922, 1923, 1924, 1925, 1926, 1927, 1928
2025-02-11 17:29:07,801 - INFO - 1929, 1930, 1931, 1932, 1933, 1934, 1935, 1936, 1937, 1938
2025-02-11 17:29:07,801 - INFO - 1939, 1940, 1941, 1942, 1943, 1944, 1945, 1946, 1947, 1948
2025-02-11 17:29:07,801 - INFO - 1949, 1950, 1951, 1952, 1953, 1954, 1955, 1956, 1957, 1958
2025-02-11 17:29:07,801 - INFO - 1959, 1960, 1961, 1962, 1963, 1964, 1965, 1966, 1967, 1968
2025-02-11 17:29:07,802 - INFO - 1969, 1970, 1971, 1972, 1973, 1974, 1975, 1976, 1977, 1978
2025-02-11 17:29:07,802 - INFO - 1979, 1980, 1981, 1982, 1983, 1984, 1985, 1986, 1987, 1988
2025-02-11 17:29:07,802 - INFO - 1989, 1990, 1991, 1992, 1993, 1994, 1995, 1996, 1997, 1998
2025-02-11 17:29:07,802 - INFO - 1999, 2000, 2001, 2002, 2003, 2004, 2005, 2006, 2007, 2008
2025-02-11 17:29:07,802 - INFO - 2009, 2010, 2011, 2012, 2013, 2014, 2015, 2016, 2017, 2018
2025-02-11 17:29:07,802 - INFO - 2019, 2020, 2021, 2022, 2023, 2024, 2025, 2026, 2027, 2028
2025-02-11 17:29:07,802 - INFO - 2029, 2030, 2031, 2032, 2033, 2034, 2035, 2036, 2037, 2038
2025-02-11 17:29:07,803 - INFO - 2039, 2040, 2041, 2042, 2043, 2044, 2045, 2046, 2047, 2048
2025-02-11 17:29:07,803 - INFO - 2049, 2050, 2051, 2054, 2055, 2058, 2059, 2060, 2063, 2064
2025-02-11 17:29:07,803 - INFO - 2066, 2067, 2068, 2069, 2070, 2071, 2072, 2073, 2074, 2075
2025-02-11 17:29:07,803 - INFO - 2076, 2078, 2079, 2081, 2082, 2089, 2090, 2091, 2092, 2093
2025-02-11 17:29:07,803 - INFO - 2094, 2095, 2096, 2097, 2098, 2100, 2101, 2102, 2103, 2104
2025-02-11 17:29:07,803 - INFO - 2105, 2106, 2107, 2108, 2109, 2110, 2111, 2112, 2113, 2114
2025-02-11 17:29:07,804 - INFO - 2115, 2117, 2118, 2119, 2120, 2122, 2123, 2124, 2125, 2126
2025-02-11 17:29:07,804 - INFO - 2127, 2128, 2130, 2132, 2133, 2134, 2141, 2144, 2145, 2147
2025-02-11 17:29:07,804 - INFO - 2148, 2149, 2450, 2457, 2546, 2559, 2565, 2794, 2798, 2799
2025-02-11 17:29:07,804 - INFO - 2802, 2803, 2807, 2810, 2811, 2812, 2813, 2814, 2815, 2816
2025-02-11 17:29:07,804 - INFO - 2818, 2820, 2821, 2823, 2824, 2828, 2829, 2830, 2831, 2832
2025-02-11 17:29:07,804 - INFO - 2833, 2834, 2835, 2836, 2837, 2838, 2839, 2840, 2841, 2842
2025-02-11 17:29:07,805 - INFO - 2843, 2844, 2845, 2846, 2847, 2848, 2849, 2850, 2851, 2852
2025-02-11 17:29:07,805 - INFO - 2853, 2854, 2855, 2856, 2857, 2858, 2859, 2860, 2861, 2862
2025-02-11 17:29:07,805 - INFO - 2863, 2864, 2865, 2867, 2868, 2869, 2870, 2871, 2872, 2873
2025-02-11 17:29:07,805 - INFO - 2875, 2876, 2877, 2878, 2879, 2880, 2881, 2882, 2883, 2884
2025-02-11 17:29:07,805 - INFO - 2885, 2886, 2887, 2888, 2889, 2890, 2891, 2892, 2893, 2894
2025-02-11 17:29:07,805 - INFO - 2895, 2896, 2897, 2898, 2899, 2900, 2901, 2902, 2903, 2904
2025-02-11 17:29:07,806 - INFO - 2905, 2906, 2907, 2909, 2910, 2911, 2913, 2914, 2915, 2916
2025-02-11 17:29:07,806 - INFO - 2919, 2921, 2922, 2923, 2924, 2925, 2927, 2928, 2930, 2931
2025-02-11 17:29:07,806 - INFO - 2933, 2936, 2938, 2940, 2941, 2942, 2944, 2945, 2946, 2947
2025-02-11 17:29:07,806 - INFO - 2948, 2950, 2953, 2955, 2956, 2957, 2958, 2959, 2964, 2966
2025-02-11 17:29:07,806 - INFO - 2971, 2972, 2985, 2986, 2987, 2989, 2993
2025-02-11 17:29:07,807 - INFO - 
Spectral Cluster 2:
2025-02-11 17:29:07,808 - INFO - Behavior distribution:
2025-02-11 17:29:07,808 - INFO - - Exp: 84.23% (235 occurrences)
2025-02-11 17:29:07,808 - INFO - - Trem: 15.05% (42 occurrences)
2025-02-11 17:29:07,808 - INFO - - Gro: 0.72% (2 occurrences)
2025-02-11 17:29:07,809 - INFO - 
Timestamps:
2025-02-11 17:29:07,809 - INFO - 8, 20, 22, 32, 33, 35, 37, 38, 39, 41
2025-02-11 17:29:07,809 - INFO - 43, 44, 45, 58, 59, 61, 66, 67, 72, 80
2025-02-11 17:29:07,809 - INFO - 88, 91, 96, 97, 103, 114, 116, 121, 123, 124
2025-02-11 17:29:07,809 - INFO - 126, 129, 159, 301, 345, 389, 437, 438, 439, 440
2025-02-11 17:29:07,809 - INFO - 441, 442, 443, 444, 445, 446, 447, 448, 449, 450
2025-02-11 17:29:07,809 - INFO - 451, 452, 453, 454, 455, 456, 457, 458, 459, 460
2025-02-11 17:29:07,810 - INFO - 461, 462, 463, 464, 465, 466, 467, 468, 469, 470
2025-02-11 17:29:07,810 - INFO - 471, 472, 473, 474, 475, 476, 477, 478, 479, 480
2025-02-11 17:29:07,810 - INFO - 481, 482, 484, 485, 486, 487, 488, 489, 490, 491
2025-02-11 17:29:07,810 - INFO - 492, 493, 494, 495, 496, 497, 498, 499, 500, 501
2025-02-11 17:29:07,810 - INFO - 502, 503, 504, 505, 506, 507, 508, 509, 510, 511
2025-02-11 17:29:07,810 - INFO - 512, 513, 514, 515, 516, 517, 518, 519, 520, 521
2025-02-11 17:29:07,810 - INFO - 522, 523, 524, 525, 526, 527, 528, 529, 530, 531
2025-02-11 17:29:07,811 - INFO - 532, 533, 534, 535, 536, 537, 538, 539, 540, 541
2025-02-11 17:29:07,811 - INFO - 542, 543, 544, 545, 546, 547, 548, 549, 552, 553
2025-02-11 17:29:07,811 - INFO - 554, 555, 556, 557, 558, 559, 560, 563, 568, 570
2025-02-11 17:29:07,811 - INFO - 585, 586, 587, 588, 589, 590, 591, 592, 593, 594
2025-02-11 17:29:07,811 - INFO - 595, 596, 597, 598, 599, 600, 601, 602, 603, 604
2025-02-11 17:29:07,811 - INFO - 605, 606, 607, 608, 609, 610, 611, 612, 613, 614
2025-02-11 17:29:07,811 - INFO - 615, 616, 617, 618, 619, 620, 621, 622, 623, 624
2025-02-11 17:29:07,812 - INFO - 625, 626, 627, 628, 629, 630, 631, 632, 633, 634
2025-02-11 17:29:07,812 - INFO - 635, 636, 637, 638, 639, 641, 642, 643, 644, 646
2025-02-11 17:29:07,812 - INFO - 647, 648, 650, 651, 652, 653, 654, 655, 656, 658
2025-02-11 17:29:07,812 - INFO - 659, 661, 662, 663, 664, 665, 671, 675, 677, 678
2025-02-11 17:29:07,812 - INFO - 680, 681, 683, 713, 714, 715, 716, 717, 718, 719
2025-02-11 17:29:07,812 - INFO - 720, 721, 724, 725, 726, 728, 729, 730, 731, 732
2025-02-11 17:29:07,813 - INFO - 735, 736, 737, 745, 751, 752, 758, 762, 763, 764
2025-02-11 17:29:07,813 - INFO - 765, 766, 767, 768, 771, 772, 773, 774, 775
2025-02-11 17:29:07,814 - INFO - 
Spectral Cluster 3:
2025-02-11 17:29:07,814 - INFO - Behavior distribution:
2025-02-11 17:29:07,814 - INFO - - Exp: 98.55% (68 occurrences)
2025-02-11 17:29:07,814 - INFO - - Gro: 1.45% (1 occurrences)
2025-02-11 17:29:07,815 - INFO - 
Timestamps:
2025-02-11 17:29:07,815 - INFO - 1570, 2053, 2056, 2057, 2061, 2062, 2065, 2077, 2080, 2083
2025-02-11 17:29:07,815 - INFO - 2084, 2085, 2086, 2087, 2088, 2099, 2116, 2121, 2129, 2131
2025-02-11 17:29:07,815 - INFO - 2135, 2136, 2137, 2138, 2139, 2140, 2142, 2143, 2146, 2714
2025-02-11 17:29:07,815 - INFO - 2718, 2719, 2720, 2729, 2731, 2732, 2744, 2749, 2750, 2766
2025-02-11 17:29:07,815 - INFO - 2769, 2771, 2775, 2777, 2780, 2788, 2789, 2790, 2792, 2793
2025-02-11 17:29:07,816 - INFO - 2795, 2797, 2800, 2801, 2804, 2805, 2908, 2912, 2917, 2934
2025-02-11 17:29:07,816 - INFO - 2935, 2937, 2943, 2952, 2954, 2960, 2969, 2970, 2974
2025-02-11 17:29:07,817 - INFO - 
Spectral Cluster 4:
2025-02-11 17:29:07,817 - INFO - Behavior distribution:
2025-02-11 17:29:07,817 - INFO - - Exp: 94.62% (264 occurrences)
2025-02-11 17:29:07,817 - INFO - - Sta: 2.87% (8 occurrences)
2025-02-11 17:29:07,818 - INFO - - Scra: 2.15% (6 occurrences)
2025-02-11 17:29:07,818 - INFO - - Gro: 0.36% (1 occurrences)
2025-02-11 17:29:07,818 - INFO - 
Timestamps:
2025-02-11 17:29:07,818 - INFO - 1077, 1081, 1090, 1135, 1152, 1153, 1156, 1163, 1167, 1168
2025-02-11 17:29:07,818 - INFO - 1169, 1170, 1171, 1172, 1173, 1174, 1175, 1176, 1177, 1178
2025-02-11 17:29:07,818 - INFO - 1180, 1181, 1182, 1184, 1185, 1186, 1187, 1189, 1194, 1195
2025-02-11 17:29:07,819 - INFO - 1196, 1197, 1199, 1201, 1202, 1203, 1204, 1205, 1206, 1207
2025-02-11 17:29:07,819 - INFO - 1208, 1209, 1210, 1211, 1212, 1213, 1214, 1215, 1216, 1217
2025-02-11 17:29:07,819 - INFO - 1218, 1219, 1220, 1221, 1222, 1223, 1224, 1225, 1226, 1227
2025-02-11 17:29:07,819 - INFO - 1228, 1229, 1230, 1231, 1232, 1234, 1235, 1236, 1237, 1238
2025-02-11 17:29:07,819 - INFO - 1239, 1240, 1241, 1242, 1243, 1244, 1245, 1246, 1247, 1248
2025-02-11 17:29:07,819 - INFO - 1249, 1250, 1251, 1252, 1253, 1254, 1255, 1256, 1257, 1258
2025-02-11 17:29:07,820 - INFO - 1259, 1260, 1261, 1262, 1263, 1264, 1265, 1266, 1267, 1268
2025-02-11 17:29:07,820 - INFO - 1269, 1270, 1271, 1272, 1273, 1274, 1275, 1276, 1278, 1279
2025-02-11 17:29:07,820 - INFO - 1280, 1281, 1282, 1283, 1284, 1285, 1286, 1287, 1288, 1289
2025-02-11 17:29:07,820 - INFO - 1290, 1291, 1292, 1293, 1294, 1295, 1296, 1297, 1298, 1299
2025-02-11 17:29:07,820 - INFO - 1300, 1301, 1302, 1303, 1304, 1305, 1306, 1307, 1308, 1309
2025-02-11 17:29:07,820 - INFO - 1310, 1311, 1312, 1314, 1315, 1316, 1317, 1318, 1319, 1320
2025-02-11 17:29:07,820 - INFO - 1321, 1323, 1327, 1329, 1330, 1331, 1333, 1335, 1337, 1339
2025-02-11 17:29:07,821 - INFO - 1340, 1342, 1343, 1344, 1345, 1346, 1347, 1348, 1349, 1350
2025-02-11 17:29:07,821 - INFO - 1351, 1354, 1360, 1361, 1362, 1363, 1364, 1365, 1366, 1367
2025-02-11 17:29:07,821 - INFO - 1368, 1370, 1371, 1372, 1373, 1378, 1379, 1380, 1381, 1382
2025-02-11 17:29:07,821 - INFO - 1383, 1384, 1385, 1386, 1387, 1390, 1392, 1393, 1394, 1395
2025-02-11 17:29:07,821 - INFO - 1396, 1397, 1398, 1399, 1400, 1402, 1404, 1405, 1406, 1407
2025-02-11 17:29:07,821 - INFO - 1408, 1409, 1410, 1411, 1412, 1413, 1415, 1416, 1419, 1420
2025-02-11 17:29:07,821 - INFO - 1421, 1422, 1424, 1425, 1426, 1427, 1428, 1429, 1430, 1435
2025-02-11 17:29:07,822 - INFO - 1436, 1437, 1439, 1440, 1442, 1443, 1663, 2296, 2310, 2312
2025-02-11 17:29:07,822 - INFO - 2314, 2316, 2317, 2318, 2319, 2320, 2322, 2323, 2324, 2325
2025-02-11 17:29:07,822 - INFO - 2328, 2341, 2343, 2344, 2346, 2348, 2349, 2354, 2355, 2359
2025-02-11 17:29:07,822 - INFO - 2360, 2361, 2364, 2411, 2417, 2419, 2428, 2431, 2435, 2436
2025-02-11 17:29:07,822 - INFO - 2438, 2444, 2459, 2487, 2628, 2633, 2634, 2635, 2644
2025-02-11 17:29:07,823 - INFO - 
Spectral Cluster 5:
2025-02-11 17:29:07,823 - INFO - Behavior distribution:
2025-02-11 17:29:07,824 - INFO - - Exp: 97.37% (185 occurrences)
2025-02-11 17:29:07,824 - INFO - - Sta: 1.58% (3 occurrences)
2025-02-11 17:29:07,824 - INFO - - Scra: 0.53% (1 occurrences)
2025-02-11 17:29:07,824 - INFO - - Gro: 0.53% (1 occurrences)
2025-02-11 17:29:07,824 - INFO - 
Timestamps:
2025-02-11 17:29:07,825 - INFO - 551, 561, 566, 567, 576, 579, 580, 582, 583, 584
2025-02-11 17:29:07,825 - INFO - 640, 679, 701, 769, 997, 999, 1005, 1009, 1012, 1014
2025-02-11 17:29:07,825 - INFO - 1017, 1019, 1021, 1023, 1053, 1056, 1060, 1065, 1067, 1068
2025-02-11 17:29:07,825 - INFO - 1071, 1073, 1074, 1075, 1082, 1085, 1087, 1088, 1089, 1091
2025-02-11 17:29:07,825 - INFO - 1095, 1096, 1097, 1102, 1103, 1104, 1105, 1109, 1140, 1141
2025-02-11 17:29:07,825 - INFO - 1142, 1148, 1149, 1150, 1154, 1155, 1157, 1158, 1159, 1160
2025-02-11 17:29:07,826 - INFO - 1161, 1162, 1164, 1165, 1166, 1179, 1183, 1188, 1190, 1191
2025-02-11 17:29:07,826 - INFO - 1192, 1193, 1198, 1200, 1233, 1277, 1313, 1322, 1324, 1325
2025-02-11 17:29:07,826 - INFO - 1326, 1328, 1332, 1336, 1338, 1341, 1352, 1353, 1355, 1369
2025-02-11 17:29:07,826 - INFO - 1374, 1375, 1376, 1377, 1388, 1389, 1391, 1403, 1414, 1417
2025-02-11 17:29:07,826 - INFO - 1418, 1431, 1433, 1434, 1438, 1618, 1695, 1735, 1746, 1858
2025-02-11 17:29:07,826 - INFO - 2156, 2182, 2307, 2358, 2365, 2367, 2368, 2369, 2370, 2371
2025-02-11 17:29:07,826 - INFO - 2372, 2374, 2375, 2377, 2378, 2379, 2424, 2447, 2449, 2455
2025-02-11 17:29:07,826 - INFO - 2458, 2460, 2462, 2463, 2473, 2474, 2477, 2486, 2488, 2520
2025-02-11 17:29:07,827 - INFO - 2526, 2534, 2538, 2540, 2545, 2547, 2548, 2549, 2551, 2552
2025-02-11 17:29:07,827 - INFO - 2562, 2563, 2564, 2568, 2569, 2574, 2576, 2577, 2580, 2586
2025-02-11 17:29:07,827 - INFO - 2587, 2588, 2592, 2593, 2594, 2765, 2767, 2770, 2774, 2784
2025-02-11 17:29:07,827 - INFO - 2918, 2929, 2932, 2939, 2949, 2951, 2961, 2962, 2963, 2967
2025-02-11 17:29:07,827 - INFO - 2968, 2973, 2975, 2978, 2980, 2981, 2984, 2988, 2991, 2992
2025-02-11 17:29:07,828 - INFO - 
Spectral Cluster 6:
2025-02-11 17:29:07,829 - INFO - Behavior distribution:
2025-02-11 17:29:07,829 - INFO - - Exp: 77.16% (331 occurrences)
2025-02-11 17:29:07,829 - INFO - - Gro: 21.45% (92 occurrences)
2025-02-11 17:29:07,829 - INFO - - Scra: 1.4% (6 occurrences)
2025-02-11 17:29:07,829 - INFO - 
Timestamps:
2025-02-11 17:29:07,829 - INFO - 912, 915, 921, 928, 930, 932, 935, 936, 938, 939
2025-02-11 17:29:07,830 - INFO - 940, 941, 942, 948, 949, 950, 951, 952, 953, 954
2025-02-11 17:29:07,830 - INFO - 955, 956, 957, 959, 960, 961, 962, 963, 964, 969
2025-02-11 17:29:07,830 - INFO - 970, 974, 975, 976, 977, 978, 979, 980, 981, 982
2025-02-11 17:29:07,830 - INFO - 983, 984, 985, 986, 987, 989, 990, 991, 992, 993
2025-02-11 17:29:07,830 - INFO - 994, 1001, 1002, 1004, 1010, 1026, 1027, 1030, 1031, 1032
2025-02-11 17:29:07,830 - INFO - 1033, 1034, 1035, 1036, 1037, 1038, 1039, 1040, 1041, 1042
2025-02-11 17:29:07,831 - INFO - 1043, 1045, 1046, 1047, 1048, 1049, 1050, 1052, 1054, 1055
2025-02-11 17:29:07,831 - INFO - 1058, 1061, 1063, 1064, 1066, 1070, 1072, 1076, 1444, 1445
2025-02-11 17:29:07,831 - INFO - 1446, 1447, 1449, 1450, 1451, 1452, 1453, 1454, 1455, 1456
2025-02-11 17:29:07,831 - INFO - 1457, 1458, 1459, 1460, 1461, 1462, 1463, 1464, 1465, 1466
2025-02-11 17:29:07,831 - INFO - 1467, 1468, 1469, 1470, 1471, 1472, 1473, 1474, 1475, 1476
2025-02-11 17:29:07,831 - INFO - 1477, 1478, 1479, 1480, 1481, 1482, 1483, 1484, 1485, 1486
2025-02-11 17:29:07,832 - INFO - 1487, 1488, 1489, 1490, 1491, 1492, 1493, 1494, 1495, 1496
2025-02-11 17:29:07,832 - INFO - 1497, 1498, 1499, 1500, 1501, 1502, 1503, 1504, 1505, 1506
2025-02-11 17:29:07,832 - INFO - 1507, 1508, 1509, 1510, 1511, 1512, 1513, 1514, 1515, 1516
2025-02-11 17:29:07,832 - INFO - 1517, 1518, 1519, 1520, 1521, 1522, 1523, 1524, 1525, 1526
2025-02-11 17:29:07,832 - INFO - 1527, 1528, 1529, 1530, 1531, 1532, 1533, 1534, 1535, 1536
2025-02-11 17:29:07,832 - INFO - 1538, 1539, 1540, 1541, 1542, 1544, 1545, 1546, 1547, 1548
2025-02-11 17:29:07,832 - INFO - 1549, 1550, 1551, 1552, 1554, 1555, 1556, 1557, 1558, 1559
2025-02-11 17:29:07,833 - INFO - 1560, 1561, 1562, 1563, 1565, 1566, 1567, 1569, 1571, 1572
2025-02-11 17:29:07,833 - INFO - 1573, 1574, 1576, 1578, 1579, 1580, 1584, 1587, 1591, 1592
2025-02-11 17:29:07,833 - INFO - 1593, 1594, 1596, 1599, 1600, 1601, 1603, 1605, 1607, 1608
2025-02-11 17:29:07,833 - INFO - 1610, 1611, 1613, 1619, 1622, 1625, 1627, 1632, 1633, 1634
2025-02-11 17:29:07,833 - INFO - 1635, 1637, 1638, 1640, 1641, 1644, 1645, 1647, 1648, 1649
2025-02-11 17:29:07,833 - INFO - 1650, 1651, 1652, 1654, 1655, 1656, 1657, 1658, 1659, 1662
2025-02-11 17:29:07,833 - INFO - 1664, 1666, 1667, 1668, 1670, 1671, 1673, 1674, 1675, 1678
2025-02-11 17:29:07,834 - INFO - 1680, 1683, 1684, 1685, 1688, 1690, 1693, 1696, 1697, 1698
2025-02-11 17:29:07,834 - INFO - 1699, 1700, 1701, 1702, 1703, 1704, 1705, 1706, 1707, 1708
2025-02-11 17:29:07,834 - INFO - 1709, 1710, 1711, 1712, 1713, 1714, 1715, 1716, 1717, 1718
2025-02-11 17:29:07,834 - INFO - 1719, 1720, 1721, 1722, 1723, 1724, 1725, 1726, 1727, 1728
2025-02-11 17:29:07,834 - INFO - 1729, 1730, 1731, 1732, 1733, 1734, 1736, 1737, 1738, 1739
2025-02-11 17:29:07,834 - INFO - 1740, 1741, 1744, 1745, 1747, 1748, 1750, 1751, 1752, 1753
2025-02-11 17:29:07,835 - INFO - 1754, 1755, 1756, 1757, 1758, 1759, 1760, 1761, 1762, 1763
2025-02-11 17:29:07,835 - INFO - 1764, 1765, 1766, 1767, 1768, 1769, 1770, 1771, 1772, 1773
2025-02-11 17:29:07,835 - INFO - 1774, 1775, 1776, 1777, 1778, 1779, 1780, 1781, 1782, 1783
2025-02-11 17:29:07,835 - INFO - 1784, 1786, 1789, 1790, 1791, 1792, 1793, 1794, 1795, 1796
2025-02-11 17:29:07,835 - INFO - 1797, 1798, 1799, 1800, 1801, 1802, 1803, 1804, 1805, 1806
2025-02-11 17:29:07,835 - INFO - 1807, 1808, 1809, 1810, 1811, 1812, 1813, 1814, 1815, 1816
2025-02-11 17:29:07,835 - INFO - 1817, 1818, 1819, 1820, 1821, 1822, 1823, 1824, 1825, 1826
2025-02-11 17:29:07,835 - INFO - 1827, 1828, 1829, 1830, 1831, 1832, 1833, 1834, 1835, 1836
2025-02-11 17:29:07,835 - INFO - 1837, 1838, 1840, 1841, 1842, 1844, 1845, 1846, 1847, 1849
2025-02-11 17:29:07,836 - INFO - 1850, 1851, 1852, 1853, 1854, 1855, 1856, 1857, 1859
2025-02-11 17:29:07,837 - INFO - 
Spectral Cluster 7:
2025-02-11 17:29:07,837 - INFO - Behavior distribution:
2025-02-11 17:29:07,837 - INFO - - Exp: 54.21% (174 occurrences)
2025-02-11 17:29:07,838 - INFO - - Gro: 42.37% (136 occurrences)
2025-02-11 17:29:07,838 - INFO - - Trem: 3.43% (11 occurrences)
2025-02-11 17:29:07,838 - INFO - 
Timestamps:
2025-02-11 17:29:07,838 - INFO - 1, 2, 3, 4, 5, 6, 7, 9, 10, 11
2025-02-11 17:29:07,838 - INFO - 12, 13, 14, 15, 16, 17, 18, 19, 21, 23
2025-02-11 17:29:07,838 - INFO - 24, 25, 26, 27, 28, 29, 30, 31, 34, 36
2025-02-11 17:29:07,839 - INFO - 40, 42, 46, 47, 48, 49, 50, 51, 52, 53
2025-02-11 17:29:07,839 - INFO - 54, 55, 56, 57, 60, 62, 63, 64, 65, 68
2025-02-11 17:29:07,839 - INFO - 69, 70, 71, 73, 74, 75, 76, 77, 78, 79
2025-02-11 17:29:07,839 - INFO - 81, 82, 83, 84, 85, 86, 87, 89, 90, 92
2025-02-11 17:29:07,839 - INFO - 98, 99, 101, 111, 112, 113, 115, 120, 130, 131
2025-02-11 17:29:07,839 - INFO - 132, 133, 134, 135, 136, 137, 138, 139, 140, 141
2025-02-11 17:29:07,840 - INFO - 142, 143, 144, 145, 146, 147, 148, 149, 150, 151
2025-02-11 17:29:07,840 - INFO - 153, 156, 157, 158, 160, 162, 166, 169, 170, 175
2025-02-11 17:29:07,840 - INFO - 176, 178, 179, 180, 182, 185, 186, 187, 188, 189
2025-02-11 17:29:07,840 - INFO - 190, 191, 192, 193, 194, 195, 197, 199, 201, 202
2025-02-11 17:29:07,840 - INFO - 203, 204, 205, 207, 208, 209, 211, 212, 213, 214
2025-02-11 17:29:07,840 - INFO - 216, 217, 218, 219, 220, 221, 222, 223, 224, 225
2025-02-11 17:29:07,840 - INFO - 226, 227, 228, 229, 230, 231, 232, 233, 234, 235
2025-02-11 17:29:07,840 - INFO - 236, 237, 238, 239, 240, 241, 242, 243, 244, 245
2025-02-11 17:29:07,841 - INFO - 246, 247, 248, 249, 250, 251, 252, 253, 254, 255
2025-02-11 17:29:07,841 - INFO - 256, 257, 258, 259, 260, 261, 262, 263, 264, 265
2025-02-11 17:29:07,841 - INFO - 266, 267, 268, 269, 270, 271, 272, 273, 274, 275
2025-02-11 17:29:07,841 - INFO - 276, 277, 278, 279, 280, 281, 282, 283, 284, 285
2025-02-11 17:29:07,841 - INFO - 286, 287, 288, 289, 290, 291, 292, 293, 294, 295
2025-02-11 17:29:07,841 - INFO - 296, 297, 298, 299, 300, 302, 303, 304, 305, 306
2025-02-11 17:29:07,841 - INFO - 307, 308, 309, 310, 311, 312, 313, 314, 315, 316
2025-02-11 17:29:07,841 - INFO - 317, 318, 319, 320, 321, 322, 323, 324, 325, 326
2025-02-11 17:29:07,841 - INFO - 327, 328, 329, 330, 331, 332, 333, 334, 335, 336
2025-02-11 17:29:07,842 - INFO - 337, 338, 339, 340, 341, 342, 343, 344, 346, 347
2025-02-11 17:29:07,842 - INFO - 348, 349, 350, 351, 352, 353, 354, 355, 356, 357
2025-02-11 17:29:07,842 - INFO - 358, 359, 360, 361, 362, 363, 364, 365, 366, 367
2025-02-11 17:29:07,842 - INFO - 368, 369, 370, 371, 372, 373, 374, 375, 376, 382
2025-02-11 17:29:07,842 - INFO - 384, 387, 390, 394, 395, 483, 784, 785, 786, 787
2025-02-11 17:29:07,843 - INFO - 788, 789, 790, 791, 792, 793, 794, 795, 796, 947
2025-02-11 17:29:07,843 - INFO - 1742
2025-02-11 17:29:07,843 - INFO - 
Clustering analysis complete!
