2025-02-12 16:43:25,876 - INFO - Starting clustering analysis, results will be saved to: ../result\clustering_Spectral_20250212_164325.log
2025-02-12 16:43:25,877 - INFO - Using algorithms: Spectral
2025-02-12 16:43:37,748 - INFO - Loaded data from ../datasets\Day6_topology_matrix.xlsx and ../datasets\Day6_with_behavior_labels_filled.xlsx
2025-02-12 16:43:37,756 - INFO - Data shape after excluding 'Exp' behavior: (542, 633)
2025-02-12 16:43:37,757 - INFO - 
==================================================
2025-02-12 16:43:37,757 - INFO - Executing Spectral clustering algorithm
2025-02-12 16:43:37,757 - INFO - ==================================================
2025-02-12 16:43:37,764 - INFO - Automatically determined gamma: 0.0013213785554222655
2025-02-12 16:43:44,990 - INFO - Reference: Optimal number of clusters based on silhouette score would be 6
2025-02-12 16:43:44,991 - INFO - Using manually specified n_clusters = 5
2025-02-12 16:43:44,991 - INFO - Using parameters: {'n_clusters': 5, 'affinity': 'rbf', 'gamma': np.float64(0.0013213785554222655), 'assign_labels': 'kmeans'}
2025-02-12 16:44:03,656 - INFO - 
Spectral Cluster 0:
2025-02-12 16:44:03,656 - INFO - Behavior distribution:
2025-02-12 16:44:03,656 - INFO - - Gro: 78.76% (330 occurrences)
2025-02-12 16:44:03,657 - INFO - - Trem: 13.13% (55 occurrences)
2025-02-12 16:44:03,657 - INFO - - Sta: 5.97% (25 occurrences)
2025-02-12 16:44:03,657 - INFO - - Scra: 1.91% (8 occurrences)
2025-02-12 16:44:03,657 - INFO - - CD1: 0.24% (1 occurrences)
2025-02-12 16:44:03,657 - INFO - 
Timestamps:
2025-02-12 16:44:03,658 - INFO - 234, 235, 236, 237, 238, 239, 240, 241, 242, 243
2025-02-12 16:44:03,658 - INFO - 244, 245, 246, 247, 248, 249, 250, 251, 252, 253
2025-02-12 16:44:03,658 - INFO - 254, 255, 256, 257, 258, 259, 260, 261, 262, 263
2025-02-12 16:44:03,658 - INFO - 264, 265, 266, 267, 268, 269, 270, 271, 272, 273
2025-02-12 16:44:03,658 - INFO - 274, 275, 276, 277, 278, 279, 280, 281, 282, 283
2025-02-12 16:44:03,658 - INFO - 284, 285, 286, 287, 288, 289, 290, 291, 292, 293
2025-02-12 16:44:03,658 - INFO - 294, 295, 296, 297, 298, 299, 300, 301, 302, 303
2025-02-12 16:44:03,659 - INFO - 304, 305, 306, 307, 308, 309, 310, 311, 312, 313
2025-02-12 16:44:03,659 - INFO - 314, 315, 316, 317, 318, 319, 320, 321, 322, 323
2025-02-12 16:44:03,659 - INFO - 324, 325, 326, 327, 328, 329, 330, 331, 332, 333
2025-02-12 16:44:03,659 - INFO - 334, 335, 336, 337, 338, 339, 340, 341, 342, 343
2025-02-12 16:44:03,659 - INFO - 344, 345, 346, 347, 348, 349, 350, 351, 352, 353
2025-02-12 16:44:03,659 - INFO - 354, 355, 356, 357, 358, 359, 360, 361, 362, 363
2025-02-12 16:44:03,659 - INFO - 364, 365, 366, 367, 368, 369, 370, 371, 372, 373
2025-02-12 16:44:03,660 - INFO - 374, 375, 376, 382, 384, 387, 389, 390, 394, 395
2025-02-12 16:44:03,660 - INFO - 421, 437, 438, 439, 440, 441, 442, 443, 444, 445
2025-02-12 16:44:03,660 - INFO - 446, 447, 448, 449, 450, 451, 452, 453, 454, 455
2025-02-12 16:44:03,660 - INFO - 456, 457, 458, 459, 460, 461, 462, 463, 464, 465
2025-02-12 16:44:03,660 - INFO - 466, 654, 655, 656, 658, 659, 661, 662, 663, 664
2025-02-12 16:44:03,660 - INFO - 665, 670, 671, 843, 844, 845, 846, 847, 848, 849
2025-02-12 16:44:03,660 - INFO - 850, 851, 852, 853, 854, 855, 856, 857, 858, 859
2025-02-12 16:44:03,660 - INFO - 860, 861, 862, 863, 864, 865, 866, 867, 868, 870
2025-02-12 16:44:03,661 - INFO - 871, 873, 874, 875, 876, 877, 878, 879, 880, 881
2025-02-12 16:44:03,661 - INFO - 883, 884, 892, 894, 896, 898, 899, 901, 902, 904
2025-02-12 16:44:03,661 - INFO - 907, 909, 912, 913, 915, 916, 918, 919, 920, 921
2025-02-12 16:44:03,661 - INFO - 922, 927, 928, 929, 930, 932, 933, 935, 936, 938
2025-02-12 16:44:03,661 - INFO - 939, 940, 941, 942, 944, 1113, 1356, 1357, 1358, 1359
2025-02-12 16:44:03,661 - INFO - 1438, 1444, 1445, 1446, 1447, 1448, 1449, 1450, 1557, 1558
2025-02-12 16:44:03,661 - INFO - 1559, 1560, 1561, 1562, 1563, 1564, 1565, 1566, 1567, 1568
2025-02-12 16:44:03,662 - INFO - 1569, 1570, 1571, 1572, 1573, 1574, 1575, 1576, 1577, 1578
2025-02-12 16:44:03,662 - INFO - 1579, 1580, 1581, 1582, 1583, 1584, 1585, 1587, 1588, 1590
2025-02-12 16:44:03,662 - INFO - 1591, 1592, 1593, 1594, 1595, 1596, 1597, 1598, 1599, 1600
2025-02-12 16:44:03,662 - INFO - 1601, 1602, 1603, 1604, 1605, 1606, 1607, 1608, 1609, 1610
2025-02-12 16:44:03,662 - INFO - 1611, 1613, 1615, 1616, 1617, 1618, 1619, 1621, 1622, 1623
2025-02-12 16:44:03,663 - INFO - 1624, 1625, 1626, 1627, 1628, 1629, 1630, 1631, 1632, 1633
2025-02-12 16:44:03,663 - INFO - 1634, 1635, 1637, 1638, 1639, 1640, 1641, 1642, 1643, 1644
2025-02-12 16:44:03,663 - INFO - 1645, 1646, 1647, 1648, 1649, 1650, 1651, 1652, 1654, 1655
2025-02-12 16:44:03,663 - INFO - 1656, 1657, 1658, 1659, 1660, 1661, 1662, 1664, 1665, 1666
2025-02-12 16:44:03,663 - INFO - 1667, 1668, 1670, 1671, 1673, 1674, 1675, 1678, 1680, 1681
2025-02-12 16:44:03,664 - INFO - 1682, 1683, 1684, 1685, 1686, 1688, 1689, 1690, 1961, 1962
2025-02-12 16:44:03,664 - INFO - 1963, 1964, 1965, 1966, 1967, 1968, 1969, 1970, 1971, 1972
2025-02-12 16:44:03,664 - INFO - 1973, 1974, 1975, 1976, 1977, 1978, 1979, 1980, 1981
2025-02-12 16:44:03,665 - INFO - 
Spectral Cluster 1:
2025-02-12 16:44:03,665 - INFO - Behavior distribution:
2025-02-12 16:44:03,665 - INFO - - Sta: 100.0% (2 occurrences)
2025-02-12 16:44:03,665 - INFO - 
Timestamps:
2025-02-12 16:44:03,666 - INFO - 1352, 1353
2025-02-12 16:44:03,666 - INFO - 
Spectral Cluster 2:
2025-02-12 16:44:03,667 - INFO - Behavior distribution:
2025-02-12 16:44:03,667 - INFO - - Sta: 100.0% (1 occurrences)
2025-02-12 16:44:03,667 - INFO - 
Timestamps:
2025-02-12 16:44:03,667 - INFO - 1355
2025-02-12 16:44:03,668 - INFO - 
Spectral Cluster 3:
2025-02-12 16:44:03,669 - INFO - Behavior distribution:
2025-02-12 16:44:03,669 - INFO - - Sta: 53.33% (8 occurrences)
2025-02-12 16:44:03,669 - INFO - - Scra: 40.0% (6 occurrences)
2025-02-12 16:44:03,669 - INFO - - Gro: 6.67% (1 occurrences)
2025-02-12 16:44:03,669 - INFO - 
Timestamps:
2025-02-12 16:44:03,670 - INFO - 1350, 1351, 1354, 1360, 1361, 1362, 1363, 1364, 1436, 1437
2025-02-12 16:44:03,670 - INFO - 1439, 1440, 1442, 1443, 1663
2025-02-12 16:44:03,671 - INFO - 
Spectral Cluster 4:
2025-02-12 16:44:03,671 - INFO - Behavior distribution:
2025-02-12 16:44:03,671 - INFO - - Trem: 55.24% (58 occurrences)
2025-02-12 16:44:03,672 - INFO - - Gro: 43.81% (46 occurrences)
2025-02-12 16:44:03,672 - INFO - - Scra: 0.95% (1 occurrences)
2025-02-12 16:44:03,672 - INFO - 
Timestamps:
2025-02-12 16:44:03,672 - INFO - 377, 378, 379, 380, 381, 383, 385, 386, 388, 391
2025-02-12 16:44:03,672 - INFO - 392, 393, 396, 397, 398, 399, 400, 401, 402, 403
2025-02-12 16:44:03,672 - INFO - 404, 405, 406, 407, 408, 409, 410, 411, 412, 413
2025-02-12 16:44:03,672 - INFO - 414, 415, 416, 417, 418, 419, 420, 422, 423, 424
2025-02-12 16:44:03,673 - INFO - 425, 426, 427, 428, 429, 430, 431, 432, 433, 434
2025-02-12 16:44:03,673 - INFO - 435, 436, 657, 660, 666, 667, 668, 669, 869, 872
2025-02-12 16:44:03,673 - INFO - 882, 885, 886, 887, 888, 889, 890, 891, 893, 895
2025-02-12 16:44:03,673 - INFO - 897, 900, 903, 905, 906, 908, 910, 911, 914, 917
2025-02-12 16:44:03,673 - INFO - 923, 924, 925, 926, 931, 934, 937, 943, 945, 946
2025-02-12 16:44:03,673 - INFO - 1441, 1586, 1589, 1612, 1614, 1620, 1636, 1653, 1669, 1672
2025-02-12 16:44:03,673 - INFO - 1676, 1677, 1679, 1687, 1691
2025-02-12 16:44:03,673 - INFO - 
Clustering analysis complete!
