2025-02-17 16:04:07,702 - INFO - 开始聚类分析，结果将保存到: ../result\clustering_KMeans_20250217_160407.log
2025-02-17 16:04:07,702 - INFO - 使用算法: KMeans
2025-02-17 16:04:07,702 - INFO - 行为分布计算: 包含 Exp
2025-02-17 16:05:42,899 - INFO - Loaded data from ../datasets\integrated_topology_matrix.xlsx
2025-02-17 16:05:43,075 - INFO - 
开始数据平衡处理...
2025-02-17 16:05:43,075 - INFO - 原始数据分布:
2025-02-17 16:05:43,077 - INFO - - Exp: 4821
2025-02-17 16:05:43,077 - INFO - - Gro: 523
2025-02-17 16:05:43,077 - INFO - - Clim: 341
2025-02-17 16:05:43,077 - INFO - - Sta: 152
2025-02-17 16:05:43,078 - INFO - - CD1: 3
2025-02-17 16:05:43,078 - INFO - - Scra: 25
2025-02-17 16:05:43,078 - INFO - - Stiff: 2978
2025-02-17 16:05:43,078 - INFO - - Trem: 113
2025-02-17 16:05:43,078 - INFO - - Turn: 41
2025-02-17 16:05:43,079 - INFO - 
以下类别样本数过少（<5），将被暂时移除:
2025-02-17 16:05:43,079 - INFO - - CD1: 3个样本
2025-02-17 16:05:43,122 - INFO - 
移除后的数据分布:
2025-02-17 16:05:43,123 - INFO - - Exp: 4821
2025-02-17 16:05:43,123 - INFO - - Gro: 523
2025-02-17 16:05:43,124 - INFO - - Clim: 341
2025-02-17 16:05:43,124 - INFO - - Sta: 152
2025-02-17 16:05:43,124 - INFO - - Scra: 25
2025-02-17 16:05:43,124 - INFO - - Stiff: 2978
2025-02-17 16:05:43,124 - INFO - - Trem: 113
2025-02-17 16:05:43,124 - INFO - - Turn: 41
2025-02-17 16:05:43,582 - INFO - 
平衡后的数据分布:
2025-02-17 16:05:43,583 - INFO - - Clim: 1446
2025-02-17 16:05:43,584 - INFO - - Exp: 1446
2025-02-17 16:05:43,584 - INFO - - Gro: 1446
2025-02-17 16:05:43,584 - INFO - - Scra: 1446
2025-02-17 16:05:43,584 - INFO - - Sta: 1446
2025-02-17 16:05:43,584 - INFO - - Stiff: 1446
2025-02-17 16:05:43,585 - INFO - - Trem: 1446
2025-02-17 16:05:43,585 - INFO - - Turn: 1446
2025-02-17 16:05:43,596 - INFO - 
==================================================
2025-02-17 16:05:43,596 - INFO - 执行 KMeans 聚类算法
2025-02-17 16:05:43,597 - INFO - ==================================================
2025-02-17 16:06:16,418 - INFO - Reference: Optimal k based on silhouette score would be 3
2025-02-17 16:06:16,418 - INFO - Using manually specified n_clusters = 4
2025-02-17 16:06:16,418 - INFO - 使用参数: {'n_clusters': 4}
2025-02-17 16:06:16,730 - ERROR - 聚类分析出错: All arrays must be of the same length
