2025-02-12 17:34:07,064 - INFO - Starting clustering analysis, results will be saved to: ../result\clustering_KMeans_20250212_173407.log
2025-02-12 17:34:07,064 - INFO - Using algorithms: KMeans
2025-02-12 17:34:07,064 - INFO - Behavior distribution calculation: excluding Exp
2025-02-12 17:34:33,004 - INFO - Loaded data from ../datasets\Day3_topology_matrix_plus.xlsx
2025-02-12 17:34:33,053 - INFO - 
==================================================
2025-02-12 17:34:33,053 - INFO - Executing KMeans clustering algorithm
2025-02-12 17:34:33,053 - INFO - ==================================================
2025-02-12 17:34:42,566 - INFO - Reference: Optimal k based on silhouette score would be 8
2025-02-12 17:34:42,567 - INFO - Using manually specified n_clusters = 6
2025-02-12 17:34:42,567 - INFO - Using parameters: {'n_clusters': 6}
2025-02-12 17:34:48,179 - INFO - 
All behavior types in dataset:
2025-02-12 17:34:48,180 - INFO - - CD1: 1 total occurrences
2025-02-12 17:34:48,180 - INFO - - Clim: 341 total occurrences
2025-02-12 17:34:48,181 - INFO - - Exp: 2364 total occurrences
2025-02-12 17:34:48,181 - INFO - - Gro: 146 total occurrences
2025-02-12 17:34:48,182 - INFO - - Scra: 10 total occurrences
2025-02-12 17:34:48,182 - INFO - - Sta: 116 total occurrences
2025-02-12 17:34:48,183 - INFO - - Stiff: 21 total occurrences
2025-02-12 17:34:48,183 - INFO - 
Starting cluster analysis...
2025-02-12 17:34:48,184 - INFO - 
KMeans Cluster 0:
2025-02-12 17:34:48,185 - INFO - Behavior distribution (excluding Exp):
2025-02-12 17:34:48,185 - INFO - - Clim: 40.19% (43 occurrences)
2025-02-12 17:34:48,185 - INFO - - Sta: 32.71% (35 occurrences)
2025-02-12 17:34:48,185 - INFO - - Gro: 17.76% (19 occurrences)
2025-02-12 17:34:48,185 - INFO - - Scra: 9.35% (10 occurrences)
2025-02-12 17:34:48,186 - INFO - 
Total timestamps in cluster: 787
2025-02-12 17:34:48,186 - INFO - Including 680 Exp timestamps (not included in distribution)
2025-02-12 17:34:48,186 - INFO - 
Timestamps:
2025-02-12 17:34:48,186 - INFO - 814, 815, 816, 817, 818, 819, 821, 822, 823, 824
2025-02-12 17:34:48,187 - INFO - 825, 826, 827, 828, 830, 831, 832, 833, 834, 835
2025-02-12 17:34:48,187 - INFO - 837, 838, 839, 840, 841, 842, 844, 845, 846, 847
2025-02-12 17:34:48,187 - INFO - 848, 849, 850, 851, 852, 853, 854, 855, 856, 857
2025-02-12 17:34:48,187 - INFO - 858, 859, 860, 861, 862, 863, 864, 865, 866, 867
2025-02-12 17:34:48,187 - INFO - 868, 869, 870, 871, 872, 873, 874, 875, 876, 877
2025-02-12 17:34:48,187 - INFO - 878, 879, 880, 881, 882, 883, 884, 885, 886, 887
2025-02-12 17:34:48,187 - INFO - 888, 889, 890, 891, 892, 893, 894, 895, 896, 897
2025-02-12 17:34:48,188 - INFO - 898, 899, 900, 901, 902, 903, 904, 905, 906, 907
2025-02-12 17:34:48,188 - INFO - 908, 909, 910, 911, 912, 913, 914, 915, 916, 917
2025-02-12 17:34:48,188 - INFO - 918, 919, 920, 921, 922, 923, 924, 925, 926, 927
2025-02-12 17:34:48,188 - INFO - 928, 929, 930, 931, 932, 933, 934, 935, 936, 937
2025-02-12 17:34:48,188 - INFO - 938, 939, 940, 941, 942, 943, 944, 945, 946, 947
2025-02-12 17:34:48,188 - INFO - 948, 949, 950, 951, 952, 953, 954, 955, 956, 957
2025-02-12 17:34:48,189 - INFO - 958, 959, 960, 961, 962, 963, 964, 965, 966, 967
2025-02-12 17:34:48,189 - INFO - 968, 969, 970, 971, 972, 973, 974, 975, 976, 977
2025-02-12 17:34:48,189 - INFO - 978, 979, 980, 981, 982, 983, 984, 985, 986, 987
2025-02-12 17:34:48,189 - INFO - 988, 989, 990, 991, 992, 993, 994, 995, 996, 997
2025-02-12 17:34:48,189 - INFO - 998, 999, 1000, 1001, 1002, 1003, 1004, 1005, 1006, 1007
2025-02-12 17:34:48,190 - INFO - 1008, 1009, 1010, 1011, 1012, 1013, 1014, 1015, 1016, 1017
2025-02-12 17:34:48,190 - INFO - 1018, 1019, 1020, 1021, 1022, 1023, 1024, 1025, 1026, 1027
2025-02-12 17:34:48,190 - INFO - 1028, 1029, 1030, 1031, 1032, 1033, 1034, 1035, 1036, 1037
2025-02-12 17:34:48,190 - INFO - 1038, 1039, 1040, 1041, 1042, 1043, 1044, 1045, 1046, 1047
2025-02-12 17:34:48,190 - INFO - 1048, 1049, 1050, 1051, 1052, 1053, 1054, 1055, 1056, 1057
2025-02-12 17:34:48,190 - INFO - 1058, 1059, 1060, 1061, 1062, 1063, 1064, 1065, 1066, 1067
2025-02-12 17:34:48,191 - INFO - 1068, 1069, 1070, 1071, 1072, 1073, 1074, 1075, 1076, 1077
2025-02-12 17:34:48,191 - INFO - 1078, 1079, 1080, 1081, 1082, 1083, 1084, 1085, 1086, 1087
2025-02-12 17:34:48,191 - INFO - 1088, 1089, 1090, 1091, 1092, 1093, 1094, 1095, 1096, 1097
2025-02-12 17:34:48,191 - INFO - 1098, 1099, 1100, 1101, 1102, 1103, 1104, 1105, 1106, 1107
2025-02-12 17:34:48,191 - INFO - 1108, 1109, 1110, 1111, 1112, 1113, 1114, 1115, 1116, 1117
2025-02-12 17:34:48,192 - INFO - 1118, 1119, 1120, 1121, 1122, 1123, 1124, 1125, 1126, 1127
2025-02-12 17:34:48,192 - INFO - 1128, 1129, 1130, 1131, 1132, 1133, 1134, 1135, 1136, 1137
2025-02-12 17:34:48,192 - INFO - 1138, 1139, 1140, 1141, 1142, 1143, 1144, 1145, 1146, 1147
2025-02-12 17:34:48,192 - INFO - 1148, 1149, 1150, 1151, 1152, 1153, 1154, 1155, 1156, 1157
2025-02-12 17:34:48,192 - INFO - 1158, 1159, 1160, 1161, 1162, 1163, 1164, 1165, 1166, 1167
2025-02-12 17:34:48,192 - INFO - 1168, 1169, 1170, 1171, 1172, 1173, 1174, 1175, 1176, 1177
2025-02-12 17:34:48,193 - INFO - 1178, 1179, 1180, 1181, 1182, 1183, 1184, 1185, 1186, 1187
2025-02-12 17:34:48,193 - INFO - 1188, 1189, 1190, 1191, 1192, 1193, 1194, 1195, 1196, 1197
2025-02-12 17:34:48,193 - INFO - 1198, 1199, 1200, 1201, 1202, 1203, 1204, 1205, 1206, 1207
2025-02-12 17:34:48,193 - INFO - 1208, 1209, 1210, 1211, 1212, 1213, 1214, 1215, 1216, 1217
2025-02-12 17:34:48,193 - INFO - 1218, 1219, 1220, 1221, 1222, 1223, 1224, 1225, 1226, 1227
2025-02-12 17:34:48,193 - INFO - 1228, 1229, 1230, 1231, 1232, 1233, 1234, 1235, 1236, 1237
2025-02-12 17:34:48,193 - INFO - 1238, 1239, 1240, 1241, 1242, 1243, 1244, 1245, 1246, 1247
2025-02-12 17:34:48,194 - INFO - 1248, 1249, 1250, 1251, 1252, 1253, 1254, 1255, 1256, 1257
2025-02-12 17:34:48,194 - INFO - 1258, 1259, 1260, 1261, 1262, 1263, 1264, 1265, 1266, 1267
2025-02-12 17:34:48,194 - INFO - 1268, 1269, 1270, 1271, 1272, 1273, 1274, 1275, 1276, 1277
2025-02-12 17:34:48,194 - INFO - 1278, 1279, 1280, 1281, 1282, 1283, 1284, 1285, 1286, 1287
2025-02-12 17:34:48,194 - INFO - 1288, 1289, 1290, 1291, 1292, 1293, 1294, 1295, 1296, 1297
2025-02-12 17:34:48,194 - INFO - 1298, 1299, 1300, 1301, 1302, 1303, 1304, 1305, 1306, 1307
2025-02-12 17:34:48,195 - INFO - 1308, 1309, 1310, 1311, 1312, 1313, 1314, 1315, 1316, 1317
2025-02-12 17:34:48,195 - INFO - 1318, 1319, 1320, 1321, 1322, 1323, 1324, 1325, 1326, 1327
2025-02-12 17:34:48,195 - INFO - 1328, 1329, 1330, 1331, 1332, 1333, 1334, 1335, 1336, 1337
2025-02-12 17:34:48,195 - INFO - 1338, 1339, 1340, 1341, 1342, 1343, 1344, 1345, 1346, 1347
2025-02-12 17:34:48,195 - INFO - 1348, 1349, 1350, 1351, 1352, 1353, 1354, 1355, 1356, 1357
2025-02-12 17:34:48,196 - INFO - 1358, 1359, 1360, 1361, 1362, 1363, 1364, 1365, 1366, 1367
2025-02-12 17:34:48,196 - INFO - 1368, 1370, 1371, 1372, 1373, 1374, 1375, 1376, 1377, 1378
2025-02-12 17:34:48,196 - INFO - 1379, 1380, 1381, 1382, 1383, 1384, 1385, 1386, 1387, 1388
2025-02-12 17:34:48,197 - INFO - 1389, 1390, 1391, 1392, 1393, 1394, 1395, 1396, 1397, 1398
2025-02-12 17:34:48,197 - INFO - 1399, 1400, 1401, 1402, 1403, 1404, 1405, 1406, 1407, 1408
2025-02-12 17:34:48,197 - INFO - 1409, 1410, 1411, 1412, 1413, 1414, 1415, 1416, 1417, 1418
2025-02-12 17:34:48,197 - INFO - 1419, 1420, 1421, 1422, 1423, 1424, 1425, 1426, 1427, 1428
2025-02-12 17:34:48,197 - INFO - 1429, 1430, 1431, 1432, 1433, 1434, 1435, 1436, 1437, 1438
2025-02-12 17:34:48,197 - INFO - 1439, 1440, 1441, 1442, 1443, 1444, 1445, 1446, 1447, 1448
2025-02-12 17:34:48,197 - INFO - 1449, 1450, 1451, 1452, 1453, 1454, 1455, 1456, 1457, 1458
2025-02-12 17:34:48,198 - INFO - 1459, 1460, 1461, 1462, 1463, 1464, 1465, 1466, 1467, 1468
2025-02-12 17:34:48,198 - INFO - 1469, 1470, 1471, 1472, 1473, 1474, 1475, 1476, 1477, 1478
2025-02-12 17:34:48,198 - INFO - 1479, 1480, 1481, 1482, 1483, 1484, 1485, 1486, 1487, 1488
2025-02-12 17:34:48,198 - INFO - 1489, 1490, 1491, 1492, 1493, 1494, 1495, 1496, 1497, 1498
2025-02-12 17:34:48,198 - INFO - 1499, 1500, 1501, 1502, 1503, 1504, 1505, 1506, 1507, 1508
2025-02-12 17:34:48,198 - INFO - 1509, 1510, 1511, 1512, 1513, 1514, 1515, 1516, 1517, 1518
2025-02-12 17:34:48,199 - INFO - 1519, 1520, 1521, 1522, 1523, 1524, 1525, 1526, 1527, 1528
2025-02-12 17:34:48,199 - INFO - 1529, 1530, 1531, 1532, 1533, 1534, 1535, 1536, 1537, 1538
2025-02-12 17:34:48,199 - INFO - 1539, 1540, 1541, 1542, 1543, 1544, 1545, 1546, 1547, 1548
2025-02-12 17:34:48,199 - INFO - 1549, 1550, 1551, 1552, 1553, 1554, 1555, 1556, 1557, 1558
2025-02-12 17:34:48,199 - INFO - 1559, 1560, 1561, 1562, 1563, 1564, 1565, 1566, 1567, 1568
2025-02-12 17:34:48,199 - INFO - 1569, 1570, 1571, 1572, 1573, 1574, 1575, 1576, 1577, 1578
2025-02-12 17:34:48,199 - INFO - 1579, 1580, 1581, 1582, 1583, 1584, 1585, 1586, 1587, 1588
2025-02-12 17:34:48,199 - INFO - 1589, 1590, 1592, 1593, 1594, 1597, 1600, 1602, 1605, 1612
2025-02-12 17:34:48,199 - INFO - 1613, 1614, 1615, 1616, 1620, 2036, 2187
2025-02-12 17:34:48,201 - INFO - 
KMeans Cluster 1:
2025-02-12 17:34:48,201 - INFO - Behavior distribution (excluding Exp):
2025-02-12 17:34:48,201 - INFO - - Sta: 96.97% (32 occurrences)
2025-02-12 17:34:48,202 - INFO - - Clim: 3.03% (1 occurrences)
2025-02-12 17:34:48,202 - INFO - 
Total timestamps in cluster: 197
2025-02-12 17:34:48,203 - INFO - Including 164 Exp timestamps (not included in distribution)
2025-02-12 17:34:48,203 - INFO - 
Timestamps:
2025-02-12 17:34:48,203 - INFO - 2035, 2804, 2805, 2806, 2807, 2808, 2809, 2810, 2811, 2812
2025-02-12 17:34:48,203 - INFO - 2813, 2814, 2815, 2816, 2817, 2818, 2819, 2820, 2821, 2822
2025-02-12 17:34:48,203 - INFO - 2823, 2824, 2825, 2826, 2827, 2828, 2829, 2830, 2831, 2832
2025-02-12 17:34:48,203 - INFO - 2833, 2834, 2835, 2836, 2837, 2838, 2839, 2840, 2841, 2842
2025-02-12 17:34:48,203 - INFO - 2843, 2844, 2845, 2846, 2847, 2848, 2849, 2850, 2851, 2852
2025-02-12 17:34:48,204 - INFO - 2853, 2854, 2855, 2856, 2857, 2858, 2859, 2860, 2861, 2862
2025-02-12 17:34:48,204 - INFO - 2863, 2864, 2865, 2866, 2867, 2868, 2869, 2870, 2871, 2872
2025-02-12 17:34:48,204 - INFO - 2873, 2874, 2875, 2876, 2877, 2878, 2879, 2880, 2881, 2882
2025-02-12 17:34:48,204 - INFO - 2883, 2884, 2885, 2886, 2887, 2888, 2889, 2890, 2891, 2892
2025-02-12 17:34:48,204 - INFO - 2893, 2894, 2895, 2896, 2897, 2898, 2899, 2900, 2901, 2902
2025-02-12 17:34:48,204 - INFO - 2903, 2904, 2905, 2906, 2907, 2908, 2909, 2910, 2911, 2912
2025-02-12 17:34:48,204 - INFO - 2913, 2914, 2915, 2916, 2917, 2918, 2919, 2920, 2921, 2922
2025-02-12 17:34:48,204 - INFO - 2923, 2924, 2925, 2926, 2927, 2928, 2929, 2930, 2931, 2932
2025-02-12 17:34:48,205 - INFO - 2933, 2934, 2935, 2936, 2937, 2938, 2939, 2940, 2941, 2942
2025-02-12 17:34:48,205 - INFO - 2943, 2944, 2945, 2946, 2947, 2948, 2949, 2950, 2951, 2952
2025-02-12 17:34:48,205 - INFO - 2953, 2954, 2955, 2956, 2957, 2958, 2959, 2960, 2961, 2962
2025-02-12 17:34:48,205 - INFO - 2963, 2964, 2965, 2966, 2967, 2968, 2969, 2970, 2971, 2972
2025-02-12 17:34:48,205 - INFO - 2973, 2974, 2975, 2976, 2977, 2978, 2979, 2980, 2981, 2982
2025-02-12 17:34:48,205 - INFO - 2983, 2984, 2985, 2986, 2987, 2988, 2989, 2990, 2991, 2992
2025-02-12 17:34:48,205 - INFO - 2993, 2994, 2995, 2996, 2997, 2998, 2999
2025-02-12 17:34:48,207 - INFO - 
KMeans Cluster 2:
2025-02-12 17:34:48,207 - INFO - Behavior distribution (excluding Exp):
2025-02-12 17:34:48,207 - INFO - - Gro: 37.63% (70 occurrences)
2025-02-12 17:34:48,208 - INFO - - Clim: 33.33% (62 occurrences)
2025-02-12 17:34:48,208 - INFO - - Sta: 17.74% (33 occurrences)
2025-02-12 17:34:48,208 - INFO - - Stiff: 11.29% (21 occurrences)
2025-02-12 17:34:48,208 - INFO - 
Total timestamps in cluster: 742
2025-02-12 17:34:48,209 - INFO - Including 556 Exp timestamps (not included in distribution)
2025-02-12 17:34:48,209 - INFO - 
Timestamps:
2025-02-12 17:34:48,209 - INFO - 2, 62, 159, 190, 191, 192, 193, 194, 195, 196
2025-02-12 17:34:48,209 - INFO - 197, 198, 199, 200, 201, 202, 203, 204, 205, 206
2025-02-12 17:34:48,209 - INFO - 207, 208, 209, 210, 211, 212, 213, 214, 215, 216
2025-02-12 17:34:48,209 - INFO - 217, 218, 219, 220, 221, 222, 223, 224, 225, 226
2025-02-12 17:34:48,209 - INFO - 227, 228, 229, 230, 231, 232, 233, 234, 235, 236
2025-02-12 17:34:48,209 - INFO - 237, 238, 239, 240, 241, 242, 243, 244, 245, 246
2025-02-12 17:34:48,210 - INFO - 247, 248, 249, 250, 251, 252, 253, 254, 255, 256
2025-02-12 17:34:48,210 - INFO - 257, 258, 259, 260, 261, 262, 263, 264, 265, 266
2025-02-12 17:34:48,210 - INFO - 267, 268, 269, 270, 271, 272, 273, 274, 275, 276
2025-02-12 17:34:48,210 - INFO - 277, 278, 279, 280, 281, 282, 283, 284, 285, 286
2025-02-12 17:34:48,210 - INFO - 287, 288, 289, 290, 291, 292, 293, 294, 295, 296
2025-02-12 17:34:48,210 - INFO - 297, 298, 299, 300, 301, 302, 303, 304, 305, 306
2025-02-12 17:34:48,210 - INFO - 307, 308, 309, 310, 311, 312, 313, 314, 315, 316
2025-02-12 17:34:48,210 - INFO - 317, 318, 319, 320, 321, 322, 323, 324, 325, 326
2025-02-12 17:34:48,210 - INFO - 327, 328, 329, 330, 331, 332, 333, 334, 335, 336
2025-02-12 17:34:48,211 - INFO - 337, 338, 339, 340, 341, 342, 343, 344, 345, 346
2025-02-12 17:34:48,211 - INFO - 347, 348, 349, 350, 351, 352, 353, 354, 355, 356
2025-02-12 17:34:48,211 - INFO - 357, 358, 359, 360, 361, 362, 363, 364, 365, 366
2025-02-12 17:34:48,211 - INFO - 367, 368, 369, 370, 371, 372, 373, 374, 376, 377
2025-02-12 17:34:48,211 - INFO - 378, 381, 382, 383, 384, 385, 386, 387, 388, 389
2025-02-12 17:34:48,211 - INFO - 390, 391, 393, 395, 396, 397, 398, 400, 401, 402
2025-02-12 17:34:48,211 - INFO - 403, 404, 405, 407, 408, 409, 412, 413, 417, 418
2025-02-12 17:34:48,211 - INFO - 419, 421, 422, 423, 424, 452, 453, 454, 480, 484
2025-02-12 17:34:48,211 - INFO - 487, 489, 490, 491, 492, 495, 498, 602, 664, 702
2025-02-12 17:34:48,212 - INFO - 703, 705, 706, 707, 711, 715, 716, 717, 718, 719
2025-02-12 17:34:48,212 - INFO - 720, 721, 722, 728, 730, 733, 734, 735, 736, 737
2025-02-12 17:34:48,212 - INFO - 740, 1770, 1771, 1776, 1780, 1786, 1787, 1789, 1797, 1800
2025-02-12 17:34:48,212 - INFO - 1893, 1894, 1895, 1896, 1897, 1898, 1899, 1900, 1901, 1902
2025-02-12 17:34:48,212 - INFO - 1903, 1904, 1905, 1906, 1907, 1908, 1909, 1910, 1911, 1912
2025-02-12 17:34:48,212 - INFO - 1913, 1914, 1915, 1916, 1917, 1918, 1919, 1920, 1921, 1922
2025-02-12 17:34:48,212 - INFO - 1923, 1924, 1925, 1926, 1927, 1928, 1929, 1930, 1931, 1932
2025-02-12 17:34:48,213 - INFO - 1933, 1934, 1935, 1936, 1937, 1938, 1939, 1940, 1941, 1942
2025-02-12 17:34:48,213 - INFO - 1943, 1944, 1945, 1946, 1947, 1948, 1949, 1950, 1951, 1952
2025-02-12 17:34:48,213 - INFO - 1953, 1954, 1955, 1956, 1957, 1958, 1959, 1960, 1961, 1962
2025-02-12 17:34:48,213 - INFO - 1963, 1964, 1965, 1966, 1967, 1968, 1969, 1970, 1971, 1972
2025-02-12 17:34:48,214 - INFO - 1973, 1974, 1975, 1976, 1977, 1978, 1979, 1980, 1981, 1982
2025-02-12 17:34:48,214 - INFO - 1983, 1984, 1985, 1986, 1987, 1988, 1989, 1990, 1991, 1992
2025-02-12 17:34:48,214 - INFO - 1993, 1994, 1995, 1996, 1997, 1998, 1999, 2000, 2001, 2002
2025-02-12 17:34:48,214 - INFO - 2003, 2004, 2005, 2006, 2007, 2008, 2009, 2010, 2011, 2012
2025-02-12 17:34:48,214 - INFO - 2014, 2015, 2016, 2017, 2018, 2019, 2021, 2022, 2023, 2024
2025-02-12 17:34:48,214 - INFO - 2025, 2026, 2028, 2029, 2030, 2031, 2032, 2033, 2039, 2040
2025-02-12 17:34:48,215 - INFO - 2041, 2043, 2083, 2084, 2085, 2086, 2087, 2089, 2090, 2091
2025-02-12 17:34:48,215 - INFO - 2092, 2093, 2094, 2095, 2096, 2097, 2098, 2099, 2100, 2101
2025-02-12 17:34:48,215 - INFO - 2102, 2103, 2104, 2105, 2106, 2107, 2108, 2109, 2110, 2111
2025-02-12 17:34:48,215 - INFO - 2112, 2113, 2114, 2115, 2116, 2117, 2118, 2119, 2120, 2121
2025-02-12 17:34:48,215 - INFO - 2122, 2123, 2124, 2125, 2126, 2127, 2128, 2129, 2130, 2131
2025-02-12 17:34:48,215 - INFO - 2132, 2133, 2134, 2135, 2136, 2137, 2138, 2139, 2141, 2142
2025-02-12 17:34:48,215 - INFO - 2143, 2144, 2145, 2146, 2147, 2148, 2149, 2150, 2151, 2152
2025-02-12 17:34:48,216 - INFO - 2153, 2154, 2155, 2156, 2157, 2158, 2159, 2160, 2161, 2162
2025-02-12 17:34:48,216 - INFO - 2163, 2164, 2165, 2167, 2168, 2169, 2170, 2171, 2172, 2174
2025-02-12 17:34:48,216 - INFO - 2178, 2325, 2326, 2327, 2329, 2330, 2334, 2335, 2336, 2337
2025-02-12 17:34:48,216 - INFO - 2338, 2340, 2342, 2343, 2344, 2345, 2346, 2347, 2348, 2349
2025-02-12 17:34:48,216 - INFO - 2350, 2351, 2352, 2353, 2354, 2355, 2356, 2357, 2358, 2359
2025-02-12 17:34:48,217 - INFO - 2360, 2361, 2362, 2363, 2364, 2365, 2366, 2367, 2368, 2369
2025-02-12 17:34:48,217 - INFO - 2370, 2371, 2372, 2373, 2374, 2375, 2376, 2377, 2378, 2379
2025-02-12 17:34:48,217 - INFO - 2380, 2381, 2382, 2383, 2384, 2385, 2576, 2587, 2591, 2594
2025-02-12 17:34:48,217 - INFO - 2597, 2605, 2607, 2608, 2609, 2610, 2611, 2612, 2613, 2615
2025-02-12 17:34:48,217 - INFO - 2616, 2617, 2618, 2619, 2620, 2621, 2622, 2623, 2624, 2625
2025-02-12 17:34:48,218 - INFO - 2626, 2627, 2628, 2629, 2630, 2632, 2633, 2634, 2635, 2636
2025-02-12 17:34:48,218 - INFO - 2637, 2638, 2639, 2640, 2641, 2642, 2643, 2644, 2645, 2646
2025-02-12 17:34:48,218 - INFO - 2647, 2648, 2649, 2650, 2651, 2652, 2653, 2654, 2655, 2656
2025-02-12 17:34:48,218 - INFO - 2657, 2658, 2659, 2660, 2661, 2662, 2663, 2664, 2665, 2666
2025-02-12 17:34:48,218 - INFO - 2667, 2668, 2669, 2670, 2671, 2674, 2675, 2676, 2677, 2678
2025-02-12 17:34:48,218 - INFO - 2679, 2680, 2681, 2682, 2683, 2684, 2690, 2692, 2693, 2694
2025-02-12 17:34:48,218 - INFO - 2695, 2696, 2697, 2698, 2699, 2703, 2704, 2705, 2706, 2707
2025-02-12 17:34:48,218 - INFO - 2709, 2710, 2711, 2712, 2713, 2716, 2717, 2718, 2719, 2720
2025-02-12 17:34:48,218 - INFO - 2721, 2722, 2723, 2724, 2725, 2726, 2727, 2728, 2729, 2730
2025-02-12 17:34:48,219 - INFO - 2731, 2732, 2733, 2734, 2735, 2736, 2737, 2738, 2739, 2740
2025-02-12 17:34:48,219 - INFO - 2741, 2742, 2743, 2744, 2745, 2746, 2747, 2748, 2749, 2750
2025-02-12 17:34:48,220 - INFO - 2751, 2752, 2753, 2754, 2755, 2756, 2757, 2758, 2759, 2760
2025-02-12 17:34:48,220 - INFO - 2761, 2762, 2763, 2764, 2765, 2766, 2767, 2768, 2769, 2770
2025-02-12 17:34:48,220 - INFO - 2771, 2772, 2773, 2774, 2775, 2776, 2777, 2778, 2779, 2780
2025-02-12 17:34:48,220 - INFO - 2781, 2782, 2783, 2784, 2785, 2786, 2787, 2788, 2789, 2790
2025-02-12 17:34:48,220 - INFO - 2791, 2792, 2793, 2794, 2796, 2797, 2798, 2799, 2800, 2801
2025-02-12 17:34:48,221 - INFO - 2802, 2803
2025-02-12 17:34:48,222 - INFO - 
KMeans Cluster 3:
2025-02-12 17:34:48,222 - INFO - Behavior distribution (excluding Exp):
2025-02-12 17:34:48,222 - INFO - - Clim: 97.99% (146 occurrences)
2025-02-12 17:34:48,222 - INFO - - Sta: 0.67% (1 occurrences)
2025-02-12 17:34:48,223 - INFO - - CD1: 0.67% (1 occurrences)
2025-02-12 17:34:48,223 - INFO - - Gro: 0.67% (1 occurrences)
2025-02-12 17:34:48,223 - INFO - 
Total timestamps in cluster: 309
2025-02-12 17:34:48,224 - INFO - Including 160 Exp timestamps (not included in distribution)
2025-02-12 17:34:48,224 - INFO - 
Timestamps:
2025-02-12 17:34:48,224 - INFO - 657, 696, 701, 704, 709, 710, 712, 713, 714, 723
2025-02-12 17:34:48,224 - INFO - 724, 725, 726, 727, 729, 731, 732, 738, 739, 741
2025-02-12 17:34:48,224 - INFO - 742, 743, 744, 745, 746, 747, 748, 749, 750, 751
2025-02-12 17:34:48,224 - INFO - 752, 753, 754, 755, 756, 757, 758, 759, 760, 761
2025-02-12 17:34:48,224 - INFO - 762, 763, 764, 765, 766, 767, 768, 769, 770, 771
2025-02-12 17:34:48,225 - INFO - 772, 773, 774, 775, 776, 777, 778, 779, 780, 781
2025-02-12 17:34:48,225 - INFO - 782, 783, 784, 785, 786, 787, 788, 789, 790, 791
2025-02-12 17:34:48,225 - INFO - 792, 793, 794, 795, 796, 797, 798, 799, 800, 801
2025-02-12 17:34:48,225 - INFO - 802, 803, 804, 805, 806, 807, 808, 809, 810, 811
2025-02-12 17:34:48,225 - INFO - 812, 813, 820, 829, 836, 843, 2013, 2027, 2034, 2038
2025-02-12 17:34:48,225 - INFO - 2042, 2044, 2045, 2046, 2047, 2048, 2049, 2050, 2051, 2052
2025-02-12 17:34:48,226 - INFO - 2053, 2054, 2055, 2056, 2057, 2058, 2059, 2060, 2061, 2062
2025-02-12 17:34:48,226 - INFO - 2063, 2064, 2065, 2066, 2067, 2068, 2069, 2070, 2071, 2072
2025-02-12 17:34:48,226 - INFO - 2073, 2074, 2075, 2076, 2077, 2078, 2079, 2080, 2081, 2082
2025-02-12 17:34:48,226 - INFO - 2088, 2140, 2166, 2173, 2175, 2176, 2177, 2179, 2180, 2181
2025-02-12 17:34:48,227 - INFO - 2182, 2183, 2184, 2185, 2186, 2188, 2189, 2190, 2191, 2192
2025-02-12 17:34:48,227 - INFO - 2193, 2194, 2195, 2196, 2197, 2198, 2199, 2200, 2201, 2202
2025-02-12 17:34:48,227 - INFO - 2203, 2204, 2205, 2206, 2207, 2208, 2209, 2210, 2211, 2212
2025-02-12 17:34:48,227 - INFO - 2213, 2214, 2215, 2216, 2217, 2218, 2219, 2220, 2221, 2222
2025-02-12 17:34:48,227 - INFO - 2223, 2224, 2225, 2226, 2227, 2228, 2229, 2230, 2231, 2232
2025-02-12 17:34:48,227 - INFO - 2233, 2234, 2235, 2236, 2237, 2238, 2239, 2240, 2241, 2242
2025-02-12 17:34:48,228 - INFO - 2243, 2244, 2245, 2246, 2247, 2248, 2249, 2250, 2251, 2252
2025-02-12 17:34:48,228 - INFO - 2253, 2254, 2255, 2256, 2257, 2258, 2259, 2260, 2261, 2262
2025-02-12 17:34:48,228 - INFO - 2263, 2264, 2265, 2266, 2267, 2268, 2269, 2270, 2271, 2272
2025-02-12 17:34:48,228 - INFO - 2273, 2274, 2275, 2276, 2277, 2278, 2279, 2280, 2281, 2282
2025-02-12 17:34:48,228 - INFO - 2283, 2284, 2285, 2286, 2287, 2288, 2289, 2290, 2291, 2292
2025-02-12 17:34:48,228 - INFO - 2293, 2294, 2295, 2296, 2297, 2298, 2299, 2300, 2301, 2302
2025-02-12 17:34:48,228 - INFO - 2303, 2304, 2305, 2306, 2307, 2308, 2309, 2310, 2311, 2312
2025-02-12 17:34:48,229 - INFO - 2313, 2314, 2315, 2316, 2317, 2318, 2319, 2320, 2321, 2322
2025-02-12 17:34:48,229 - INFO - 2323, 2324, 2328, 2331, 2332, 2333, 2339, 2341, 2593, 2595
2025-02-12 17:34:48,229 - INFO - 2598, 2599, 2600, 2601, 2602, 2603, 2604, 2606, 2631
2025-02-12 17:34:48,230 - INFO - 
KMeans Cluster 4:
2025-02-12 17:34:48,230 - INFO - Behavior distribution (excluding Exp):
2025-02-12 17:34:48,230 - INFO - - Clim: 97.33% (73 occurrences)
2025-02-12 17:34:48,231 - INFO - - Gro: 2.67% (2 occurrences)
2025-02-12 17:34:48,231 - INFO - 
Total timestamps in cluster: 490
2025-02-12 17:34:48,231 - INFO - Including 415 Exp timestamps (not included in distribution)
2025-02-12 17:34:48,232 - INFO - 
Timestamps:
2025-02-12 17:34:48,232 - INFO - 145, 1369, 1591, 1595, 1596, 1598, 1599, 1601, 1603, 1604
2025-02-12 17:34:48,232 - INFO - 1606, 1607, 1608, 1609, 1610, 1611, 1617, 1618, 1619, 1621
2025-02-12 17:34:48,232 - INFO - 1622, 1623, 1624, 1625, 1626, 1627, 1628, 1629, 1630, 1631
2025-02-12 17:34:48,232 - INFO - 1632, 1633, 1634, 1635, 1636, 1637, 1638, 1639, 1640, 1641
2025-02-12 17:34:48,232 - INFO - 1642, 1643, 1644, 1645, 1646, 1647, 1648, 1649, 1650, 1651
2025-02-12 17:34:48,232 - INFO - 1652, 1653, 1654, 1655, 1656, 1657, 1658, 1659, 1660, 1661
2025-02-12 17:34:48,233 - INFO - 1662, 1663, 1664, 1665, 1666, 1667, 1668, 1669, 1670, 1671
2025-02-12 17:34:48,233 - INFO - 1672, 1673, 1674, 1675, 1676, 1677, 1678, 1679, 1680, 1681
2025-02-12 17:34:48,233 - INFO - 1682, 1683, 1684, 1685, 1686, 1687, 1688, 1689, 1690, 1691
2025-02-12 17:34:48,233 - INFO - 1692, 1693, 1694, 1695, 1696, 1697, 1698, 1699, 1700, 1701
2025-02-12 17:34:48,233 - INFO - 1702, 1703, 1704, 1705, 1706, 1707, 1708, 1709, 1710, 1711
2025-02-12 17:34:48,233 - INFO - 1712, 1713, 1714, 1715, 1716, 1717, 1718, 1719, 1720, 1721
2025-02-12 17:34:48,233 - INFO - 1722, 1723, 1724, 1725, 1726, 1727, 1728, 1729, 1730, 1731
2025-02-12 17:34:48,234 - INFO - 1732, 1733, 1734, 1735, 1736, 1737, 1738, 1739, 1740, 1741
2025-02-12 17:34:48,234 - INFO - 1742, 1743, 1744, 1745, 1746, 1747, 1748, 1749, 1750, 1751
2025-02-12 17:34:48,234 - INFO - 1752, 1753, 1754, 1755, 1756, 1757, 1758, 1759, 1760, 1761
2025-02-12 17:34:48,234 - INFO - 1762, 1763, 1764, 1765, 1766, 1767, 1768, 1769, 1772, 1773
2025-02-12 17:34:48,234 - INFO - 1774, 1775, 1777, 1778, 1779, 1781, 1782, 1783, 1784, 1785
2025-02-12 17:34:48,234 - INFO - 1788, 1790, 1791, 1792, 1793, 1794, 1795, 1796, 1798, 1799
2025-02-12 17:34:48,234 - INFO - 1801, 1802, 1803, 1804, 1805, 1806, 1807, 1808, 1809, 1810
2025-02-12 17:34:48,235 - INFO - 1811, 1812, 1813, 1814, 1815, 1816, 1817, 1818, 1819, 1820
2025-02-12 17:34:48,235 - INFO - 1821, 1822, 1823, 1824, 1825, 1826, 1827, 1828, 1829, 1830
2025-02-12 17:34:48,235 - INFO - 1831, 1832, 1833, 1834, 1835, 1836, 1837, 1838, 1839, 1840
2025-02-12 17:34:48,235 - INFO - 1841, 1842, 1843, 1844, 1845, 1846, 1847, 1848, 1849, 1850
2025-02-12 17:34:48,235 - INFO - 1851, 1852, 1853, 1854, 1855, 1856, 1857, 1858, 1859, 1860
2025-02-12 17:34:48,235 - INFO - 1861, 1862, 1863, 1864, 1865, 1866, 1867, 1868, 1869, 1870
2025-02-12 17:34:48,236 - INFO - 1871, 1872, 1873, 1874, 1875, 1876, 1877, 1878, 1880, 1881
2025-02-12 17:34:48,236 - INFO - 1882, 1883, 1884, 1885, 1886, 1887, 1888, 1889, 1890, 1891
2025-02-12 17:34:48,236 - INFO - 1892, 2020, 2037, 2386, 2387, 2388, 2389, 2390, 2391, 2392
2025-02-12 17:34:48,236 - INFO - 2393, 2394, 2395, 2396, 2397, 2398, 2399, 2400, 2401, 2402
2025-02-12 17:34:48,236 - INFO - 2403, 2404, 2405, 2406, 2407, 2408, 2409, 2410, 2411, 2412
2025-02-12 17:34:48,237 - INFO - 2413, 2414, 2415, 2416, 2417, 2418, 2419, 2420, 2421, 2422
2025-02-12 17:34:48,237 - INFO - 2423, 2424, 2425, 2426, 2427, 2428, 2429, 2430, 2431, 2432
2025-02-12 17:34:48,237 - INFO - 2433, 2434, 2435, 2436, 2437, 2438, 2439, 2440, 2441, 2442
2025-02-12 17:34:48,237 - INFO - 2443, 2444, 2445, 2446, 2447, 2448, 2449, 2450, 2451, 2452
2025-02-12 17:34:48,237 - INFO - 2453, 2454, 2455, 2456, 2457, 2458, 2459, 2460, 2461, 2462
2025-02-12 17:34:48,238 - INFO - 2463, 2464, 2465, 2466, 2467, 2468, 2469, 2470, 2471, 2472
2025-02-12 17:34:48,238 - INFO - 2473, 2474, 2475, 2476, 2477, 2478, 2479, 2480, 2481, 2482
2025-02-12 17:34:48,238 - INFO - 2483, 2484, 2485, 2486, 2487, 2488, 2489, 2490, 2491, 2492
2025-02-12 17:34:48,238 - INFO - 2493, 2494, 2495, 2496, 2497, 2498, 2499, 2500, 2501, 2502
2025-02-12 17:34:48,238 - INFO - 2503, 2504, 2505, 2506, 2507, 2508, 2509, 2510, 2511, 2512
2025-02-12 17:34:48,239 - INFO - 2513, 2514, 2515, 2516, 2517, 2518, 2519, 2520, 2521, 2522
2025-02-12 17:34:48,239 - INFO - 2523, 2524, 2525, 2526, 2527, 2528, 2529, 2530, 2531, 2532
2025-02-12 17:34:48,239 - INFO - 2533, 2534, 2535, 2536, 2537, 2538, 2539, 2540, 2541, 2542
2025-02-12 17:34:48,239 - INFO - 2543, 2544, 2545, 2546, 2547, 2548, 2549, 2550, 2551, 2552
2025-02-12 17:34:48,239 - INFO - 2553, 2554, 2555, 2556, 2557, 2558, 2559, 2560, 2561, 2562
2025-02-12 17:34:48,239 - INFO - 2563, 2564, 2565, 2566, 2567, 2568, 2569, 2570, 2571, 2572
2025-02-12 17:34:48,239 - INFO - 2573, 2574, 2575, 2577, 2578, 2579, 2580, 2581, 2582, 2583
2025-02-12 17:34:48,239 - INFO - 2584, 2585, 2586, 2588, 2589, 2590, 2592, 2596, 2614, 2673
2025-02-12 17:34:48,241 - INFO - 
KMeans Cluster 5:
2025-02-12 17:34:48,241 - INFO - Behavior distribution (excluding Exp):
2025-02-12 17:34:48,241 - INFO - - Gro: 63.53% (54 occurrences)
2025-02-12 17:34:48,241 - INFO - - Clim: 18.82% (16 occurrences)
2025-02-12 17:34:48,242 - INFO - - Sta: 17.65% (15 occurrences)
2025-02-12 17:34:48,242 - INFO - 
Total timestamps in cluster: 474
2025-02-12 17:34:48,242 - INFO - Including 389 Exp timestamps (not included in distribution)
2025-02-12 17:34:48,242 - INFO - 
Timestamps:
2025-02-12 17:34:48,242 - INFO - 1, 3, 4, 5, 6, 7, 8, 9, 10, 11
2025-02-12 17:34:48,243 - INFO - 12, 13, 14, 15, 16, 17, 18, 19, 20, 21
2025-02-12 17:34:48,243 - INFO - 22, 23, 24, 25, 26, 27, 28, 29, 30, 31
2025-02-12 17:34:48,243 - INFO - 32, 33, 34, 35, 36, 37, 38, 39, 40, 41
2025-02-12 17:34:48,243 - INFO - 42, 43, 44, 45, 46, 47, 48, 49, 50, 51
2025-02-12 17:34:48,244 - INFO - 52, 53, 54, 55, 56, 57, 58, 59, 60, 61
2025-02-12 17:34:48,244 - INFO - 63, 64, 65, 66, 67, 68, 69, 70, 71, 72
2025-02-12 17:34:48,244 - INFO - 73, 74, 75, 76, 77, 78, 79, 80, 81, 82
2025-02-12 17:34:48,244 - INFO - 83, 84, 85, 86, 87, 88, 89, 90, 91, 92
2025-02-12 17:34:48,244 - INFO - 93, 94, 95, 96, 97, 98, 99, 100, 101, 102
2025-02-12 17:34:48,244 - INFO - 103, 104, 105, 106, 107, 108, 109, 110, 111, 112
2025-02-12 17:34:48,245 - INFO - 113, 114, 115, 116, 117, 118, 119, 120, 121, 122
2025-02-12 17:34:48,245 - INFO - 123, 124, 125, 126, 127, 128, 129, 130, 131, 132
2025-02-12 17:34:48,245 - INFO - 133, 134, 135, 136, 137, 138, 139, 140, 141, 142
2025-02-12 17:34:48,245 - INFO - 143, 144, 146, 147, 148, 149, 150, 151, 152, 153
2025-02-12 17:34:48,245 - INFO - 154, 155, 156, 157, 158, 160, 161, 162, 163, 164
2025-02-12 17:34:48,245 - INFO - 165, 166, 167, 168, 169, 170, 171, 172, 173, 174
2025-02-12 17:34:48,245 - INFO - 175, 176, 177, 178, 179, 180, 181, 182, 183, 184
2025-02-12 17:34:48,246 - INFO - 185, 186, 187, 188, 189, 375, 379, 380, 392, 394
2025-02-12 17:34:48,246 - INFO - 399, 406, 410, 411, 414, 415, 416, 420, 425, 426
2025-02-12 17:34:48,246 - INFO - 427, 428, 429, 430, 431, 432, 433, 434, 435, 436
2025-02-12 17:34:48,246 - INFO - 437, 438, 439, 440, 441, 442, 443, 444, 445, 446
2025-02-12 17:34:48,246 - INFO - 447, 448, 449, 450, 451, 455, 456, 457, 458, 459
2025-02-12 17:34:48,246 - INFO - 460, 461, 462, 463, 464, 465, 466, 467, 468, 469
2025-02-12 17:34:48,247 - INFO - 470, 471, 472, 473, 474, 475, 476, 477, 478, 479
2025-02-12 17:34:48,247 - INFO - 481, 482, 483, 485, 486, 488, 493, 494, 496, 497
2025-02-12 17:34:48,247 - INFO - 499, 500, 501, 502, 503, 504, 505, 506, 507, 508
2025-02-12 17:34:48,247 - INFO - 509, 510, 511, 512, 513, 514, 515, 516, 517, 518
2025-02-12 17:34:48,247 - INFO - 519, 520, 521, 522, 523, 524, 525, 526, 527, 528
2025-02-12 17:34:48,247 - INFO - 529, 530, 531, 532, 533, 534, 535, 536, 537, 538
2025-02-12 17:34:48,248 - INFO - 539, 540, 541, 542, 543, 544, 545, 546, 547, 548
2025-02-12 17:34:48,248 - INFO - 549, 550, 551, 552, 553, 554, 555, 556, 557, 558
2025-02-12 17:34:48,248 - INFO - 559, 560, 561, 562, 563, 564, 565, 566, 567, 568
2025-02-12 17:34:48,248 - INFO - 569, 570, 571, 572, 573, 574, 575, 576, 577, 578
2025-02-12 17:34:48,248 - INFO - 579, 580, 581, 582, 583, 584, 585, 586, 587, 588
2025-02-12 17:34:48,249 - INFO - 589, 590, 591, 592, 593, 594, 595, 596, 597, 598
2025-02-12 17:34:48,249 - INFO - 599, 600, 601, 603, 604, 605, 606, 607, 608, 609
2025-02-12 17:34:48,249 - INFO - 610, 611, 612, 613, 614, 615, 616, 617, 618, 619
2025-02-12 17:34:48,249 - INFO - 620, 621, 622, 623, 624, 625, 626, 627, 628, 629
2025-02-12 17:34:48,250 - INFO - 630, 631, 632, 633, 634, 635, 636, 637, 638, 639
2025-02-12 17:34:48,250 - INFO - 640, 641, 642, 643, 644, 645, 646, 647, 648, 649
2025-02-12 17:34:48,250 - INFO - 650, 651, 652, 653, 654, 655, 656, 658, 659, 660
2025-02-12 17:34:48,250 - INFO - 661, 662, 663, 665, 666, 667, 668, 669, 670, 671
2025-02-12 17:34:48,250 - INFO - 672, 673, 674, 675, 676, 677, 678, 679, 680, 681
2025-02-12 17:34:48,251 - INFO - 682, 683, 684, 685, 686, 687, 688, 689, 690, 691
2025-02-12 17:34:48,251 - INFO - 692, 693, 694, 695, 697, 698, 699, 700, 708, 1879
2025-02-12 17:34:48,251 - INFO - 2672, 2685, 2686, 2687, 2688, 2689, 2691, 2700, 2701, 2702
2025-02-12 17:34:48,251 - INFO - 2708, 2714, 2715, 2795
2025-02-12 17:34:48,251 - INFO - 
Clustering analysis complete!
