2025-02-18 18:29:04,388 - INFO - Starting clustering analysis, results will be saved to: ../result\clustering_KMeans_20250218_182904.log
2025-02-18 18:29:04,388 - INFO - Using algorithms: KMeans
2025-02-18 18:29:41,162 - INFO - Loaded data from ../datasets\Day6_topology_matrix_plus.xlsx and ../datasets\Day6_with_behavior_labels_filled.xlsx
2025-02-18 18:29:41,179 - INFO - Data shape after excluding 'Exp' behavior: (542, 1770)
2025-02-18 18:29:41,180 - INFO - 
==================================================
2025-02-18 18:29:41,180 - INFO - Executing KMeans clustering algorithm
2025-02-18 18:29:41,180 - INFO - ==================================================
2025-02-18 18:29:44,468 - INFO - Reference: Optimal k based on silhouette score would be 2
2025-02-18 18:29:44,468 - INFO - Using manually specified n_clusters = 6
2025-02-18 18:29:44,469 - INFO - Using parameters: {'n_clusters': 6}
2025-02-18 18:29:47,665 - INFO - 
KMeans Cluster 0:
2025-02-18 18:29:47,666 - INFO - Behavior distribution:
2025-02-18 18:29:47,666 - INFO - - Gro: 50.0% (102 occurrences)
2025-02-18 18:29:47,666 - INFO - - Trem: 49.51% (101 occurrences)
2025-02-18 18:29:47,666 - INFO - - CD1: 0.49% (1 occurrences)
2025-02-18 18:29:47,666 - INFO - 
Timestamps:
2025-02-18 18:29:47,666 - INFO - 377, 379, 383, 386, 388, 389, 390, 391, 392, 393
2025-02-18 18:29:47,666 - INFO - 394, 395, 396, 397, 398, 399, 400, 401, 402, 403
2025-02-18 18:29:47,667 - INFO - 404, 405, 406, 407, 408, 409, 410, 411, 412, 413
2025-02-18 18:29:47,667 - INFO - 414, 415, 416, 417, 418, 419, 420, 421, 422, 423
2025-02-18 18:29:47,667 - INFO - 424, 425, 426, 427, 428, 429, 430, 431, 432, 433
2025-02-18 18:29:47,667 - INFO - 434, 435, 436, 437, 438, 439, 440, 441, 442, 443
2025-02-18 18:29:47,667 - INFO - 444, 445, 446, 447, 448, 449, 450, 451, 452, 453
2025-02-18 18:29:47,667 - INFO - 454, 455, 456, 457, 458, 459, 460, 461, 462, 463
2025-02-18 18:29:47,668 - INFO - 464, 465, 466, 654, 655, 656, 657, 658, 659, 660
2025-02-18 18:29:47,668 - INFO - 661, 662, 663, 664, 665, 666, 667, 668, 669, 670
2025-02-18 18:29:47,668 - INFO - 671, 843, 844, 845, 846, 847, 848, 849, 850, 851
2025-02-18 18:29:47,668 - INFO - 852, 853, 854, 855, 856, 857, 858, 859, 860, 861
2025-02-18 18:29:47,668 - INFO - 862, 863, 864, 865, 866, 867, 868, 869, 870, 871
2025-02-18 18:29:47,668 - INFO - 872, 873, 874, 875, 876, 877, 878, 879, 880, 881
2025-02-18 18:29:47,668 - INFO - 882, 883, 884, 885, 886, 887, 888, 889, 890, 891
2025-02-18 18:29:47,668 - INFO - 892, 893, 894, 895, 896, 897, 898, 899, 900, 901
2025-02-18 18:29:47,669 - INFO - 902, 903, 904, 905, 906, 907, 908, 909, 910, 911
2025-02-18 18:29:47,669 - INFO - 912, 913, 914, 915, 916, 917, 918, 919, 920, 921
2025-02-18 18:29:47,669 - INFO - 922, 923, 924, 925, 926, 927, 928, 929, 930, 931
2025-02-18 18:29:47,669 - INFO - 932, 933, 934, 935, 936, 937, 938, 939, 940, 942
2025-02-18 18:29:47,669 - INFO - 945, 946, 1113, 1691
2025-02-18 18:29:47,670 - INFO - 
KMeans Cluster 1:
2025-02-18 18:29:47,670 - INFO - Behavior distribution:
2025-02-18 18:29:47,670 - INFO - - Gro: 100.0% (46 occurrences)
2025-02-18 18:29:47,671 - INFO - 
Timestamps:
2025-02-18 18:29:47,671 - INFO - 1557, 1558, 1559, 1560, 1561, 1562, 1563, 1564, 1565, 1566
2025-02-18 18:29:47,671 - INFO - 1567, 1568, 1569, 1570, 1571, 1572, 1573, 1574, 1575, 1576
2025-02-18 18:29:47,671 - INFO - 1577, 1578, 1579, 1580, 1581, 1582, 1583, 1584, 1585, 1586
2025-02-18 18:29:47,671 - INFO - 1587, 1588, 1589, 1590, 1591, 1592, 1593, 1594, 1595, 1596
2025-02-18 18:29:47,671 - INFO - 1598, 1599, 1601, 1603, 1604, 1671
2025-02-18 18:29:47,672 - INFO - 
KMeans Cluster 2:
2025-02-18 18:29:47,672 - INFO - Behavior distribution:
2025-02-18 18:29:47,672 - INFO - - Gro: 100.0% (82 occurrences)
2025-02-18 18:29:47,673 - INFO - 
Timestamps:
2025-02-18 18:29:47,673 - INFO - 234, 235, 236, 237, 238, 239, 240, 241, 242, 243
2025-02-18 18:29:47,673 - INFO - 244, 245, 246, 247, 248, 249, 250, 251, 252, 253
2025-02-18 18:29:47,673 - INFO - 254, 255, 256, 257, 258, 259, 260, 261, 262, 263
2025-02-18 18:29:47,673 - INFO - 264, 265, 266, 267, 268, 269, 270, 271, 272, 273
2025-02-18 18:29:47,673 - INFO - 274, 275, 276, 277, 278, 279, 280, 281, 282, 283
2025-02-18 18:29:47,673 - INFO - 284, 285, 286, 287, 288, 289, 290, 291, 292, 293
2025-02-18 18:29:47,673 - INFO - 294, 295, 296, 297, 299, 300, 303, 304, 305, 306
2025-02-18 18:29:47,673 - INFO - 307, 308, 309, 310, 311, 312, 313, 314, 316, 318
2025-02-18 18:29:47,674 - INFO - 321, 323
2025-02-18 18:29:47,674 - INFO - 
KMeans Cluster 3:
2025-02-18 18:29:47,674 - INFO - Behavior distribution:
2025-02-18 18:29:47,675 - INFO - - Sta: 70.59% (36 occurrences)
2025-02-18 18:29:47,675 - INFO - - Scra: 29.41% (15 occurrences)
2025-02-18 18:29:47,675 - INFO - 
Timestamps:
2025-02-18 18:29:47,675 - INFO - 1350, 1351, 1352, 1353, 1354, 1355, 1356, 1357, 1358, 1359
2025-02-18 18:29:47,675 - INFO - 1360, 1361, 1362, 1363, 1364, 1436, 1437, 1438, 1439, 1440
2025-02-18 18:29:47,675 - INFO - 1441, 1442, 1443, 1444, 1445, 1446, 1447, 1448, 1449, 1450
2025-02-18 18:29:47,676 - INFO - 1961, 1962, 1963, 1964, 1965, 1966, 1967, 1968, 1969, 1970
2025-02-18 18:29:47,676 - INFO - 1971, 1972, 1973, 1974, 1975, 1976, 1977, 1978, 1979, 1980
2025-02-18 18:29:47,676 - INFO - 1981
2025-02-18 18:29:47,677 - INFO - 
KMeans Cluster 4:
2025-02-18 18:29:47,677 - INFO - Behavior distribution:
2025-02-18 18:29:47,677 - INFO - - Gro: 100.0% (91 occurrences)
2025-02-18 18:29:47,677 - INFO - 
Timestamps:
2025-02-18 18:29:47,677 - INFO - 941, 943, 944, 1597, 1600, 1602, 1605, 1606, 1607, 1608
2025-02-18 18:29:47,678 - INFO - 1609, 1610, 1611, 1612, 1613, 1614, 1615, 1616, 1617, 1618
2025-02-18 18:29:47,678 - INFO - 1619, 1620, 1621, 1622, 1623, 1624, 1625, 1626, 1627, 1628
2025-02-18 18:29:47,678 - INFO - 1629, 1630, 1631, 1632, 1633, 1634, 1635, 1636, 1637, 1638
2025-02-18 18:29:47,678 - INFO - 1639, 1640, 1641, 1642, 1643, 1644, 1645, 1646, 1647, 1648
2025-02-18 18:29:47,678 - INFO - 1649, 1650, 1651, 1652, 1653, 1654, 1655, 1656, 1657, 1658
2025-02-18 18:29:47,678 - INFO - 1659, 1660, 1661, 1662, 1663, 1664, 1665, 1666, 1667, 1668
2025-02-18 18:29:47,679 - INFO - 1669, 1670, 1672, 1673, 1674, 1675, 1676, 1677, 1678, 1679
2025-02-18 18:29:47,679 - INFO - 1680, 1681, 1682, 1683, 1684, 1685, 1686, 1687, 1688, 1689
2025-02-18 18:29:47,679 - INFO - 1690
2025-02-18 18:29:47,680 - INFO - 
KMeans Cluster 5:
2025-02-18 18:29:47,680 - INFO - Behavior distribution:
2025-02-18 18:29:47,680 - INFO - - Gro: 82.35% (56 occurrences)
2025-02-18 18:29:47,681 - INFO - - Trem: 17.65% (12 occurrences)
2025-02-18 18:29:47,681 - INFO - 
Timestamps:
2025-02-18 18:29:47,681 - INFO - 298, 301, 302, 315, 317, 319, 320, 322, 324, 325
2025-02-18 18:29:47,681 - INFO - 326, 327, 328, 329, 330, 331, 332, 333, 334, 335
2025-02-18 18:29:47,681 - INFO - 336, 337, 338, 339, 340, 341, 342, 343, 344, 345
2025-02-18 18:29:47,681 - INFO - 346, 347, 348, 349, 350, 351, 352, 353, 354, 355
2025-02-18 18:29:47,681 - INFO - 356, 357, 358, 359, 360, 361, 362, 363, 364, 365
2025-02-18 18:29:47,682 - INFO - 366, 367, 368, 369, 370, 371, 372, 373, 374, 375
2025-02-18 18:29:47,682 - INFO - 376, 378, 380, 381, 382, 384, 385, 387
2025-02-18 18:29:47,682 - INFO - 
Clustering analysis complete!
