2025-02-17 16:09:58,861 - INFO - 开始聚类分析，结果将保存到: ../result\clustering_KMeans_20250217_160958.log
2025-02-17 16:09:58,861 - INFO - 使用算法: KMeans
2025-02-17 16:09:58,861 - INFO - 行为分布计算: 包含 Exp
2025-02-17 16:11:29,868 - INFO - Loaded data from ../datasets\integrated_topology_matrix.xlsx
2025-02-17 16:11:30,006 - INFO - 
开始数据平衡处理...
2025-02-17 16:11:30,006 - INFO - 原始数据分布:
2025-02-17 16:11:30,007 - INFO - - Exp: 4821
2025-02-17 16:11:30,007 - INFO - - Gro: 523
2025-02-17 16:11:30,007 - INFO - - Clim: 341
2025-02-17 16:11:30,007 - INFO - - Sta: 152
2025-02-17 16:11:30,007 - INFO - - CD1: 3
2025-02-17 16:11:30,007 - INFO - - Scra: 25
2025-02-17 16:11:30,008 - INFO - - Stiff: 2978
2025-02-17 16:11:30,008 - INFO - - Trem: 113
2025-02-17 16:11:30,008 - INFO - - Turn: 41
2025-02-17 16:11:30,008 - INFO - 
以下类别样本数过少（<5），将被暂时移除:
2025-02-17 16:11:30,008 - INFO - - CD1: 3个样本
2025-02-17 16:11:30,041 - INFO - 
移除后的数据分布:
2025-02-17 16:11:30,041 - INFO - - Exp: 4821
2025-02-17 16:11:30,042 - INFO - - Gro: 523
2025-02-17 16:11:30,042 - INFO - - Clim: 341
2025-02-17 16:11:30,042 - INFO - - Sta: 152
2025-02-17 16:11:30,042 - INFO - - Scra: 25
2025-02-17 16:11:30,042 - INFO - - Stiff: 2978
2025-02-17 16:11:30,043 - INFO - - Trem: 113
2025-02-17 16:11:30,043 - INFO - - Turn: 41
2025-02-17 16:11:30,065 - ERROR - 聚类分析出错: 'RandomUnderSampler' object has no attribute '_get_indices'
