2025-02-17 13:58:55,172 - INFO - Starting clustering analysis, results will be saved to: ../result\clustering_KMeans_20250217_135855.log
2025-02-17 13:58:55,172 - INFO - Using algorithms: KMeans
2025-02-17 13:59:36,756 - INFO - Loaded data from ../datasets\Day6_topology_matrix_plus.xlsx and ../datasets\Day6_with_behavior_labels_filled.xlsx
2025-02-17 13:59:36,779 - INFO - Data shape after excluding 'Exp' behavior: (542, 1770)
2025-02-17 13:59:36,780 - INFO - 
==================================================
2025-02-17 13:59:36,780 - INFO - Executing KMeans clustering algorithm
2025-02-17 13:59:36,781 - INFO - ==================================================
2025-02-17 14:00:26,195 - INFO - Reference: Optimal k based on silhouette score would be 2
2025-02-17 14:00:26,195 - INFO - Using manually specified n_clusters = 5
2025-02-17 14:00:26,195 - INFO - Using parameters: {'n_clusters': 5}
2025-02-17 14:00:29,753 - INFO - 
KMeans Cluster 0:
2025-02-17 14:00:29,753 - INFO - Behavior distribution:
2025-02-17 14:00:29,753 - INFO - - Trem: 50.0% (103 occurrences)
2025-02-17 14:00:29,753 - INFO - - Gro: 49.51% (102 occurrences)
2025-02-17 14:00:29,754 - INFO - - CD1: 0.49% (1 occurrences)
2025-02-17 14:00:29,754 - INFO - 
Timestamps:
2025-02-17 14:00:29,754 - INFO - 377, 379, 381, 382, 383, 386, 388, 389, 390, 391
2025-02-17 14:00:29,754 - INFO - 392, 393, 394, 395, 396, 397, 398, 399, 400, 401
2025-02-17 14:00:29,754 - INFO - 402, 403, 404, 405, 406, 407, 408, 409, 410, 411
2025-02-17 14:00:29,754 - INFO - 412, 413, 414, 415, 416, 417, 418, 419, 420, 421
2025-02-17 14:00:29,755 - INFO - 422, 423, 424, 425, 426, 427, 428, 429, 430, 431
2025-02-17 14:00:29,755 - INFO - 432, 433, 434, 435, 436, 437, 438, 439, 440, 441
2025-02-17 14:00:29,755 - INFO - 442, 443, 444, 445, 446, 447, 448, 449, 450, 451
2025-02-17 14:00:29,755 - INFO - 452, 453, 454, 455, 456, 457, 458, 459, 460, 461
2025-02-17 14:00:29,755 - INFO - 462, 463, 464, 465, 466, 654, 655, 656, 657, 658
2025-02-17 14:00:29,755 - INFO - 659, 660, 661, 662, 663, 664, 665, 666, 667, 668
2025-02-17 14:00:29,756 - INFO - 669, 670, 671, 843, 844, 845, 846, 847, 848, 849
2025-02-17 14:00:29,756 - INFO - 850, 851, 852, 853, 854, 855, 856, 857, 858, 859
2025-02-17 14:00:29,756 - INFO - 860, 861, 862, 863, 864, 865, 866, 867, 868, 869
2025-02-17 14:00:29,756 - INFO - 870, 871, 872, 873, 874, 875, 876, 877, 878, 879
2025-02-17 14:00:29,756 - INFO - 880, 881, 882, 883, 884, 885, 886, 887, 888, 889
2025-02-17 14:00:29,756 - INFO - 890, 891, 892, 893, 894, 895, 896, 897, 898, 899
2025-02-17 14:00:29,757 - INFO - 900, 901, 902, 903, 904, 905, 906, 907, 908, 909
2025-02-17 14:00:29,757 - INFO - 910, 911, 912, 913, 914, 915, 916, 917, 918, 919
2025-02-17 14:00:29,757 - INFO - 920, 921, 922, 923, 924, 925, 926, 927, 928, 929
2025-02-17 14:00:29,757 - INFO - 930, 931, 932, 933, 934, 935, 936, 937, 938, 939
2025-02-17 14:00:29,757 - INFO - 940, 942, 945, 946, 1113, 1691
2025-02-17 14:00:29,758 - INFO - 
KMeans Cluster 1:
2025-02-17 14:00:29,758 - INFO - Behavior distribution:
2025-02-17 14:00:29,759 - INFO - - Gro: 100.0% (46 occurrences)
2025-02-17 14:00:29,759 - INFO - 
Timestamps:
2025-02-17 14:00:29,759 - INFO - 1557, 1558, 1559, 1560, 1561, 1562, 1563, 1564, 1565, 1566
2025-02-17 14:00:29,759 - INFO - 1567, 1568, 1569, 1570, 1571, 1572, 1573, 1574, 1575, 1576
2025-02-17 14:00:29,759 - INFO - 1577, 1578, 1579, 1580, 1581, 1582, 1583, 1584, 1585, 1586
2025-02-17 14:00:29,759 - INFO - 1587, 1588, 1589, 1590, 1591, 1592, 1593, 1594, 1595, 1596
2025-02-17 14:00:29,760 - INFO - 1598, 1599, 1601, 1603, 1604, 1671
2025-02-17 14:00:29,760 - INFO - 
KMeans Cluster 2:
2025-02-17 14:00:29,761 - INFO - Behavior distribution:
2025-02-17 14:00:29,761 - INFO - - Gro: 93.24% (138 occurrences)
2025-02-17 14:00:29,761 - INFO - - Trem: 6.76% (10 occurrences)
2025-02-17 14:00:29,761 - INFO - 
Timestamps:
2025-02-17 14:00:29,761 - INFO - 234, 235, 236, 237, 238, 239, 240, 241, 242, 243
2025-02-17 14:00:29,761 - INFO - 244, 245, 246, 247, 248, 249, 250, 251, 252, 253
2025-02-17 14:00:29,761 - INFO - 254, 255, 256, 257, 258, 259, 260, 261, 262, 263
2025-02-17 14:00:29,762 - INFO - 264, 265, 266, 267, 268, 269, 270, 271, 272, 273
2025-02-17 14:00:29,762 - INFO - 274, 275, 276, 277, 278, 279, 280, 281, 282, 283
2025-02-17 14:00:29,762 - INFO - 284, 285, 286, 287, 288, 289, 290, 291, 292, 293
2025-02-17 14:00:29,762 - INFO - 294, 295, 296, 297, 298, 299, 300, 301, 302, 303
2025-02-17 14:00:29,762 - INFO - 304, 305, 306, 307, 308, 309, 310, 311, 312, 313
2025-02-17 14:00:29,763 - INFO - 314, 315, 316, 317, 318, 319, 320, 321, 322, 323
2025-02-17 14:00:29,763 - INFO - 324, 325, 326, 327, 328, 329, 330, 331, 332, 333
2025-02-17 14:00:29,763 - INFO - 334, 335, 336, 337, 338, 339, 340, 341, 342, 343
2025-02-17 14:00:29,763 - INFO - 344, 345, 346, 347, 348, 349, 350, 351, 352, 353
2025-02-17 14:00:29,763 - INFO - 354, 355, 356, 357, 358, 359, 360, 361, 362, 363
2025-02-17 14:00:29,764 - INFO - 364, 365, 366, 367, 368, 369, 370, 371, 372, 373
2025-02-17 14:00:29,764 - INFO - 374, 375, 376, 378, 380, 384, 385, 387
2025-02-17 14:00:29,765 - INFO - 
KMeans Cluster 3:
2025-02-17 14:00:29,765 - INFO - Behavior distribution:
2025-02-17 14:00:29,765 - INFO - - Sta: 70.59% (36 occurrences)
2025-02-17 14:00:29,765 - INFO - - Scra: 29.41% (15 occurrences)
2025-02-17 14:00:29,765 - INFO - 
Timestamps:
2025-02-17 14:00:29,765 - INFO - 1350, 1351, 1352, 1353, 1354, 1355, 1356, 1357, 1358, 1359
2025-02-17 14:00:29,765 - INFO - 1360, 1361, 1362, 1363, 1364, 1436, 1437, 1438, 1439, 1440
2025-02-17 14:00:29,765 - INFO - 1441, 1442, 1443, 1444, 1445, 1446, 1447, 1448, 1449, 1450
2025-02-17 14:00:29,766 - INFO - 1961, 1962, 1963, 1964, 1965, 1966, 1967, 1968, 1969, 1970
2025-02-17 14:00:29,766 - INFO - 1971, 1972, 1973, 1974, 1975, 1976, 1977, 1978, 1979, 1980
2025-02-17 14:00:29,766 - INFO - 1981
2025-02-17 14:00:29,767 - INFO - 
KMeans Cluster 4:
2025-02-17 14:00:29,767 - INFO - Behavior distribution:
2025-02-17 14:00:29,767 - INFO - - Gro: 100.0% (91 occurrences)
2025-02-17 14:00:29,768 - INFO - 
Timestamps:
2025-02-17 14:00:29,768 - INFO - 941, 943, 944, 1597, 1600, 1602, 1605, 1606, 1607, 1608
2025-02-17 14:00:29,768 - INFO - 1609, 1610, 1611, 1612, 1613, 1614, 1615, 1616, 1617, 1618
2025-02-17 14:00:29,768 - INFO - 1619, 1620, 1621, 1622, 1623, 1624, 1625, 1626, 1627, 1628
2025-02-17 14:00:29,768 - INFO - 1629, 1630, 1631, 1632, 1633, 1634, 1635, 1636, 1637, 1638
2025-02-17 14:00:29,768 - INFO - 1639, 1640, 1641, 1642, 1643, 1644, 1645, 1646, 1647, 1648
2025-02-17 14:00:29,769 - INFO - 1649, 1650, 1651, 1652, 1653, 1654, 1655, 1656, 1657, 1658
2025-02-17 14:00:29,769 - INFO - 1659, 1660, 1661, 1662, 1663, 1664, 1665, 1666, 1667, 1668
2025-02-17 14:00:29,769 - INFO - 1669, 1670, 1672, 1673, 1674, 1675, 1676, 1677, 1678, 1679
2025-02-17 14:00:29,769 - INFO - 1680, 1681, 1682, 1683, 1684, 1685, 1686, 1687, 1688, 1689
2025-02-17 14:00:29,769 - INFO - 1690
2025-02-17 14:00:29,770 - INFO - 
Clustering analysis complete!
