2025-02-12 16:52:15,055 - INFO - Starting clustering analysis, results will be saved to: ../result\clustering_KMeans_20250212_165215.log
2025-02-12 16:52:15,055 - INFO - Using algorithms: KMeans
2025-02-12 16:52:50,783 - INFO - Loaded data from ../datasets\Day6_topology_matrix_plus.xlsx
2025-02-12 16:52:50,849 - INFO - 
==================================================
2025-02-12 16:52:50,849 - INFO - Executing KMeans clustering algorithm
2025-02-12 16:52:50,849 - INFO - ==================================================
2025-02-12 16:55:02,040 - INFO - Reference: Optimal k based on silhouette score would be 4
2025-02-12 16:55:02,041 - INFO - Using manually specified n_clusters = 6
2025-02-12 16:55:02,041 - INFO - Using parameters: {'n_clusters': 6}
2025-02-12 16:55:08,340 - INFO - 
KMeans Cluster 0:
2025-02-12 16:55:08,341 - INFO - Behavior distribution:
2025-02-12 16:55:08,341 - INFO - - Exp: 61.11% (231 occurrences)
2025-02-12 16:55:08,341 - INFO - - Gro: 36.51% (138 occurrences)
2025-02-12 16:55:08,341 - INFO - - Trem: 2.38% (9 occurrences)
2025-02-12 16:55:08,341 - INFO - 
Timestamps:
2025-02-12 16:55:08,342 - INFO - 1, 2, 3, 4, 5, 6, 7, 8, 9, 10
2025-02-12 16:55:08,342 - INFO - 11, 12, 13, 14, 15, 16, 17, 18, 19, 20
2025-02-12 16:55:08,342 - INFO - 21, 22, 23, 24, 25, 26, 27, 28, 29, 30
2025-02-12 16:55:08,342 - INFO - 31, 32, 33, 34, 35, 36, 37, 39, 40, 42
2025-02-12 16:55:08,342 - INFO - 43, 44, 45, 46, 47, 48, 49, 50, 51, 52
2025-02-12 16:55:08,342 - INFO - 53, 54, 55, 56, 57, 58, 59, 60, 61, 62
2025-02-12 16:55:08,343 - INFO - 63, 64, 65, 66, 67, 68, 69, 70, 71, 72
2025-02-12 16:55:08,343 - INFO - 73, 74, 75, 76, 77, 78, 79, 80, 81, 82
2025-02-12 16:55:08,343 - INFO - 83, 84, 85, 86, 87, 88, 89, 90, 91, 92
2025-02-12 16:55:08,343 - INFO - 93, 94, 95, 96, 97, 98, 99, 100, 101, 102
2025-02-12 16:55:08,343 - INFO - 103, 104, 105, 106, 107, 108, 109, 110, 111, 112
2025-02-12 16:55:08,343 - INFO - 113, 114, 115, 116, 117, 118, 119, 120, 121, 122
2025-02-12 16:55:08,344 - INFO - 123, 124, 125, 126, 127, 128, 129, 130, 131, 132
2025-02-12 16:55:08,344 - INFO - 133, 134, 135, 136, 137, 138, 139, 140, 141, 142
2025-02-12 16:55:08,344 - INFO - 143, 144, 145, 146, 147, 148, 149, 150, 151, 152
2025-02-12 16:55:08,344 - INFO - 153, 154, 155, 156, 157, 158, 159, 160, 161, 162
2025-02-12 16:55:08,344 - INFO - 163, 164, 165, 166, 167, 168, 169, 170, 171, 172
2025-02-12 16:55:08,344 - INFO - 173, 174, 175, 176, 177, 178, 179, 180, 181, 182
2025-02-12 16:55:08,344 - INFO - 183, 184, 185, 186, 187, 188, 189, 190, 191, 192
2025-02-12 16:55:08,344 - INFO - 193, 194, 195, 196, 197, 198, 199, 200, 201, 202
2025-02-12 16:55:08,345 - INFO - 203, 204, 205, 206, 207, 208, 209, 210, 211, 212
2025-02-12 16:55:08,345 - INFO - 213, 214, 215, 216, 217, 218, 219, 220, 221, 222
2025-02-12 16:55:08,345 - INFO - 223, 224, 225, 226, 227, 228, 229, 230, 231, 232
2025-02-12 16:55:08,345 - INFO - 233, 234, 235, 236, 237, 238, 239, 240, 241, 242
2025-02-12 16:55:08,345 - INFO - 243, 244, 245, 246, 247, 248, 249, 250, 251, 252
2025-02-12 16:55:08,345 - INFO - 253, 254, 255, 256, 257, 258, 259, 260, 261, 262
2025-02-12 16:55:08,346 - INFO - 263, 264, 265, 266, 267, 268, 269, 270, 271, 272
2025-02-12 16:55:08,346 - INFO - 273, 274, 275, 276, 277, 278, 279, 280, 281, 282
2025-02-12 16:55:08,346 - INFO - 283, 284, 285, 286, 287, 288, 289, 290, 291, 292
2025-02-12 16:55:08,346 - INFO - 293, 294, 295, 296, 297, 298, 299, 300, 301, 302
2025-02-12 16:55:08,346 - INFO - 303, 304, 305, 306, 307, 308, 309, 310, 311, 312
2025-02-12 16:55:08,346 - INFO - 313, 314, 315, 316, 317, 318, 319, 320, 321, 322
2025-02-12 16:55:08,347 - INFO - 323, 324, 325, 326, 327, 328, 329, 330, 331, 332
2025-02-12 16:55:08,347 - INFO - 333, 334, 335, 336, 337, 338, 339, 340, 341, 342
2025-02-12 16:55:08,347 - INFO - 343, 344, 345, 346, 347, 348, 349, 350, 351, 352
2025-02-12 16:55:08,347 - INFO - 353, 354, 355, 356, 357, 358, 359, 360, 361, 362
2025-02-12 16:55:08,347 - INFO - 363, 364, 365, 366, 367, 368, 369, 370, 371, 372
2025-02-12 16:55:08,347 - INFO - 373, 374, 375, 376, 378, 383, 384, 385
2025-02-12 16:55:08,349 - INFO - 
KMeans Cluster 1:
2025-02-12 16:55:08,349 - INFO - Behavior distribution:
2025-02-12 16:55:08,349 - INFO - - Exp: 52.1% (161 occurrences)
2025-02-12 16:55:08,349 - INFO - - Gro: 47.57% (147 occurrences)
2025-02-12 16:55:08,349 - INFO - - Scra: 0.32% (1 occurrences)
2025-02-12 16:55:08,350 - INFO - 
Timestamps:
2025-02-12 16:55:08,350 - INFO - 921, 930, 932, 935, 938, 940, 941, 942, 943, 944
2025-02-12 16:55:08,350 - INFO - 945, 946, 947, 948, 950, 955, 1448, 1475, 1502, 1510
2025-02-12 16:55:08,350 - INFO - 1512, 1513, 1514, 1516, 1518, 1519, 1520, 1521, 1522, 1523
2025-02-12 16:55:08,350 - INFO - 1524, 1525, 1526, 1527, 1528, 1529, 1530, 1531, 1532, 1533
2025-02-12 16:55:08,350 - INFO - 1534, 1535, 1536, 1537, 1538, 1539, 1540, 1541, 1542, 1543
2025-02-12 16:55:08,351 - INFO - 1544, 1545, 1546, 1547, 1548, 1549, 1550, 1551, 1552, 1553
2025-02-12 16:55:08,351 - INFO - 1554, 1555, 1557, 1558, 1559, 1560, 1561, 1562, 1563, 1564
2025-02-12 16:55:08,351 - INFO - 1565, 1566, 1567, 1568, 1569, 1570, 1571, 1572, 1573, 1574
2025-02-12 16:55:08,351 - INFO - 1575, 1576, 1577, 1578, 1579, 1580, 1581, 1582, 1583, 1584
2025-02-12 16:55:08,351 - INFO - 1585, 1586, 1587, 1588, 1589, 1590, 1591, 1592, 1593, 1594
2025-02-12 16:55:08,351 - INFO - 1595, 1596, 1597, 1598, 1599, 1600, 1601, 1602, 1603, 1604
2025-02-12 16:55:08,352 - INFO - 1605, 1606, 1607, 1608, 1609, 1610, 1611, 1612, 1613, 1614
2025-02-12 16:55:08,352 - INFO - 1615, 1616, 1617, 1618, 1619, 1620, 1621, 1622, 1623, 1624
2025-02-12 16:55:08,352 - INFO - 1625, 1626, 1627, 1628, 1629, 1630, 1631, 1632, 1633, 1634
2025-02-12 16:55:08,352 - INFO - 1635, 1636, 1637, 1638, 1639, 1640, 1641, 1642, 1643, 1644
2025-02-12 16:55:08,352 - INFO - 1645, 1646, 1647, 1648, 1649, 1650, 1651, 1652, 1653, 1654
2025-02-12 16:55:08,352 - INFO - 1655, 1656, 1657, 1658, 1659, 1660, 1661, 1662, 1663, 1664
2025-02-12 16:55:08,353 - INFO - 1665, 1666, 1667, 1668, 1669, 1670, 1671, 1672, 1673, 1674
2025-02-12 16:55:08,353 - INFO - 1675, 1676, 1677, 1678, 1679, 1680, 1681, 1682, 1683, 1684
2025-02-12 16:55:08,353 - INFO - 1685, 1686, 1687, 1688, 1689, 1690, 1691, 1692, 1693, 1694
2025-02-12 16:55:08,353 - INFO - 1697, 1703, 1705, 1711, 1713, 1715, 1717, 1720, 1721, 1723
2025-02-12 16:55:08,353 - INFO - 1724, 1725, 1726, 1727, 1728, 1729, 1730, 1731, 1732, 1733
2025-02-12 16:55:08,353 - INFO - 1734, 1736, 1740, 1742, 1743, 1745, 1753, 1754, 1760, 1767
2025-02-12 16:55:08,354 - INFO - 1768, 1771, 1772, 1773, 1774, 1775, 1776, 1777, 1779, 1780
2025-02-12 16:55:08,354 - INFO - 1781, 1784, 1786, 1787, 1788, 1789, 1790, 1791, 1794, 1796
2025-02-12 16:55:08,354 - INFO - 1797, 1799, 1801, 1802, 1803, 1804, 1806, 1807, 1808, 1809
2025-02-12 16:55:08,354 - INFO - 1810, 1811, 1812, 1813, 1814, 1815, 1817, 1823, 1824, 1825
2025-02-12 16:55:08,354 - INFO - 1826, 1827, 1828, 1829, 1830, 1831, 1832, 1834, 1835, 1836
2025-02-12 16:55:08,354 - INFO - 1838, 1839, 1840, 1841, 1842, 1843, 1844, 1845, 1846, 1847
2025-02-12 16:55:08,355 - INFO - 1848, 1849, 1850, 1851, 1853, 1854, 1855, 1856, 1857, 1858
2025-02-12 16:55:08,355 - INFO - 1859, 1860, 1861, 1862, 1863, 1864, 1869, 2022, 2041
2025-02-12 16:55:08,356 - INFO - 
KMeans Cluster 2:
2025-02-12 16:55:08,356 - INFO - Behavior distribution:
2025-02-12 16:55:08,356 - INFO - - Exp: 69.05% (232 occurrences)
2025-02-12 16:55:08,356 - INFO - - Trem: 30.95% (104 occurrences)
2025-02-12 16:55:08,357 - INFO - 
Timestamps:
2025-02-12 16:55:08,357 - INFO - 38, 41, 377, 379, 380, 381, 382, 386, 387, 388
2025-02-12 16:55:08,357 - INFO - 389, 390, 391, 392, 393, 394, 395, 396, 397, 398
2025-02-12 16:55:08,357 - INFO - 399, 400, 401, 402, 403, 404, 405, 406, 407, 408
2025-02-12 16:55:08,357 - INFO - 409, 410, 411, 412, 413, 414, 415, 416, 417, 418
2025-02-12 16:55:08,357 - INFO - 419, 420, 421, 422, 423, 424, 425, 426, 427, 428
2025-02-12 16:55:08,358 - INFO - 429, 430, 431, 432, 433, 434, 435, 436, 437, 438
2025-02-12 16:55:08,358 - INFO - 439, 440, 441, 442, 443, 444, 445, 446, 447, 448
2025-02-12 16:55:08,358 - INFO - 449, 450, 451, 452, 453, 454, 455, 456, 457, 458
2025-02-12 16:55:08,358 - INFO - 459, 460, 461, 462, 463, 464, 465, 466, 467, 468
2025-02-12 16:55:08,358 - INFO - 469, 470, 471, 472, 473, 474, 475, 476, 477, 478
2025-02-12 16:55:08,358 - INFO - 479, 480, 481, 482, 483, 484, 485, 486, 487, 488
2025-02-12 16:55:08,358 - INFO - 489, 490, 491, 492, 493, 494, 495, 496, 497, 498
2025-02-12 16:55:08,359 - INFO - 499, 500, 501, 502, 503, 504, 505, 506, 507, 508
2025-02-12 16:55:08,359 - INFO - 509, 510, 511, 512, 513, 514, 515, 516, 517, 518
2025-02-12 16:55:08,359 - INFO - 519, 520, 521, 522, 523, 524, 525, 526, 527, 528
2025-02-12 16:55:08,359 - INFO - 529, 530, 531, 532, 533, 534, 535, 536, 537, 538
2025-02-12 16:55:08,359 - INFO - 539, 540, 541, 542, 543, 544, 545, 546, 547, 548
2025-02-12 16:55:08,359 - INFO - 549, 550, 551, 552, 553, 554, 555, 556, 557, 558
2025-02-12 16:55:08,359 - INFO - 559, 560, 561, 562, 563, 564, 565, 566, 567, 568
2025-02-12 16:55:08,360 - INFO - 569, 570, 571, 572, 573, 574, 575, 576, 577, 578
2025-02-12 16:55:08,360 - INFO - 579, 580, 581, 582, 583, 584, 585, 586, 587, 588
2025-02-12 16:55:08,360 - INFO - 589, 590, 591, 592, 593, 594, 595, 596, 597, 598
2025-02-12 16:55:08,360 - INFO - 599, 600, 601, 602, 603, 604, 605, 606, 607, 608
2025-02-12 16:55:08,360 - INFO - 609, 610, 611, 612, 613, 614, 615, 616, 617, 618
2025-02-12 16:55:08,360 - INFO - 619, 620, 621, 622, 623, 624, 625, 626, 627, 628
2025-02-12 16:55:08,361 - INFO - 629, 630, 631, 632, 633, 634, 635, 636, 637, 638
2025-02-12 16:55:08,361 - INFO - 639, 640, 641, 642, 643, 644, 645, 646, 647, 648
2025-02-12 16:55:08,361 - INFO - 649, 650, 651, 652, 653, 654, 655, 656, 657, 658
2025-02-12 16:55:08,361 - INFO - 659, 660, 661, 662, 663, 664, 665, 666, 667, 668
2025-02-12 16:55:08,361 - INFO - 669, 670, 671, 672, 673, 674, 675, 676, 677, 678
2025-02-12 16:55:08,361 - INFO - 680, 681, 682, 683, 684, 685, 701, 730, 952, 1699
2025-02-12 16:55:08,362 - INFO - 1700, 1701, 1702, 1704, 1706, 1707, 1709, 1710, 1712, 1714
2025-02-12 16:55:08,362 - INFO - 1716, 1719, 1722, 1735, 1737, 1738, 1739, 1741, 1744, 1747
2025-02-12 16:55:08,362 - INFO - 1752, 1761, 1762, 1792, 1833, 1852
2025-02-12 16:55:08,363 - INFO - 
KMeans Cluster 3:
2025-02-12 16:55:08,363 - INFO - Behavior distribution:
2025-02-12 16:55:08,364 - INFO - - Exp: 90.37% (1070 occurrences)
2025-02-12 16:55:08,364 - INFO - - Gro: 7.77% (92 occurrences)
2025-02-12 16:55:08,364 - INFO - - Sta: 1.77% (21 occurrences)
2025-02-12 16:55:08,364 - INFO - - CD1: 0.08% (1 occurrences)
2025-02-12 16:55:08,364 - INFO - 
Timestamps:
2025-02-12 16:55:08,364 - INFO - 679, 686, 687, 688, 689, 690, 691, 692, 693, 694
2025-02-12 16:55:08,364 - INFO - 695, 696, 697, 698, 699, 700, 702, 703, 704, 705
2025-02-12 16:55:08,364 - INFO - 706, 707, 708, 709, 710, 711, 712, 713, 714, 715
2025-02-12 16:55:08,365 - INFO - 716, 717, 718, 719, 720, 721, 722, 723, 724, 725
2025-02-12 16:55:08,365 - INFO - 726, 727, 728, 729, 731, 732, 733, 734, 735, 736
2025-02-12 16:55:08,365 - INFO - 737, 738, 739, 740, 741, 742, 743, 744, 745, 746
2025-02-12 16:55:08,365 - INFO - 747, 748, 749, 750, 751, 752, 753, 754, 755, 756
2025-02-12 16:55:08,365 - INFO - 757, 758, 759, 760, 761, 762, 763, 764, 765, 766
2025-02-12 16:55:08,365 - INFO - 767, 768, 769, 770, 771, 772, 773, 774, 775, 776
2025-02-12 16:55:08,365 - INFO - 777, 778, 779, 780, 781, 782, 783, 784, 785, 786
2025-02-12 16:55:08,365 - INFO - 787, 788, 789, 790, 791, 792, 793, 794, 795, 796
2025-02-12 16:55:08,366 - INFO - 797, 798, 799, 800, 801, 802, 803, 804, 805, 806
2025-02-12 16:55:08,366 - INFO - 807, 808, 809, 810, 811, 812, 813, 814, 815, 816
2025-02-12 16:55:08,366 - INFO - 817, 818, 819, 820, 821, 822, 823, 824, 825, 826
2025-02-12 16:55:08,366 - INFO - 827, 828, 829, 830, 831, 832, 833, 834, 835, 836
2025-02-12 16:55:08,366 - INFO - 837, 838, 839, 840, 841, 842, 843, 844, 845, 846
2025-02-12 16:55:08,366 - INFO - 847, 848, 849, 850, 851, 852, 853, 854, 855, 856
2025-02-12 16:55:08,366 - INFO - 857, 858, 859, 860, 861, 862, 863, 864, 865, 866
2025-02-12 16:55:08,367 - INFO - 867, 868, 869, 870, 871, 872, 873, 874, 875, 876
2025-02-12 16:55:08,367 - INFO - 877, 878, 879, 880, 881, 882, 883, 884, 885, 886
2025-02-12 16:55:08,367 - INFO - 887, 888, 889, 890, 891, 892, 893, 894, 895, 896
2025-02-12 16:55:08,367 - INFO - 897, 898, 899, 900, 901, 902, 903, 904, 905, 906
2025-02-12 16:55:08,367 - INFO - 907, 908, 909, 910, 911, 912, 913, 914, 915, 916
2025-02-12 16:55:08,367 - INFO - 917, 918, 919, 920, 922, 923, 924, 925, 926, 927
2025-02-12 16:55:08,368 - INFO - 928, 929, 931, 933, 934, 936, 937, 939, 949, 951
2025-02-12 16:55:08,368 - INFO - 953, 954, 956, 957, 958, 959, 960, 961, 962, 963
2025-02-12 16:55:08,368 - INFO - 964, 965, 966, 967, 968, 969, 970, 971, 972, 973
2025-02-12 16:55:08,368 - INFO - 974, 975, 976, 977, 978, 979, 980, 981, 982, 983
2025-02-12 16:55:08,368 - INFO - 984, 985, 986, 987, 988, 989, 990, 991, 992, 993
2025-02-12 16:55:08,369 - INFO - 994, 995, 996, 997, 998, 999, 1000, 1001, 1002, 1003
2025-02-12 16:55:08,369 - INFO - 1004, 1005, 1006, 1007, 1008, 1009, 1010, 1011, 1012, 1013
2025-02-12 16:55:08,369 - INFO - 1014, 1015, 1016, 1017, 1018, 1019, 1020, 1021, 1022, 1023
2025-02-12 16:55:08,369 - INFO - 1024, 1025, 1026, 1027, 1028, 1029, 1030, 1031, 1032, 1033
2025-02-12 16:55:08,369 - INFO - 1034, 1035, 1036, 1037, 1038, 1039, 1040, 1041, 1042, 1043
2025-02-12 16:55:08,369 - INFO - 1044, 1045, 1046, 1047, 1048, 1049, 1050, 1051, 1052, 1053
2025-02-12 16:55:08,369 - INFO - 1054, 1055, 1056, 1057, 1058, 1059, 1060, 1061, 1062, 1063
2025-02-12 16:55:08,370 - INFO - 1064, 1065, 1066, 1067, 1068, 1069, 1070, 1071, 1072, 1073
2025-02-12 16:55:08,370 - INFO - 1074, 1075, 1076, 1077, 1078, 1079, 1080, 1081, 1082, 1083
2025-02-12 16:55:08,370 - INFO - 1084, 1085, 1086, 1087, 1088, 1089, 1090, 1091, 1092, 1093
2025-02-12 16:55:08,370 - INFO - 1094, 1095, 1096, 1097, 1098, 1099, 1100, 1101, 1102, 1103
2025-02-12 16:55:08,370 - INFO - 1104, 1105, 1106, 1107, 1108, 1109, 1110, 1111, 1112, 1113
2025-02-12 16:55:08,370 - INFO - 1114, 1115, 1116, 1117, 1118, 1119, 1120, 1121, 1122, 1123
2025-02-12 16:55:08,370 - INFO - 1124, 1125, 1477, 1486, 1490, 1491, 1493, 1494, 1495, 1496
2025-02-12 16:55:08,371 - INFO - 1497, 1498, 1499, 1500, 1501, 1503, 1504, 1505, 1506, 1507
2025-02-12 16:55:08,371 - INFO - 1508, 1509, 1511, 1515, 1517, 1556, 1695, 1696, 1698, 1708
2025-02-12 16:55:08,371 - INFO - 1718, 1746, 1748, 1749, 1750, 1751, 1755, 1756, 1757, 1758
2025-02-12 16:55:08,371 - INFO - 1759, 1763, 1764, 1765, 1766, 1769, 1770, 1778, 1782, 1783
2025-02-12 16:55:08,371 - INFO - 1785, 1793, 1795, 1798, 1800, 1805, 1816, 1819, 1820, 1821
2025-02-12 16:55:08,371 - INFO - 1822, 1837, 1865, 1866, 1867, 1868, 1870, 1871, 1872, 1873
2025-02-12 16:55:08,371 - INFO - 1874, 1875, 1876, 1877, 1878, 1879, 1880, 1881, 1882, 1883
2025-02-12 16:55:08,372 - INFO - 1884, 1885, 1886, 1887, 1888, 1889, 1890, 1891, 1892, 1893
2025-02-12 16:55:08,372 - INFO - 1894, 1895, 1896, 1897, 1898, 1899, 1900, 1901, 1902, 1903
2025-02-12 16:55:08,372 - INFO - 1904, 1905, 1906, 1907, 1908, 1909, 1910, 1911, 1912, 1913
2025-02-12 16:55:08,372 - INFO - 1914, 1915, 1916, 1917, 1918, 1919, 1920, 1921, 1922, 1923
2025-02-12 16:55:08,372 - INFO - 1924, 1925, 1926, 1927, 1928, 1929, 1930, 1931, 1932, 1933
2025-02-12 16:55:08,372 - INFO - 1934, 1935, 1936, 1937, 1938, 1939, 1940, 1941, 1942, 1943
2025-02-12 16:55:08,373 - INFO - 1944, 1945, 1946, 1947, 1948, 1949, 1950, 1951, 1952, 1953
2025-02-12 16:55:08,373 - INFO - 1954, 1955, 1956, 1957, 1958, 1959, 1960, 1961, 1962, 1963
2025-02-12 16:55:08,373 - INFO - 1964, 1965, 1966, 1967, 1968, 1969, 1970, 1971, 1972, 1973
2025-02-12 16:55:08,373 - INFO - 1974, 1975, 1976, 1977, 1978, 1979, 1980, 1981, 1982, 1983
2025-02-12 16:55:08,373 - INFO - 1984, 1985, 1986, 1987, 1988, 1989, 1990, 1991, 1992, 1993
2025-02-12 16:55:08,373 - INFO - 1994, 1995, 1996, 1997, 1998, 1999, 2000, 2001, 2002, 2003
2025-02-12 16:55:08,374 - INFO - 2004, 2005, 2006, 2007, 2008, 2009, 2010, 2011, 2012, 2013
2025-02-12 16:55:08,374 - INFO - 2014, 2015, 2016, 2017, 2018, 2019, 2020, 2021, 2023, 2024
2025-02-12 16:55:08,374 - INFO - 2025, 2026, 2027, 2028, 2029, 2030, 2031, 2032, 2033, 2034
2025-02-12 16:55:08,374 - INFO - 2035, 2036, 2037, 2038, 2039, 2040, 2042, 2043, 2044, 2045
2025-02-12 16:55:08,374 - INFO - 2046, 2047, 2048, 2049, 2050, 2051, 2052, 2053, 2054, 2055
2025-02-12 16:55:08,374 - INFO - 2056, 2057, 2058, 2059, 2060, 2061, 2062, 2063, 2064, 2065
2025-02-12 16:55:08,375 - INFO - 2066, 2067, 2068, 2069, 2070, 2071, 2072, 2073, 2074, 2075
2025-02-12 16:55:08,375 - INFO - 2076, 2077, 2078, 2079, 2080, 2081, 2082, 2083, 2084, 2085
2025-02-12 16:55:08,375 - INFO - 2086, 2087, 2088, 2089, 2090, 2091, 2092, 2093, 2094, 2095
2025-02-12 16:55:08,375 - INFO - 2096, 2097, 2098, 2099, 2100, 2101, 2102, 2103, 2104, 2105
2025-02-12 16:55:08,375 - INFO - 2106, 2107, 2108, 2109, 2110, 2111, 2112, 2113, 2114, 2115
2025-02-12 16:55:08,375 - INFO - 2116, 2117, 2118, 2119, 2120, 2121, 2122, 2123, 2124, 2125
2025-02-12 16:55:08,376 - INFO - 2126, 2127, 2128, 2129, 2130, 2131, 2132, 2133, 2134, 2135
2025-02-12 16:55:08,376 - INFO - 2136, 2137, 2138, 2139, 2140, 2141, 2142, 2143, 2144, 2145
2025-02-12 16:55:08,376 - INFO - 2146, 2147, 2148, 2149, 2150, 2151, 2152, 2153, 2154, 2155
2025-02-12 16:55:08,376 - INFO - 2156, 2158, 2159, 2160, 2161, 2162, 2163, 2164, 2165, 2166
2025-02-12 16:55:08,376 - INFO - 2167, 2168, 2169, 2170, 2171, 2172, 2173, 2174, 2175, 2176
2025-02-12 16:55:08,376 - INFO - 2177, 2178, 2179, 2180, 2181, 2182, 2183, 2184, 2185, 2186
2025-02-12 16:55:08,377 - INFO - 2187, 2188, 2189, 2190, 2191, 2192, 2193, 2194, 2195, 2196
2025-02-12 16:55:08,377 - INFO - 2197, 2198, 2199, 2200, 2201, 2202, 2203, 2204, 2205, 2206
2025-02-12 16:55:08,377 - INFO - 2207, 2208, 2209, 2210, 2211, 2212, 2213, 2214, 2215, 2216
2025-02-12 16:55:08,377 - INFO - 2217, 2218, 2219, 2220, 2221, 2222, 2223, 2224, 2225, 2226
2025-02-12 16:55:08,377 - INFO - 2227, 2228, 2230, 2233, 2237, 2238, 2239, 2240, 2241, 2242
2025-02-12 16:55:08,377 - INFO - 2243, 2245, 2246, 2247, 2248, 2249, 2250, 2251, 2252, 2253
2025-02-12 16:55:08,377 - INFO - 2254, 2255, 2256, 2257, 2258, 2259, 2260, 2261, 2262, 2263
2025-02-12 16:55:08,378 - INFO - 2264, 2265, 2266, 2267, 2268, 2269, 2270, 2271, 2272, 2273
2025-02-12 16:55:08,378 - INFO - 2274, 2275, 2276, 2277, 2278, 2279, 2280, 2281, 2282, 2283
2025-02-12 16:55:08,378 - INFO - 2284, 2285, 2286, 2287, 2288, 2289, 2290, 2291, 2292, 2293
2025-02-12 16:55:08,378 - INFO - 2294, 2295, 2296, 2297, 2298, 2299, 2300, 2301, 2302, 2303
2025-02-12 16:55:08,378 - INFO - 2304, 2305, 2306, 2307, 2308, 2309, 2310, 2311, 2312, 2313
2025-02-12 16:55:08,378 - INFO - 2314, 2315, 2316, 2317, 2318, 2319, 2320, 2321, 2322, 2323
2025-02-12 16:55:08,379 - INFO - 2324, 2325, 2326, 2327, 2328, 2329, 2330, 2331, 2332, 2333
2025-02-12 16:55:08,379 - INFO - 2335, 2336, 2337, 2338, 2339, 2340, 2341, 2342, 2343, 2344
2025-02-12 16:55:08,379 - INFO - 2346, 2347, 2348, 2351, 2354, 2355, 2356, 2357, 2358, 2360
2025-02-12 16:55:08,379 - INFO - 2362, 2390, 2398, 2523, 2537, 2564, 2576, 2580, 2581, 2582
2025-02-12 16:55:08,379 - INFO - 2583, 2584, 2585, 2586, 2587, 2588, 2589, 2590, 2591, 2592
2025-02-12 16:55:08,379 - INFO - 2593, 2594, 2595, 2596, 2597, 2598, 2600, 2601, 2602, 2603
2025-02-12 16:55:08,380 - INFO - 2604, 2605, 2606, 2607, 2608, 2609, 2610, 2611, 2612, 2613
2025-02-12 16:55:08,380 - INFO - 2614, 2615, 2616, 2617, 2618, 2619, 2620, 2621, 2622, 2623
2025-02-12 16:55:08,380 - INFO - 2624, 2625, 2626, 2627, 2628, 2629, 2630, 2631, 2632, 2633
2025-02-12 16:55:08,380 - INFO - 2634, 2635, 2636, 2637, 2638, 2639, 2640, 2641, 2642, 2643
2025-02-12 16:55:08,380 - INFO - 2644, 2645, 2646, 2647, 2648, 2649, 2650, 2651, 2652, 2653
2025-02-12 16:55:08,380 - INFO - 2654, 2655, 2656, 2657, 2658, 2659, 2660, 2661, 2662, 2663
2025-02-12 16:55:08,380 - INFO - 2664, 2665, 2666, 2667, 2668, 2669, 2670, 2671, 2672, 2673
2025-02-12 16:55:08,380 - INFO - 2674, 2675, 2676, 2677, 2678, 2679, 2680, 2681, 2682, 2683
2025-02-12 16:55:08,381 - INFO - 2684, 2685, 2686, 2687, 2688, 2689, 2690, 2691, 2692, 2693
2025-02-12 16:55:08,381 - INFO - 2694, 2695, 2696, 2697, 2698, 2699, 2700, 2701, 2702, 2703
2025-02-12 16:55:08,381 - INFO - 2704, 2705, 2706, 2707, 2708, 2709, 2710, 2711, 2712, 2713
2025-02-12 16:55:08,381 - INFO - 2714, 2715, 2716, 2717, 2718, 2719, 2720, 2721, 2722, 2723
2025-02-12 16:55:08,381 - INFO - 2724, 2725, 2726, 2727, 2728, 2729, 2730, 2731, 2732, 2733
2025-02-12 16:55:08,381 - INFO - 2734, 2735, 2736, 2737, 2738, 2739, 2740, 2741, 2742, 2743
2025-02-12 16:55:08,382 - INFO - 2744, 2745, 2746, 2747, 2748, 2749, 2750, 2751, 2752, 2753
2025-02-12 16:55:08,382 - INFO - 2754, 2755, 2756, 2757, 2758, 2761, 2762, 2763, 2764, 2765
2025-02-12 16:55:08,382 - INFO - 2767, 2771, 2772, 2773, 2775, 2778, 2779, 2780, 2781, 2783
2025-02-12 16:55:08,382 - INFO - 2784, 2785, 2786, 2787, 2788, 2789, 2790, 2791, 2792, 2793
2025-02-12 16:55:08,382 - INFO - 2794, 2795, 2796, 2797, 2798, 2799, 2800, 2801, 2802, 2804
2025-02-12 16:55:08,382 - INFO - 2805, 2806, 2808, 2998
2025-02-12 16:55:08,383 - INFO - 
KMeans Cluster 4:
2025-02-12 16:55:08,383 - INFO - Behavior distribution:
2025-02-12 16:55:08,384 - INFO - - Exp: 100.0% (431 occurrences)
2025-02-12 16:55:08,384 - INFO - 
Timestamps:
2025-02-12 16:55:08,384 - INFO - 1818, 2157, 2229, 2231, 2232, 2234, 2235, 2236, 2244, 2334
2025-02-12 16:55:08,384 - INFO - 2345, 2349, 2350, 2352, 2353, 2359, 2361, 2363, 2364, 2365
2025-02-12 16:55:08,384 - INFO - 2366, 2367, 2368, 2369, 2370, 2371, 2372, 2373, 2374, 2375
2025-02-12 16:55:08,384 - INFO - 2376, 2377, 2378, 2379, 2380, 2381, 2382, 2383, 2384, 2385
2025-02-12 16:55:08,385 - INFO - 2386, 2387, 2388, 2389, 2391, 2392, 2393, 2394, 2395, 2396
2025-02-12 16:55:08,385 - INFO - 2397, 2399, 2400, 2401, 2402, 2403, 2404, 2405, 2406, 2407
2025-02-12 16:55:08,385 - INFO - 2408, 2409, 2410, 2411, 2412, 2413, 2414, 2415, 2416, 2417
2025-02-12 16:55:08,385 - INFO - 2418, 2419, 2420, 2421, 2422, 2423, 2424, 2425, 2426, 2427
2025-02-12 16:55:08,385 - INFO - 2428, 2429, 2430, 2431, 2432, 2433, 2434, 2435, 2436, 2437
2025-02-12 16:55:08,385 - INFO - 2438, 2439, 2440, 2441, 2442, 2443, 2444, 2445, 2446, 2447
2025-02-12 16:55:08,386 - INFO - 2448, 2449, 2450, 2451, 2452, 2453, 2454, 2455, 2456, 2457
2025-02-12 16:55:08,386 - INFO - 2458, 2459, 2460, 2461, 2462, 2463, 2464, 2465, 2466, 2467
2025-02-12 16:55:08,386 - INFO - 2468, 2469, 2470, 2471, 2472, 2473, 2474, 2475, 2476, 2477
2025-02-12 16:55:08,386 - INFO - 2478, 2479, 2480, 2481, 2482, 2483, 2484, 2485, 2486, 2487
2025-02-12 16:55:08,386 - INFO - 2488, 2489, 2490, 2491, 2492, 2493, 2494, 2495, 2496, 2497
2025-02-12 16:55:08,386 - INFO - 2498, 2499, 2500, 2501, 2502, 2503, 2504, 2505, 2506, 2507
2025-02-12 16:55:08,387 - INFO - 2508, 2509, 2510, 2511, 2512, 2513, 2514, 2515, 2516, 2517
2025-02-12 16:55:08,387 - INFO - 2518, 2519, 2520, 2521, 2522, 2524, 2525, 2526, 2527, 2528
2025-02-12 16:55:08,387 - INFO - 2529, 2530, 2531, 2532, 2533, 2534, 2535, 2536, 2538, 2539
2025-02-12 16:55:08,387 - INFO - 2540, 2541, 2542, 2543, 2544, 2545, 2546, 2547, 2548, 2549
2025-02-12 16:55:08,387 - INFO - 2550, 2551, 2552, 2553, 2554, 2555, 2556, 2557, 2558, 2559
2025-02-12 16:55:08,387 - INFO - 2560, 2561, 2562, 2563, 2565, 2566, 2567, 2568, 2569, 2570
2025-02-12 16:55:08,387 - INFO - 2571, 2572, 2573, 2574, 2575, 2577, 2578, 2579, 2599, 2759
2025-02-12 16:55:08,388 - INFO - 2760, 2766, 2768, 2769, 2770, 2774, 2776, 2777, 2782, 2803
2025-02-12 16:55:08,388 - INFO - 2807, 2809, 2810, 2811, 2812, 2813, 2814, 2815, 2816, 2817
2025-02-12 16:55:08,388 - INFO - 2818, 2819, 2820, 2821, 2822, 2823, 2824, 2825, 2826, 2827
2025-02-12 16:55:08,388 - INFO - 2828, 2829, 2830, 2831, 2832, 2833, 2834, 2835, 2836, 2837
2025-02-12 16:55:08,388 - INFO - 2838, 2839, 2840, 2841, 2842, 2843, 2844, 2845, 2846, 2847
2025-02-12 16:55:08,388 - INFO - 2848, 2849, 2850, 2851, 2852, 2853, 2854, 2855, 2856, 2857
2025-02-12 16:55:08,388 - INFO - 2858, 2859, 2860, 2861, 2862, 2863, 2864, 2865, 2866, 2867
2025-02-12 16:55:08,388 - INFO - 2868, 2869, 2870, 2871, 2872, 2873, 2874, 2875, 2876, 2877
2025-02-12 16:55:08,389 - INFO - 2878, 2879, 2880, 2881, 2882, 2883, 2884, 2885, 2886, 2887
2025-02-12 16:55:08,389 - INFO - 2888, 2889, 2890, 2891, 2892, 2893, 2894, 2895, 2896, 2897
2025-02-12 16:55:08,389 - INFO - 2898, 2899, 2900, 2901, 2902, 2903, 2904, 2905, 2906, 2907
2025-02-12 16:55:08,389 - INFO - 2908, 2909, 2910, 2911, 2912, 2913, 2914, 2915, 2916, 2917
2025-02-12 16:55:08,389 - INFO - 2918, 2919, 2920, 2921, 2922, 2923, 2924, 2925, 2926, 2927
2025-02-12 16:55:08,389 - INFO - 2928, 2929, 2930, 2931, 2932, 2933, 2934, 2935, 2936, 2937
2025-02-12 16:55:08,390 - INFO - 2938, 2939, 2940, 2941, 2942, 2943, 2944, 2945, 2946, 2947
2025-02-12 16:55:08,390 - INFO - 2948, 2949, 2950, 2951, 2952, 2953, 2954, 2955, 2956, 2957
2025-02-12 16:55:08,390 - INFO - 2958, 2959, 2960, 2961, 2962, 2963, 2964, 2965, 2966, 2967
2025-02-12 16:55:08,390 - INFO - 2968, 2969, 2970, 2971, 2972, 2973, 2974, 2975, 2976, 2977
2025-02-12 16:55:08,390 - INFO - 2978, 2979, 2980, 2981, 2982, 2983, 2984, 2985, 2986, 2987
2025-02-12 16:55:08,390 - INFO - 2988, 2989, 2990, 2991, 2992, 2993, 2994, 2995, 2996, 2997
2025-02-12 16:55:08,390 - INFO - 2999
2025-02-12 16:55:08,392 - INFO - 
KMeans Cluster 5:
2025-02-12 16:55:08,392 - INFO - Behavior distribution:
2025-02-12 16:55:08,392 - INFO - - Exp: 91.97% (332 occurrences)
2025-02-12 16:55:08,392 - INFO - - Sta: 4.16% (15 occurrences)
2025-02-12 16:55:08,393 - INFO - - Scra: 3.88% (14 occurrences)
2025-02-12 16:55:08,393 - INFO - 
Timestamps:
2025-02-12 16:55:08,393 - INFO - 1126, 1127, 1128, 1129, 1130, 1131, 1132, 1133, 1134, 1135
2025-02-12 16:55:08,393 - INFO - 1136, 1137, 1138, 1139, 1140, 1141, 1142, 1143, 1144, 1145
2025-02-12 16:55:08,393 - INFO - 1146, 1147, 1148, 1149, 1150, 1151, 1152, 1153, 1154, 1155
2025-02-12 16:55:08,393 - INFO - 1156, 1157, 1158, 1159, 1160, 1161, 1162, 1163, 1164, 1165
2025-02-12 16:55:08,394 - INFO - 1166, 1167, 1168, 1169, 1170, 1171, 1172, 1173, 1174, 1175
2025-02-12 16:55:08,394 - INFO - 1176, 1177, 1178, 1179, 1180, 1181, 1182, 1183, 1184, 1185
2025-02-12 16:55:08,394 - INFO - 1186, 1187, 1188, 1189, 1190, 1191, 1192, 1193, 1194, 1195
2025-02-12 16:55:08,394 - INFO - 1196, 1197, 1198, 1199, 1200, 1201, 1202, 1203, 1204, 1205
2025-02-12 16:55:08,394 - INFO - 1206, 1207, 1208, 1209, 1210, 1211, 1212, 1213, 1214, 1215
2025-02-12 16:55:08,394 - INFO - 1216, 1217, 1218, 1219, 1220, 1221, 1222, 1223, 1224, 1225
2025-02-12 16:55:08,395 - INFO - 1226, 1227, 1228, 1229, 1230, 1231, 1232, 1233, 1234, 1235
2025-02-12 16:55:08,395 - INFO - 1236, 1237, 1238, 1239, 1240, 1241, 1242, 1243, 1244, 1245
2025-02-12 16:55:08,395 - INFO - 1246, 1247, 1248, 1249, 1250, 1251, 1252, 1253, 1254, 1255
2025-02-12 16:55:08,395 - INFO - 1256, 1257, 1258, 1259, 1260, 1261, 1262, 1263, 1264, 1265
2025-02-12 16:55:08,395 - INFO - 1266, 1267, 1268, 1269, 1270, 1271, 1272, 1273, 1274, 1275
2025-02-12 16:55:08,395 - INFO - 1276, 1277, 1278, 1279, 1280, 1281, 1282, 1283, 1284, 1285
2025-02-12 16:55:08,396 - INFO - 1286, 1287, 1288, 1289, 1290, 1291, 1292, 1293, 1294, 1295
2025-02-12 16:55:08,396 - INFO - 1296, 1297, 1298, 1299, 1300, 1301, 1302, 1303, 1304, 1305
2025-02-12 16:55:08,396 - INFO - 1306, 1307, 1308, 1309, 1310, 1311, 1312, 1313, 1314, 1315
2025-02-12 16:55:08,396 - INFO - 1316, 1317, 1318, 1319, 1320, 1321, 1322, 1323, 1324, 1325
2025-02-12 16:55:08,396 - INFO - 1326, 1327, 1328, 1329, 1330, 1331, 1332, 1333, 1334, 1335
2025-02-12 16:55:08,396 - INFO - 1336, 1337, 1338, 1339, 1340, 1341, 1342, 1343, 1344, 1345
2025-02-12 16:55:08,396 - INFO - 1346, 1347, 1348, 1349, 1350, 1351, 1352, 1353, 1354, 1355
2025-02-12 16:55:08,397 - INFO - 1356, 1357, 1358, 1359, 1360, 1361, 1362, 1363, 1364, 1365
2025-02-12 16:55:08,397 - INFO - 1366, 1367, 1368, 1369, 1370, 1371, 1372, 1373, 1374, 1375
2025-02-12 16:55:08,397 - INFO - 1376, 1377, 1378, 1379, 1380, 1381, 1382, 1383, 1384, 1385
2025-02-12 16:55:08,397 - INFO - 1386, 1387, 1388, 1389, 1390, 1391, 1392, 1393, 1394, 1395
2025-02-12 16:55:08,397 - INFO - 1396, 1397, 1398, 1399, 1400, 1401, 1402, 1403, 1404, 1405
2025-02-12 16:55:08,397 - INFO - 1406, 1407, 1408, 1409, 1410, 1411, 1412, 1413, 1414, 1415
2025-02-12 16:55:08,398 - INFO - 1416, 1417, 1418, 1419, 1420, 1421, 1422, 1423, 1424, 1425
2025-02-12 16:55:08,398 - INFO - 1426, 1427, 1428, 1429, 1430, 1431, 1432, 1433, 1434, 1435
2025-02-12 16:55:08,398 - INFO - 1436, 1437, 1438, 1439, 1440, 1441, 1442, 1443, 1444, 1445
2025-02-12 16:55:08,398 - INFO - 1446, 1447, 1449, 1450, 1451, 1452, 1453, 1454, 1455, 1456
2025-02-12 16:55:08,398 - INFO - 1457, 1458, 1459, 1460, 1461, 1462, 1463, 1464, 1465, 1466
2025-02-12 16:55:08,398 - INFO - 1467, 1468, 1469, 1470, 1471, 1472, 1473, 1474, 1476, 1478
2025-02-12 16:55:08,398 - INFO - 1479, 1480, 1481, 1482, 1483, 1484, 1485, 1487, 1488, 1489
2025-02-12 16:55:08,399 - INFO - 1492
2025-02-12 16:55:08,399 - INFO - 
Clustering analysis complete!
