2025-02-12 11:22:31,229 - INFO - Starting clustering analysis, results will be saved to: ../result\clustering_KMeans_20250212_112231.log
2025-02-12 11:22:31,230 - INFO - Using algorithms: KMeans
2025-02-12 11:22:43,087 - INFO - Loaded data from ../datasets\Day6_topology_matrix.xlsx and ../datasets\Day6_with_behavior_labels_filled.xlsx
2025-02-12 11:22:43,096 - INFO - Data shape after excluding 'Exp' behavior: (542, 633)
2025-02-12 11:22:43,097 - INFO - 
==================================================
2025-02-12 11:22:43,097 - INFO - Executing KMeans clustering algorithm
2025-02-12 11:22:43,097 - INFO - ==================================================
2025-02-12 11:22:48,333 - INFO - Reference: Optimal k based on silhouette score would be 5
2025-02-12 11:22:48,333 - INFO - Using manually specified n_clusters = 5
2025-02-12 11:22:48,333 - INFO - Using parameters: {'n_clusters': 5}
2025-02-12 11:22:52,257 - INFO - 
KMeans Cluster 0:
2025-02-12 11:22:52,257 - INFO - Behavior distribution:
2025-02-12 11:22:52,257 - INFO - - Trem: 91.3% (42 occurrences)
2025-02-12 11:22:52,257 - INFO - - Gro: 8.7% (4 occurrences)
2025-02-12 11:22:52,258 - INFO - 
Timestamps:
2025-02-12 11:22:52,258 - INFO - 301, 345, 389, 437, 438, 439, 440, 441, 442, 443
2025-02-12 11:22:52,258 - INFO - 444, 445, 446, 447, 448, 449, 450, 451, 452, 453
2025-02-12 11:22:52,258 - INFO - 454, 455, 456, 457, 458, 459, 460, 461, 462, 463
2025-02-12 11:22:52,258 - INFO - 464, 465, 466, 654, 655, 656, 658, 659, 661, 662
2025-02-12 11:22:52,258 - INFO - 663, 664, 665, 671, 912, 915
2025-02-12 11:22:52,259 - INFO - 
KMeans Cluster 1:
2025-02-12 11:22:52,260 - INFO - Behavior distribution:
2025-02-12 11:22:52,260 - INFO - - Gro: 93.75% (90 occurrences)
2025-02-12 11:22:52,260 - INFO - - Scra: 6.25% (6 occurrences)
2025-02-12 11:22:52,260 - INFO - 
Timestamps:
2025-02-12 11:22:52,260 - INFO - 921, 928, 930, 932, 935, 936, 938, 939, 940, 941
2025-02-12 11:22:52,260 - INFO - 942, 1444, 1445, 1446, 1447, 1449, 1450, 1557, 1558, 1559
2025-02-12 11:22:52,261 - INFO - 1560, 1561, 1562, 1563, 1565, 1566, 1567, 1569, 1571, 1572
2025-02-12 11:22:52,261 - INFO - 1573, 1574, 1576, 1578, 1579, 1580, 1584, 1587, 1591, 1592
2025-02-12 11:22:52,261 - INFO - 1593, 1594, 1596, 1599, 1600, 1601, 1603, 1605, 1607, 1608
2025-02-12 11:22:52,261 - INFO - 1610, 1611, 1613, 1619, 1622, 1625, 1627, 1632, 1633, 1634
2025-02-12 11:22:52,262 - INFO - 1635, 1637, 1638, 1640, 1641, 1644, 1645, 1647, 1648, 1649
2025-02-12 11:22:52,262 - INFO - 1650, 1651, 1652, 1654, 1655, 1656, 1657, 1658, 1659, 1662
2025-02-12 11:22:52,262 - INFO - 1664, 1666, 1667, 1668, 1670, 1671, 1673, 1674, 1675, 1678
2025-02-12 11:22:52,262 - INFO - 1680, 1683, 1684, 1685, 1688, 1690
2025-02-12 11:22:52,263 - INFO - 
KMeans Cluster 2:
2025-02-12 11:22:52,263 - INFO - Behavior distribution:
2025-02-12 11:22:52,264 - INFO - - Trem: 46.51% (60 occurrences)
2025-02-12 11:22:52,264 - INFO - - Gro: 38.76% (50 occurrences)
2025-02-12 11:22:52,264 - INFO - - Sta: 8.53% (11 occurrences)
2025-02-12 11:22:52,264 - INFO - - Scra: 6.2% (8 occurrences)
2025-02-12 11:22:52,264 - INFO - 
Timestamps:
2025-02-12 11:22:52,265 - INFO - 377, 378, 379, 380, 381, 383, 385, 386, 388, 391
2025-02-12 11:22:52,265 - INFO - 392, 393, 396, 397, 398, 399, 400, 401, 402, 403
2025-02-12 11:22:52,265 - INFO - 404, 405, 406, 407, 408, 409, 410, 411, 412, 413
2025-02-12 11:22:52,265 - INFO - 414, 415, 416, 417, 418, 419, 420, 421, 422, 423
2025-02-12 11:22:52,265 - INFO - 424, 425, 426, 427, 428, 429, 430, 431, 432, 433
2025-02-12 11:22:52,265 - INFO - 434, 435, 436, 657, 660, 666, 667, 668, 669, 670
2025-02-12 11:22:52,265 - INFO - 863, 865, 869, 872, 882, 885, 886, 887, 888, 889
2025-02-12 11:22:52,266 - INFO - 890, 891, 893, 895, 897, 900, 903, 905, 906, 908
2025-02-12 11:22:52,266 - INFO - 910, 911, 914, 917, 923, 924, 925, 926, 931, 934
2025-02-12 11:22:52,266 - INFO - 937, 943, 945, 946, 1350, 1351, 1352, 1353, 1354, 1355
2025-02-12 11:22:52,266 - INFO - 1360, 1361, 1362, 1363, 1364, 1436, 1437, 1438, 1439, 1440
2025-02-12 11:22:52,266 - INFO - 1441, 1442, 1443, 1586, 1589, 1612, 1614, 1618, 1620, 1636
2025-02-12 11:22:52,266 - INFO - 1653, 1663, 1669, 1672, 1676, 1677, 1679, 1687, 1691
2025-02-12 11:22:52,267 - INFO - 
KMeans Cluster 3:
2025-02-12 11:22:52,267 - INFO - Behavior distribution:
2025-02-12 11:22:52,268 - INFO - - Gro: 100.0% (1 occurrences)
2025-02-12 11:22:52,268 - INFO - 
Timestamps:
2025-02-12 11:22:52,268 - INFO - 1570
2025-02-12 11:22:52,269 - INFO - 
KMeans Cluster 4:
2025-02-12 11:22:52,269 - INFO - Behavior distribution:
2025-02-12 11:22:52,269 - INFO - - Gro: 85.93% (232 occurrences)
2025-02-12 11:22:52,270 - INFO - - Sta: 9.26% (25 occurrences)
2025-02-12 11:22:52,270 - INFO - - Trem: 4.07% (11 occurrences)
2025-02-12 11:22:52,270 - INFO - - CD1: 0.37% (1 occurrences)
2025-02-12 11:22:52,270 - INFO - - Scra: 0.37% (1 occurrences)
2025-02-12 11:22:52,270 - INFO - 
Timestamps:
2025-02-12 11:22:52,270 - INFO - 234, 235, 236, 237, 238, 239, 240, 241, 242, 243
2025-02-12 11:22:52,271 - INFO - 244, 245, 246, 247, 248, 249, 250, 251, 252, 253
2025-02-12 11:22:52,271 - INFO - 254, 255, 256, 257, 258, 259, 260, 261, 262, 263
2025-02-12 11:22:52,271 - INFO - 264, 265, 266, 267, 268, 269, 270, 271, 272, 273
2025-02-12 11:22:52,271 - INFO - 274, 275, 276, 277, 278, 279, 280, 281, 282, 283
2025-02-12 11:22:52,272 - INFO - 284, 285, 286, 287, 288, 289, 290, 291, 292, 293
2025-02-12 11:22:52,272 - INFO - 294, 295, 296, 297, 298, 299, 300, 302, 303, 304
2025-02-12 11:22:52,272 - INFO - 305, 306, 307, 308, 309, 310, 311, 312, 313, 314
2025-02-12 11:22:52,272 - INFO - 315, 316, 317, 318, 319, 320, 321, 322, 323, 324
2025-02-12 11:22:52,272 - INFO - 325, 326, 327, 328, 329, 330, 331, 332, 333, 334
2025-02-12 11:22:52,272 - INFO - 335, 336, 337, 338, 339, 340, 341, 342, 343, 344
2025-02-12 11:22:52,273 - INFO - 346, 347, 348, 349, 350, 351, 352, 353, 354, 355
2025-02-12 11:22:52,273 - INFO - 356, 357, 358, 359, 360, 361, 362, 363, 364, 365
2025-02-12 11:22:52,273 - INFO - 366, 367, 368, 369, 370, 371, 372, 373, 374, 375
2025-02-12 11:22:52,273 - INFO - 376, 382, 384, 387, 390, 394, 395, 843, 844, 845
2025-02-12 11:22:52,273 - INFO - 846, 847, 848, 849, 850, 851, 852, 853, 854, 855
2025-02-12 11:22:52,273 - INFO - 856, 857, 858, 859, 860, 861, 862, 864, 866, 867
2025-02-12 11:22:52,273 - INFO - 868, 870, 871, 873, 874, 875, 876, 877, 878, 879
2025-02-12 11:22:52,273 - INFO - 880, 881, 883, 884, 892, 894, 896, 898, 899, 901
2025-02-12 11:22:52,274 - INFO - 902, 904, 907, 909, 913, 916, 918, 919, 920, 922
2025-02-12 11:22:52,274 - INFO - 927, 929, 933, 944, 1113, 1356, 1357, 1358, 1359, 1448
2025-02-12 11:22:52,274 - INFO - 1564, 1568, 1575, 1577, 1581, 1582, 1583, 1585, 1588, 1590
2025-02-12 11:22:52,274 - INFO - 1595, 1597, 1598, 1602, 1604, 1606, 1609, 1615, 1616, 1617
2025-02-12 11:22:52,274 - INFO - 1621, 1623, 1624, 1626, 1628, 1629, 1630, 1631, 1639, 1642
2025-02-12 11:22:52,274 - INFO - 1643, 1646, 1660, 1661, 1665, 1681, 1682, 1686, 1689, 1961
2025-02-12 11:22:52,274 - INFO - 1962, 1963, 1964, 1965, 1966, 1967, 1968, 1969, 1970, 1971
2025-02-12 11:22:52,275 - INFO - 1972, 1973, 1974, 1975, 1976, 1977, 1978, 1979, 1980, 1981
2025-02-12 11:22:52,275 - INFO - 
Clustering analysis complete!
