2025-02-18 18:30:13,116 - INFO - Starting clustering analysis, results will be saved to: ../result\clustering_KMeans_20250218_183013.log
2025-02-18 18:30:13,116 - INFO - Using algorithms: KMeans
2025-02-18 18:30:13,116 - INFO - Behavior distribution calculation: including Exp
2025-02-18 18:30:39,139 - INFO - Loaded data from ../datasets\Day3_topology_matrix_plus.xlsx
2025-02-18 18:30:39,187 - INFO - 
==================================================
2025-02-18 18:30:39,188 - INFO - Executing KMeans clustering algorithm
2025-02-18 18:30:39,188 - INFO - ==================================================
2025-02-18 18:30:44,713 - INFO - Reference: Optimal k based on silhouette score would be 8
2025-02-18 18:30:44,728 - INFO - Using manually specified n_clusters = 4
2025-02-18 18:30:44,728 - INFO - Using parameters: {'n_clusters': 4}
2025-02-18 18:30:48,258 - INFO - 
All behavior types in dataset:
2025-02-18 18:30:48,258 - INFO - - CD1: 1 total occurrences
2025-02-18 18:30:48,259 - INFO - - Clim: 341 total occurrences
2025-02-18 18:30:48,260 - INFO - - Exp: 2364 total occurrences
2025-02-18 18:30:48,260 - INFO - - Gro: 146 total occurrences
2025-02-18 18:30:48,261 - INFO - - Scra: 10 total occurrences
2025-02-18 18:30:48,262 - INFO - - Sta: 116 total occurrences
2025-02-18 18:30:48,262 - INFO - - Stiff: 21 total occurrences
2025-02-18 18:30:48,262 - INFO - 
Starting cluster analysis...
2025-02-18 18:30:48,263 - INFO - 
KMeans Cluster 0:
2025-02-18 18:30:48,263 - INFO - Behavior distribution (including Exp):
2025-02-18 18:30:48,264 - INFO - - Exp: 86.74% (687 occurrences)
2025-02-18 18:30:48,264 - INFO - - Clim: 5.18% (41 occurrences)
2025-02-18 18:30:48,264 - INFO - - Sta: 4.42% (35 occurrences)
2025-02-18 18:30:48,264 - INFO - - Gro: 2.4% (19 occurrences)
2025-02-18 18:30:48,264 - INFO - - Scra: 1.26% (10 occurrences)
2025-02-18 18:30:48,265 - INFO - 
Total timestamps in cluster: 792
2025-02-18 18:30:48,265 - INFO - 
Timestamps:
2025-02-18 18:30:48,265 - INFO - 813, 814, 815, 816, 817, 818, 819, 820, 821, 822
2025-02-18 18:30:48,265 - INFO - 823, 824, 825, 826, 827, 828, 829, 830, 831, 832
2025-02-18 18:30:48,265 - INFO - 833, 834, 835, 836, 837, 838, 839, 840, 841, 842
2025-02-18 18:30:48,265 - INFO - 843, 844, 845, 846, 847, 848, 849, 850, 851, 852
2025-02-18 18:30:48,266 - INFO - 853, 854, 855, 856, 857, 858, 859, 860, 861, 862
2025-02-18 18:30:48,266 - INFO - 863, 864, 865, 866, 867, 868, 869, 870, 871, 872
2025-02-18 18:30:48,266 - INFO - 873, 874, 875, 876, 877, 878, 879, 880, 881, 882
2025-02-18 18:30:48,266 - INFO - 883, 884, 885, 886, 887, 888, 889, 890, 891, 892
2025-02-18 18:30:48,266 - INFO - 893, 894, 895, 896, 897, 898, 899, 900, 901, 902
2025-02-18 18:30:48,267 - INFO - 903, 904, 905, 906, 907, 908, 909, 910, 911, 912
2025-02-18 18:30:48,267 - INFO - 913, 914, 915, 916, 917, 918, 919, 920, 921, 922
2025-02-18 18:30:48,267 - INFO - 923, 924, 925, 926, 927, 928, 929, 930, 931, 932
2025-02-18 18:30:48,267 - INFO - 933, 934, 935, 936, 937, 938, 939, 940, 941, 942
2025-02-18 18:30:48,267 - INFO - 943, 944, 945, 946, 947, 948, 949, 950, 951, 952
2025-02-18 18:30:48,267 - INFO - 953, 954, 955, 956, 957, 958, 959, 960, 961, 962
2025-02-18 18:30:48,267 - INFO - 963, 964, 965, 966, 967, 968, 969, 970, 971, 972
2025-02-18 18:30:48,268 - INFO - 973, 974, 975, 976, 977, 978, 979, 980, 981, 982
2025-02-18 18:30:48,268 - INFO - 983, 984, 985, 986, 987, 988, 989, 990, 991, 992
2025-02-18 18:30:48,268 - INFO - 993, 994, 995, 996, 997, 998, 999, 1000, 1001, 1002
2025-02-18 18:30:48,268 - INFO - 1003, 1004, 1005, 1006, 1007, 1008, 1009, 1010, 1011, 1012
2025-02-18 18:30:48,268 - INFO - 1013, 1014, 1015, 1016, 1017, 1018, 1019, 1020, 1021, 1022
2025-02-18 18:30:48,268 - INFO - 1023, 1024, 1025, 1026, 1027, 1028, 1029, 1030, 1031, 1032
2025-02-18 18:30:48,268 - INFO - 1033, 1034, 1035, 1036, 1037, 1038, 1039, 1040, 1041, 1042
2025-02-18 18:30:48,269 - INFO - 1043, 1044, 1045, 1046, 1047, 1048, 1049, 1050, 1051, 1052
2025-02-18 18:30:48,269 - INFO - 1053, 1054, 1055, 1056, 1057, 1058, 1059, 1060, 1061, 1062
2025-02-18 18:30:48,269 - INFO - 1063, 1064, 1065, 1066, 1067, 1068, 1069, 1070, 1071, 1072
2025-02-18 18:30:48,269 - INFO - 1073, 1074, 1075, 1076, 1077, 1078, 1079, 1080, 1081, 1082
2025-02-18 18:30:48,269 - INFO - 1083, 1084, 1085, 1086, 1087, 1088, 1089, 1090, 1091, 1092
2025-02-18 18:30:48,269 - INFO - 1093, 1094, 1095, 1096, 1097, 1098, 1099, 1100, 1101, 1102
2025-02-18 18:30:48,269 - INFO - 1103, 1104, 1105, 1106, 1107, 1108, 1109, 1110, 1111, 1112
2025-02-18 18:30:48,270 - INFO - 1113, 1114, 1115, 1116, 1117, 1118, 1119, 1120, 1121, 1122
2025-02-18 18:30:48,270 - INFO - 1123, 1124, 1125, 1126, 1127, 1128, 1129, 1130, 1131, 1132
2025-02-18 18:30:48,270 - INFO - 1133, 1134, 1135, 1136, 1137, 1138, 1139, 1140, 1141, 1142
2025-02-18 18:30:48,270 - INFO - 1143, 1144, 1145, 1146, 1147, 1148, 1149, 1150, 1151, 1152
2025-02-18 18:30:48,270 - INFO - 1153, 1154, 1155, 1156, 1157, 1158, 1159, 1160, 1161, 1162
2025-02-18 18:30:48,270 - INFO - 1163, 1164, 1165, 1166, 1167, 1168, 1169, 1170, 1171, 1172
2025-02-18 18:30:48,271 - INFO - 1173, 1174, 1175, 1176, 1177, 1178, 1179, 1180, 1181, 1182
2025-02-18 18:30:48,271 - INFO - 1183, 1184, 1185, 1186, 1187, 1188, 1189, 1190, 1191, 1192
2025-02-18 18:30:48,271 - INFO - 1193, 1194, 1195, 1196, 1197, 1198, 1199, 1200, 1201, 1202
2025-02-18 18:30:48,271 - INFO - 1203, 1204, 1205, 1206, 1207, 1208, 1209, 1210, 1211, 1212
2025-02-18 18:30:48,271 - INFO - 1213, 1214, 1215, 1216, 1217, 1218, 1219, 1220, 1221, 1222
2025-02-18 18:30:48,271 - INFO - 1223, 1224, 1225, 1226, 1227, 1228, 1229, 1230, 1231, 1232
2025-02-18 18:30:48,271 - INFO - 1233, 1234, 1235, 1236, 1237, 1238, 1239, 1240, 1241, 1242
2025-02-18 18:30:48,272 - INFO - 1243, 1244, 1245, 1246, 1247, 1248, 1249, 1250, 1251, 1252
2025-02-18 18:30:48,272 - INFO - 1253, 1254, 1255, 1256, 1257, 1258, 1259, 1260, 1261, 1262
2025-02-18 18:30:48,272 - INFO - 1263, 1264, 1265, 1266, 1267, 1268, 1269, 1270, 1271, 1272
2025-02-18 18:30:48,272 - INFO - 1273, 1274, 1275, 1276, 1277, 1278, 1279, 1280, 1281, 1282
2025-02-18 18:30:48,272 - INFO - 1283, 1284, 1285, 1286, 1287, 1288, 1289, 1290, 1291, 1292
2025-02-18 18:30:48,272 - INFO - 1293, 1294, 1295, 1296, 1297, 1298, 1299, 1300, 1301, 1302
2025-02-18 18:30:48,272 - INFO - 1303, 1304, 1305, 1306, 1307, 1308, 1309, 1310, 1311, 1312
2025-02-18 18:30:48,273 - INFO - 1313, 1314, 1315, 1316, 1317, 1318, 1319, 1320, 1321, 1322
2025-02-18 18:30:48,273 - INFO - 1323, 1324, 1325, 1326, 1327, 1328, 1329, 1330, 1331, 1332
2025-02-18 18:30:48,273 - INFO - 1333, 1334, 1335, 1336, 1337, 1338, 1339, 1340, 1341, 1342
2025-02-18 18:30:48,273 - INFO - 1343, 1344, 1345, 1346, 1347, 1348, 1349, 1350, 1351, 1352
2025-02-18 18:30:48,273 - INFO - 1353, 1354, 1355, 1356, 1357, 1358, 1359, 1360, 1361, 1362
2025-02-18 18:30:48,273 - INFO - 1363, 1364, 1365, 1366, 1367, 1368, 1370, 1371, 1372, 1373
2025-02-18 18:30:48,274 - INFO - 1374, 1375, 1376, 1377, 1378, 1379, 1380, 1381, 1382, 1383
2025-02-18 18:30:48,274 - INFO - 1384, 1385, 1386, 1387, 1388, 1389, 1390, 1391, 1392, 1393
2025-02-18 18:30:48,274 - INFO - 1394, 1395, 1396, 1397, 1398, 1399, 1400, 1401, 1402, 1403
2025-02-18 18:30:48,274 - INFO - 1404, 1405, 1406, 1407, 1408, 1409, 1410, 1411, 1412, 1413
2025-02-18 18:30:48,274 - INFO - 1414, 1415, 1416, 1417, 1418, 1419, 1420, 1421, 1422, 1423
2025-02-18 18:30:48,274 - INFO - 1424, 1425, 1426, 1427, 1428, 1429, 1430, 1431, 1432, 1433
2025-02-18 18:30:48,274 - INFO - 1434, 1435, 1436, 1437, 1438, 1439, 1440, 1441, 1442, 1443
2025-02-18 18:30:48,275 - INFO - 1444, 1445, 1446, 1447, 1448, 1449, 1450, 1451, 1452, 1453
2025-02-18 18:30:48,275 - INFO - 1454, 1455, 1456, 1457, 1458, 1459, 1460, 1461, 1462, 1463
2025-02-18 18:30:48,275 - INFO - 1464, 1465, 1466, 1467, 1468, 1469, 1470, 1471, 1472, 1473
2025-02-18 18:30:48,275 - INFO - 1474, 1475, 1476, 1477, 1478, 1479, 1480, 1481, 1482, 1483
2025-02-18 18:30:48,275 - INFO - 1484, 1485, 1486, 1487, 1488, 1489, 1490, 1491, 1492, 1493
2025-02-18 18:30:48,275 - INFO - 1494, 1495, 1496, 1497, 1498, 1499, 1500, 1501, 1502, 1503
2025-02-18 18:30:48,275 - INFO - 1504, 1505, 1506, 1507, 1508, 1509, 1510, 1511, 1512, 1513
2025-02-18 18:30:48,275 - INFO - 1514, 1515, 1516, 1517, 1518, 1519, 1520, 1521, 1522, 1523
2025-02-18 18:30:48,276 - INFO - 1524, 1525, 1526, 1527, 1528, 1529, 1530, 1531, 1532, 1533
2025-02-18 18:30:48,276 - INFO - 1534, 1535, 1536, 1537, 1538, 1539, 1540, 1541, 1542, 1543
2025-02-18 18:30:48,276 - INFO - 1544, 1545, 1546, 1547, 1548, 1549, 1550, 1551, 1552, 1553
2025-02-18 18:30:48,276 - INFO - 1554, 1555, 1556, 1557, 1558, 1559, 1560, 1561, 1562, 1563
2025-02-18 18:30:48,276 - INFO - 1564, 1565, 1566, 1567, 1568, 1569, 1570, 1571, 1572, 1573
2025-02-18 18:30:48,276 - INFO - 1574, 1575, 1576, 1577, 1578, 1579, 1580, 1581, 1582, 1583
2025-02-18 18:30:48,276 - INFO - 1584, 1585, 1586, 1587, 1588, 1589, 1590, 1591, 1592, 1593
2025-02-18 18:30:48,277 - INFO - 1594, 1595, 1597, 1600, 1602, 1605, 1612, 1613, 1614, 1615
2025-02-18 18:30:48,277 - INFO - 1616, 1620
2025-02-18 18:30:48,278 - INFO - 
KMeans Cluster 1:
2025-02-18 18:30:48,278 - INFO - Behavior distribution (including Exp):
2025-02-18 18:30:48,278 - INFO - - Exp: 61.37% (440 occurrences)
2025-02-18 18:30:48,279 - INFO - - Clim: 29.43% (211 occurrences)
2025-02-18 18:30:48,279 - INFO - - Sta: 5.44% (39 occurrences)
2025-02-18 18:30:48,279 - INFO - - Stiff: 2.93% (21 occurrences)
2025-02-18 18:30:48,279 - INFO - - Gro: 0.84% (6 occurrences)
2025-02-18 18:30:48,280 - INFO - 
Total timestamps in cluster: 717
2025-02-18 18:30:48,280 - INFO - 
Timestamps:
2025-02-18 18:30:48,280 - INFO - 332, 333, 345, 348, 350, 664, 701, 702, 709, 712
2025-02-18 18:30:48,280 - INFO - 713, 718, 720, 723, 724, 725, 726, 727, 728, 729
2025-02-18 18:30:48,280 - INFO - 730, 731, 732, 735, 736, 737, 739, 740, 741, 742
2025-02-18 18:30:48,281 - INFO - 743, 744, 745, 746, 747, 748, 749, 750, 751, 752
2025-02-18 18:30:48,281 - INFO - 753, 755, 756, 757, 758, 759, 762, 766, 768, 771
2025-02-18 18:30:48,281 - INFO - 774, 775, 776, 778, 779, 784, 785, 786, 787, 788
2025-02-18 18:30:48,281 - INFO - 789, 790, 791, 792, 793, 794, 795, 796, 797, 798
2025-02-18 18:30:48,281 - INFO - 799, 800, 801, 803, 804, 805, 808, 809, 810, 811
2025-02-18 18:30:48,281 - INFO - 812, 1771, 1895, 1896, 1897, 1898, 1900, 1901, 1902, 1904
2025-02-18 18:30:48,281 - INFO - 1905, 1906, 1907, 1908, 1909, 1910, 1911, 1912, 1913, 1914
2025-02-18 18:30:48,282 - INFO - 1915, 1916, 1918, 1919, 1920, 1921, 1923, 1924, 1925, 1926
2025-02-18 18:30:48,282 - INFO - 1927, 1928, 1929, 1930, 1931, 1932, 1933, 1934, 1935, 1936
2025-02-18 18:30:48,282 - INFO - 1937, 1938, 1939, 1940, 1941, 1942, 1943, 1944, 1945, 1946
2025-02-18 18:30:48,282 - INFO - 1947, 1948, 1949, 1950, 1951, 1952, 1953, 1954, 1955, 1956
2025-02-18 18:30:48,282 - INFO - 1957, 1958, 1959, 1960, 1961, 1962, 1963, 1964, 1965, 1966
2025-02-18 18:30:48,282 - INFO - 1967, 1968, 1969, 1970, 1971, 1972, 1973, 1974, 1975, 1976
2025-02-18 18:30:48,282 - INFO - 1977, 1978, 1979, 1980, 1981, 1982, 1983, 1984, 1985, 1987
2025-02-18 18:30:48,283 - INFO - 1988, 1989, 1990, 1991, 1992, 1993, 1994, 1995, 1996, 1997
2025-02-18 18:30:48,283 - INFO - 1998, 1999, 2000, 2001, 2002, 2003, 2004, 2005, 2006, 2007
2025-02-18 18:30:48,283 - INFO - 2008, 2009, 2010, 2011, 2012, 2013, 2014, 2015, 2016, 2017
2025-02-18 18:30:48,283 - INFO - 2019, 2020, 2021, 2022, 2023, 2024, 2025, 2026, 2027, 2028
2025-02-18 18:30:48,283 - INFO - 2029, 2030, 2031, 2032, 2033, 2034, 2035, 2036, 2037, 2038
2025-02-18 18:30:48,283 - INFO - 2039, 2040, 2041, 2042, 2043, 2044, 2045, 2046, 2047, 2048
2025-02-18 18:30:48,283 - INFO - 2049, 2050, 2051, 2052, 2053, 2054, 2055, 2056, 2057, 2058
2025-02-18 18:30:48,284 - INFO - 2059, 2060, 2061, 2062, 2063, 2064, 2065, 2066, 2067, 2068
2025-02-18 18:30:48,284 - INFO - 2069, 2070, 2071, 2072, 2073, 2074, 2075, 2076, 2077, 2078
2025-02-18 18:30:48,284 - INFO - 2079, 2080, 2081, 2082, 2083, 2084, 2085, 2086, 2087, 2088
2025-02-18 18:30:48,284 - INFO - 2089, 2090, 2092, 2093, 2096, 2097, 2098, 2099, 2100, 2101
2025-02-18 18:30:48,284 - INFO - 2102, 2103, 2104, 2105, 2106, 2107, 2108, 2109, 2110, 2111
2025-02-18 18:30:48,284 - INFO - 2112, 2113, 2114, 2115, 2116, 2117, 2118, 2119, 2120, 2121
2025-02-18 18:30:48,284 - INFO - 2122, 2123, 2124, 2126, 2127, 2128, 2129, 2130, 2131, 2132
2025-02-18 18:30:48,285 - INFO - 2133, 2134, 2135, 2136, 2137, 2138, 2139, 2140, 2141, 2143
2025-02-18 18:30:48,285 - INFO - 2144, 2145, 2146, 2147, 2148, 2149, 2150, 2151, 2152, 2153
2025-02-18 18:30:48,285 - INFO - 2154, 2155, 2156, 2157, 2158, 2159, 2161, 2162, 2163, 2164
2025-02-18 18:30:48,285 - INFO - 2165, 2166, 2167, 2168, 2169, 2170, 2171, 2172, 2173, 2174
2025-02-18 18:30:48,285 - INFO - 2175, 2176, 2177, 2178, 2179, 2180, 2181, 2182, 2183, 2184
2025-02-18 18:30:48,285 - INFO - 2185, 2186, 2187, 2188, 2189, 2190, 2191, 2192, 2193, 2194
2025-02-18 18:30:48,286 - INFO - 2195, 2196, 2197, 2198, 2199, 2200, 2201, 2202, 2203, 2204
2025-02-18 18:30:48,286 - INFO - 2205, 2206, 2207, 2208, 2209, 2210, 2211, 2212, 2213, 2214
2025-02-18 18:30:48,286 - INFO - 2215, 2216, 2217, 2218, 2219, 2220, 2221, 2222, 2223, 2224
2025-02-18 18:30:48,286 - INFO - 2225, 2226, 2227, 2228, 2229, 2230, 2231, 2232, 2233, 2234
2025-02-18 18:30:48,286 - INFO - 2235, 2236, 2237, 2238, 2239, 2240, 2241, 2242, 2243, 2244
2025-02-18 18:30:48,286 - INFO - 2245, 2246, 2247, 2248, 2249, 2250, 2251, 2252, 2253, 2254
2025-02-18 18:30:48,286 - INFO - 2255, 2256, 2257, 2258, 2259, 2260, 2261, 2262, 2263, 2264
2025-02-18 18:30:48,287 - INFO - 2265, 2266, 2267, 2268, 2269, 2270, 2271, 2272, 2273, 2274
2025-02-18 18:30:48,287 - INFO - 2275, 2276, 2277, 2278, 2279, 2280, 2281, 2282, 2283, 2284
2025-02-18 18:30:48,287 - INFO - 2285, 2286, 2287, 2288, 2289, 2290, 2291, 2292, 2293, 2294
2025-02-18 18:30:48,287 - INFO - 2295, 2296, 2297, 2298, 2299, 2300, 2301, 2302, 2303, 2305
2025-02-18 18:30:48,287 - INFO - 2306, 2307, 2308, 2309, 2312, 2313, 2314, 2316, 2317, 2318
2025-02-18 18:30:48,287 - INFO - 2319, 2320, 2321, 2323, 2324, 2332, 2336, 2339, 2377, 2593
2025-02-18 18:30:48,287 - INFO - 2594, 2598, 2600, 2601, 2602, 2603, 2604, 2606, 2612, 2621
2025-02-18 18:30:48,287 - INFO - 2631, 2787, 2788, 2789, 2790, 2791, 2792, 2800, 2801, 2802
2025-02-18 18:30:48,288 - INFO - 2803, 2804, 2805, 2806, 2807, 2808, 2809, 2810, 2811, 2812
2025-02-18 18:30:48,288 - INFO - 2813, 2814, 2815, 2816, 2817, 2818, 2819, 2820, 2821, 2822
2025-02-18 18:30:48,288 - INFO - 2823, 2824, 2825, 2826, 2827, 2828, 2829, 2830, 2831, 2832
2025-02-18 18:30:48,288 - INFO - 2833, 2834, 2835, 2836, 2837, 2838, 2839, 2840, 2841, 2842
2025-02-18 18:30:48,288 - INFO - 2843, 2844, 2845, 2846, 2847, 2848, 2849, 2850, 2851, 2852
2025-02-18 18:30:48,288 - INFO - 2853, 2854, 2855, 2856, 2857, 2858, 2859, 2860, 2861, 2862
2025-02-18 18:30:48,289 - INFO - 2863, 2864, 2865, 2866, 2867, 2868, 2869, 2870, 2871, 2872
2025-02-18 18:30:48,289 - INFO - 2873, 2874, 2875, 2876, 2877, 2878, 2879, 2880, 2881, 2882
2025-02-18 18:30:48,289 - INFO - 2883, 2884, 2885, 2886, 2887, 2888, 2889, 2890, 2891, 2892
2025-02-18 18:30:48,289 - INFO - 2893, 2894, 2895, 2896, 2897, 2898, 2899, 2900, 2901, 2902
2025-02-18 18:30:48,289 - INFO - 2903, 2904, 2905, 2906, 2907, 2908, 2909, 2910, 2911, 2912
2025-02-18 18:30:48,289 - INFO - 2913, 2914, 2915, 2916, 2917, 2918, 2919, 2920, 2921, 2922
2025-02-18 18:30:48,289 - INFO - 2923, 2924, 2925, 2926, 2927, 2928, 2929, 2930, 2931, 2932
2025-02-18 18:30:48,290 - INFO - 2933, 2934, 2935, 2936, 2937, 2938, 2939, 2940, 2941, 2942
2025-02-18 18:30:48,290 - INFO - 2943, 2944, 2945, 2946, 2947, 2948, 2949, 2950, 2951, 2952
2025-02-18 18:30:48,290 - INFO - 2953, 2954, 2955, 2956, 2957, 2958, 2959, 2960, 2961, 2962
2025-02-18 18:30:48,290 - INFO - 2963, 2964, 2965, 2966, 2967, 2968, 2969, 2970, 2971, 2972
2025-02-18 18:30:48,290 - INFO - 2973, 2974, 2975, 2976, 2977, 2978, 2979, 2980, 2981, 2982
2025-02-18 18:30:48,290 - INFO - 2983, 2984, 2985, 2986, 2987, 2988, 2989, 2990, 2991, 2992
2025-02-18 18:30:48,291 - INFO - 2993, 2994, 2995, 2996, 2997, 2998, 2999
2025-02-18 18:30:48,292 - INFO - 
KMeans Cluster 2:
2025-02-18 18:30:48,292 - INFO - Behavior distribution (including Exp):
2025-02-18 18:30:48,292 - INFO - - Exp: 79.54% (661 occurrences)
2025-02-18 18:30:48,292 - INFO - - Gro: 13.6% (113 occurrences)
2025-02-18 18:30:48,292 - INFO - - Sta: 4.81% (40 occurrences)
2025-02-18 18:30:48,292 - INFO - - Clim: 1.93% (16 occurrences)
2025-02-18 18:30:48,293 - INFO - - CD1: 0.12% (1 occurrences)
2025-02-18 18:30:48,293 - INFO - 
Total timestamps in cluster: 831
2025-02-18 18:30:48,293 - INFO - 
Timestamps:
2025-02-18 18:30:48,293 - INFO - 1, 2, 3, 4, 5, 6, 7, 8, 9, 10
2025-02-18 18:30:48,293 - INFO - 11, 12, 13, 14, 15, 16, 17, 18, 19, 20
2025-02-18 18:30:48,294 - INFO - 21, 22, 23, 24, 25, 26, 27, 28, 29, 30
2025-02-18 18:30:48,294 - INFO - 31, 32, 33, 34, 35, 36, 37, 38, 39, 40
2025-02-18 18:30:48,294 - INFO - 41, 42, 43, 44, 45, 46, 47, 48, 49, 50
2025-02-18 18:30:48,294 - INFO - 51, 52, 53, 54, 55, 56, 57, 58, 59, 60
2025-02-18 18:30:48,294 - INFO - 61, 62, 63, 64, 65, 66, 67, 68, 69, 70
2025-02-18 18:30:48,294 - INFO - 71, 72, 73, 74, 75, 76, 77, 78, 79, 80
2025-02-18 18:30:48,295 - INFO - 81, 82, 83, 84, 85, 86, 87, 88, 89, 90
2025-02-18 18:30:48,295 - INFO - 91, 92, 93, 94, 95, 96, 98, 99, 100, 101
2025-02-18 18:30:48,295 - INFO - 102, 103, 104, 105, 106, 107, 109, 110, 111, 112
2025-02-18 18:30:48,295 - INFO - 113, 114, 115, 116, 117, 118, 119, 120, 122, 123
2025-02-18 18:30:48,295 - INFO - 124, 125, 126, 128, 129, 130, 131, 132, 133, 134
2025-02-18 18:30:48,295 - INFO - 135, 136, 137, 138, 139, 140, 141, 142, 143, 146
2025-02-18 18:30:48,295 - INFO - 147, 148, 149, 150, 151, 152, 153, 154, 155, 156
2025-02-18 18:30:48,296 - INFO - 157, 158, 159, 160, 161, 162, 163, 164, 165, 166
2025-02-18 18:30:48,296 - INFO - 167, 168, 169, 170, 171, 172, 173, 174, 175, 176
2025-02-18 18:30:48,296 - INFO - 177, 178, 179, 180, 181, 182, 183, 184, 185, 186
2025-02-18 18:30:48,296 - INFO - 187, 188, 189, 190, 191, 192, 193, 194, 195, 196
2025-02-18 18:30:48,296 - INFO - 197, 198, 199, 200, 201, 202, 203, 204, 205, 206
2025-02-18 18:30:48,296 - INFO - 207, 208, 209, 210, 211, 212, 213, 214, 215, 216
2025-02-18 18:30:48,297 - INFO - 217, 218, 219, 220, 221, 222, 223, 224, 225, 226
2025-02-18 18:30:48,297 - INFO - 227, 228, 229, 230, 231, 232, 233, 234, 235, 236
2025-02-18 18:30:48,297 - INFO - 237, 238, 239, 240, 241, 242, 243, 244, 245, 246
2025-02-18 18:30:48,297 - INFO - 247, 248, 249, 250, 251, 252, 253, 254, 255, 256
2025-02-18 18:30:48,297 - INFO - 257, 258, 259, 260, 261, 262, 263, 264, 265, 266
2025-02-18 18:30:48,297 - INFO - 267, 268, 269, 270, 271, 272, 273, 274, 275, 276
2025-02-18 18:30:48,298 - INFO - 277, 278, 279, 280, 281, 282, 283, 284, 285, 286
2025-02-18 18:30:48,298 - INFO - 287, 288, 289, 290, 291, 292, 293, 294, 295, 296
2025-02-18 18:30:48,298 - INFO - 297, 298, 299, 300, 301, 302, 303, 304, 305, 306
2025-02-18 18:30:48,298 - INFO - 307, 308, 309, 311, 312, 313, 314, 315, 316, 317
2025-02-18 18:30:48,298 - INFO - 318, 319, 320, 321, 322, 323, 324, 325, 326, 327
2025-02-18 18:30:48,298 - INFO - 329, 330, 331, 334, 335, 337, 338, 340, 342, 343
2025-02-18 18:30:48,298 - INFO - 344, 346, 347, 349, 351, 352, 353, 354, 355, 356
2025-02-18 18:30:48,298 - INFO - 357, 358, 359, 360, 361, 362, 363, 364, 365, 366
2025-02-18 18:30:48,299 - INFO - 367, 368, 369, 370, 371, 372, 373, 374, 375, 376
2025-02-18 18:30:48,299 - INFO - 377, 378, 379, 380, 381, 382, 383, 384, 385, 386
2025-02-18 18:30:48,299 - INFO - 387, 388, 389, 390, 391, 392, 393, 394, 395, 396
2025-02-18 18:30:48,299 - INFO - 397, 398, 399, 400, 401, 402, 403, 404, 405, 406
2025-02-18 18:30:48,299 - INFO - 407, 408, 409, 410, 411, 412, 413, 414, 415, 416
2025-02-18 18:30:48,299 - INFO - 417, 418, 419, 420, 421, 422, 423, 424, 425, 426
2025-02-18 18:30:48,299 - INFO - 427, 428, 429, 430, 431, 432, 433, 434, 435, 436
2025-02-18 18:30:48,300 - INFO - 437, 438, 439, 440, 441, 442, 443, 444, 445, 446
2025-02-18 18:30:48,300 - INFO - 447, 448, 449, 450, 451, 452, 453, 454, 455, 456
2025-02-18 18:30:48,300 - INFO - 457, 458, 459, 460, 461, 462, 463, 464, 465, 466
2025-02-18 18:30:48,300 - INFO - 467, 468, 469, 470, 471, 472, 473, 474, 475, 476
2025-02-18 18:30:48,300 - INFO - 477, 478, 479, 480, 481, 482, 483, 484, 485, 486
2025-02-18 18:30:48,300 - INFO - 487, 488, 489, 490, 491, 492, 493, 494, 495, 496
2025-02-18 18:30:48,300 - INFO - 497, 498, 499, 500, 501, 502, 503, 504, 505, 506
2025-02-18 18:30:48,301 - INFO - 507, 508, 509, 510, 511, 512, 513, 514, 515, 516
2025-02-18 18:30:48,301 - INFO - 517, 518, 519, 520, 521, 522, 523, 524, 525, 526
2025-02-18 18:30:48,301 - INFO - 527, 528, 529, 530, 531, 532, 533, 534, 535, 536
2025-02-18 18:30:48,301 - INFO - 537, 538, 539, 540, 541, 542, 543, 544, 545, 546
2025-02-18 18:30:48,301 - INFO - 547, 548, 549, 550, 551, 552, 553, 554, 555, 556
2025-02-18 18:30:48,301 - INFO - 557, 558, 559, 560, 561, 562, 563, 564, 565, 566
2025-02-18 18:30:48,302 - INFO - 567, 568, 569, 570, 571, 572, 573, 574, 575, 576
2025-02-18 18:30:48,302 - INFO - 577, 578, 579, 580, 581, 582, 583, 584, 585, 586
2025-02-18 18:30:48,302 - INFO - 587, 588, 589, 590, 591, 592, 593, 594, 595, 596
2025-02-18 18:30:48,302 - INFO - 597, 598, 599, 600, 601, 602, 603, 604, 605, 606
2025-02-18 18:30:48,302 - INFO - 607, 608, 609, 610, 611, 612, 613, 614, 615, 616
2025-02-18 18:30:48,302 - INFO - 617, 618, 619, 620, 621, 622, 623, 624, 625, 626
2025-02-18 18:30:48,303 - INFO - 627, 628, 629, 630, 631, 632, 633, 634, 635, 636
2025-02-18 18:30:48,303 - INFO - 637, 638, 639, 640, 641, 642, 643, 644, 645, 646
2025-02-18 18:30:48,303 - INFO - 647, 648, 649, 650, 651, 652, 653, 654, 655, 656
2025-02-18 18:30:48,303 - INFO - 657, 658, 659, 660, 661, 662, 663, 665, 666, 667
2025-02-18 18:30:48,303 - INFO - 668, 669, 670, 671, 672, 673, 674, 675, 676, 677
2025-02-18 18:30:48,303 - INFO - 678, 679, 680, 681, 682, 683, 684, 685, 686, 687
2025-02-18 18:30:48,304 - INFO - 688, 689, 690, 691, 692, 693, 694, 695, 696, 697
2025-02-18 18:30:48,304 - INFO - 698, 699, 700, 703, 704, 705, 706, 707, 708, 710
2025-02-18 18:30:48,304 - INFO - 711, 714, 715, 716, 717, 719, 721, 722, 733, 734
2025-02-18 18:30:48,304 - INFO - 738, 754, 760, 761, 763, 764, 765, 767, 769, 770
2025-02-18 18:30:48,304 - INFO - 772, 773, 777, 780, 781, 782, 783, 1860, 1888, 1891
2025-02-18 18:30:48,304 - INFO - 1893, 1899, 1903, 2352, 2353, 2644, 2652, 2656, 2658, 2669
2025-02-18 18:30:48,304 - INFO - 2672, 2682, 2686, 2687, 2688, 2691, 2692, 2694, 2695, 2697
2025-02-18 18:30:48,304 - INFO - 2698, 2699, 2700, 2701, 2702, 2703, 2704, 2705, 2706, 2707
2025-02-18 18:30:48,304 - INFO - 2708, 2709, 2710, 2711, 2712, 2713, 2714, 2715, 2716, 2717
2025-02-18 18:30:48,305 - INFO - 2718, 2719, 2720, 2721, 2722, 2723, 2724, 2725, 2726, 2727
2025-02-18 18:30:48,305 - INFO - 2728, 2729, 2730, 2731, 2732, 2733, 2734, 2735, 2736, 2737
2025-02-18 18:30:48,305 - INFO - 2738, 2739, 2740, 2741, 2742, 2743, 2744, 2745, 2746, 2747
2025-02-18 18:30:48,305 - INFO - 2748, 2749, 2750, 2751, 2752, 2753, 2754, 2755, 2756, 2757
2025-02-18 18:30:48,305 - INFO - 2758, 2759, 2760, 2761, 2762, 2763, 2764, 2765, 2766, 2767
2025-02-18 18:30:48,305 - INFO - 2768, 2769, 2770, 2771, 2772, 2773, 2774, 2775, 2776, 2777
2025-02-18 18:30:48,305 - INFO - 2778, 2779, 2780, 2781, 2782, 2783, 2786, 2795, 2797, 2798
2025-02-18 18:30:48,305 - INFO - 2799
2025-02-18 18:30:48,306 - INFO - 
KMeans Cluster 3:
2025-02-18 18:30:48,307 - INFO - Behavior distribution (including Exp):
2025-02-18 18:30:48,307 - INFO - - Exp: 87.41% (576 occurrences)
2025-02-18 18:30:48,307 - INFO - - Clim: 11.08% (73 occurrences)
2025-02-18 18:30:48,307 - INFO - - Gro: 1.21% (8 occurrences)
2025-02-18 18:30:48,307 - INFO - - Sta: 0.3% (2 occurrences)
2025-02-18 18:30:48,308 - INFO - 
Total timestamps in cluster: 659
2025-02-18 18:30:48,308 - INFO - 
Timestamps:
2025-02-18 18:30:48,308 - INFO - 97, 108, 121, 127, 144, 145, 310, 328, 336, 339
2025-02-18 18:30:48,309 - INFO - 341, 802, 806, 807, 1369, 1596, 1598, 1599, 1601, 1603
2025-02-18 18:30:48,309 - INFO - 1604, 1606, 1607, 1608, 1609, 1610, 1611, 1617, 1618, 1619
2025-02-18 18:30:48,309 - INFO - 1621, 1622, 1623, 1624, 1625, 1626, 1627, 1628, 1629, 1630
2025-02-18 18:30:48,309 - INFO - 1631, 1632, 1633, 1634, 1635, 1636, 1637, 1638, 1639, 1640
2025-02-18 18:30:48,309 - INFO - 1641, 1642, 1643, 1644, 1645, 1646, 1647, 1648, 1649, 1650
2025-02-18 18:30:48,310 - INFO - 1651, 1652, 1653, 1654, 1655, 1656, 1657, 1658, 1659, 1660
2025-02-18 18:30:48,310 - INFO - 1661, 1662, 1663, 1664, 1665, 1666, 1667, 1668, 1669, 1670
2025-02-18 18:30:48,310 - INFO - 1671, 1672, 1673, 1674, 1675, 1676, 1677, 1678, 1679, 1680
2025-02-18 18:30:48,310 - INFO - 1681, 1682, 1683, 1684, 1685, 1686, 1687, 1688, 1689, 1690
2025-02-18 18:30:48,310 - INFO - 1691, 1692, 1693, 1694, 1695, 1696, 1697, 1698, 1699, 1700
2025-02-18 18:30:48,310 - INFO - 1701, 1702, 1703, 1704, 1705, 1706, 1707, 1708, 1709, 1710
2025-02-18 18:30:48,311 - INFO - 1711, 1712, 1713, 1714, 1715, 1716, 1717, 1718, 1719, 1720
2025-02-18 18:30:48,311 - INFO - 1721, 1722, 1723, 1724, 1725, 1726, 1727, 1728, 1729, 1730
2025-02-18 18:30:48,311 - INFO - 1731, 1732, 1733, 1734, 1735, 1736, 1737, 1738, 1739, 1740
2025-02-18 18:30:48,311 - INFO - 1741, 1742, 1743, 1744, 1745, 1746, 1747, 1748, 1749, 1750
2025-02-18 18:30:48,311 - INFO - 1751, 1752, 1753, 1754, 1755, 1756, 1757, 1758, 1759, 1760
2025-02-18 18:30:48,311 - INFO - 1761, 1762, 1763, 1764, 1765, 1766, 1767, 1768, 1769, 1770
2025-02-18 18:30:48,311 - INFO - 1772, 1773, 1774, 1775, 1776, 1777, 1778, 1779, 1780, 1781
2025-02-18 18:30:48,312 - INFO - 1782, 1783, 1784, 1785, 1786, 1787, 1788, 1789, 1790, 1791
2025-02-18 18:30:48,312 - INFO - 1792, 1793, 1794, 1795, 1796, 1797, 1798, 1799, 1800, 1801
2025-02-18 18:30:48,312 - INFO - 1802, 1803, 1804, 1805, 1806, 1807, 1808, 1809, 1810, 1811
2025-02-18 18:30:48,312 - INFO - 1812, 1813, 1814, 1815, 1816, 1817, 1818, 1819, 1820, 1821
2025-02-18 18:30:48,312 - INFO - 1822, 1823, 1824, 1825, 1826, 1827, 1828, 1829, 1830, 1831
2025-02-18 18:30:48,312 - INFO - 1832, 1833, 1834, 1835, 1836, 1837, 1838, 1839, 1840, 1841
2025-02-18 18:30:48,313 - INFO - 1842, 1843, 1844, 1845, 1846, 1847, 1848, 1849, 1850, 1851
2025-02-18 18:30:48,313 - INFO - 1852, 1853, 1854, 1855, 1856, 1857, 1858, 1859, 1861, 1862
2025-02-18 18:30:48,313 - INFO - 1863, 1864, 1865, 1866, 1867, 1868, 1869, 1870, 1871, 1872
2025-02-18 18:30:48,313 - INFO - 1873, 1874, 1875, 1876, 1877, 1878, 1879, 1880, 1881, 1882
2025-02-18 18:30:48,313 - INFO - 1883, 1884, 1885, 1886, 1887, 1889, 1890, 1892, 1894, 1917
2025-02-18 18:30:48,313 - INFO - 1922, 1986, 2018, 2091, 2094, 2095, 2125, 2142, 2160, 2304
2025-02-18 18:30:48,314 - INFO - 2310, 2311, 2315, 2322, 2325, 2326, 2327, 2328, 2329, 2330
2025-02-18 18:30:48,314 - INFO - 2331, 2333, 2334, 2335, 2337, 2338, 2340, 2341, 2342, 2343
2025-02-18 18:30:48,314 - INFO - 2344, 2345, 2346, 2347, 2348, 2349, 2350, 2351, 2354, 2355
2025-02-18 18:30:48,314 - INFO - 2356, 2357, 2358, 2359, 2360, 2361, 2362, 2363, 2364, 2365
2025-02-18 18:30:48,314 - INFO - 2366, 2367, 2368, 2369, 2370, 2371, 2372, 2373, 2374, 2375
2025-02-18 18:30:48,314 - INFO - 2376, 2378, 2379, 2380, 2381, 2382, 2383, 2384, 2385, 2386
2025-02-18 18:30:48,314 - INFO - 2387, 2388, 2389, 2390, 2391, 2392, 2393, 2394, 2395, 2396
2025-02-18 18:30:48,315 - INFO - 2397, 2398, 2399, 2400, 2401, 2402, 2403, 2404, 2405, 2406
2025-02-18 18:30:48,315 - INFO - 2407, 2408, 2409, 2410, 2411, 2412, 2413, 2414, 2415, 2416
2025-02-18 18:30:48,315 - INFO - 2417, 2418, 2419, 2420, 2421, 2422, 2423, 2424, 2425, 2426
2025-02-18 18:30:48,315 - INFO - 2427, 2428, 2429, 2430, 2431, 2432, 2433, 2434, 2435, 2436
2025-02-18 18:30:48,315 - INFO - 2437, 2438, 2439, 2440, 2441, 2442, 2443, 2444, 2445, 2446
2025-02-18 18:30:48,315 - INFO - 2447, 2448, 2449, 2450, 2451, 2452, 2453, 2454, 2455, 2456
2025-02-18 18:30:48,315 - INFO - 2457, 2458, 2459, 2460, 2461, 2462, 2463, 2464, 2465, 2466
2025-02-18 18:30:48,316 - INFO - 2467, 2468, 2469, 2470, 2471, 2472, 2473, 2474, 2475, 2476
2025-02-18 18:30:48,316 - INFO - 2477, 2478, 2479, 2480, 2481, 2482, 2483, 2484, 2485, 2486
2025-02-18 18:30:48,316 - INFO - 2487, 2488, 2489, 2490, 2491, 2492, 2493, 2494, 2495, 2496
2025-02-18 18:30:48,316 - INFO - 2497, 2498, 2499, 2500, 2501, 2502, 2503, 2504, 2505, 2506
2025-02-18 18:30:48,316 - INFO - 2507, 2508, 2509, 2510, 2511, 2512, 2513, 2514, 2515, 2516
2025-02-18 18:30:48,316 - INFO - 2517, 2518, 2519, 2520, 2521, 2522, 2523, 2524, 2525, 2526
2025-02-18 18:30:48,317 - INFO - 2527, 2528, 2529, 2530, 2531, 2532, 2533, 2534, 2535, 2536
2025-02-18 18:30:48,317 - INFO - 2537, 2538, 2539, 2540, 2541, 2542, 2543, 2544, 2545, 2546
2025-02-18 18:30:48,317 - INFO - 2547, 2548, 2549, 2550, 2551, 2552, 2553, 2554, 2555, 2556
2025-02-18 18:30:48,317 - INFO - 2557, 2558, 2559, 2560, 2561, 2562, 2563, 2564, 2565, 2566
2025-02-18 18:30:48,317 - INFO - 2567, 2568, 2569, 2570, 2571, 2572, 2573, 2574, 2575, 2576
2025-02-18 18:30:48,317 - INFO - 2577, 2578, 2579, 2580, 2581, 2582, 2583, 2584, 2585, 2586
2025-02-18 18:30:48,317 - INFO - 2587, 2588, 2589, 2590, 2591, 2592, 2595, 2596, 2597, 2599
2025-02-18 18:30:48,318 - INFO - 2605, 2607, 2608, 2609, 2610, 2611, 2613, 2614, 2615, 2616
2025-02-18 18:30:48,318 - INFO - 2617, 2618, 2619, 2620, 2622, 2623, 2624, 2625, 2626, 2627
2025-02-18 18:30:48,318 - INFO - 2628, 2629, 2630, 2632, 2633, 2634, 2635, 2636, 2637, 2638
2025-02-18 18:30:48,318 - INFO - 2639, 2640, 2641, 2642, 2643, 2645, 2646, 2647, 2648, 2649
2025-02-18 18:30:48,318 - INFO - 2650, 2651, 2653, 2654, 2655, 2657, 2659, 2660, 2661, 2662
2025-02-18 18:30:48,318 - INFO - 2663, 2664, 2665, 2666, 2667, 2668, 2670, 2671, 2673, 2674
2025-02-18 18:30:48,319 - INFO - 2675, 2676, 2677, 2678, 2679, 2680, 2681, 2683, 2684, 2685
2025-02-18 18:30:48,319 - INFO - 2689, 2690, 2693, 2696, 2784, 2785, 2793, 2794, 2796
2025-02-18 18:30:48,319 - INFO - 
Clustering analysis complete!
