2025-02-12 16:36:59,482 - INFO - Starting clustering analysis, results will be saved to: ../result\clustering_DBSCAN_20250212_163659.log
2025-02-12 16:36:59,483 - INFO - Using algorithms: DBSCAN
2025-02-12 16:37:11,628 - INFO - Loaded data from ../datasets\Day6_topology_matrix.xlsx and ../datasets\Day6_with_behavior_labels_filled.xlsx
2025-02-12 16:37:11,636 - INFO - Data shape after excluding 'Exp' behavior: (542, 633)
2025-02-12 16:37:11,636 - INFO - 
==================================================
2025-02-12 16:37:11,636 - INFO - Executing DBSCAN clustering algorithm
2025-02-12 16:37:11,636 - INFO - ==================================================
2025-02-12 16:37:21,440 - INFO - Using parameters: {'eps': np.float64(14.183207639129462), 'min_samples': 5}
2025-02-12 16:37:24,999 - INFO - 
Noise points:
2025-02-12 16:37:24,999 - INFO - Behavior distribution:
2025-02-12 16:37:25,000 - INFO - - Gro: 47.17% (25 occurrences)
2025-02-12 16:37:25,000 - INFO - - Sta: 20.75% (11 occurrences)
2025-02-12 16:37:25,000 - INFO - - Trem: 15.09% (8 occurrences)
2025-02-12 16:37:25,000 - INFO - - Scra: 15.09% (8 occurrences)
2025-02-12 16:37:25,000 - INFO - - CD1: 1.89% (1 occurrences)
2025-02-12 16:37:25,000 - INFO - 
Timestamps:
2025-02-12 16:37:25,000 - INFO - 421, 657, 660, 666, 667, 668, 669, 670, 863, 865
2025-02-12 16:37:25,001 - INFO - 923, 937, 943, 945, 946, 1113, 1350, 1351, 1352, 1353
2025-02-12 16:37:25,001 - INFO - 1354, 1355, 1360, 1361, 1362, 1363, 1364, 1436, 1437, 1438
2025-02-12 16:37:25,001 - INFO - 1439, 1440, 1441, 1442, 1443, 1570, 1586, 1589, 1594, 1612
2025-02-12 16:37:25,001 - INFO - 1614, 1618, 1620, 1636, 1653, 1663, 1669, 1672, 1676, 1677
2025-02-12 16:37:25,001 - INFO - 1679, 1687, 1691
2025-02-12 16:37:25,002 - INFO - 
DBSCAN Cluster 0:
2025-02-12 16:37:25,002 - INFO - Behavior distribution:
2025-02-12 16:37:25,003 - INFO - - Gro: 86.25% (232 occurrences)
2025-02-12 16:37:25,003 - INFO - - Sta: 9.29% (25 occurrences)
2025-02-12 16:37:25,003 - INFO - - Trem: 4.09% (11 occurrences)
2025-02-12 16:37:25,003 - INFO - - Scra: 0.37% (1 occurrences)
2025-02-12 16:37:25,003 - INFO - 
Timestamps:
2025-02-12 16:37:25,003 - INFO - 234, 235, 236, 237, 238, 239, 240, 241, 242, 243
2025-02-12 16:37:25,004 - INFO - 244, 245, 246, 247, 248, 249, 250, 251, 252, 253
2025-02-12 16:37:25,004 - INFO - 254, 255, 256, 257, 258, 259, 260, 261, 262, 263
2025-02-12 16:37:25,004 - INFO - 264, 265, 266, 267, 268, 269, 270, 271, 272, 273
2025-02-12 16:37:25,004 - INFO - 274, 275, 276, 277, 278, 279, 280, 281, 282, 283
2025-02-12 16:37:25,004 - INFO - 284, 285, 286, 287, 288, 289, 290, 291, 292, 293
2025-02-12 16:37:25,004 - INFO - 294, 295, 296, 297, 298, 299, 300, 302, 303, 304
2025-02-12 16:37:25,004 - INFO - 305, 306, 307, 308, 309, 310, 311, 312, 313, 314
2025-02-12 16:37:25,004 - INFO - 315, 316, 317, 318, 319, 320, 321, 322, 323, 324
2025-02-12 16:37:25,005 - INFO - 325, 326, 327, 328, 329, 330, 331, 332, 333, 334
2025-02-12 16:37:25,005 - INFO - 335, 336, 337, 338, 339, 340, 341, 342, 343, 344
2025-02-12 16:37:25,005 - INFO - 346, 347, 348, 349, 350, 351, 352, 353, 354, 355
2025-02-12 16:37:25,005 - INFO - 356, 357, 358, 359, 360, 361, 362, 363, 364, 365
2025-02-12 16:37:25,005 - INFO - 366, 367, 368, 369, 370, 371, 372, 373, 374, 375
2025-02-12 16:37:25,005 - INFO - 376, 382, 384, 387, 390, 394, 395, 843, 844, 845
2025-02-12 16:37:25,005 - INFO - 846, 847, 848, 849, 850, 851, 852, 853, 854, 855
2025-02-12 16:37:25,006 - INFO - 856, 857, 858, 859, 860, 861, 862, 864, 866, 867
2025-02-12 16:37:25,006 - INFO - 868, 870, 871, 873, 874, 875, 876, 877, 878, 879
2025-02-12 16:37:25,006 - INFO - 880, 881, 883, 884, 892, 894, 896, 898, 899, 901
2025-02-12 16:37:25,006 - INFO - 902, 904, 907, 909, 913, 916, 918, 919, 920, 922
2025-02-12 16:37:25,006 - INFO - 927, 929, 933, 944, 1356, 1357, 1358, 1359, 1448, 1564
2025-02-12 16:37:25,006 - INFO - 1568, 1575, 1577, 1581, 1582, 1583, 1585, 1588, 1590, 1595
2025-02-12 16:37:25,007 - INFO - 1597, 1598, 1602, 1604, 1606, 1609, 1615, 1616, 1617, 1621
2025-02-12 16:37:25,007 - INFO - 1623, 1624, 1626, 1628, 1629, 1630, 1631, 1639, 1642, 1643
2025-02-12 16:37:25,007 - INFO - 1646, 1660, 1661, 1665, 1681, 1682, 1686, 1689, 1961, 1962
2025-02-12 16:37:25,007 - INFO - 1963, 1964, 1965, 1966, 1967, 1968, 1969, 1970, 1971, 1972
2025-02-12 16:37:25,007 - INFO - 1973, 1974, 1975, 1976, 1977, 1978, 1979, 1980, 1981
2025-02-12 16:37:25,008 - INFO - 
DBSCAN Cluster 1:
2025-02-12 16:37:25,009 - INFO - Behavior distribution:
2025-02-12 16:37:25,009 - INFO - - Trem: 65.82% (52 occurrences)
2025-02-12 16:37:25,009 - INFO - - Gro: 34.18% (27 occurrences)
2025-02-12 16:37:25,009 - INFO - 
Timestamps:
2025-02-12 16:37:25,009 - INFO - 377, 378, 379, 380, 381, 383, 385, 386, 388, 391
2025-02-12 16:37:25,010 - INFO - 392, 393, 396, 397, 398, 399, 400, 401, 402, 403
2025-02-12 16:37:25,010 - INFO - 404, 405, 406, 407, 408, 409, 410, 411, 412, 413
2025-02-12 16:37:25,010 - INFO - 414, 415, 416, 417, 418, 419, 420, 422, 423, 424
2025-02-12 16:37:25,010 - INFO - 425, 426, 427, 428, 429, 430, 431, 432, 433, 434
2025-02-12 16:37:25,010 - INFO - 435, 436, 869, 872, 882, 885, 886, 887, 888, 889
2025-02-12 16:37:25,011 - INFO - 890, 891, 893, 895, 897, 900, 903, 905, 906, 908
2025-02-12 16:37:25,011 - INFO - 910, 911, 914, 917, 924, 925, 926, 931, 934
2025-02-12 16:37:25,012 - INFO - 
DBSCAN Cluster 2:
2025-02-12 16:37:25,012 - INFO - Behavior distribution:
2025-02-12 16:37:25,012 - INFO - - Gro: 65.96% (93 occurrences)
2025-02-12 16:37:25,012 - INFO - - Trem: 29.79% (42 occurrences)
2025-02-12 16:37:25,013 - INFO - - Scra: 4.26% (6 occurrences)
2025-02-12 16:37:25,013 - INFO - 
Timestamps:
2025-02-12 16:37:25,013 - INFO - 301, 345, 389, 437, 438, 439, 440, 441, 442, 443
2025-02-12 16:37:25,013 - INFO - 444, 445, 446, 447, 448, 449, 450, 451, 452, 453
2025-02-12 16:37:25,013 - INFO - 454, 455, 456, 457, 458, 459, 460, 461, 462, 463
2025-02-12 16:37:25,013 - INFO - 464, 465, 466, 654, 655, 656, 658, 659, 661, 662
2025-02-12 16:37:25,014 - INFO - 663, 664, 665, 671, 912, 915, 921, 928, 930, 932
2025-02-12 16:37:25,014 - INFO - 935, 936, 938, 939, 940, 941, 942, 1444, 1445, 1446
2025-02-12 16:37:25,014 - INFO - 1447, 1449, 1450, 1557, 1558, 1559, 1560, 1561, 1562, 1563
2025-02-12 16:37:25,014 - INFO - 1565, 1566, 1567, 1569, 1571, 1572, 1573, 1574, 1576, 1578
2025-02-12 16:37:25,014 - INFO - 1579, 1580, 1584, 1587, 1591, 1592, 1593, 1596, 1599, 1600
2025-02-12 16:37:25,014 - INFO - 1601, 1603, 1605, 1607, 1608, 1610, 1611, 1613, 1619, 1622
2025-02-12 16:37:25,015 - INFO - 1625, 1627, 1632, 1633, 1634, 1635, 1637, 1638, 1640, 1641
2025-02-12 16:37:25,015 - INFO - 1644, 1645, 1647, 1648, 1649, 1650, 1651, 1652, 1654, 1655
2025-02-12 16:37:25,015 - INFO - 1656, 1657, 1658, 1659, 1662, 1664, 1666, 1667, 1668, 1670
2025-02-12 16:37:25,015 - INFO - 1671, 1673, 1674, 1675, 1678, 1680, 1683, 1684, 1685, 1688
2025-02-12 16:37:25,015 - INFO - 1690
2025-02-12 16:37:25,016 - INFO - 
Clustering analysis complete!
