2025-02-12 16:40:11,794 - INFO - Starting clustering analysis, results will be saved to: ../result\clustering_Agglomerative_20250212_164011.log
2025-02-12 16:40:11,794 - INFO - Using algorithms: Agglomerative
2025-02-12 16:40:23,592 - INFO - Loaded data from ../datasets\Day6_topology_matrix.xlsx and ../datasets\Day6_with_behavior_labels_filled.xlsx
2025-02-12 16:40:23,600 - INFO - Data shape after excluding 'Exp' behavior: (542, 633)
2025-02-12 16:40:23,600 - INFO - 
==================================================
2025-02-12 16:40:23,600 - INFO - Executing Agglomerative clustering algorithm
2025-02-12 16:40:23,600 - INFO - ==================================================
2025-02-12 16:40:37,816 - INFO - Using parameters: {'n_clusters': 5, 'linkage': 'ward'}
2025-02-12 16:40:41,839 - INFO - 
Agglomerative Cluster 0:
2025-02-12 16:40:41,839 - INFO - Behavior distribution:
2025-02-12 16:40:41,839 - INFO - - Trem: 55.66% (59 occurrences)
2025-02-12 16:40:41,839 - INFO - - Gro: 43.4% (46 occurrences)
2025-02-12 16:40:41,840 - INFO - - Scra: 0.94% (1 occurrences)
2025-02-12 16:40:41,840 - INFO - 
Timestamps:
2025-02-12 16:40:41,840 - INFO - 377, 378, 379, 380, 381, 383, 385, 386, 388, 391
2025-02-12 16:40:41,840 - INFO - 392, 393, 396, 397, 398, 399, 400, 401, 402, 403
2025-02-12 16:40:41,840 - INFO - 404, 405, 406, 407, 408, 409, 410, 411, 412, 413
2025-02-12 16:40:41,840 - INFO - 414, 415, 416, 417, 418, 419, 420, 421, 422, 423
2025-02-12 16:40:41,840 - INFO - 424, 425, 426, 427, 428, 429, 430, 431, 432, 433
2025-02-12 16:40:41,841 - INFO - 434, 435, 436, 657, 660, 666, 667, 668, 669, 869
2025-02-12 16:40:41,841 - INFO - 872, 882, 885, 886, 887, 888, 889, 890, 891, 893
2025-02-12 16:40:41,841 - INFO - 895, 897, 900, 903, 905, 906, 908, 910, 911, 914
2025-02-12 16:40:41,841 - INFO - 917, 923, 924, 925, 926, 931, 934, 937, 943, 945
2025-02-12 16:40:41,841 - INFO - 946, 1441, 1586, 1589, 1612, 1614, 1620, 1636, 1653, 1669
2025-02-12 16:40:41,841 - INFO - 1672, 1676, 1677, 1679, 1687, 1691
2025-02-12 16:40:41,842 - INFO - 
Agglomerative Cluster 1:
2025-02-12 16:40:41,842 - INFO - Behavior distribution:
2025-02-12 16:40:41,843 - INFO - - Gro: 66.2% (94 occurrences)
2025-02-12 16:40:41,843 - INFO - - Trem: 29.58% (42 occurrences)
2025-02-12 16:40:41,843 - INFO - - Scra: 4.23% (6 occurrences)
2025-02-12 16:40:41,843 - INFO - 
Timestamps:
2025-02-12 16:40:41,843 - INFO - 301, 345, 389, 437, 438, 439, 440, 441, 442, 443
2025-02-12 16:40:41,843 - INFO - 444, 445, 446, 447, 448, 449, 450, 451, 452, 453
2025-02-12 16:40:41,843 - INFO - 454, 455, 456, 457, 458, 459, 460, 461, 462, 463
2025-02-12 16:40:41,843 - INFO - 464, 465, 466, 654, 655, 656, 658, 659, 661, 662
2025-02-12 16:40:41,844 - INFO - 663, 664, 665, 671, 912, 915, 921, 928, 930, 932
2025-02-12 16:40:41,844 - INFO - 935, 936, 938, 939, 940, 941, 942, 1444, 1445, 1446
2025-02-12 16:40:41,844 - INFO - 1447, 1449, 1450, 1557, 1558, 1559, 1560, 1561, 1562, 1563
2025-02-12 16:40:41,844 - INFO - 1565, 1566, 1567, 1569, 1571, 1572, 1573, 1574, 1576, 1578
2025-02-12 16:40:41,844 - INFO - 1579, 1580, 1584, 1587, 1591, 1592, 1593, 1594, 1596, 1599
2025-02-12 16:40:41,844 - INFO - 1600, 1601, 1603, 1605, 1607, 1608, 1610, 1611, 1613, 1619
2025-02-12 16:40:41,845 - INFO - 1622, 1625, 1627, 1632, 1633, 1634, 1635, 1637, 1638, 1640
2025-02-12 16:40:41,845 - INFO - 1641, 1644, 1645, 1647, 1648, 1649, 1650, 1651, 1652, 1654
2025-02-12 16:40:41,845 - INFO - 1655, 1656, 1657, 1658, 1659, 1662, 1664, 1666, 1667, 1668
2025-02-12 16:40:41,845 - INFO - 1670, 1671, 1673, 1674, 1675, 1678, 1680, 1683, 1684, 1685
2025-02-12 16:40:41,845 - INFO - 1688, 1690
2025-02-12 16:40:41,846 - INFO - 
Agglomerative Cluster 2:
2025-02-12 16:40:41,846 - INFO - Behavior distribution:
2025-02-12 16:40:41,847 - INFO - - Gro: 80.48% (235 occurrences)
2025-02-12 16:40:41,847 - INFO - - Sta: 12.33% (36 occurrences)
2025-02-12 16:40:41,847 - INFO - - Trem: 4.11% (12 occurrences)
2025-02-12 16:40:41,847 - INFO - - Scra: 2.74% (8 occurrences)
2025-02-12 16:40:41,847 - INFO - - CD1: 0.34% (1 occurrences)
2025-02-12 16:40:41,848 - INFO - 
Timestamps:
2025-02-12 16:40:41,848 - INFO - 234, 235, 236, 237, 238, 239, 240, 241, 242, 243
2025-02-12 16:40:41,848 - INFO - 244, 245, 246, 247, 248, 249, 250, 251, 252, 253
2025-02-12 16:40:41,848 - INFO - 254, 255, 256, 257, 258, 259, 260, 261, 262, 263
2025-02-12 16:40:41,848 - INFO - 264, 265, 266, 267, 268, 269, 270, 271, 272, 273
2025-02-12 16:40:41,849 - INFO - 274, 275, 276, 277, 278, 279, 280, 281, 282, 283
2025-02-12 16:40:41,849 - INFO - 284, 285, 286, 287, 288, 289, 290, 291, 292, 293
2025-02-12 16:40:41,849 - INFO - 294, 295, 296, 297, 298, 299, 300, 302, 303, 304
2025-02-12 16:40:41,849 - INFO - 305, 306, 307, 308, 309, 310, 311, 312, 313, 314
2025-02-12 16:40:41,849 - INFO - 315, 316, 317, 318, 319, 320, 321, 322, 323, 324
2025-02-12 16:40:41,850 - INFO - 325, 326, 327, 328, 329, 330, 331, 332, 333, 334
2025-02-12 16:40:41,850 - INFO - 335, 336, 337, 338, 339, 340, 341, 342, 343, 344
2025-02-12 16:40:41,850 - INFO - 346, 347, 348, 349, 350, 351, 352, 353, 354, 355
2025-02-12 16:40:41,850 - INFO - 356, 357, 358, 359, 360, 361, 362, 363, 364, 365
2025-02-12 16:40:41,850 - INFO - 366, 367, 368, 369, 370, 371, 372, 373, 374, 375
2025-02-12 16:40:41,850 - INFO - 376, 382, 384, 387, 390, 394, 395, 670, 843, 844
2025-02-12 16:40:41,850 - INFO - 845, 846, 847, 848, 849, 850, 851, 852, 853, 854
2025-02-12 16:40:41,851 - INFO - 855, 856, 857, 858, 859, 860, 861, 862, 863, 864
2025-02-12 16:40:41,851 - INFO - 865, 866, 867, 868, 870, 871, 873, 874, 875, 876
2025-02-12 16:40:41,851 - INFO - 877, 878, 879, 880, 881, 883, 884, 892, 894, 896
2025-02-12 16:40:41,851 - INFO - 898, 899, 901, 902, 904, 907, 909, 913, 916, 918
2025-02-12 16:40:41,851 - INFO - 919, 920, 922, 927, 929, 933, 944, 1113, 1350, 1351
2025-02-12 16:40:41,852 - INFO - 1352, 1353, 1354, 1355, 1356, 1357, 1358, 1359, 1360, 1361
2025-02-12 16:40:41,852 - INFO - 1362, 1363, 1364, 1436, 1437, 1438, 1439, 1440, 1442, 1443
2025-02-12 16:40:41,852 - INFO - 1448, 1564, 1568, 1575, 1577, 1581, 1582, 1583, 1585, 1588
2025-02-12 16:40:41,852 - INFO - 1590, 1595, 1597, 1598, 1602, 1604, 1606, 1609, 1615, 1616
2025-02-12 16:40:41,852 - INFO - 1617, 1621, 1623, 1624, 1626, 1628, 1629, 1630, 1631, 1639
2025-02-12 16:40:41,852 - INFO - 1642, 1643, 1646, 1660, 1661, 1663, 1665, 1681, 1682, 1686
2025-02-12 16:40:41,853 - INFO - 1689, 1961, 1962, 1963, 1964, 1965, 1966, 1967, 1968, 1969
2025-02-12 16:40:41,853 - INFO - 1970, 1971, 1972, 1973, 1974, 1975, 1976, 1977, 1978, 1979
2025-02-12 16:40:41,853 - INFO - 1980, 1981
2025-02-12 16:40:41,854 - INFO - 
Agglomerative Cluster 3:
2025-02-12 16:40:41,854 - INFO - Behavior distribution:
2025-02-12 16:40:41,854 - INFO - - Gro: 100.0% (1 occurrences)
2025-02-12 16:40:41,855 - INFO - 
Timestamps:
2025-02-12 16:40:41,855 - INFO - 1570
2025-02-12 16:40:41,856 - INFO - 
Agglomerative Cluster 4:
2025-02-12 16:40:41,856 - INFO - Behavior distribution:
2025-02-12 16:40:41,857 - INFO - - Gro: 100.0% (1 occurrences)
2025-02-12 16:40:41,857 - INFO - 
Timestamps:
2025-02-12 16:40:41,857 - INFO - 1618
2025-02-12 16:40:41,857 - INFO - 
Clustering analysis complete!
