2025-02-11 17:01:21,571 - INFO - 聚类分析开始，结果将保存到: ../result\clustering_KMeans_20250211_170121.log
2025-02-11 17:01:21,571 - INFO - 使用的算法: KMeans
2025-02-11 17:01:32,588 - INFO - Loaded data from ../datasets\Day6_topology_matrix.xlsx
2025-02-11 17:01:32,613 - INFO - 
==================================================
2025-02-11 17:01:32,613 - INFO - 开始执行 KMeans 聚类算法
2025-02-11 17:01:32,613 - INFO - ==================================================
2025-02-11 17:01:37,461 - INFO - Reference: Optimal k based on silhouette score would be 10
2025-02-11 17:01:37,462 - INFO - Using manually specified n_clusters = 8
2025-02-11 17:01:37,462 - INFO - 使用参数: {'n_clusters': 8}
2025-02-11 17:01:52,641 - INFO - 
KMeans Cluster 0:
2025-02-11 17:01:52,641 - INFO - Behavior distribution:
2025-02-11 17:01:52,641 - INFO - - Exp: 55.18% (181 occurrences)
2025-02-11 17:01:52,642 - INFO - - Gro: 41.46% (136 occurrences)
2025-02-11 17:01:52,642 - INFO - - Trem: 3.35% (11 occurrences)
2025-02-11 17:01:52,642 - INFO - 
Timestamps:
2025-02-11 17:01:52,642 - INFO - 1, 2, 3, 4, 5, 6, 7, 9, 10, 11
2025-02-11 17:01:52,642 - INFO - 12, 13, 14, 15, 16, 17, 18, 19, 21, 23
2025-02-11 17:01:52,642 - INFO - 24, 25, 26, 27, 28, 29, 30, 31, 34, 36
2025-02-11 17:01:52,643 - INFO - 40, 42, 46, 47, 48, 49, 50, 51, 52, 53
2025-02-11 17:01:52,643 - INFO - 54, 55, 56, 57, 60, 62, 63, 64, 65, 68
2025-02-11 17:01:52,643 - INFO - 69, 70, 71, 73, 74, 75, 76, 77, 78, 79
2025-02-11 17:01:52,643 - INFO - 81, 82, 83, 84, 85, 86, 87, 89, 90, 92
2025-02-11 17:01:52,643 - INFO - 98, 99, 101, 111, 112, 113, 115, 120, 130, 131
2025-02-11 17:01:52,643 - INFO - 132, 133, 134, 135, 136, 137, 138, 139, 140, 141
2025-02-11 17:01:52,643 - INFO - 142, 143, 144, 145, 146, 147, 148, 149, 150, 151
2025-02-11 17:01:52,643 - INFO - 153, 156, 157, 158, 160, 162, 166, 169, 170, 175
2025-02-11 17:01:52,644 - INFO - 176, 178, 179, 180, 182, 185, 186, 187, 188, 189
2025-02-11 17:01:52,644 - INFO - 190, 191, 192, 193, 194, 195, 197, 199, 201, 202
2025-02-11 17:01:52,644 - INFO - 203, 204, 205, 207, 208, 209, 211, 212, 213, 214
2025-02-11 17:01:52,644 - INFO - 216, 217, 218, 219, 220, 221, 222, 223, 224, 225
2025-02-11 17:01:52,644 - INFO - 226, 227, 228, 229, 230, 231, 232, 233, 234, 235
2025-02-11 17:01:52,644 - INFO - 236, 237, 238, 239, 240, 241, 242, 243, 244, 245
2025-02-11 17:01:52,644 - INFO - 246, 247, 248, 249, 250, 251, 252, 253, 254, 255
2025-02-11 17:01:52,644 - INFO - 256, 257, 258, 259, 260, 261, 262, 263, 264, 265
2025-02-11 17:01:52,645 - INFO - 266, 267, 268, 269, 270, 271, 272, 273, 274, 275
2025-02-11 17:01:52,645 - INFO - 276, 277, 278, 279, 280, 281, 282, 283, 284, 285
2025-02-11 17:01:52,645 - INFO - 286, 287, 288, 289, 290, 291, 292, 293, 294, 295
2025-02-11 17:01:52,645 - INFO - 296, 297, 298, 299, 300, 302, 303, 304, 305, 306
2025-02-11 17:01:52,645 - INFO - 307, 308, 309, 310, 311, 312, 313, 314, 315, 316
2025-02-11 17:01:52,645 - INFO - 317, 318, 319, 320, 321, 322, 323, 324, 325, 326
2025-02-11 17:01:52,646 - INFO - 327, 328, 329, 330, 331, 332, 333, 334, 335, 336
2025-02-11 17:01:52,646 - INFO - 337, 338, 339, 340, 341, 342, 343, 344, 346, 347
2025-02-11 17:01:52,646 - INFO - 348, 349, 350, 351, 352, 353, 354, 355, 356, 357
2025-02-11 17:01:52,646 - INFO - 358, 359, 360, 361, 362, 363, 364, 365, 366, 367
2025-02-11 17:01:52,646 - INFO - 368, 369, 370, 371, 372, 373, 374, 375, 376, 382
2025-02-11 17:01:52,646 - INFO - 384, 387, 390, 394, 395, 1119, 1120, 1124, 1125, 1126
2025-02-11 17:01:52,646 - INFO - 1127, 1128, 1129, 1130, 1131, 1132, 1133, 1134, 1136, 1137
2025-02-11 17:01:52,646 - INFO - 1138, 1139, 1143, 1144, 1145, 1147, 1151, 1742
2025-02-11 17:01:52,648 - INFO - 
KMeans Cluster 1:
2025-02-11 17:01:52,648 - INFO - Behavior distribution:
2025-02-11 17:01:52,648 - INFO - - Exp: 76.17% (227 occurrences)
2025-02-11 17:01:52,648 - INFO - - Gro: 23.49% (70 occurrences)
2025-02-11 17:01:52,648 - INFO - - CD1: 0.34% (1 occurrences)
2025-02-11 17:01:52,649 - INFO - 
Timestamps:
2025-02-11 17:01:52,649 - INFO - 483, 784, 785, 786, 787, 788, 789, 790, 791, 792
2025-02-11 17:01:52,649 - INFO - 793, 794, 795, 796, 797, 798, 799, 800, 801, 802
2025-02-11 17:01:52,649 - INFO - 803, 804, 805, 806, 807, 808, 809, 810, 811, 812
2025-02-11 17:01:52,649 - INFO - 813, 814, 815, 816, 817, 818, 819, 820, 821, 822
2025-02-11 17:01:52,649 - INFO - 823, 824, 825, 826, 827, 828, 829, 830, 831, 832
2025-02-11 17:01:52,650 - INFO - 833, 834, 835, 836, 837, 838, 839, 840, 841, 842
2025-02-11 17:01:52,650 - INFO - 843, 844, 845, 846, 847, 848, 849, 850, 851, 852
2025-02-11 17:01:52,650 - INFO - 853, 854, 855, 856, 857, 858, 859, 860, 861, 862
2025-02-11 17:01:52,650 - INFO - 864, 866, 867, 868, 870, 871, 873, 874, 875, 876
2025-02-11 17:01:52,650 - INFO - 877, 878, 879, 880, 881, 883, 884, 892, 894, 896
2025-02-11 17:01:52,650 - INFO - 898, 899, 901, 902, 904, 907, 909, 913, 916, 918
2025-02-11 17:01:52,651 - INFO - 919, 920, 922, 927, 929, 933, 944, 947, 958, 1008
2025-02-11 17:01:52,651 - INFO - 1111, 1112, 1113, 1114, 1115, 1116, 1117, 1118, 1121, 1122
2025-02-11 17:01:52,651 - INFO - 1606, 1615, 1616, 1617, 1623, 1629, 1643, 1660, 1661, 1665
2025-02-11 17:01:52,651 - INFO - 1682, 1686, 1689, 1692, 1743, 1785, 1787, 1788, 1862, 1863
2025-02-11 17:01:52,651 - INFO - 1864, 1866, 1867, 2450, 2457, 2546, 2559, 2565, 2794, 2798
2025-02-11 17:01:52,651 - INFO - 2799, 2802, 2803, 2807, 2810, 2811, 2812, 2813, 2814, 2815
2025-02-11 17:01:52,652 - INFO - 2816, 2818, 2820, 2821, 2823, 2824, 2828, 2829, 2830, 2831
2025-02-11 17:01:52,652 - INFO - 2832, 2833, 2834, 2835, 2836, 2837, 2838, 2839, 2840, 2841
2025-02-11 17:01:52,652 - INFO - 2842, 2843, 2844, 2845, 2846, 2847, 2848, 2849, 2850, 2851
2025-02-11 17:01:52,652 - INFO - 2852, 2853, 2854, 2855, 2856, 2857, 2858, 2859, 2860, 2861
2025-02-11 17:01:52,652 - INFO - 2862, 2863, 2864, 2865, 2867, 2868, 2869, 2870, 2871, 2872
2025-02-11 17:01:52,652 - INFO - 2873, 2875, 2876, 2877, 2878, 2879, 2880, 2881, 2882, 2883
2025-02-11 17:01:52,653 - INFO - 2884, 2885, 2886, 2887, 2888, 2889, 2890, 2891, 2892, 2893
2025-02-11 17:01:52,653 - INFO - 2894, 2895, 2896, 2897, 2898, 2899, 2900, 2901, 2902, 2903
2025-02-11 17:01:52,653 - INFO - 2904, 2905, 2906, 2907, 2909, 2910, 2911, 2913, 2914, 2915
2025-02-11 17:01:52,653 - INFO - 2916, 2919, 2921, 2922, 2923, 2924, 2925, 2927, 2928, 2930
2025-02-11 17:01:52,653 - INFO - 2931, 2933, 2936, 2938, 2940, 2941, 2942, 2944, 2945, 2946
2025-02-11 17:01:52,653 - INFO - 2947, 2948, 2950, 2953, 2955, 2956, 2957, 2958, 2959, 2964
2025-02-11 17:01:52,653 - INFO - 2966, 2971, 2972, 2985, 2986, 2987, 2989, 2993
2025-02-11 17:01:52,655 - INFO - 
KMeans Cluster 2:
2025-02-11 17:01:52,655 - INFO - Behavior distribution:
2025-02-11 17:01:52,655 - INFO - - Exp: 86.83% (936 occurrences)
2025-02-11 17:01:52,655 - INFO - - Gro: 8.72% (94 occurrences)
2025-02-11 17:01:52,655 - INFO - - Trem: 3.9% (42 occurrences)
2025-02-11 17:01:52,656 - INFO - - Scra: 0.56% (6 occurrences)
2025-02-11 17:01:52,656 - INFO - 
Timestamps:
2025-02-11 17:01:52,656 - INFO - 8, 20, 22, 32, 33, 35, 37, 38, 39, 41
2025-02-11 17:01:52,656 - INFO - 43, 44, 45, 58, 59, 61, 66, 67, 72, 80
2025-02-11 17:01:52,656 - INFO - 88, 91, 96, 97, 103, 114, 116, 121, 123, 124
2025-02-11 17:01:52,657 - INFO - 126, 129, 159, 301, 345, 389, 437, 438, 439, 440
2025-02-11 17:01:52,657 - INFO - 441, 442, 443, 444, 445, 446, 447, 448, 449, 450
2025-02-11 17:01:52,657 - INFO - 451, 452, 453, 454, 455, 456, 457, 458, 459, 460
2025-02-11 17:01:52,657 - INFO - 461, 462, 463, 464, 465, 466, 467, 468, 469, 470
2025-02-11 17:01:52,657 - INFO - 471, 472, 473, 474, 475, 476, 477, 478, 479, 480
2025-02-11 17:01:52,657 - INFO - 481, 482, 484, 485, 486, 487, 488, 489, 490, 491
2025-02-11 17:01:52,658 - INFO - 492, 493, 494, 495, 496, 497, 498, 499, 500, 501
2025-02-11 17:01:52,658 - INFO - 502, 503, 504, 505, 506, 507, 508, 509, 510, 511
2025-02-11 17:01:52,658 - INFO - 512, 513, 514, 515, 516, 517, 518, 519, 520, 521
2025-02-11 17:01:52,658 - INFO - 522, 523, 524, 525, 526, 527, 528, 529, 530, 531
2025-02-11 17:01:52,658 - INFO - 532, 533, 534, 535, 536, 537, 538, 539, 540, 541
2025-02-11 17:01:52,658 - INFO - 542, 543, 544, 545, 546, 547, 548, 549, 552, 553
2025-02-11 17:01:52,659 - INFO - 554, 555, 556, 557, 558, 559, 560, 563, 568, 570
2025-02-11 17:01:52,659 - INFO - 585, 586, 587, 588, 589, 590, 591, 592, 593, 594
2025-02-11 17:01:52,659 - INFO - 595, 596, 597, 598, 599, 600, 601, 602, 603, 604
2025-02-11 17:01:52,659 - INFO - 605, 606, 607, 608, 609, 610, 611, 612, 613, 614
2025-02-11 17:01:52,659 - INFO - 615, 616, 617, 618, 619, 620, 621, 622, 623, 624
2025-02-11 17:01:52,659 - INFO - 625, 626, 627, 628, 629, 630, 631, 632, 633, 634
2025-02-11 17:01:52,659 - INFO - 635, 636, 637, 638, 639, 641, 642, 643, 644, 646
2025-02-11 17:01:52,659 - INFO - 647, 648, 650, 651, 652, 653, 654, 655, 656, 658
2025-02-11 17:01:52,660 - INFO - 659, 661, 662, 663, 664, 665, 671, 675, 677, 678
2025-02-11 17:01:52,660 - INFO - 680, 681, 683, 713, 714, 715, 716, 717, 718, 719
2025-02-11 17:01:52,660 - INFO - 720, 721, 724, 725, 726, 728, 729, 730, 731, 732
2025-02-11 17:01:52,660 - INFO - 735, 736, 737, 745, 751, 752, 758, 762, 763, 764
2025-02-11 17:01:52,660 - INFO - 765, 766, 767, 768, 771, 772, 773, 774, 775, 912
2025-02-11 17:01:52,660 - INFO - 915, 921, 928, 930, 932, 935, 936, 938, 939, 940
2025-02-11 17:01:52,660 - INFO - 941, 942, 948, 949, 950, 951, 952, 953, 954, 955
2025-02-11 17:01:52,661 - INFO - 956, 957, 959, 960, 961, 962, 963, 964, 969, 970
2025-02-11 17:01:52,661 - INFO - 974, 975, 976, 977, 978, 979, 980, 981, 982, 983
2025-02-11 17:01:52,661 - INFO - 984, 985, 986, 987, 989, 990, 991, 992, 993, 994
2025-02-11 17:01:52,661 - INFO - 1001, 1002, 1004, 1010, 1026, 1027, 1030, 1031, 1032, 1033
2025-02-11 17:01:52,661 - INFO - 1034, 1035, 1036, 1037, 1038, 1039, 1040, 1041, 1042, 1043
2025-02-11 17:01:52,661 - INFO - 1045, 1046, 1047, 1048, 1049, 1050, 1052, 1054, 1055, 1058
2025-02-11 17:01:52,661 - INFO - 1061, 1063, 1064, 1066, 1070, 1072, 1076, 1444, 1445, 1446
2025-02-11 17:01:52,661 - INFO - 1447, 1449, 1450, 1451, 1452, 1453, 1454, 1455, 1456, 1457
2025-02-11 17:01:52,662 - INFO - 1458, 1459, 1460, 1461, 1462, 1463, 1464, 1465, 1466, 1467
2025-02-11 17:01:52,662 - INFO - 1468, 1469, 1470, 1471, 1472, 1473, 1474, 1475, 1476, 1477
2025-02-11 17:01:52,662 - INFO - 1478, 1479, 1480, 1481, 1482, 1483, 1484, 1485, 1486, 1487
2025-02-11 17:01:52,662 - INFO - 1488, 1489, 1490, 1491, 1492, 1493, 1494, 1495, 1496, 1497
2025-02-11 17:01:52,662 - INFO - 1498, 1499, 1500, 1501, 1502, 1503, 1504, 1505, 1506, 1507
2025-02-11 17:01:52,662 - INFO - 1508, 1509, 1510, 1511, 1512, 1513, 1514, 1515, 1516, 1517
2025-02-11 17:01:52,663 - INFO - 1518, 1519, 1520, 1521, 1522, 1523, 1524, 1525, 1526, 1527
2025-02-11 17:01:52,663 - INFO - 1528, 1529, 1530, 1531, 1532, 1533, 1534, 1535, 1536, 1538
2025-02-11 17:01:52,663 - INFO - 1539, 1540, 1541, 1542, 1544, 1545, 1546, 1547, 1548, 1549
2025-02-11 17:01:52,663 - INFO - 1550, 1551, 1552, 1554, 1555, 1556, 1557, 1558, 1559, 1560
2025-02-11 17:01:52,663 - INFO - 1561, 1562, 1563, 1565, 1566, 1567, 1569, 1571, 1572, 1573
2025-02-11 17:01:52,663 - INFO - 1574, 1576, 1578, 1579, 1580, 1584, 1587, 1591, 1592, 1593
2025-02-11 17:01:52,664 - INFO - 1594, 1596, 1599, 1600, 1601, 1603, 1605, 1607, 1608, 1610
2025-02-11 17:01:52,664 - INFO - 1611, 1613, 1619, 1622, 1625, 1627, 1632, 1633, 1634, 1635
2025-02-11 17:01:52,664 - INFO - 1637, 1638, 1640, 1641, 1644, 1645, 1647, 1648, 1649, 1650
2025-02-11 17:01:52,664 - INFO - 1651, 1652, 1654, 1655, 1656, 1657, 1658, 1659, 1662, 1664
2025-02-11 17:01:52,664 - INFO - 1666, 1667, 1668, 1670, 1671, 1673, 1674, 1675, 1678, 1680
2025-02-11 17:01:52,664 - INFO - 1683, 1684, 1685, 1688, 1690, 1693, 1696, 1697, 1698, 1699
2025-02-11 17:01:52,665 - INFO - 1700, 1701, 1702, 1703, 1704, 1705, 1706, 1707, 1708, 1709
2025-02-11 17:01:52,665 - INFO - 1710, 1711, 1712, 1713, 1714, 1715, 1716, 1717, 1718, 1719
2025-02-11 17:01:52,665 - INFO - 1720, 1721, 1722, 1723, 1724, 1725, 1726, 1727, 1728, 1729
2025-02-11 17:01:52,665 - INFO - 1730, 1731, 1732, 1733, 1734, 1736, 1737, 1738, 1739, 1740
2025-02-11 17:01:52,665 - INFO - 1741, 1744, 1745, 1747, 1748, 1750, 1751, 1752, 1753, 1754
2025-02-11 17:01:52,665 - INFO - 1755, 1756, 1757, 1758, 1759, 1760, 1761, 1762, 1763, 1764
2025-02-11 17:01:52,665 - INFO - 1765, 1766, 1767, 1768, 1769, 1770, 1771, 1772, 1773, 1774
2025-02-11 17:01:52,666 - INFO - 1775, 1776, 1777, 1778, 1779, 1780, 1781, 1782, 1783, 1784
2025-02-11 17:01:52,666 - INFO - 1786, 1789, 1790, 1791, 1792, 1793, 1794, 1795, 1796, 1797
2025-02-11 17:01:52,666 - INFO - 1798, 1799, 1800, 1801, 1802, 1803, 1804, 1805, 1806, 1807
2025-02-11 17:01:52,666 - INFO - 1808, 1809, 1810, 1811, 1812, 1813, 1814, 1815, 1816, 1817
2025-02-11 17:01:52,666 - INFO - 1818, 1819, 1820, 1821, 1822, 1823, 1824, 1825, 1826, 1827
2025-02-11 17:01:52,666 - INFO - 1828, 1829, 1830, 1831, 1832, 1833, 1834, 1835, 1836, 1837
2025-02-11 17:01:52,666 - INFO - 1838, 1840, 1841, 1842, 1844, 1845, 1846, 1847, 1849, 1850
2025-02-11 17:01:52,667 - INFO - 1851, 1852, 1853, 1854, 1855, 1856, 1857, 1859, 2157, 2158
2025-02-11 17:01:52,667 - INFO - 2159, 2160, 2161, 2162, 2163, 2164, 2165, 2166, 2167, 2168
2025-02-11 17:01:52,667 - INFO - 2169, 2170, 2171, 2172, 2173, 2174, 2175, 2176, 2177, 2178
2025-02-11 17:01:52,667 - INFO - 2179, 2180, 2181, 2183, 2184, 2185, 2186, 2187, 2188, 2189
2025-02-11 17:01:52,667 - INFO - 2190, 2191, 2192, 2193, 2194, 2195, 2196, 2197, 2198, 2199
2025-02-11 17:01:52,667 - INFO - 2200, 2201, 2202, 2203, 2204, 2205, 2206, 2207, 2208, 2209
2025-02-11 17:01:52,667 - INFO - 2210, 2211, 2212, 2213, 2214, 2215, 2216, 2217, 2218, 2219
2025-02-11 17:01:52,667 - INFO - 2220, 2221, 2222, 2223, 2224, 2225, 2226, 2227, 2228, 2229
2025-02-11 17:01:52,668 - INFO - 2230, 2231, 2232, 2233, 2234, 2235, 2236, 2237, 2238, 2239
2025-02-11 17:01:52,668 - INFO - 2240, 2241, 2242, 2243, 2244, 2245, 2246, 2247, 2248, 2249
2025-02-11 17:01:52,668 - INFO - 2250, 2251, 2252, 2253, 2254, 2255, 2256, 2257, 2258, 2259
2025-02-11 17:01:52,668 - INFO - 2260, 2261, 2262, 2263, 2264, 2265, 2266, 2267, 2268, 2269
2025-02-11 17:01:52,668 - INFO - 2270, 2271, 2272, 2273, 2274, 2275, 2276, 2277, 2278, 2279
2025-02-11 17:01:52,668 - INFO - 2280, 2281, 2282, 2283, 2284, 2285, 2286, 2287, 2288, 2289
2025-02-11 17:01:52,669 - INFO - 2290, 2291, 2292, 2293, 2294, 2295, 2297, 2298, 2299, 2300
2025-02-11 17:01:52,669 - INFO - 2301, 2302, 2303, 2304, 2305, 2306, 2308, 2309, 2311, 2313
2025-02-11 17:01:52,669 - INFO - 2315, 2321, 2326, 2327, 2329, 2330, 2331, 2332, 2333, 2334
2025-02-11 17:01:52,669 - INFO - 2335, 2336, 2337, 2338, 2339, 2340, 2342, 2345, 2347, 2350
2025-02-11 17:01:52,669 - INFO - 2351, 2352, 2353, 2356, 2357, 2362, 2363, 2366, 2373, 2376
2025-02-11 17:01:52,669 - INFO - 2380, 2381, 2382, 2383, 2384, 2385, 2386, 2387, 2388, 2389
2025-02-11 17:01:52,669 - INFO - 2390, 2391, 2392, 2393, 2394, 2395, 2396, 2397, 2398, 2399
2025-02-11 17:01:52,670 - INFO - 2400, 2401, 2402, 2403, 2404, 2405, 2406, 2407, 2408, 2409
2025-02-11 17:01:52,670 - INFO - 2410, 2412, 2413, 2414, 2415, 2416, 2418, 2420, 2421, 2422
2025-02-11 17:01:52,670 - INFO - 2423, 2425, 2426, 2427, 2429, 2430, 2432, 2433, 2434, 2437
2025-02-11 17:01:52,670 - INFO - 2439, 2440, 2441, 2442, 2443, 2445, 2446, 2451, 2452, 2453
2025-02-11 17:01:52,670 - INFO - 2454, 2456, 2466, 2467, 2468, 2469, 2470, 2471, 2472, 2475
2025-02-11 17:01:52,670 - INFO - 2476, 2478, 2479, 2480, 2481, 2482, 2483, 2484, 2485, 2490
2025-02-11 17:01:52,670 - INFO - 2492, 2493, 2495, 2496, 2497, 2498, 2499, 2500, 2501, 2502
2025-02-11 17:01:52,671 - INFO - 2503, 2504, 2505, 2506, 2507, 2508, 2509, 2510, 2511, 2512
2025-02-11 17:01:52,671 - INFO - 2513, 2514, 2515, 2516, 2517, 2518, 2519, 2521, 2523, 2524
2025-02-11 17:01:52,671 - INFO - 2525, 2528, 2529, 2530, 2531, 2532, 2535, 2539, 2541, 2543
2025-02-11 17:01:52,671 - INFO - 2550, 2556, 2558, 2560, 2573, 2597, 2598, 2599, 2600, 2601
2025-02-11 17:01:52,671 - INFO - 2602, 2603, 2604, 2605, 2606, 2607, 2608, 2609, 2610, 2611
2025-02-11 17:01:52,671 - INFO - 2612, 2613, 2614, 2615, 2618, 2620, 2622, 2629, 2630, 2631
2025-02-11 17:01:52,671 - INFO - 2636, 2637, 2645, 2696, 2697, 2698, 2703, 2705, 2710, 2715
2025-02-11 17:01:52,671 - INFO - 2717, 2721, 2722, 2723, 2725, 2726, 2727, 2728, 2730, 2733
2025-02-11 17:01:52,672 - INFO - 2739, 2757, 2761, 2768, 2773, 2808, 2809, 2817, 2819, 2822
2025-02-11 17:01:52,672 - INFO - 2825, 2826, 2827, 2866, 2874, 2920, 2926, 2996
2025-02-11 17:01:52,673 - INFO - 
KMeans Cluster 3:
2025-02-11 17:01:52,673 - INFO - Behavior distribution:
2025-02-11 17:01:52,673 - INFO - - Exp: 82.87% (600 occurrences)
2025-02-11 17:01:52,673 - INFO - - Trem: 8.15% (59 occurrences)
2025-02-11 17:01:52,674 - INFO - - Gro: 6.91% (50 occurrences)
2025-02-11 17:01:52,674 - INFO - - Sta: 1.1% (8 occurrences)
2025-02-11 17:01:52,674 - INFO - - Scra: 0.97% (7 occurrences)
2025-02-11 17:01:52,674 - INFO - 
Timestamps:
2025-02-11 17:01:52,674 - INFO - 94, 95, 100, 102, 104, 105, 106, 107, 108, 109
2025-02-11 17:01:52,674 - INFO - 110, 117, 118, 119, 122, 125, 127, 128, 152, 154
2025-02-11 17:01:52,674 - INFO - 155, 161, 163, 164, 165, 167, 168, 171, 172, 173
2025-02-11 17:01:52,674 - INFO - 174, 177, 181, 183, 184, 196, 198, 200, 206, 210
2025-02-11 17:01:52,675 - INFO - 215, 377, 378, 379, 380, 381, 383, 385, 386, 388
2025-02-11 17:01:52,675 - INFO - 391, 392, 393, 396, 397, 398, 399, 400, 401, 402
2025-02-11 17:01:52,675 - INFO - 403, 404, 405, 406, 407, 408, 409, 410, 411, 412
2025-02-11 17:01:52,675 - INFO - 413, 414, 415, 416, 417, 418, 419, 420, 422, 423
2025-02-11 17:01:52,675 - INFO - 424, 425, 426, 427, 428, 429, 430, 431, 432, 433
2025-02-11 17:01:52,675 - INFO - 434, 435, 436, 550, 562, 564, 565, 569, 571, 572
2025-02-11 17:01:52,676 - INFO - 573, 574, 575, 577, 578, 581, 645, 649, 657, 660
2025-02-11 17:01:52,676 - INFO - 666, 667, 668, 669, 670, 672, 673, 674, 676, 682
2025-02-11 17:01:52,676 - INFO - 684, 685, 686, 687, 688, 689, 690, 691, 692, 693
2025-02-11 17:01:52,676 - INFO - 694, 695, 696, 697, 698, 699, 700, 702, 703, 704
2025-02-11 17:01:52,676 - INFO - 705, 706, 707, 708, 709, 710, 711, 712, 722, 723
2025-02-11 17:01:52,676 - INFO - 727, 733, 734, 738, 739, 740, 741, 742, 743, 744
2025-02-11 17:01:52,676 - INFO - 746, 747, 748, 749, 750, 753, 754, 755, 756, 757
2025-02-11 17:01:52,677 - INFO - 760, 761, 770, 776, 777, 778, 779, 780, 781, 782
2025-02-11 17:01:52,677 - INFO - 783, 863, 865, 869, 872, 882, 885, 886, 887, 888
2025-02-11 17:01:52,677 - INFO - 889, 890, 891, 893, 895, 897, 900, 903, 905, 906
2025-02-11 17:01:52,677 - INFO - 908, 910, 911, 914, 917, 923, 924, 925, 926, 931
2025-02-11 17:01:52,677 - INFO - 934, 937, 943, 945, 946, 965, 967, 968, 971, 972
2025-02-11 17:01:52,677 - INFO - 973, 988, 995, 996, 1000, 1003, 1006, 1011, 1013, 1016
2025-02-11 17:01:52,677 - INFO - 1018, 1020, 1022, 1028, 1057, 1062, 1077, 1079, 1081, 1090
2025-02-11 17:01:52,677 - INFO - 1092, 1093, 1094, 1098, 1099, 1100, 1101, 1106, 1107, 1108
2025-02-11 17:01:52,678 - INFO - 1110, 1135, 1146, 1152, 1153, 1156, 1163, 1167, 1168, 1169
2025-02-11 17:01:52,678 - INFO - 1170, 1171, 1172, 1173, 1174, 1175, 1176, 1177, 1178, 1180
2025-02-11 17:01:52,678 - INFO - 1181, 1182, 1184, 1185, 1186, 1187, 1189, 1194, 1195, 1196
2025-02-11 17:01:52,678 - INFO - 1197, 1199, 1201, 1202, 1203, 1204, 1205, 1206, 1207, 1208
2025-02-11 17:01:52,678 - INFO - 1209, 1210, 1211, 1212, 1213, 1214, 1215, 1216, 1217, 1218
2025-02-11 17:01:52,678 - INFO - 1219, 1220, 1221, 1222, 1223, 1224, 1225, 1226, 1227, 1228
2025-02-11 17:01:52,678 - INFO - 1229, 1230, 1231, 1232, 1234, 1235, 1236, 1237, 1238, 1239
2025-02-11 17:01:52,678 - INFO - 1240, 1241, 1242, 1243, 1244, 1245, 1246, 1247, 1248, 1249
2025-02-11 17:01:52,679 - INFO - 1250, 1251, 1252, 1253, 1254, 1255, 1256, 1257, 1258, 1259
2025-02-11 17:01:52,679 - INFO - 1260, 1261, 1262, 1263, 1264, 1265, 1266, 1267, 1268, 1269
2025-02-11 17:01:52,679 - INFO - 1270, 1271, 1272, 1273, 1274, 1275, 1276, 1278, 1279, 1280
2025-02-11 17:01:52,679 - INFO - 1281, 1282, 1283, 1284, 1285, 1286, 1287, 1288, 1289, 1290
2025-02-11 17:01:52,679 - INFO - 1291, 1292, 1293, 1294, 1295, 1296, 1297, 1298, 1299, 1300
2025-02-11 17:01:52,679 - INFO - 1301, 1302, 1303, 1304, 1305, 1306, 1307, 1308, 1309, 1310
2025-02-11 17:01:52,679 - INFO - 1311, 1312, 1314, 1315, 1316, 1317, 1318, 1319, 1320, 1321
2025-02-11 17:01:52,679 - INFO - 1323, 1327, 1329, 1330, 1331, 1333, 1335, 1337, 1339, 1340
2025-02-11 17:01:52,680 - INFO - 1342, 1343, 1344, 1345, 1346, 1347, 1348, 1349, 1350, 1351
2025-02-11 17:01:52,680 - INFO - 1354, 1360, 1361, 1362, 1363, 1364, 1365, 1366, 1367, 1368
2025-02-11 17:01:52,680 - INFO - 1370, 1371, 1372, 1373, 1378, 1379, 1380, 1381, 1382, 1383
2025-02-11 17:01:52,680 - INFO - 1384, 1385, 1386, 1387, 1390, 1392, 1393, 1394, 1395, 1396
2025-02-11 17:01:52,680 - INFO - 1397, 1398, 1399, 1400, 1401, 1402, 1404, 1405, 1406, 1407
2025-02-11 17:01:52,680 - INFO - 1408, 1409, 1410, 1411, 1412, 1413, 1415, 1416, 1419, 1420
2025-02-11 17:01:52,680 - INFO - 1421, 1422, 1423, 1424, 1425, 1426, 1427, 1428, 1429, 1430
2025-02-11 17:01:52,680 - INFO - 1432, 1435, 1436, 1437, 1439, 1440, 1441, 1442, 1443, 1570
2025-02-11 17:01:52,681 - INFO - 1586, 1589, 1612, 1614, 1620, 1636, 1653, 1663, 1669, 1672
2025-02-11 17:01:52,681 - INFO - 1676, 1677, 1679, 1687, 1691, 1694, 1749, 1839, 1843, 1848
2025-02-11 17:01:52,681 - INFO - 2053, 2056, 2057, 2061, 2062, 2065, 2077, 2080, 2083, 2084
2025-02-11 17:01:52,681 - INFO - 2085, 2086, 2087, 2088, 2099, 2116, 2121, 2129, 2131, 2135
2025-02-11 17:01:52,681 - INFO - 2136, 2137, 2138, 2139, 2140, 2142, 2143, 2146, 2150, 2151
2025-02-11 17:01:52,682 - INFO - 2152, 2153, 2154, 2155, 2296, 2310, 2312, 2314, 2316, 2317
2025-02-11 17:01:52,682 - INFO - 2318, 2319, 2320, 2322, 2323, 2324, 2325, 2328, 2341, 2343
2025-02-11 17:01:52,682 - INFO - 2344, 2346, 2348, 2349, 2354, 2355, 2359, 2360, 2361, 2364
2025-02-11 17:01:52,682 - INFO - 2411, 2417, 2419, 2428, 2431, 2435, 2436, 2438, 2444, 2448
2025-02-11 17:01:52,682 - INFO - 2459, 2461, 2464, 2465, 2487, 2489, 2491, 2494, 2522, 2527
2025-02-11 17:01:52,683 - INFO - 2533, 2536, 2537, 2542, 2544, 2553, 2554, 2555, 2557, 2561
2025-02-11 17:01:52,683 - INFO - 2566, 2567, 2570, 2571, 2572, 2575, 2578, 2579, 2581, 2582
2025-02-11 17:01:52,683 - INFO - 2583, 2584, 2585, 2589, 2590, 2591, 2595, 2596, 2628, 2633
2025-02-11 17:01:52,683 - INFO - 2634, 2635, 2644, 2668, 2671, 2672, 2673, 2675, 2676, 2677
2025-02-11 17:01:52,683 - INFO - 2678, 2680, 2681, 2682, 2684, 2686, 2687, 2688, 2689, 2690
2025-02-11 17:01:52,683 - INFO - 2691, 2692, 2693, 2694, 2695, 2699, 2700, 2701, 2702, 2704
2025-02-11 17:01:52,683 - INFO - 2706, 2707, 2708, 2709, 2711, 2712, 2713, 2714, 2716, 2718
2025-02-11 17:01:52,684 - INFO - 2719, 2720, 2724, 2729, 2731, 2732, 2744, 2749, 2750, 2766
2025-02-11 17:01:52,684 - INFO - 2769, 2771, 2772, 2775, 2776, 2777, 2778, 2779, 2780, 2781
2025-02-11 17:01:52,684 - INFO - 2782, 2783, 2785, 2786, 2787, 2788, 2789, 2790, 2791, 2792
2025-02-11 17:01:52,684 - INFO - 2793, 2795, 2796, 2797, 2800, 2801, 2804, 2805, 2806, 2908
2025-02-11 17:01:52,684 - INFO - 2912, 2917, 2934, 2935, 2937, 2943, 2952, 2954, 2960, 2965
2025-02-11 17:01:52,684 - INFO - 2969, 2970, 2974, 2976, 2977, 2979, 2982, 2983, 2990, 2994
2025-02-11 17:01:52,685 - INFO - 2995, 2997, 2998, 2999
2025-02-11 17:01:52,685 - INFO - 
KMeans Cluster 4:
2025-02-11 17:01:52,686 - INFO - Behavior distribution:
2025-02-11 17:01:52,686 - INFO - - Exp: 100.0% (1 occurrences)
2025-02-11 17:01:52,686 - INFO - 
Timestamps:
2025-02-11 17:01:52,686 - INFO - 759
2025-02-11 17:01:52,687 - INFO - 
KMeans Cluster 5:
2025-02-11 17:01:52,687 - INFO - Behavior distribution:
2025-02-11 17:01:52,688 - INFO - - Exp: 82.19% (240 occurrences)
2025-02-11 17:01:52,688 - INFO - - Gro: 8.9% (26 occurrences)
2025-02-11 17:01:52,688 - INFO - - Sta: 8.56% (25 occurrences)
2025-02-11 17:01:52,688 - INFO - - Scra: 0.34% (1 occurrences)
2025-02-11 17:01:52,688 - INFO - 
Timestamps:
2025-02-11 17:01:52,689 - INFO - 1123, 1334, 1356, 1357, 1358, 1359, 1448, 1537, 1543, 1553
2025-02-11 17:01:52,689 - INFO - 1564, 1568, 1575, 1577, 1581, 1582, 1583, 1585, 1588, 1590
2025-02-11 17:01:52,689 - INFO - 1595, 1597, 1598, 1602, 1604, 1609, 1621, 1624, 1626, 1628
2025-02-11 17:01:52,689 - INFO - 1630, 1631, 1639, 1642, 1646, 1681, 1860, 1861, 1865, 1868
2025-02-11 17:01:52,689 - INFO - 1869, 1870, 1871, 1872, 1873, 1874, 1875, 1876, 1877, 1878
2025-02-11 17:01:52,689 - INFO - 1879, 1880, 1881, 1882, 1883, 1884, 1885, 1886, 1887, 1888
2025-02-11 17:01:52,689 - INFO - 1889, 1890, 1891, 1892, 1893, 1894, 1895, 1896, 1897, 1898
2025-02-11 17:01:52,690 - INFO - 1899, 1900, 1901, 1902, 1903, 1904, 1905, 1906, 1907, 1908
2025-02-11 17:01:52,690 - INFO - 1909, 1910, 1911, 1912, 1913, 1914, 1915, 1916, 1917, 1918
2025-02-11 17:01:52,690 - INFO - 1919, 1920, 1921, 1922, 1923, 1924, 1925, 1926, 1927, 1928
2025-02-11 17:01:52,690 - INFO - 1929, 1930, 1931, 1932, 1933, 1934, 1935, 1936, 1937, 1938
2025-02-11 17:01:52,690 - INFO - 1939, 1940, 1941, 1942, 1943, 1944, 1945, 1946, 1947, 1948
2025-02-11 17:01:52,690 - INFO - 1949, 1950, 1951, 1952, 1953, 1954, 1955, 1956, 1957, 1958
2025-02-11 17:01:52,690 - INFO - 1959, 1960, 1961, 1962, 1963, 1964, 1965, 1966, 1967, 1968
2025-02-11 17:01:52,691 - INFO - 1969, 1970, 1971, 1972, 1973, 1974, 1975, 1976, 1977, 1978
2025-02-11 17:01:52,691 - INFO - 1979, 1980, 1981, 1982, 1983, 1984, 1985, 1986, 1987, 1988
2025-02-11 17:01:52,691 - INFO - 1989, 1990, 1991, 1992, 1993, 1994, 1995, 1996, 1997, 1998
2025-02-11 17:01:52,691 - INFO - 1999, 2000, 2001, 2002, 2003, 2004, 2005, 2006, 2007, 2008
2025-02-11 17:01:52,691 - INFO - 2009, 2010, 2011, 2012, 2013, 2014, 2015, 2016, 2017, 2018
2025-02-11 17:01:52,691 - INFO - 2019, 2020, 2021, 2022, 2023, 2024, 2025, 2026, 2027, 2028
2025-02-11 17:01:52,691 - INFO - 2029, 2030, 2031, 2032, 2033, 2034, 2035, 2036, 2037, 2038
2025-02-11 17:01:52,692 - INFO - 2039, 2040, 2041, 2042, 2043, 2044, 2045, 2046, 2047, 2048
2025-02-11 17:01:52,692 - INFO - 2049, 2050, 2051, 2054, 2055, 2058, 2059, 2060, 2063, 2064
2025-02-11 17:01:52,692 - INFO - 2066, 2067, 2068, 2069, 2070, 2071, 2072, 2073, 2074, 2075
2025-02-11 17:01:52,692 - INFO - 2076, 2078, 2079, 2081, 2082, 2089, 2090, 2091, 2092, 2093
2025-02-11 17:01:52,692 - INFO - 2094, 2095, 2096, 2097, 2098, 2100, 2101, 2102, 2103, 2104
2025-02-11 17:01:52,692 - INFO - 2105, 2106, 2107, 2108, 2109, 2110, 2111, 2112, 2113, 2114
2025-02-11 17:01:52,692 - INFO - 2115, 2117, 2118, 2119, 2120, 2122, 2123, 2124, 2125, 2126
2025-02-11 17:01:52,692 - INFO - 2127, 2128, 2130, 2132, 2133, 2134, 2141, 2144, 2145, 2147
2025-02-11 17:01:52,693 - INFO - 2148, 2149
2025-02-11 17:01:52,694 - INFO - 
KMeans Cluster 6:
2025-02-11 17:01:52,694 - INFO - Behavior distribution:
2025-02-11 17:01:52,694 - INFO - - Exp: 97.38% (186 occurrences)
2025-02-11 17:01:52,694 - INFO - - Sta: 1.57% (3 occurrences)
2025-02-11 17:01:52,695 - INFO - - Scra: 0.52% (1 occurrences)
2025-02-11 17:01:52,695 - INFO - - Gro: 0.52% (1 occurrences)
2025-02-11 17:01:52,695 - INFO - 
Timestamps:
2025-02-11 17:01:52,695 - INFO - 551, 561, 566, 567, 576, 579, 580, 582, 583, 584
2025-02-11 17:01:52,695 - INFO - 640, 679, 701, 769, 997, 999, 1005, 1009, 1012, 1014
2025-02-11 17:01:52,695 - INFO - 1017, 1019, 1021, 1023, 1053, 1056, 1060, 1065, 1067, 1068
2025-02-11 17:01:52,695 - INFO - 1071, 1073, 1074, 1075, 1082, 1085, 1087, 1088, 1089, 1091
2025-02-11 17:01:52,696 - INFO - 1095, 1096, 1097, 1102, 1103, 1104, 1105, 1109, 1140, 1141
2025-02-11 17:01:52,696 - INFO - 1142, 1148, 1149, 1150, 1154, 1155, 1157, 1158, 1159, 1160
2025-02-11 17:01:52,696 - INFO - 1161, 1162, 1164, 1165, 1166, 1179, 1183, 1188, 1190, 1191
2025-02-11 17:01:52,696 - INFO - 1192, 1193, 1198, 1200, 1233, 1277, 1313, 1322, 1324, 1325
2025-02-11 17:01:52,696 - INFO - 1326, 1328, 1332, 1336, 1338, 1341, 1352, 1353, 1355, 1369
2025-02-11 17:01:52,696 - INFO - 1374, 1375, 1376, 1377, 1388, 1389, 1391, 1403, 1414, 1417
2025-02-11 17:01:52,696 - INFO - 1418, 1431, 1433, 1434, 1438, 1618, 1695, 1735, 1746, 1858
2025-02-11 17:01:52,697 - INFO - 2052, 2156, 2182, 2307, 2358, 2365, 2367, 2368, 2369, 2370
2025-02-11 17:01:52,697 - INFO - 2371, 2372, 2374, 2375, 2377, 2378, 2379, 2424, 2447, 2449
2025-02-11 17:01:52,697 - INFO - 2455, 2458, 2460, 2462, 2463, 2473, 2474, 2477, 2486, 2488
2025-02-11 17:01:52,697 - INFO - 2520, 2526, 2534, 2538, 2540, 2545, 2547, 2548, 2549, 2551
2025-02-11 17:01:52,697 - INFO - 2552, 2562, 2563, 2564, 2568, 2569, 2574, 2576, 2577, 2580
2025-02-11 17:01:52,697 - INFO - 2586, 2587, 2588, 2592, 2593, 2594, 2765, 2767, 2770, 2774
2025-02-11 17:01:52,698 - INFO - 2784, 2918, 2929, 2932, 2939, 2949, 2951, 2961, 2962, 2963
2025-02-11 17:01:52,698 - INFO - 2967, 2968, 2973, 2975, 2978, 2980, 2981, 2984, 2988, 2991
2025-02-11 17:01:52,698 - INFO - 2992
2025-02-11 17:01:52,699 - INFO - 
KMeans Cluster 7:
2025-02-11 17:01:52,699 - INFO - Behavior distribution:
2025-02-11 17:01:52,699 - INFO - - Exp: 98.85% (86 occurrences)
2025-02-11 17:01:52,699 - INFO - - Trem: 1.15% (1 occurrences)
2025-02-11 17:01:52,700 - INFO - 
Timestamps:
2025-02-11 17:01:52,700 - INFO - 93, 421, 966, 998, 1007, 1015, 1024, 1025, 1029, 1044
2025-02-11 17:01:52,700 - INFO - 1051, 1059, 1069, 1078, 1080, 1083, 1084, 1086, 2616, 2617
2025-02-11 17:01:52,700 - INFO - 2619, 2621, 2623, 2624, 2625, 2626, 2627, 2632, 2638, 2639
2025-02-11 17:01:52,700 - INFO - 2640, 2641, 2642, 2643, 2646, 2647, 2648, 2649, 2650, 2651
2025-02-11 17:01:52,701 - INFO - 2652, 2653, 2654, 2655, 2656, 2657, 2658, 2659, 2660, 2661
2025-02-11 17:01:52,701 - INFO - 2662, 2663, 2664, 2665, 2666, 2667, 2669, 2670, 2674, 2679
2025-02-11 17:01:52,701 - INFO - 2683, 2685, 2734, 2735, 2736, 2737, 2738, 2740, 2741, 2742
2025-02-11 17:01:52,701 - INFO - 2743, 2745, 2746, 2747, 2748, 2751, 2752, 2753, 2754, 2755
2025-02-11 17:01:52,701 - INFO - 2756, 2758, 2759, 2760, 2762, 2763, 2764
2025-02-11 17:01:52,701 - INFO - 
聚类分析完成！
