2025-02-17 14:03:32,061 - INFO - Starting clustering analysis, results will be saved to: ../result\clustering_KMeans_20250217_140332.log
2025-02-17 14:03:32,061 - INFO - Using algorithms: KMeans
2025-02-17 14:03:59,915 - INFO - Loaded data from ../datasets\Day3_topology_matrix_plus.xlsx and ../datasets\Day3_with_behavior_labels_filled.xlsx
2025-02-17 14:03:59,932 - INFO - Data shape after excluding 'Exp' behavior: (635, 1326)
2025-02-17 14:03:59,933 - INFO - 
==================================================
2025-02-17 14:03:59,933 - INFO - Executing KMeans clustering algorithm
2025-02-17 14:03:59,933 - INFO - ==================================================
2025-02-17 14:04:05,611 - INFO - Reference: Optimal k based on silhouette score would be 10
2025-02-17 14:04:05,611 - INFO - Using manually specified n_clusters = 5
2025-02-17 14:04:05,611 - INFO - Using parameters: {'n_clusters': 5}
2025-02-17 14:04:08,855 - INFO - 
KMeans Cluster 0:
2025-02-17 14:04:08,856 - INFO - Behavior distribution:
2025-02-17 14:04:08,856 - INFO - - Clim: 78.12% (75 occurrences)
2025-02-17 14:04:08,856 - INFO - - Stiff: 21.88% (21 occurrences)
2025-02-17 14:04:08,857 - INFO - 
Timestamps:
2025-02-17 14:04:08,857 - INFO - 1949, 1950, 1951, 1952, 1953, 1954, 1955, 1956, 1957, 1958
2025-02-17 14:04:08,857 - INFO - 1959, 1960, 1961, 1962, 1963, 1964, 1965, 1966, 1967, 1968
2025-02-17 14:04:08,857 - INFO - 1969, 2000, 2001, 2002, 2003, 2004, 2005, 2006, 2007, 2008
2025-02-17 14:04:08,857 - INFO - 2009, 2010, 2011, 2012, 2013, 2014, 2015, 2016, 2017, 2018
2025-02-17 14:04:08,857 - INFO - 2019, 2020, 2021, 2022, 2023, 2024, 2025, 2026, 2027, 2028
2025-02-17 14:04:08,857 - INFO - 2029, 2030, 2031, 2032, 2033, 2034, 2035, 2036, 2037, 2038
2025-02-17 14:04:08,858 - INFO - 2039, 2040, 2041, 2042, 2043, 2044, 2045, 2046, 2047, 2048
2025-02-17 14:04:08,858 - INFO - 2049, 2050, 2051, 2052, 2053, 2054, 2055, 2056, 2057, 2058
2025-02-17 14:04:08,858 - INFO - 2059, 2060, 2062, 2063, 2064, 2065, 2066, 2067, 2068, 2069
2025-02-17 14:04:08,858 - INFO - 2070, 2071, 2072, 2073, 2074, 2075
2025-02-17 14:04:08,859 - INFO - 
KMeans Cluster 1:
2025-02-17 14:04:08,859 - INFO - Behavior distribution:
2025-02-17 14:04:08,859 - INFO - - Clim: 77.64% (250 occurrences)
2025-02-17 14:04:08,859 - INFO - - Sta: 11.18% (36 occurrences)
2025-02-17 14:04:08,859 - INFO - - Gro: 8.07% (26 occurrences)
2025-02-17 14:04:08,860 - INFO - - Scra: 3.11% (10 occurrences)
2025-02-17 14:04:08,860 - INFO - 
Timestamps:
2025-02-17 14:04:08,860 - INFO - 664, 933, 934, 935, 936, 937, 938, 939, 940, 941
2025-02-17 14:04:08,860 - INFO - 942, 943, 944, 945, 946, 947, 948, 949, 950, 951
2025-02-17 14:04:08,860 - INFO - 952, 953, 954, 955, 1051, 1052, 1053, 1054, 1055, 1056
2025-02-17 14:04:08,860 - INFO - 1057, 1058, 1059, 1060, 1061, 1062, 1063, 1064, 1065, 1066
2025-02-17 14:04:08,860 - INFO - 1067, 1068, 1069, 1070, 1071, 1072, 1207, 1208, 1209, 1210
2025-02-17 14:04:08,861 - INFO - 1211, 1212, 1213, 1214, 1215, 1216, 1217, 1218, 1219, 1369
2025-02-17 14:04:08,861 - INFO - 1370, 1371, 1372, 1373, 1374, 1375, 1404, 1405, 1406, 1407
2025-02-17 14:04:08,861 - INFO - 1408, 1409, 1410, 1411, 1412, 1413, 1414, 1415, 1416, 1417
2025-02-17 14:04:08,861 - INFO - 1418, 1419, 1420, 1421, 1422, 1461, 1462, 1463, 1464, 1465
2025-02-17 14:04:08,861 - INFO - 1466, 1467, 1468, 1469, 1470, 1471, 1472, 1473, 1474, 1475
2025-02-17 14:04:08,861 - INFO - 1476, 1477, 1478, 1479, 1480, 1481, 1482, 2061, 2136, 2137
2025-02-17 14:04:08,861 - INFO - 2138, 2139, 2140, 2141, 2147, 2148, 2149, 2150, 2151, 2152
2025-02-17 14:04:08,862 - INFO - 2153, 2154, 2155, 2156, 2157, 2158, 2159, 2160, 2161, 2162
2025-02-17 14:04:08,862 - INFO - 2163, 2164, 2165, 2166, 2167, 2168, 2169, 2170, 2171, 2172
2025-02-17 14:04:08,862 - INFO - 2173, 2174, 2175, 2176, 2177, 2178, 2179, 2180, 2181, 2182
2025-02-17 14:04:08,862 - INFO - 2183, 2184, 2185, 2186, 2187, 2188, 2189, 2190, 2191, 2192
2025-02-17 14:04:08,862 - INFO - 2193, 2194, 2195, 2196, 2197, 2198, 2199, 2200, 2201, 2202
2025-02-17 14:04:08,862 - INFO - 2203, 2204, 2205, 2206, 2207, 2208, 2209, 2210, 2211, 2212
2025-02-17 14:04:08,863 - INFO - 2213, 2214, 2215, 2216, 2217, 2218, 2219, 2220, 2221, 2242
2025-02-17 14:04:08,863 - INFO - 2243, 2244, 2245, 2246, 2247, 2248, 2249, 2250, 2251, 2252
2025-02-17 14:04:08,863 - INFO - 2253, 2254, 2255, 2256, 2257, 2258, 2259, 2260, 2261, 2262
2025-02-17 14:04:08,863 - INFO - 2263, 2264, 2265, 2266, 2267, 2268, 2269, 2270, 2271, 2272
2025-02-17 14:04:08,863 - INFO - 2273, 2274, 2275, 2276, 2277, 2278, 2279, 2280, 2281, 2282
2025-02-17 14:04:08,864 - INFO - 2283, 2284, 2285, 2286, 2287, 2288, 2289, 2290, 2291, 2292
2025-02-17 14:04:08,864 - INFO - 2293, 2294, 2295, 2296, 2297, 2298, 2299, 2300, 2301, 2302
2025-02-17 14:04:08,864 - INFO - 2303, 2401, 2402, 2403, 2404, 2405, 2406, 2407, 2408, 2409
2025-02-17 14:04:08,864 - INFO - 2410, 2411, 2412, 2413, 2414, 2415, 2416, 2417, 2418, 2419
2025-02-17 14:04:08,864 - INFO - 2420, 2421, 2422, 2423, 2424, 2425, 2426, 2427, 2428, 2429
2025-02-17 14:04:08,864 - INFO - 2430, 2431, 2432, 2433, 2434, 2435, 2436, 2437, 2438, 2439
2025-02-17 14:04:08,864 - INFO - 2440, 2441, 2442, 2443, 2444, 2445, 2446, 2447, 2448, 2449
2025-02-17 14:04:08,864 - INFO - 2450, 2451, 2452, 2453, 2454, 2455, 2456, 2457, 2458, 2459
2025-02-17 14:04:08,864 - INFO - 2460, 2461, 2462, 2463, 2464, 2465, 2466, 2467, 2468, 2469
2025-02-17 14:04:08,864 - INFO - 2470, 2471
2025-02-17 14:04:08,865 - INFO - 
KMeans Cluster 2:
2025-02-17 14:04:08,865 - INFO - Behavior distribution:
2025-02-17 14:04:08,866 - INFO - - Gro: 59.76% (49 occurrences)
2025-02-17 14:04:08,866 - INFO - - Clim: 19.51% (16 occurrences)
2025-02-17 14:04:08,866 - INFO - - Sta: 19.51% (16 occurrences)
2025-02-17 14:04:08,867 - INFO - - CD1: 1.22% (1 occurrences)
2025-02-17 14:04:08,867 - INFO - 
Timestamps:
2025-02-17 14:04:08,867 - INFO - 114, 115, 116, 117, 118, 119, 120, 121, 122, 123
2025-02-17 14:04:08,867 - INFO - 124, 125, 126, 127, 128, 129, 130, 131, 132, 133
2025-02-17 14:04:08,867 - INFO - 134, 135, 136, 137, 138, 139, 140, 141, 142, 143
2025-02-17 14:04:08,868 - INFO - 144, 145, 146, 147, 148, 149, 150, 151, 152, 153
2025-02-17 14:04:08,868 - INFO - 154, 155, 156, 157, 158, 159, 160, 161, 162, 163
2025-02-17 14:04:08,868 - INFO - 164, 165, 166, 167, 168, 169, 170, 171, 172, 173
2025-02-17 14:04:08,868 - INFO - 174, 175, 176, 177, 178, 651, 652, 653, 654, 655
2025-02-17 14:04:08,868 - INFO - 656, 657, 658, 659, 660, 661, 662, 663, 665, 666
2025-02-17 14:04:08,868 - INFO - 667, 760
2025-02-17 14:04:08,870 - INFO - 
KMeans Cluster 3:
2025-02-17 14:04:08,870 - INFO - Behavior distribution:
2025-02-17 14:04:08,870 - INFO - - Gro: 68.93% (71 occurrences)
2025-02-17 14:04:08,870 - INFO - - Sta: 31.07% (32 occurrences)
2025-02-17 14:04:08,870 - INFO - 
Timestamps:
2025-02-17 14:04:08,870 - INFO - 2690, 2691, 2692, 2693, 2694, 2695, 2696, 2697, 2698, 2699
2025-02-17 14:04:08,871 - INFO - 2700, 2701, 2702, 2703, 2704, 2705, 2706, 2707, 2708, 2709
2025-02-17 14:04:08,871 - INFO - 2710, 2711, 2712, 2713, 2714, 2715, 2716, 2717, 2718, 2719
2025-02-17 14:04:08,871 - INFO - 2720, 2721, 2722, 2723, 2724, 2725, 2726, 2727, 2728, 2729
2025-02-17 14:04:08,871 - INFO - 2730, 2731, 2732, 2733, 2734, 2735, 2736, 2737, 2738, 2739
2025-02-17 14:04:08,871 - INFO - 2740, 2741, 2742, 2743, 2744, 2745, 2746, 2747, 2748, 2749
2025-02-17 14:04:08,871 - INFO - 2750, 2751, 2752, 2753, 2754, 2755, 2756, 2757, 2758, 2759
2025-02-17 14:04:08,872 - INFO - 2760, 2761, 2762, 2763, 2764, 2765, 2766, 2767, 2768, 2769
2025-02-17 14:04:08,872 - INFO - 2770, 2771, 2772, 2773, 2774, 2775, 2776, 2777, 2778, 2779
2025-02-17 14:04:08,872 - INFO - 2780, 2781, 2782, 2783, 2784, 2785, 2786, 2787, 2788, 2789
2025-02-17 14:04:08,872 - INFO - 2790, 2791, 2792
2025-02-17 14:04:08,873 - INFO - 
KMeans Cluster 4:
2025-02-17 14:04:08,873 - INFO - Behavior distribution:
2025-02-17 14:04:08,873 - INFO - - Sta: 100.0% (32 occurrences)
2025-02-17 14:04:08,874 - INFO - 
Timestamps:
2025-02-17 14:04:08,874 - INFO - 2816, 2817, 2818, 2819, 2820, 2821, 2822, 2823, 2824, 2825
2025-02-17 14:04:08,874 - INFO - 2826, 2827, 2828, 2829, 2830, 2831, 2832, 2833, 2834, 2835
2025-02-17 14:04:08,874 - INFO - 2836, 2916, 2917, 2918, 2919, 2920, 2921, 2922, 2923, 2924
2025-02-17 14:04:08,874 - INFO - 2925, 2926
2025-02-17 14:04:08,874 - INFO - 
Clustering analysis complete!
