2025-02-11 17:22:40,147 - INFO - Starting clustering analysis, results will be saved to: ../result\clustering_KMeans_DBSCAN_Agglomerative_20250211_172240.log
2025-02-11 17:22:40,149 - INFO - Using algorithms: KMeans, DBSCAN, Agglomerative
2025-02-11 17:22:51,123 - INFO - Loaded data from ../datasets\Day6_topology_matrix.xlsx
2025-02-11 17:22:51,148 - INFO - 
==================================================
2025-02-11 17:22:51,148 - INFO - Executing KMeans clustering algorithm
2025-02-11 17:22:51,148 - INFO - ==================================================
2025-02-11 17:22:54,832 - INFO - Reference: Optimal k based on silhouette score would be 10
2025-02-11 17:22:54,832 - INFO - Using manually specified n_clusters = 8
2025-02-11 17:22:54,832 - INFO - Using parameters: {'n_clusters': 8}
2025-02-11 17:22:57,794 - INFO - 
KMeans Cluster 0:
2025-02-11 17:22:57,794 - INFO - Behavior distribution:
2025-02-11 17:22:57,794 - INFO - - Exp: 55.18% (181 occurrences)
2025-02-11 17:22:57,795 - INFO - - Gro: 41.46% (136 occurrences)
2025-02-11 17:22:57,795 - INFO - - Trem: 3.35% (11 occurrences)
2025-02-11 17:22:57,795 - INFO - 
Timestamps:
2025-02-11 17:22:57,795 - INFO - 1, 2, 3, 4, 5, 6, 7, 9, 10, 11
2025-02-11 17:22:57,795 - INFO - 12, 13, 14, 15, 16, 17, 18, 19, 21, 23
2025-02-11 17:22:57,795 - INFO - 24, 25, 26, 27, 28, 29, 30, 31, 34, 36
2025-02-11 17:22:57,796 - INFO - 40, 42, 46, 47, 48, 49, 50, 51, 52, 53
2025-02-11 17:22:57,796 - INFO - 54, 55, 56, 57, 60, 62, 63, 64, 65, 68
2025-02-11 17:22:57,796 - INFO - 69, 70, 71, 73, 74, 75, 76, 77, 78, 79
2025-02-11 17:22:57,796 - INFO - 81, 82, 83, 84, 85, 86, 87, 89, 90, 92
2025-02-11 17:22:57,796 - INFO - 98, 99, 101, 111, 112, 113, 115, 120, 130, 131
2025-02-11 17:22:57,796 - INFO - 132, 133, 134, 135, 136, 137, 138, 139, 140, 141
2025-02-11 17:22:57,796 - INFO - 142, 143, 144, 145, 146, 147, 148, 149, 150, 151
2025-02-11 17:22:57,796 - INFO - 153, 156, 157, 158, 160, 162, 166, 169, 170, 175
2025-02-11 17:22:57,797 - INFO - 176, 178, 179, 180, 182, 185, 186, 187, 188, 189
2025-02-11 17:22:57,797 - INFO - 190, 191, 192, 193, 194, 195, 197, 199, 201, 202
2025-02-11 17:22:57,797 - INFO - 203, 204, 205, 207, 208, 209, 211, 212, 213, 214
2025-02-11 17:22:57,797 - INFO - 216, 217, 218, 219, 220, 221, 222, 223, 224, 225
2025-02-11 17:22:57,797 - INFO - 226, 227, 228, 229, 230, 231, 232, 233, 234, 235
2025-02-11 17:22:57,797 - INFO - 236, 237, 238, 239, 240, 241, 242, 243, 244, 245
2025-02-11 17:22:57,797 - INFO - 246, 247, 248, 249, 250, 251, 252, 253, 254, 255
2025-02-11 17:22:57,797 - INFO - 256, 257, 258, 259, 260, 261, 262, 263, 264, 265
2025-02-11 17:22:57,797 - INFO - 266, 267, 268, 269, 270, 271, 272, 273, 274, 275
2025-02-11 17:22:57,798 - INFO - 276, 277, 278, 279, 280, 281, 282, 283, 284, 285
2025-02-11 17:22:57,798 - INFO - 286, 287, 288, 289, 290, 291, 292, 293, 294, 295
2025-02-11 17:22:57,798 - INFO - 296, 297, 298, 299, 300, 302, 303, 304, 305, 306
2025-02-11 17:22:57,798 - INFO - 307, 308, 309, 310, 311, 312, 313, 314, 315, 316
2025-02-11 17:22:57,798 - INFO - 317, 318, 319, 320, 321, 322, 323, 324, 325, 326
2025-02-11 17:22:57,798 - INFO - 327, 328, 329, 330, 331, 332, 333, 334, 335, 336
2025-02-11 17:22:57,798 - INFO - 337, 338, 339, 340, 341, 342, 343, 344, 346, 347
2025-02-11 17:22:57,798 - INFO - 348, 349, 350, 351, 352, 353, 354, 355, 356, 357
2025-02-11 17:22:57,799 - INFO - 358, 359, 360, 361, 362, 363, 364, 365, 366, 367
2025-02-11 17:22:57,799 - INFO - 368, 369, 370, 371, 372, 373, 374, 375, 376, 382
2025-02-11 17:22:57,799 - INFO - 384, 387, 390, 394, 395, 1119, 1120, 1124, 1125, 1126
2025-02-11 17:22:57,799 - INFO - 1127, 1128, 1129, 1130, 1131, 1132, 1133, 1134, 1136, 1137
2025-02-11 17:22:57,799 - INFO - 1138, 1139, 1143, 1144, 1145, 1147, 1151, 1742
2025-02-11 17:22:57,800 - INFO - 
KMeans Cluster 1:
2025-02-11 17:22:57,800 - INFO - Behavior distribution:
2025-02-11 17:22:57,801 - INFO - - Exp: 76.17% (227 occurrences)
2025-02-11 17:22:57,801 - INFO - - Gro: 23.49% (70 occurrences)
2025-02-11 17:22:57,801 - INFO - - CD1: 0.34% (1 occurrences)
2025-02-11 17:22:57,801 - INFO - 
Timestamps:
2025-02-11 17:22:57,801 - INFO - 483, 784, 785, 786, 787, 788, 789, 790, 791, 792
2025-02-11 17:22:57,801 - INFO - 793, 794, 795, 796, 797, 798, 799, 800, 801, 802
2025-02-11 17:22:57,801 - INFO - 803, 804, 805, 806, 807, 808, 809, 810, 811, 812
2025-02-11 17:22:57,802 - INFO - 813, 814, 815, 816, 817, 818, 819, 820, 821, 822
2025-02-11 17:22:57,802 - INFO - 823, 824, 825, 826, 827, 828, 829, 830, 831, 832
2025-02-11 17:22:57,802 - INFO - 833, 834, 835, 836, 837, 838, 839, 840, 841, 842
2025-02-11 17:22:57,802 - INFO - 843, 844, 845, 846, 847, 848, 849, 850, 851, 852
2025-02-11 17:22:57,802 - INFO - 853, 854, 855, 856, 857, 858, 859, 860, 861, 862
2025-02-11 17:22:57,802 - INFO - 864, 866, 867, 868, 870, 871, 873, 874, 875, 876
2025-02-11 17:22:57,803 - INFO - 877, 878, 879, 880, 881, 883, 884, 892, 894, 896
2025-02-11 17:22:57,803 - INFO - 898, 899, 901, 902, 904, 907, 909, 913, 916, 918
2025-02-11 17:22:57,803 - INFO - 919, 920, 922, 927, 929, 933, 944, 947, 958, 1008
2025-02-11 17:22:57,803 - INFO - 1111, 1112, 1113, 1114, 1115, 1116, 1117, 1118, 1121, 1122
2025-02-11 17:22:57,803 - INFO - 1606, 1615, 1616, 1617, 1623, 1629, 1643, 1660, 1661, 1665
2025-02-11 17:22:57,803 - INFO - 1682, 1686, 1689, 1692, 1743, 1785, 1787, 1788, 1862, 1863
2025-02-11 17:22:57,803 - INFO - 1864, 1866, 1867, 2450, 2457, 2546, 2559, 2565, 2794, 2798
2025-02-11 17:22:57,804 - INFO - 2799, 2802, 2803, 2807, 2810, 2811, 2812, 2813, 2814, 2815
2025-02-11 17:22:57,804 - INFO - 2816, 2818, 2820, 2821, 2823, 2824, 2828, 2829, 2830, 2831
2025-02-11 17:22:57,804 - INFO - 2832, 2833, 2834, 2835, 2836, 2837, 2838, 2839, 2840, 2841
2025-02-11 17:22:57,804 - INFO - 2842, 2843, 2844, 2845, 2846, 2847, 2848, 2849, 2850, 2851
2025-02-11 17:22:57,804 - INFO - 2852, 2853, 2854, 2855, 2856, 2857, 2858, 2859, 2860, 2861
2025-02-11 17:22:57,804 - INFO - 2862, 2863, 2864, 2865, 2867, 2868, 2869, 2870, 2871, 2872
2025-02-11 17:22:57,804 - INFO - 2873, 2875, 2876, 2877, 2878, 2879, 2880, 2881, 2882, 2883
2025-02-11 17:22:57,804 - INFO - 2884, 2885, 2886, 2887, 2888, 2889, 2890, 2891, 2892, 2893
2025-02-11 17:22:57,804 - INFO - 2894, 2895, 2896, 2897, 2898, 2899, 2900, 2901, 2902, 2903
2025-02-11 17:22:57,805 - INFO - 2904, 2905, 2906, 2907, 2909, 2910, 2911, 2913, 2914, 2915
2025-02-11 17:22:57,805 - INFO - 2916, 2919, 2921, 2922, 2923, 2924, 2925, 2927, 2928, 2930
2025-02-11 17:22:57,805 - INFO - 2931, 2933, 2936, 2938, 2940, 2941, 2942, 2944, 2945, 2946
2025-02-11 17:22:57,805 - INFO - 2947, 2948, 2950, 2953, 2955, 2956, 2957, 2958, 2959, 2964
2025-02-11 17:22:57,805 - INFO - 2966, 2971, 2972, 2985, 2986, 2987, 2989, 2993
2025-02-11 17:22:57,806 - INFO - 
KMeans Cluster 2:
2025-02-11 17:22:57,806 - INFO - Behavior distribution:
2025-02-11 17:22:57,807 - INFO - - Exp: 86.83% (936 occurrences)
2025-02-11 17:22:57,807 - INFO - - Gro: 8.72% (94 occurrences)
2025-02-11 17:22:57,807 - INFO - - Trem: 3.9% (42 occurrences)
2025-02-11 17:22:57,807 - INFO - - Scra: 0.56% (6 occurrences)
2025-02-11 17:22:57,807 - INFO - 
Timestamps:
2025-02-11 17:22:57,808 - INFO - 8, 20, 22, 32, 33, 35, 37, 38, 39, 41
2025-02-11 17:22:57,808 - INFO - 43, 44, 45, 58, 59, 61, 66, 67, 72, 80
2025-02-11 17:22:57,808 - INFO - 88, 91, 96, 97, 103, 114, 116, 121, 123, 124
2025-02-11 17:22:57,808 - INFO - 126, 129, 159, 301, 345, 389, 437, 438, 439, 440
2025-02-11 17:22:57,808 - INFO - 441, 442, 443, 444, 445, 446, 447, 448, 449, 450
2025-02-11 17:22:57,808 - INFO - 451, 452, 453, 454, 455, 456, 457, 458, 459, 460
2025-02-11 17:22:57,809 - INFO - 461, 462, 463, 464, 465, 466, 467, 468, 469, 470
2025-02-11 17:22:57,809 - INFO - 471, 472, 473, 474, 475, 476, 477, 478, 479, 480
2025-02-11 17:22:57,809 - INFO - 481, 482, 484, 485, 486, 487, 488, 489, 490, 491
2025-02-11 17:22:57,809 - INFO - 492, 493, 494, 495, 496, 497, 498, 499, 500, 501
2025-02-11 17:22:57,809 - INFO - 502, 503, 504, 505, 506, 507, 508, 509, 510, 511
2025-02-11 17:22:57,809 - INFO - 512, 513, 514, 515, 516, 517, 518, 519, 520, 521
2025-02-11 17:22:57,810 - INFO - 522, 523, 524, 525, 526, 527, 528, 529, 530, 531
2025-02-11 17:22:57,810 - INFO - 532, 533, 534, 535, 536, 537, 538, 539, 540, 541
2025-02-11 17:22:57,810 - INFO - 542, 543, 544, 545, 546, 547, 548, 549, 552, 553
2025-02-11 17:22:57,810 - INFO - 554, 555, 556, 557, 558, 559, 560, 563, 568, 570
2025-02-11 17:22:57,810 - INFO - 585, 586, 587, 588, 589, 590, 591, 592, 593, 594
2025-02-11 17:22:57,810 - INFO - 595, 596, 597, 598, 599, 600, 601, 602, 603, 604
2025-02-11 17:22:57,810 - INFO - 605, 606, 607, 608, 609, 610, 611, 612, 613, 614
2025-02-11 17:22:57,810 - INFO - 615, 616, 617, 618, 619, 620, 621, 622, 623, 624
2025-02-11 17:22:57,810 - INFO - 625, 626, 627, 628, 629, 630, 631, 632, 633, 634
2025-02-11 17:22:57,811 - INFO - 635, 636, 637, 638, 639, 641, 642, 643, 644, 646
2025-02-11 17:22:57,811 - INFO - 647, 648, 650, 651, 652, 653, 654, 655, 656, 658
2025-02-11 17:22:57,811 - INFO - 659, 661, 662, 663, 664, 665, 671, 675, 677, 678
2025-02-11 17:22:57,811 - INFO - 680, 681, 683, 713, 714, 715, 716, 717, 718, 719
2025-02-11 17:22:57,811 - INFO - 720, 721, 724, 725, 726, 728, 729, 730, 731, 732
2025-02-11 17:22:57,811 - INFO - 735, 736, 737, 745, 751, 752, 758, 762, 763, 764
2025-02-11 17:22:57,811 - INFO - 765, 766, 767, 768, 771, 772, 773, 774, 775, 912
2025-02-11 17:22:57,812 - INFO - 915, 921, 928, 930, 932, 935, 936, 938, 939, 940
2025-02-11 17:22:57,812 - INFO - 941, 942, 948, 949, 950, 951, 952, 953, 954, 955
2025-02-11 17:22:57,812 - INFO - 956, 957, 959, 960, 961, 962, 963, 964, 969, 970
2025-02-11 17:22:57,812 - INFO - 974, 975, 976, 977, 978, 979, 980, 981, 982, 983
2025-02-11 17:22:57,812 - INFO - 984, 985, 986, 987, 989, 990, 991, 992, 993, 994
2025-02-11 17:22:57,813 - INFO - 1001, 1002, 1004, 1010, 1026, 1027, 1030, 1031, 1032, 1033
2025-02-11 17:22:57,813 - INFO - 1034, 1035, 1036, 1037, 1038, 1039, 1040, 1041, 1042, 1043
2025-02-11 17:22:57,813 - INFO - 1045, 1046, 1047, 1048, 1049, 1050, 1052, 1054, 1055, 1058
2025-02-11 17:22:57,813 - INFO - 1061, 1063, 1064, 1066, 1070, 1072, 1076, 1444, 1445, 1446
2025-02-11 17:22:57,813 - INFO - 1447, 1449, 1450, 1451, 1452, 1453, 1454, 1455, 1456, 1457
2025-02-11 17:22:57,813 - INFO - 1458, 1459, 1460, 1461, 1462, 1463, 1464, 1465, 1466, 1467
2025-02-11 17:22:57,814 - INFO - 1468, 1469, 1470, 1471, 1472, 1473, 1474, 1475, 1476, 1477
2025-02-11 17:22:57,814 - INFO - 1478, 1479, 1480, 1481, 1482, 1483, 1484, 1485, 1486, 1487
2025-02-11 17:22:57,814 - INFO - 1488, 1489, 1490, 1491, 1492, 1493, 1494, 1495, 1496, 1497
2025-02-11 17:22:57,814 - INFO - 1498, 1499, 1500, 1501, 1502, 1503, 1504, 1505, 1506, 1507
2025-02-11 17:22:57,814 - INFO - 1508, 1509, 1510, 1511, 1512, 1513, 1514, 1515, 1516, 1517
2025-02-11 17:22:57,814 - INFO - 1518, 1519, 1520, 1521, 1522, 1523, 1524, 1525, 1526, 1527
2025-02-11 17:22:57,815 - INFO - 1528, 1529, 1530, 1531, 1532, 1533, 1534, 1535, 1536, 1538
2025-02-11 17:22:57,815 - INFO - 1539, 1540, 1541, 1542, 1544, 1545, 1546, 1547, 1548, 1549
2025-02-11 17:22:57,815 - INFO - 1550, 1551, 1552, 1554, 1555, 1556, 1557, 1558, 1559, 1560
2025-02-11 17:22:57,815 - INFO - 1561, 1562, 1563, 1565, 1566, 1567, 1569, 1571, 1572, 1573
2025-02-11 17:22:57,815 - INFO - 1574, 1576, 1578, 1579, 1580, 1584, 1587, 1591, 1592, 1593
2025-02-11 17:22:57,815 - INFO - 1594, 1596, 1599, 1600, 1601, 1603, 1605, 1607, 1608, 1610
2025-02-11 17:22:57,816 - INFO - 1611, 1613, 1619, 1622, 1625, 1627, 1632, 1633, 1634, 1635
2025-02-11 17:22:57,816 - INFO - 1637, 1638, 1640, 1641, 1644, 1645, 1647, 1648, 1649, 1650
2025-02-11 17:22:57,816 - INFO - 1651, 1652, 1654, 1655, 1656, 1657, 1658, 1659, 1662, 1664
2025-02-11 17:22:57,816 - INFO - 1666, 1667, 1668, 1670, 1671, 1673, 1674, 1675, 1678, 1680
2025-02-11 17:22:57,816 - INFO - 1683, 1684, 1685, 1688, 1690, 1693, 1696, 1697, 1698, 1699
2025-02-11 17:22:57,816 - INFO - 1700, 1701, 1702, 1703, 1704, 1705, 1706, 1707, 1708, 1709
2025-02-11 17:22:57,817 - INFO - 1710, 1711, 1712, 1713, 1714, 1715, 1716, 1717, 1718, 1719
2025-02-11 17:22:57,817 - INFO - 1720, 1721, 1722, 1723, 1724, 1725, 1726, 1727, 1728, 1729
2025-02-11 17:22:57,817 - INFO - 1730, 1731, 1732, 1733, 1734, 1736, 1737, 1738, 1739, 1740
2025-02-11 17:22:57,817 - INFO - 1741, 1744, 1745, 1747, 1748, 1750, 1751, 1752, 1753, 1754
2025-02-11 17:22:57,818 - INFO - 1755, 1756, 1757, 1758, 1759, 1760, 1761, 1762, 1763, 1764
2025-02-11 17:22:57,818 - INFO - 1765, 1766, 1767, 1768, 1769, 1770, 1771, 1772, 1773, 1774
2025-02-11 17:22:57,818 - INFO - 1775, 1776, 1777, 1778, 1779, 1780, 1781, 1782, 1783, 1784
2025-02-11 17:22:57,818 - INFO - 1786, 1789, 1790, 1791, 1792, 1793, 1794, 1795, 1796, 1797
2025-02-11 17:22:57,818 - INFO - 1798, 1799, 1800, 1801, 1802, 1803, 1804, 1805, 1806, 1807
2025-02-11 17:22:57,818 - INFO - 1808, 1809, 1810, 1811, 1812, 1813, 1814, 1815, 1816, 1817
2025-02-11 17:22:57,818 - INFO - 1818, 1819, 1820, 1821, 1822, 1823, 1824, 1825, 1826, 1827
2025-02-11 17:22:57,819 - INFO - 1828, 1829, 1830, 1831, 1832, 1833, 1834, 1835, 1836, 1837
2025-02-11 17:22:57,819 - INFO - 1838, 1840, 1841, 1842, 1844, 1845, 1846, 1847, 1849, 1850
2025-02-11 17:22:57,819 - INFO - 1851, 1852, 1853, 1854, 1855, 1856, 1857, 1859, 2157, 2158
2025-02-11 17:22:57,819 - INFO - 2159, 2160, 2161, 2162, 2163, 2164, 2165, 2166, 2167, 2168
2025-02-11 17:22:57,819 - INFO - 2169, 2170, 2171, 2172, 2173, 2174, 2175, 2176, 2177, 2178
2025-02-11 17:22:57,820 - INFO - 2179, 2180, 2181, 2183, 2184, 2185, 2186, 2187, 2188, 2189
2025-02-11 17:22:57,820 - INFO - 2190, 2191, 2192, 2193, 2194, 2195, 2196, 2197, 2198, 2199
2025-02-11 17:22:57,820 - INFO - 2200, 2201, 2202, 2203, 2204, 2205, 2206, 2207, 2208, 2209
2025-02-11 17:22:57,820 - INFO - 2210, 2211, 2212, 2213, 2214, 2215, 2216, 2217, 2218, 2219
2025-02-11 17:22:57,820 - INFO - 2220, 2221, 2222, 2223, 2224, 2225, 2226, 2227, 2228, 2229
2025-02-11 17:22:57,820 - INFO - 2230, 2231, 2232, 2233, 2234, 2235, 2236, 2237, 2238, 2239
2025-02-11 17:22:57,821 - INFO - 2240, 2241, 2242, 2243, 2244, 2245, 2246, 2247, 2248, 2249
2025-02-11 17:22:57,821 - INFO - 2250, 2251, 2252, 2253, 2254, 2255, 2256, 2257, 2258, 2259
2025-02-11 17:22:57,821 - INFO - 2260, 2261, 2262, 2263, 2264, 2265, 2266, 2267, 2268, 2269
2025-02-11 17:22:57,821 - INFO - 2270, 2271, 2272, 2273, 2274, 2275, 2276, 2277, 2278, 2279
2025-02-11 17:22:57,821 - INFO - 2280, 2281, 2282, 2283, 2284, 2285, 2286, 2287, 2288, 2289
2025-02-11 17:22:57,821 - INFO - 2290, 2291, 2292, 2293, 2294, 2295, 2297, 2298, 2299, 2300
2025-02-11 17:22:57,821 - INFO - 2301, 2302, 2303, 2304, 2305, 2306, 2308, 2309, 2311, 2313
2025-02-11 17:22:57,822 - INFO - 2315, 2321, 2326, 2327, 2329, 2330, 2331, 2332, 2333, 2334
2025-02-11 17:22:57,822 - INFO - 2335, 2336, 2337, 2338, 2339, 2340, 2342, 2345, 2347, 2350
2025-02-11 17:22:57,822 - INFO - 2351, 2352, 2353, 2356, 2357, 2362, 2363, 2366, 2373, 2376
2025-02-11 17:22:57,822 - INFO - 2380, 2381, 2382, 2383, 2384, 2385, 2386, 2387, 2388, 2389
2025-02-11 17:22:57,822 - INFO - 2390, 2391, 2392, 2393, 2394, 2395, 2396, 2397, 2398, 2399
2025-02-11 17:22:57,823 - INFO - 2400, 2401, 2402, 2403, 2404, 2405, 2406, 2407, 2408, 2409
2025-02-11 17:22:57,823 - INFO - 2410, 2412, 2413, 2414, 2415, 2416, 2418, 2420, 2421, 2422
2025-02-11 17:22:57,823 - INFO - 2423, 2425, 2426, 2427, 2429, 2430, 2432, 2433, 2434, 2437
2025-02-11 17:22:57,823 - INFO - 2439, 2440, 2441, 2442, 2443, 2445, 2446, 2451, 2452, 2453
2025-02-11 17:22:57,823 - INFO - 2454, 2456, 2466, 2467, 2468, 2469, 2470, 2471, 2472, 2475
2025-02-11 17:22:57,823 - INFO - 2476, 2478, 2479, 2480, 2481, 2482, 2483, 2484, 2485, 2490
2025-02-11 17:22:57,823 - INFO - 2492, 2493, 2495, 2496, 2497, 2498, 2499, 2500, 2501, 2502
2025-02-11 17:22:57,824 - INFO - 2503, 2504, 2505, 2506, 2507, 2508, 2509, 2510, 2511, 2512
2025-02-11 17:22:57,824 - INFO - 2513, 2514, 2515, 2516, 2517, 2518, 2519, 2521, 2523, 2524
2025-02-11 17:22:57,824 - INFO - 2525, 2528, 2529, 2530, 2531, 2532, 2535, 2539, 2541, 2543
2025-02-11 17:22:57,824 - INFO - 2550, 2556, 2558, 2560, 2573, 2597, 2598, 2599, 2600, 2601
2025-02-11 17:22:57,824 - INFO - 2602, 2603, 2604, 2605, 2606, 2607, 2608, 2609, 2610, 2611
2025-02-11 17:22:57,825 - INFO - 2612, 2613, 2614, 2615, 2618, 2620, 2622, 2629, 2630, 2631
2025-02-11 17:22:57,825 - INFO - 2636, 2637, 2645, 2696, 2697, 2698, 2703, 2705, 2710, 2715
2025-02-11 17:22:57,825 - INFO - 2717, 2721, 2722, 2723, 2725, 2726, 2727, 2728, 2730, 2733
2025-02-11 17:22:57,825 - INFO - 2739, 2757, 2761, 2768, 2773, 2808, 2809, 2817, 2819, 2822
2025-02-11 17:22:57,825 - INFO - 2825, 2826, 2827, 2866, 2874, 2920, 2926, 2996
2025-02-11 17:22:57,827 - INFO - 
KMeans Cluster 3:
2025-02-11 17:22:57,827 - INFO - Behavior distribution:
2025-02-11 17:22:57,827 - INFO - - Exp: 82.87% (600 occurrences)
2025-02-11 17:22:57,827 - INFO - - Trem: 8.15% (59 occurrences)
2025-02-11 17:22:57,828 - INFO - - Gro: 6.91% (50 occurrences)
2025-02-11 17:22:57,828 - INFO - - Sta: 1.1% (8 occurrences)
2025-02-11 17:22:57,828 - INFO - - Scra: 0.97% (7 occurrences)
2025-02-11 17:22:57,828 - INFO - 
Timestamps:
2025-02-11 17:22:57,828 - INFO - 94, 95, 100, 102, 104, 105, 106, 107, 108, 109
2025-02-11 17:22:57,828 - INFO - 110, 117, 118, 119, 122, 125, 127, 128, 152, 154
2025-02-11 17:22:57,828 - INFO - 155, 161, 163, 164, 165, 167, 168, 171, 172, 173
2025-02-11 17:22:57,829 - INFO - 174, 177, 181, 183, 184, 196, 198, 200, 206, 210
2025-02-11 17:22:57,829 - INFO - 215, 377, 378, 379, 380, 381, 383, 385, 386, 388
2025-02-11 17:22:57,829 - INFO - 391, 392, 393, 396, 397, 398, 399, 400, 401, 402
2025-02-11 17:22:57,829 - INFO - 403, 404, 405, 406, 407, 408, 409, 410, 411, 412
2025-02-11 17:22:57,829 - INFO - 413, 414, 415, 416, 417, 418, 419, 420, 422, 423
2025-02-11 17:22:57,829 - INFO - 424, 425, 426, 427, 428, 429, 430, 431, 432, 433
2025-02-11 17:22:57,830 - INFO - 434, 435, 436, 550, 562, 564, 565, 569, 571, 572
2025-02-11 17:22:57,830 - INFO - 573, 574, 575, 577, 578, 581, 645, 649, 657, 660
2025-02-11 17:22:57,830 - INFO - 666, 667, 668, 669, 670, 672, 673, 674, 676, 682
2025-02-11 17:22:57,830 - INFO - 684, 685, 686, 687, 688, 689, 690, 691, 692, 693
2025-02-11 17:22:57,830 - INFO - 694, 695, 696, 697, 698, 699, 700, 702, 703, 704
2025-02-11 17:22:57,830 - INFO - 705, 706, 707, 708, 709, 710, 711, 712, 722, 723
2025-02-11 17:22:57,831 - INFO - 727, 733, 734, 738, 739, 740, 741, 742, 743, 744
2025-02-11 17:22:57,831 - INFO - 746, 747, 748, 749, 750, 753, 754, 755, 756, 757
2025-02-11 17:22:57,831 - INFO - 760, 761, 770, 776, 777, 778, 779, 780, 781, 782
2025-02-11 17:22:57,831 - INFO - 783, 863, 865, 869, 872, 882, 885, 886, 887, 888
2025-02-11 17:22:57,831 - INFO - 889, 890, 891, 893, 895, 897, 900, 903, 905, 906
2025-02-11 17:22:57,831 - INFO - 908, 910, 911, 914, 917, 923, 924, 925, 926, 931
2025-02-11 17:22:57,832 - INFO - 934, 937, 943, 945, 946, 965, 967, 968, 971, 972
2025-02-11 17:22:57,832 - INFO - 973, 988, 995, 996, 1000, 1003, 1006, 1011, 1013, 1016
2025-02-11 17:22:57,832 - INFO - 1018, 1020, 1022, 1028, 1057, 1062, 1077, 1079, 1081, 1090
2025-02-11 17:22:57,832 - INFO - 1092, 1093, 1094, 1098, 1099, 1100, 1101, 1106, 1107, 1108
2025-02-11 17:22:57,832 - INFO - 1110, 1135, 1146, 1152, 1153, 1156, 1163, 1167, 1168, 1169
2025-02-11 17:22:57,832 - INFO - 1170, 1171, 1172, 1173, 1174, 1175, 1176, 1177, 1178, 1180
2025-02-11 17:22:57,833 - INFO - 1181, 1182, 1184, 1185, 1186, 1187, 1189, 1194, 1195, 1196
2025-02-11 17:22:57,833 - INFO - 1197, 1199, 1201, 1202, 1203, 1204, 1205, 1206, 1207, 1208
2025-02-11 17:22:57,833 - INFO - 1209, 1210, 1211, 1212, 1213, 1214, 1215, 1216, 1217, 1218
2025-02-11 17:22:57,833 - INFO - 1219, 1220, 1221, 1222, 1223, 1224, 1225, 1226, 1227, 1228
2025-02-11 17:22:57,833 - INFO - 1229, 1230, 1231, 1232, 1234, 1235, 1236, 1237, 1238, 1239
2025-02-11 17:22:57,833 - INFO - 1240, 1241, 1242, 1243, 1244, 1245, 1246, 1247, 1248, 1249
2025-02-11 17:22:57,834 - INFO - 1250, 1251, 1252, 1253, 1254, 1255, 1256, 1257, 1258, 1259
2025-02-11 17:22:57,834 - INFO - 1260, 1261, 1262, 1263, 1264, 1265, 1266, 1267, 1268, 1269
2025-02-11 17:22:57,834 - INFO - 1270, 1271, 1272, 1273, 1274, 1275, 1276, 1278, 1279, 1280
2025-02-11 17:22:57,834 - INFO - 1281, 1282, 1283, 1284, 1285, 1286, 1287, 1288, 1289, 1290
2025-02-11 17:22:57,834 - INFO - 1291, 1292, 1293, 1294, 1295, 1296, 1297, 1298, 1299, 1300
2025-02-11 17:22:57,834 - INFO - 1301, 1302, 1303, 1304, 1305, 1306, 1307, 1308, 1309, 1310
2025-02-11 17:22:57,834 - INFO - 1311, 1312, 1314, 1315, 1316, 1317, 1318, 1319, 1320, 1321
2025-02-11 17:22:57,834 - INFO - 1323, 1327, 1329, 1330, 1331, 1333, 1335, 1337, 1339, 1340
2025-02-11 17:22:57,835 - INFO - 1342, 1343, 1344, 1345, 1346, 1347, 1348, 1349, 1350, 1351
2025-02-11 17:22:57,835 - INFO - 1354, 1360, 1361, 1362, 1363, 1364, 1365, 1366, 1367, 1368
2025-02-11 17:22:57,835 - INFO - 1370, 1371, 1372, 1373, 1378, 1379, 1380, 1381, 1382, 1383
2025-02-11 17:22:57,835 - INFO - 1384, 1385, 1386, 1387, 1390, 1392, 1393, 1394, 1395, 1396
2025-02-11 17:22:57,835 - INFO - 1397, 1398, 1399, 1400, 1401, 1402, 1404, 1405, 1406, 1407
2025-02-11 17:22:57,835 - INFO - 1408, 1409, 1410, 1411, 1412, 1413, 1415, 1416, 1419, 1420
2025-02-11 17:22:57,836 - INFO - 1421, 1422, 1423, 1424, 1425, 1426, 1427, 1428, 1429, 1430
2025-02-11 17:22:57,836 - INFO - 1432, 1435, 1436, 1437, 1439, 1440, 1441, 1442, 1443, 1570
2025-02-11 17:22:57,836 - INFO - 1586, 1589, 1612, 1614, 1620, 1636, 1653, 1663, 1669, 1672
2025-02-11 17:22:57,836 - INFO - 1676, 1677, 1679, 1687, 1691, 1694, 1749, 1839, 1843, 1848
2025-02-11 17:22:57,836 - INFO - 2053, 2056, 2057, 2061, 2062, 2065, 2077, 2080, 2083, 2084
2025-02-11 17:22:57,836 - INFO - 2085, 2086, 2087, 2088, 2099, 2116, 2121, 2129, 2131, 2135
2025-02-11 17:22:57,837 - INFO - 2136, 2137, 2138, 2139, 2140, 2142, 2143, 2146, 2150, 2151
2025-02-11 17:22:57,837 - INFO - 2152, 2153, 2154, 2155, 2296, 2310, 2312, 2314, 2316, 2317
2025-02-11 17:22:57,837 - INFO - 2318, 2319, 2320, 2322, 2323, 2324, 2325, 2328, 2341, 2343
2025-02-11 17:22:57,837 - INFO - 2344, 2346, 2348, 2349, 2354, 2355, 2359, 2360, 2361, 2364
2025-02-11 17:22:57,837 - INFO - 2411, 2417, 2419, 2428, 2431, 2435, 2436, 2438, 2444, 2448
2025-02-11 17:22:57,837 - INFO - 2459, 2461, 2464, 2465, 2487, 2489, 2491, 2494, 2522, 2527
2025-02-11 17:22:57,838 - INFO - 2533, 2536, 2537, 2542, 2544, 2553, 2554, 2555, 2557, 2561
2025-02-11 17:22:57,838 - INFO - 2566, 2567, 2570, 2571, 2572, 2575, 2578, 2579, 2581, 2582
2025-02-11 17:22:57,838 - INFO - 2583, 2584, 2585, 2589, 2590, 2591, 2595, 2596, 2628, 2633
2025-02-11 17:22:57,838 - INFO - 2634, 2635, 2644, 2668, 2671, 2672, 2673, 2675, 2676, 2677
2025-02-11 17:22:57,838 - INFO - 2678, 2680, 2681, 2682, 2684, 2686, 2687, 2688, 2689, 2690
2025-02-11 17:22:57,838 - INFO - 2691, 2692, 2693, 2694, 2695, 2699, 2700, 2701, 2702, 2704
2025-02-11 17:22:57,839 - INFO - 2706, 2707, 2708, 2709, 2711, 2712, 2713, 2714, 2716, 2718
2025-02-11 17:22:57,839 - INFO - 2719, 2720, 2724, 2729, 2731, 2732, 2744, 2749, 2750, 2766
2025-02-11 17:22:57,839 - INFO - 2769, 2771, 2772, 2775, 2776, 2777, 2778, 2779, 2780, 2781
2025-02-11 17:22:57,839 - INFO - 2782, 2783, 2785, 2786, 2787, 2788, 2789, 2790, 2791, 2792
2025-02-11 17:22:57,839 - INFO - 2793, 2795, 2796, 2797, 2800, 2801, 2804, 2805, 2806, 2908
2025-02-11 17:22:57,839 - INFO - 2912, 2917, 2934, 2935, 2937, 2943, 2952, 2954, 2960, 2965
2025-02-11 17:22:57,839 - INFO - 2969, 2970, 2974, 2976, 2977, 2979, 2982, 2983, 2990, 2994
2025-02-11 17:22:57,840 - INFO - 2995, 2997, 2998, 2999
2025-02-11 17:22:57,841 - INFO - 
KMeans Cluster 4:
2025-02-11 17:22:57,841 - INFO - Behavior distribution:
2025-02-11 17:22:57,841 - INFO - - Exp: 100.0% (1 occurrences)
2025-02-11 17:22:57,841 - INFO - 
Timestamps:
2025-02-11 17:22:57,841 - INFO - 759
2025-02-11 17:22:57,842 - INFO - 
KMeans Cluster 5:
2025-02-11 17:22:57,842 - INFO - Behavior distribution:
2025-02-11 17:22:57,842 - INFO - - Exp: 82.19% (240 occurrences)
2025-02-11 17:22:57,842 - INFO - - Gro: 8.9% (26 occurrences)
2025-02-11 17:22:57,843 - INFO - - Sta: 8.56% (25 occurrences)
2025-02-11 17:22:57,843 - INFO - - Scra: 0.34% (1 occurrences)
2025-02-11 17:22:57,843 - INFO - 
Timestamps:
2025-02-11 17:22:57,843 - INFO - 1123, 1334, 1356, 1357, 1358, 1359, 1448, 1537, 1543, 1553
2025-02-11 17:22:57,843 - INFO - 1564, 1568, 1575, 1577, 1581, 1582, 1583, 1585, 1588, 1590
2025-02-11 17:22:57,843 - INFO - 1595, 1597, 1598, 1602, 1604, 1609, 1621, 1624, 1626, 1628
2025-02-11 17:22:57,844 - INFO - 1630, 1631, 1639, 1642, 1646, 1681, 1860, 1861, 1865, 1868
2025-02-11 17:22:57,844 - INFO - 1869, 1870, 1871, 1872, 1873, 1874, 1875, 1876, 1877, 1878
2025-02-11 17:22:57,844 - INFO - 1879, 1880, 1881, 1882, 1883, 1884, 1885, 1886, 1887, 1888
2025-02-11 17:22:57,844 - INFO - 1889, 1890, 1891, 1892, 1893, 1894, 1895, 1896, 1897, 1898
2025-02-11 17:22:57,844 - INFO - 1899, 1900, 1901, 1902, 1903, 1904, 1905, 1906, 1907, 1908
2025-02-11 17:22:57,844 - INFO - 1909, 1910, 1911, 1912, 1913, 1914, 1915, 1916, 1917, 1918
2025-02-11 17:22:57,844 - INFO - 1919, 1920, 1921, 1922, 1923, 1924, 1925, 1926, 1927, 1928
2025-02-11 17:22:57,844 - INFO - 1929, 1930, 1931, 1932, 1933, 1934, 1935, 1936, 1937, 1938
2025-02-11 17:22:57,845 - INFO - 1939, 1940, 1941, 1942, 1943, 1944, 1945, 1946, 1947, 1948
2025-02-11 17:22:57,845 - INFO - 1949, 1950, 1951, 1952, 1953, 1954, 1955, 1956, 1957, 1958
2025-02-11 17:22:57,845 - INFO - 1959, 1960, 1961, 1962, 1963, 1964, 1965, 1966, 1967, 1968
2025-02-11 17:22:57,845 - INFO - 1969, 1970, 1971, 1972, 1973, 1974, 1975, 1976, 1977, 1978
2025-02-11 17:22:57,845 - INFO - 1979, 1980, 1981, 1982, 1983, 1984, 1985, 1986, 1987, 1988
2025-02-11 17:22:57,845 - INFO - 1989, 1990, 1991, 1992, 1993, 1994, 1995, 1996, 1997, 1998
2025-02-11 17:22:57,845 - INFO - 1999, 2000, 2001, 2002, 2003, 2004, 2005, 2006, 2007, 2008
2025-02-11 17:22:57,845 - INFO - 2009, 2010, 2011, 2012, 2013, 2014, 2015, 2016, 2017, 2018
2025-02-11 17:22:57,846 - INFO - 2019, 2020, 2021, 2022, 2023, 2024, 2025, 2026, 2027, 2028
2025-02-11 17:22:57,846 - INFO - 2029, 2030, 2031, 2032, 2033, 2034, 2035, 2036, 2037, 2038
2025-02-11 17:22:57,846 - INFO - 2039, 2040, 2041, 2042, 2043, 2044, 2045, 2046, 2047, 2048
2025-02-11 17:22:57,846 - INFO - 2049, 2050, 2051, 2054, 2055, 2058, 2059, 2060, 2063, 2064
2025-02-11 17:22:57,846 - INFO - 2066, 2067, 2068, 2069, 2070, 2071, 2072, 2073, 2074, 2075
2025-02-11 17:22:57,846 - INFO - 2076, 2078, 2079, 2081, 2082, 2089, 2090, 2091, 2092, 2093
2025-02-11 17:22:57,847 - INFO - 2094, 2095, 2096, 2097, 2098, 2100, 2101, 2102, 2103, 2104
2025-02-11 17:22:57,847 - INFO - 2105, 2106, 2107, 2108, 2109, 2110, 2111, 2112, 2113, 2114
2025-02-11 17:22:57,847 - INFO - 2115, 2117, 2118, 2119, 2120, 2122, 2123, 2124, 2125, 2126
2025-02-11 17:22:57,847 - INFO - 2127, 2128, 2130, 2132, 2133, 2134, 2141, 2144, 2145, 2147
2025-02-11 17:22:57,847 - INFO - 2148, 2149
2025-02-11 17:22:57,848 - INFO - 
KMeans Cluster 6:
2025-02-11 17:22:57,848 - INFO - Behavior distribution:
2025-02-11 17:22:57,849 - INFO - - Exp: 97.38% (186 occurrences)
2025-02-11 17:22:57,849 - INFO - - Sta: 1.57% (3 occurrences)
2025-02-11 17:22:57,849 - INFO - - Scra: 0.52% (1 occurrences)
2025-02-11 17:22:57,849 - INFO - - Gro: 0.52% (1 occurrences)
2025-02-11 17:22:57,849 - INFO - 
Timestamps:
2025-02-11 17:22:57,849 - INFO - 551, 561, 566, 567, 576, 579, 580, 582, 583, 584
2025-02-11 17:22:57,850 - INFO - 640, 679, 701, 769, 997, 999, 1005, 1009, 1012, 1014
2025-02-11 17:22:57,850 - INFO - 1017, 1019, 1021, 1023, 1053, 1056, 1060, 1065, 1067, 1068
2025-02-11 17:22:57,850 - INFO - 1071, 1073, 1074, 1075, 1082, 1085, 1087, 1088, 1089, 1091
2025-02-11 17:22:57,850 - INFO - 1095, 1096, 1097, 1102, 1103, 1104, 1105, 1109, 1140, 1141
2025-02-11 17:22:57,850 - INFO - 1142, 1148, 1149, 1150, 1154, 1155, 1157, 1158, 1159, 1160
2025-02-11 17:22:57,850 - INFO - 1161, 1162, 1164, 1165, 1166, 1179, 1183, 1188, 1190, 1191
2025-02-11 17:22:57,851 - INFO - 1192, 1193, 1198, 1200, 1233, 1277, 1313, 1322, 1324, 1325
2025-02-11 17:22:57,851 - INFO - 1326, 1328, 1332, 1336, 1338, 1341, 1352, 1353, 1355, 1369
2025-02-11 17:22:57,851 - INFO - 1374, 1375, 1376, 1377, 1388, 1389, 1391, 1403, 1414, 1417
2025-02-11 17:22:57,851 - INFO - 1418, 1431, 1433, 1434, 1438, 1618, 1695, 1735, 1746, 1858
2025-02-11 17:22:57,851 - INFO - 2052, 2156, 2182, 2307, 2358, 2365, 2367, 2368, 2369, 2370
2025-02-11 17:22:57,851 - INFO - 2371, 2372, 2374, 2375, 2377, 2378, 2379, 2424, 2447, 2449
2025-02-11 17:22:57,851 - INFO - 2455, 2458, 2460, 2462, 2463, 2473, 2474, 2477, 2486, 2488
2025-02-11 17:22:57,852 - INFO - 2520, 2526, 2534, 2538, 2540, 2545, 2547, 2548, 2549, 2551
2025-02-11 17:22:57,852 - INFO - 2552, 2562, 2563, 2564, 2568, 2569, 2574, 2576, 2577, 2580
2025-02-11 17:22:57,852 - INFO - 2586, 2587, 2588, 2592, 2593, 2594, 2765, 2767, 2770, 2774
2025-02-11 17:22:57,852 - INFO - 2784, 2918, 2929, 2932, 2939, 2949, 2951, 2961, 2962, 2963
2025-02-11 17:22:57,852 - INFO - 2967, 2968, 2973, 2975, 2978, 2980, 2981, 2984, 2988, 2991
2025-02-11 17:22:57,852 - INFO - 2992
2025-02-11 17:22:57,853 - INFO - 
KMeans Cluster 7:
2025-02-11 17:22:57,854 - INFO - Behavior distribution:
2025-02-11 17:22:57,854 - INFO - - Exp: 98.85% (86 occurrences)
2025-02-11 17:22:57,854 - INFO - - Trem: 1.15% (1 occurrences)
2025-02-11 17:22:57,854 - INFO - 
Timestamps:
2025-02-11 17:22:57,854 - INFO - 93, 421, 966, 998, 1007, 1015, 1024, 1025, 1029, 1044
2025-02-11 17:22:57,855 - INFO - 1051, 1059, 1069, 1078, 1080, 1083, 1084, 1086, 2616, 2617
2025-02-11 17:22:57,855 - INFO - 2619, 2621, 2623, 2624, 2625, 2626, 2627, 2632, 2638, 2639
2025-02-11 17:22:57,855 - INFO - 2640, 2641, 2642, 2643, 2646, 2647, 2648, 2649, 2650, 2651
2025-02-11 17:22:57,855 - INFO - 2652, 2653, 2654, 2655, 2656, 2657, 2658, 2659, 2660, 2661
2025-02-11 17:22:57,855 - INFO - 2662, 2663, 2664, 2665, 2666, 2667, 2669, 2670, 2674, 2679
2025-02-11 17:22:57,855 - INFO - 2683, 2685, 2734, 2735, 2736, 2737, 2738, 2740, 2741, 2742
2025-02-11 17:22:57,856 - INFO - 2743, 2745, 2746, 2747, 2748, 2751, 2752, 2753, 2754, 2755
2025-02-11 17:22:57,856 - INFO - 2756, 2758, 2759, 2760, 2762, 2763, 2764
2025-02-11 17:22:57,856 - INFO - 
==================================================
2025-02-11 17:22:57,856 - INFO - Executing DBSCAN clustering algorithm
2025-02-11 17:22:57,856 - INFO - ==================================================
2025-02-11 17:22:59,100 - INFO - Using parameters: {'eps': np.float64(25.794625422208558), 'min_samples': 5}
2025-02-11 17:23:01,848 - INFO - 
Noise points:
2025-02-11 17:23:01,849 - INFO - Behavior distribution:
2025-02-11 17:23:01,849 - INFO - - Exp: 96.0% (264 occurrences)
2025-02-11 17:23:01,849 - INFO - - Gro: 2.18% (6 occurrences)
2025-02-11 17:23:01,849 - INFO - - Scra: 1.09% (3 occurrences)
2025-02-11 17:23:01,849 - INFO - - Trem: 0.73% (2 occurrences)
2025-02-11 17:23:01,849 - INFO - 
Timestamps:
2025-02-11 17:23:01,850 - INFO - 93, 421, 551, 569, 571, 572, 573, 574, 575, 577
2025-02-11 17:23:01,850 - INFO - 578, 581, 640, 670, 673, 679, 686, 687, 688, 689
2025-02-11 17:23:01,850 - INFO - 690, 691, 694, 695, 698, 700, 701, 702, 703, 704
2025-02-11 17:23:01,850 - INFO - 705, 706, 707, 708, 709, 710, 711, 712, 722, 723
2025-02-11 17:23:01,850 - INFO - 727, 733, 734, 738, 739, 740, 741, 742, 743, 744
2025-02-11 17:23:01,850 - INFO - 746, 747, 749, 750, 753, 754, 755, 756, 757, 759
2025-02-11 17:23:01,850 - INFO - 760, 761, 769, 770, 776, 777, 778, 779, 780, 781
2025-02-11 17:23:01,850 - INFO - 782, 783, 863, 865, 966, 998, 1007, 1015, 1024, 1025
2025-02-11 17:23:01,851 - INFO - 1029, 1044, 1051, 1059, 1069, 1077, 1078, 1080, 1081, 1083
2025-02-11 17:23:01,851 - INFO - 1084, 1086, 1090, 1135, 1146, 1204, 1401, 1423, 1432, 1439
2025-02-11 17:23:01,851 - INFO - 1440, 1441, 1570, 1589, 1618, 1663, 1695, 1735, 1746, 1749
2025-02-11 17:23:01,851 - INFO - 1839, 1843, 1848, 1858, 2052, 2077, 2083, 2088, 2099, 2116
2025-02-11 17:23:01,851 - INFO - 2121, 2129, 2131, 2135, 2136, 2137, 2138, 2139, 2140, 2142
2025-02-11 17:23:01,851 - INFO - 2143, 2146, 2150, 2151, 2152, 2153, 2154, 2155, 2156, 2182
2025-02-11 17:23:01,851 - INFO - 2364, 2417, 2438, 2459, 2477, 2487, 2489, 2491, 2494, 2522
2025-02-11 17:23:01,851 - INFO - 2527, 2536, 2537, 2542, 2545, 2561, 2567, 2575, 2579, 2581
2025-02-11 17:23:01,852 - INFO - 2582, 2583, 2584, 2585, 2589, 2590, 2591, 2595, 2596, 2617
2025-02-11 17:23:01,852 - INFO - 2619, 2621, 2623, 2624, 2625, 2626, 2628, 2632, 2633, 2634
2025-02-11 17:23:01,852 - INFO - 2635, 2638, 2640, 2643, 2644, 2648, 2655, 2658, 2659, 2662
2025-02-11 17:23:01,852 - INFO - 2663, 2665, 2667, 2668, 2669, 2671, 2672, 2673, 2675, 2676
2025-02-11 17:23:01,852 - INFO - 2677, 2679, 2683, 2685, 2699, 2700, 2706, 2707, 2709, 2711
2025-02-11 17:23:01,852 - INFO - 2712, 2713, 2716, 2724, 2729, 2732, 2734, 2736, 2738, 2740
2025-02-11 17:23:01,853 - INFO - 2741, 2744, 2749, 2750, 2760, 2763, 2764, 2766, 2769, 2771
2025-02-11 17:23:01,853 - INFO - 2772, 2775, 2776, 2777, 2778, 2779, 2780, 2781, 2782, 2783
2025-02-11 17:23:01,853 - INFO - 2785, 2786, 2787, 2788, 2789, 2790, 2791, 2792, 2793, 2795
2025-02-11 17:23:01,853 - INFO - 2796, 2797, 2800, 2801, 2804, 2805, 2806, 2908, 2912, 2917
2025-02-11 17:23:01,853 - INFO - 2934, 2935, 2937, 2943, 2952, 2954, 2960, 2965, 2969, 2970
2025-02-11 17:23:01,853 - INFO - 2974, 2976, 2977, 2979, 2983
2025-02-11 17:23:01,855 - INFO - 
DBSCAN Cluster 0:
2025-02-11 17:23:01,855 - INFO - Behavior distribution:
2025-02-11 17:23:01,855 - INFO - - Exp: 79.57% (2053 occurrences)
2025-02-11 17:23:01,855 - INFO - - Gro: 14.38% (371 occurrences)
2025-02-11 17:23:01,855 - INFO - - Trem: 4.3% (111 occurrences)
2025-02-11 17:23:01,856 - INFO - - Sta: 1.28% (33 occurrences)
2025-02-11 17:23:01,856 - INFO - - Scra: 0.43% (11 occurrences)
2025-02-11 17:23:01,856 - INFO - - CD1: 0.04% (1 occurrences)
2025-02-11 17:23:01,856 - INFO - 
Timestamps:
2025-02-11 17:23:01,856 - INFO - 1, 2, 3, 4, 5, 6, 7, 8, 9, 10
2025-02-11 17:23:01,856 - INFO - 11, 12, 13, 14, 15, 16, 17, 18, 19, 20
2025-02-11 17:23:01,856 - INFO - 21, 22, 23, 24, 25, 26, 27, 28, 29, 30
2025-02-11 17:23:01,857 - INFO - 31, 32, 33, 34, 35, 36, 37, 38, 39, 40
2025-02-11 17:23:01,857 - INFO - 41, 42, 43, 44, 45, 46, 47, 48, 49, 50
2025-02-11 17:23:01,857 - INFO - 51, 52, 53, 54, 55, 56, 57, 58, 59, 60
2025-02-11 17:23:01,857 - INFO - 61, 62, 63, 64, 65, 66, 67, 68, 69, 70
2025-02-11 17:23:01,857 - INFO - 71, 72, 73, 74, 75, 76, 77, 78, 79, 80
2025-02-11 17:23:01,857 - INFO - 81, 82, 83, 84, 85, 86, 87, 88, 89, 90
2025-02-11 17:23:01,857 - INFO - 91, 92, 94, 95, 96, 97, 98, 99, 100, 101
2025-02-11 17:23:01,857 - INFO - 102, 103, 104, 105, 106, 107, 108, 109, 110, 111
2025-02-11 17:23:01,857 - INFO - 112, 113, 114, 115, 116, 117, 118, 119, 120, 121
2025-02-11 17:23:01,858 - INFO - 122, 123, 124, 125, 126, 127, 128, 129, 130, 131
2025-02-11 17:23:01,858 - INFO - 132, 133, 134, 135, 136, 137, 138, 139, 140, 141
2025-02-11 17:23:01,858 - INFO - 142, 143, 144, 145, 146, 147, 148, 149, 150, 151
2025-02-11 17:23:01,858 - INFO - 152, 153, 154, 155, 156, 157, 158, 159, 160, 161
2025-02-11 17:23:01,858 - INFO - 162, 163, 164, 165, 166, 167, 168, 169, 170, 171
2025-02-11 17:23:01,858 - INFO - 172, 173, 174, 175, 176, 177, 178, 179, 180, 181
2025-02-11 17:23:01,858 - INFO - 182, 183, 184, 185, 186, 187, 188, 189, 190, 191
2025-02-11 17:23:01,858 - INFO - 192, 193, 194, 195, 196, 197, 198, 199, 200, 201
2025-02-11 17:23:01,858 - INFO - 202, 203, 204, 205, 206, 207, 208, 209, 210, 211
2025-02-11 17:23:01,859 - INFO - 212, 213, 214, 215, 216, 217, 218, 219, 220, 221
2025-02-11 17:23:01,859 - INFO - 222, 223, 224, 225, 226, 227, 228, 229, 230, 231
2025-02-11 17:23:01,859 - INFO - 232, 233, 234, 235, 236, 237, 238, 239, 240, 241
2025-02-11 17:23:01,859 - INFO - 242, 243, 244, 245, 246, 247, 248, 249, 250, 251
2025-02-11 17:23:01,859 - INFO - 252, 253, 254, 255, 256, 257, 258, 259, 260, 261
2025-02-11 17:23:01,859 - INFO - 262, 263, 264, 265, 266, 267, 268, 269, 270, 271
2025-02-11 17:23:01,859 - INFO - 272, 273, 274, 275, 276, 277, 278, 279, 280, 281
2025-02-11 17:23:01,859 - INFO - 282, 283, 284, 285, 286, 287, 288, 289, 290, 291
2025-02-11 17:23:01,860 - INFO - 292, 293, 294, 295, 296, 297, 298, 299, 300, 301
2025-02-11 17:23:01,860 - INFO - 302, 303, 304, 305, 306, 307, 308, 309, 310, 311
2025-02-11 17:23:01,860 - INFO - 312, 313, 314, 315, 316, 317, 318, 319, 320, 321
2025-02-11 17:23:01,860 - INFO - 322, 323, 324, 325, 326, 327, 328, 329, 330, 331
2025-02-11 17:23:01,860 - INFO - 332, 333, 334, 335, 336, 337, 338, 339, 340, 341
2025-02-11 17:23:01,860 - INFO - 342, 343, 344, 345, 346, 347, 348, 349, 350, 351
2025-02-11 17:23:01,861 - INFO - 352, 353, 354, 355, 356, 357, 358, 359, 360, 361
2025-02-11 17:23:01,861 - INFO - 362, 363, 364, 365, 366, 367, 368, 369, 370, 371
2025-02-11 17:23:01,861 - INFO - 372, 373, 374, 375, 376, 377, 378, 379, 380, 381
2025-02-11 17:23:01,861 - INFO - 382, 383, 384, 385, 386, 387, 388, 389, 390, 391
2025-02-11 17:23:01,862 - INFO - 392, 393, 394, 395, 396, 397, 398, 399, 400, 401
2025-02-11 17:23:01,862 - INFO - 402, 403, 404, 405, 406, 407, 408, 409, 410, 411
2025-02-11 17:23:01,862 - INFO - 412, 413, 414, 415, 416, 417, 418, 419, 420, 422
2025-02-11 17:23:01,862 - INFO - 423, 424, 425, 426, 427, 428, 429, 430, 431, 432
2025-02-11 17:23:01,862 - INFO - 433, 434, 435, 436, 437, 438, 439, 440, 441, 442
2025-02-11 17:23:01,862 - INFO - 443, 444, 445, 446, 447, 448, 449, 450, 451, 452
2025-02-11 17:23:01,862 - INFO - 453, 454, 455, 456, 457, 458, 459, 460, 461, 462
2025-02-11 17:23:01,862 - INFO - 463, 464, 465, 466, 467, 468, 469, 470, 471, 472
2025-02-11 17:23:01,863 - INFO - 473, 474, 475, 476, 477, 478, 479, 480, 481, 482
2025-02-11 17:23:01,863 - INFO - 483, 484, 485, 486, 487, 488, 489, 490, 491, 492
2025-02-11 17:23:01,863 - INFO - 493, 494, 495, 496, 497, 498, 499, 500, 501, 502
2025-02-11 17:23:01,863 - INFO - 503, 504, 505, 506, 507, 508, 509, 510, 511, 512
2025-02-11 17:23:01,863 - INFO - 513, 514, 515, 516, 517, 518, 519, 520, 521, 522
2025-02-11 17:23:01,863 - INFO - 523, 524, 525, 526, 527, 528, 529, 530, 531, 532
2025-02-11 17:23:01,863 - INFO - 533, 534, 535, 536, 537, 538, 539, 540, 541, 542
2025-02-11 17:23:01,863 - INFO - 543, 544, 545, 546, 547, 548, 549, 550, 552, 553
2025-02-11 17:23:01,864 - INFO - 554, 555, 556, 557, 558, 559, 560, 562, 563, 564
2025-02-11 17:23:01,864 - INFO - 565, 568, 570, 585, 586, 587, 588, 589, 590, 591
2025-02-11 17:23:01,864 - INFO - 592, 593, 594, 595, 596, 597, 598, 599, 600, 601
2025-02-11 17:23:01,864 - INFO - 602, 603, 604, 605, 606, 607, 608, 609, 610, 611
2025-02-11 17:23:01,864 - INFO - 612, 613, 614, 615, 616, 617, 618, 619, 620, 621
2025-02-11 17:23:01,864 - INFO - 622, 623, 624, 625, 626, 627, 628, 629, 630, 631
2025-02-11 17:23:01,864 - INFO - 632, 633, 634, 635, 636, 637, 638, 639, 641, 642
2025-02-11 17:23:01,865 - INFO - 643, 644, 645, 646, 647, 648, 649, 650, 651, 652
2025-02-11 17:23:01,865 - INFO - 653, 654, 655, 656, 657, 658, 659, 660, 661, 662
2025-02-11 17:23:01,865 - INFO - 663, 664, 665, 666, 667, 668, 669, 671, 672, 674
2025-02-11 17:23:01,865 - INFO - 675, 676, 677, 678, 680, 681, 682, 683, 684, 685
2025-02-11 17:23:01,865 - INFO - 692, 693, 696, 697, 699, 713, 714, 715, 716, 717
2025-02-11 17:23:01,865 - INFO - 718, 719, 720, 721, 724, 725, 726, 728, 729, 730
2025-02-11 17:23:01,865 - INFO - 731, 732, 735, 736, 737, 745, 748, 751, 752, 758
2025-02-11 17:23:01,865 - INFO - 762, 763, 764, 765, 766, 767, 768, 771, 772, 773
2025-02-11 17:23:01,866 - INFO - 774, 775, 784, 785, 786, 787, 788, 789, 790, 791
2025-02-11 17:23:01,866 - INFO - 792, 793, 794, 795, 796, 797, 798, 799, 800, 801
2025-02-11 17:23:01,866 - INFO - 802, 803, 804, 805, 806, 807, 808, 809, 810, 811
2025-02-11 17:23:01,866 - INFO - 812, 813, 814, 815, 816, 817, 818, 819, 820, 821
2025-02-11 17:23:01,866 - INFO - 822, 823, 824, 825, 826, 827, 828, 829, 830, 831
2025-02-11 17:23:01,866 - INFO - 832, 833, 834, 835, 836, 837, 838, 839, 840, 841
2025-02-11 17:23:01,866 - INFO - 842, 843, 844, 845, 846, 847, 848, 849, 850, 851
2025-02-11 17:23:01,867 - INFO - 852, 853, 854, 855, 856, 857, 858, 859, 860, 861
2025-02-11 17:23:01,867 - INFO - 862, 864, 866, 867, 868, 869, 870, 871, 872, 873
2025-02-11 17:23:01,867 - INFO - 874, 875, 876, 877, 878, 879, 880, 881, 882, 883
2025-02-11 17:23:01,867 - INFO - 884, 885, 886, 887, 888, 889, 890, 891, 892, 893
2025-02-11 17:23:01,867 - INFO - 894, 895, 896, 897, 898, 899, 900, 901, 902, 903
2025-02-11 17:23:01,867 - INFO - 904, 905, 906, 907, 908, 909, 910, 911, 912, 913
2025-02-11 17:23:01,868 - INFO - 914, 915, 916, 917, 918, 919, 920, 921, 922, 923
2025-02-11 17:23:01,868 - INFO - 924, 925, 926, 927, 928, 929, 930, 931, 932, 933
2025-02-11 17:23:01,868 - INFO - 934, 935, 936, 937, 938, 939, 940, 941, 942, 943
2025-02-11 17:23:01,868 - INFO - 944, 945, 946, 947, 948, 949, 950, 951, 952, 953
2025-02-11 17:23:01,868 - INFO - 954, 955, 956, 957, 958, 959, 960, 961, 962, 963
2025-02-11 17:23:01,868 - INFO - 964, 965, 967, 968, 969, 970, 971, 972, 973, 974
2025-02-11 17:23:01,868 - INFO - 975, 976, 977, 978, 979, 980, 981, 982, 983, 984
2025-02-11 17:23:01,868 - INFO - 985, 986, 987, 988, 989, 990, 991, 992, 993, 994
2025-02-11 17:23:01,869 - INFO - 995, 996, 997, 999, 1000, 1001, 1002, 1003, 1004, 1005
2025-02-11 17:23:01,869 - INFO - 1006, 1008, 1009, 1010, 1011, 1012, 1013, 1014, 1016, 1017
2025-02-11 17:23:01,869 - INFO - 1018, 1019, 1020, 1021, 1022, 1023, 1026, 1027, 1028, 1030
2025-02-11 17:23:01,869 - INFO - 1031, 1032, 1033, 1034, 1035, 1036, 1037, 1038, 1039, 1040
2025-02-11 17:23:01,869 - INFO - 1041, 1042, 1043, 1045, 1046, 1047, 1048, 1049, 1050, 1052
2025-02-11 17:23:01,869 - INFO - 1053, 1054, 1055, 1056, 1057, 1058, 1060, 1061, 1062, 1063
2025-02-11 17:23:01,869 - INFO - 1064, 1065, 1066, 1067, 1068, 1070, 1071, 1072, 1073, 1074
2025-02-11 17:23:01,870 - INFO - 1075, 1076, 1079, 1082, 1085, 1087, 1088, 1089, 1091, 1092
2025-02-11 17:23:01,870 - INFO - 1093, 1094, 1095, 1096, 1097, 1098, 1099, 1100, 1101, 1102
2025-02-11 17:23:01,870 - INFO - 1103, 1104, 1105, 1106, 1107, 1108, 1109, 1110, 1111, 1112
2025-02-11 17:23:01,870 - INFO - 1113, 1114, 1115, 1116, 1117, 1118, 1119, 1120, 1121, 1122
2025-02-11 17:23:01,870 - INFO - 1123, 1124, 1125, 1126, 1127, 1128, 1129, 1130, 1131, 1132
2025-02-11 17:23:01,870 - INFO - 1133, 1134, 1136, 1137, 1138, 1139, 1143, 1144, 1145, 1147
2025-02-11 17:23:01,870 - INFO - 1151, 1152, 1153, 1156, 1163, 1167, 1168, 1169, 1170, 1171
2025-02-11 17:23:01,870 - INFO - 1172, 1173, 1174, 1175, 1176, 1177, 1178, 1180, 1181, 1182
2025-02-11 17:23:01,870 - INFO - 1184, 1185, 1186, 1187, 1189, 1194, 1195, 1196, 1197, 1199
2025-02-11 17:23:01,870 - INFO - 1201, 1202, 1203, 1205, 1206, 1207, 1208, 1209, 1210, 1211
2025-02-11 17:23:01,870 - INFO - 1212, 1213, 1214, 1215, 1216, 1217, 1218, 1219, 1220, 1221
2025-02-11 17:23:01,870 - INFO - 1222, 1223, 1224, 1225, 1226, 1227, 1228, 1229, 1230, 1231
2025-02-11 17:23:01,871 - INFO - 1232, 1234, 1235, 1236, 1237, 1238, 1239, 1240, 1241, 1242
2025-02-11 17:23:01,871 - INFO - 1243, 1244, 1245, 1246, 1247, 1248, 1249, 1250, 1251, 1252
2025-02-11 17:23:01,871 - INFO - 1253, 1254, 1255, 1256, 1257, 1258, 1259, 1260, 1261, 1262
2025-02-11 17:23:01,871 - INFO - 1263, 1264, 1265, 1266, 1267, 1268, 1269, 1270, 1271, 1272
2025-02-11 17:23:01,871 - INFO - 1273, 1274, 1275, 1276, 1278, 1279, 1280, 1281, 1282, 1283
2025-02-11 17:23:01,871 - INFO - 1284, 1285, 1286, 1287, 1288, 1289, 1290, 1291, 1292, 1293
2025-02-11 17:23:01,871 - INFO - 1294, 1295, 1296, 1297, 1298, 1299, 1300, 1301, 1302, 1303
2025-02-11 17:23:01,871 - INFO - 1304, 1305, 1306, 1307, 1308, 1309, 1310, 1311, 1312, 1314
2025-02-11 17:23:01,871 - INFO - 1315, 1316, 1317, 1318, 1319, 1320, 1321, 1323, 1327, 1329
2025-02-11 17:23:01,872 - INFO - 1330, 1331, 1333, 1334, 1335, 1337, 1339, 1340, 1342, 1343
2025-02-11 17:23:01,872 - INFO - 1344, 1345, 1346, 1347, 1348, 1349, 1350, 1351, 1354, 1356
2025-02-11 17:23:01,872 - INFO - 1357, 1358, 1359, 1360, 1361, 1362, 1363, 1364, 1365, 1366
2025-02-11 17:23:01,872 - INFO - 1367, 1368, 1370, 1371, 1372, 1373, 1378, 1379, 1380, 1381
2025-02-11 17:23:01,872 - INFO - 1382, 1383, 1384, 1385, 1386, 1387, 1390, 1392, 1393, 1394
2025-02-11 17:23:01,872 - INFO - 1395, 1396, 1397, 1398, 1399, 1400, 1402, 1404, 1405, 1406
2025-02-11 17:23:01,872 - INFO - 1407, 1408, 1409, 1410, 1411, 1412, 1413, 1415, 1416, 1419
2025-02-11 17:23:01,873 - INFO - 1420, 1421, 1422, 1424, 1425, 1426, 1427, 1428, 1429, 1430
2025-02-11 17:23:01,873 - INFO - 1435, 1436, 1437, 1442, 1443, 1444, 1445, 1446, 1447, 1448
2025-02-11 17:23:01,873 - INFO - 1449, 1450, 1451, 1452, 1453, 1454, 1455, 1456, 1457, 1458
2025-02-11 17:23:01,873 - INFO - 1459, 1460, 1461, 1462, 1463, 1464, 1465, 1466, 1467, 1468
2025-02-11 17:23:01,873 - INFO - 1469, 1470, 1471, 1472, 1473, 1474, 1475, 1476, 1477, 1478
2025-02-11 17:23:01,873 - INFO - 1479, 1480, 1481, 1482, 1483, 1484, 1485, 1486, 1487, 1488
2025-02-11 17:23:01,874 - INFO - 1489, 1490, 1491, 1492, 1493, 1494, 1495, 1496, 1497, 1498
2025-02-11 17:23:01,874 - INFO - 1499, 1500, 1501, 1502, 1503, 1504, 1505, 1506, 1507, 1508
2025-02-11 17:23:01,874 - INFO - 1509, 1510, 1511, 1512, 1513, 1514, 1515, 1516, 1517, 1518
2025-02-11 17:23:01,874 - INFO - 1519, 1520, 1521, 1522, 1523, 1524, 1525, 1526, 1527, 1528
2025-02-11 17:23:01,874 - INFO - 1529, 1530, 1531, 1532, 1533, 1534, 1535, 1536, 1537, 1538
2025-02-11 17:23:01,874 - INFO - 1539, 1540, 1541, 1542, 1543, 1544, 1545, 1546, 1547, 1548
2025-02-11 17:23:01,874 - INFO - 1549, 1550, 1551, 1552, 1553, 1554, 1555, 1556, 1557, 1558
2025-02-11 17:23:01,875 - INFO - 1559, 1560, 1561, 1562, 1563, 1564, 1565, 1566, 1567, 1568
2025-02-11 17:23:01,875 - INFO - 1569, 1571, 1572, 1573, 1574, 1575, 1576, 1577, 1578, 1579
2025-02-11 17:23:01,875 - INFO - 1580, 1581, 1582, 1583, 1584, 1585, 1586, 1587, 1588, 1590
2025-02-11 17:23:01,875 - INFO - 1591, 1592, 1593, 1594, 1595, 1596, 1597, 1598, 1599, 1600
2025-02-11 17:23:01,875 - INFO - 1601, 1602, 1603, 1604, 1605, 1606, 1607, 1608, 1609, 1610
2025-02-11 17:23:01,875 - INFO - 1611, 1612, 1613, 1614, 1615, 1616, 1617, 1619, 1620, 1621
2025-02-11 17:23:01,875 - INFO - 1622, 1623, 1624, 1625, 1626, 1627, 1628, 1629, 1630, 1631
2025-02-11 17:23:01,875 - INFO - 1632, 1633, 1634, 1635, 1636, 1637, 1638, 1639, 1640, 1641
2025-02-11 17:23:01,876 - INFO - 1642, 1643, 1644, 1645, 1646, 1647, 1648, 1649, 1650, 1651
2025-02-11 17:23:01,876 - INFO - 1652, 1653, 1654, 1655, 1656, 1657, 1658, 1659, 1660, 1661
2025-02-11 17:23:01,876 - INFO - 1662, 1664, 1665, 1666, 1667, 1668, 1669, 1670, 1671, 1672
2025-02-11 17:23:01,876 - INFO - 1673, 1674, 1675, 1676, 1677, 1678, 1679, 1680, 1681, 1682
2025-02-11 17:23:01,876 - INFO - 1683, 1684, 1685, 1686, 1687, 1688, 1689, 1690, 1691, 1692
2025-02-11 17:23:01,876 - INFO - 1693, 1694, 1696, 1697, 1698, 1699, 1700, 1701, 1702, 1703
2025-02-11 17:23:01,876 - INFO - 1704, 1705, 1706, 1707, 1708, 1709, 1710, 1711, 1712, 1713
2025-02-11 17:23:01,876 - INFO - 1714, 1715, 1716, 1717, 1718, 1719, 1720, 1721, 1722, 1723
2025-02-11 17:23:01,876 - INFO - 1724, 1725, 1726, 1727, 1728, 1729, 1730, 1731, 1732, 1733
2025-02-11 17:23:01,876 - INFO - 1734, 1736, 1737, 1738, 1739, 1740, 1741, 1742, 1743, 1744
2025-02-11 17:23:01,877 - INFO - 1745, 1747, 1748, 1750, 1751, 1752, 1753, 1754, 1755, 1756
2025-02-11 17:23:01,877 - INFO - 1757, 1758, 1759, 1760, 1761, 1762, 1763, 1764, 1765, 1766
2025-02-11 17:23:01,877 - INFO - 1767, 1768, 1769, 1770, 1771, 1772, 1773, 1774, 1775, 1776
2025-02-11 17:23:01,877 - INFO - 1777, 1778, 1779, 1780, 1781, 1782, 1783, 1784, 1785, 1786
2025-02-11 17:23:01,877 - INFO - 1787, 1788, 1789, 1790, 1791, 1792, 1793, 1794, 1795, 1796
2025-02-11 17:23:01,877 - INFO - 1797, 1798, 1799, 1800, 1801, 1802, 1803, 1804, 1805, 1806
2025-02-11 17:23:01,877 - INFO - 1807, 1808, 1809, 1810, 1811, 1812, 1813, 1814, 1815, 1816
2025-02-11 17:23:01,877 - INFO - 1817, 1818, 1819, 1820, 1821, 1822, 1823, 1824, 1825, 1826
2025-02-11 17:23:01,877 - INFO - 1827, 1828, 1829, 1830, 1831, 1832, 1833, 1834, 1835, 1836
2025-02-11 17:23:01,878 - INFO - 1837, 1838, 1840, 1841, 1842, 1844, 1845, 1846, 1847, 1849
2025-02-11 17:23:01,878 - INFO - 1850, 1851, 1852, 1853, 1854, 1855, 1856, 1857, 1859, 1860
2025-02-11 17:23:01,878 - INFO - 1861, 1862, 1863, 1864, 1865, 1866, 1867, 1868, 1869, 1870
2025-02-11 17:23:01,878 - INFO - 1871, 1872, 1873, 1874, 1875, 1876, 1877, 1878, 1879, 1880
2025-02-11 17:23:01,878 - INFO - 1881, 1882, 1883, 1884, 1885, 1886, 1887, 1888, 1889, 1890
2025-02-11 17:23:01,878 - INFO - 1891, 1892, 1893, 1894, 1895, 1896, 1897, 1898, 1899, 1900
2025-02-11 17:23:01,878 - INFO - 1901, 1902, 1903, 1904, 1905, 1906, 1907, 1908, 1909, 1910
2025-02-11 17:23:01,878 - INFO - 1911, 1912, 1913, 1914, 1915, 1916, 1917, 1918, 1919, 1920
2025-02-11 17:23:01,879 - INFO - 1921, 1922, 1923, 1924, 1925, 1926, 1927, 1928, 1929, 1930
2025-02-11 17:23:01,879 - INFO - 1931, 1932, 1933, 1934, 1935, 1936, 1937, 1938, 1939, 1940
2025-02-11 17:23:01,879 - INFO - 1941, 1942, 1943, 1944, 1945, 1946, 1947, 1948, 1949, 1950
2025-02-11 17:23:01,879 - INFO - 1951, 1952, 1953, 1954, 1955, 1956, 1957, 1958, 1959, 1960
2025-02-11 17:23:01,879 - INFO - 1961, 1962, 1963, 1964, 1965, 1966, 1967, 1968, 1969, 1970
2025-02-11 17:23:01,879 - INFO - 1971, 1972, 1973, 1974, 1975, 1976, 1977, 1978, 1979, 1980
2025-02-11 17:23:01,880 - INFO - 1981, 1982, 1983, 1984, 1985, 1986, 1987, 1988, 1989, 1990
2025-02-11 17:23:01,880 - INFO - 1991, 1992, 1993, 1994, 1995, 1996, 1997, 1998, 1999, 2000
2025-02-11 17:23:01,880 - INFO - 2001, 2002, 2003, 2004, 2005, 2006, 2007, 2008, 2009, 2010
2025-02-11 17:23:01,880 - INFO - 2011, 2012, 2013, 2014, 2015, 2016, 2017, 2018, 2019, 2020
2025-02-11 17:23:01,880 - INFO - 2021, 2022, 2023, 2024, 2025, 2026, 2027, 2028, 2029, 2030
2025-02-11 17:23:01,881 - INFO - 2031, 2032, 2033, 2034, 2035, 2036, 2037, 2038, 2039, 2040
2025-02-11 17:23:01,881 - INFO - 2041, 2042, 2043, 2044, 2045, 2046, 2047, 2048, 2049, 2050
2025-02-11 17:23:01,881 - INFO - 2051, 2054, 2055, 2058, 2059, 2060, 2063, 2064, 2066, 2067
2025-02-11 17:23:01,881 - INFO - 2068, 2069, 2070, 2071, 2072, 2073, 2074, 2075, 2076, 2078
2025-02-11 17:23:01,881 - INFO - 2079, 2081, 2082, 2089, 2090, 2091, 2092, 2093, 2094, 2095
2025-02-11 17:23:01,881 - INFO - 2096, 2097, 2098, 2100, 2101, 2102, 2103, 2104, 2105, 2106
2025-02-11 17:23:01,881 - INFO - 2107, 2108, 2109, 2110, 2111, 2112, 2113, 2114, 2115, 2117
2025-02-11 17:23:01,882 - INFO - 2118, 2119, 2120, 2122, 2123, 2124, 2125, 2126, 2127, 2128
2025-02-11 17:23:01,882 - INFO - 2130, 2132, 2133, 2134, 2141, 2144, 2145, 2147, 2148, 2149
2025-02-11 17:23:01,882 - INFO - 2157, 2158, 2159, 2160, 2161, 2162, 2163, 2164, 2165, 2166
2025-02-11 17:23:01,882 - INFO - 2167, 2168, 2169, 2170, 2171, 2172, 2173, 2174, 2175, 2176
2025-02-11 17:23:01,882 - INFO - 2177, 2178, 2179, 2180, 2181, 2183, 2184, 2185, 2186, 2187
2025-02-11 17:23:01,882 - INFO - 2188, 2189, 2190, 2191, 2192, 2193, 2194, 2195, 2196, 2197
2025-02-11 17:23:01,882 - INFO - 2198, 2199, 2200, 2201, 2202, 2203, 2204, 2205, 2206, 2207
2025-02-11 17:23:01,882 - INFO - 2208, 2209, 2210, 2211, 2212, 2213, 2214, 2215, 2216, 2217
2025-02-11 17:23:01,882 - INFO - 2218, 2219, 2220, 2221, 2222, 2223, 2224, 2225, 2226, 2227
2025-02-11 17:23:01,882 - INFO - 2228, 2229, 2230, 2231, 2232, 2233, 2234, 2235, 2236, 2237
2025-02-11 17:23:01,883 - INFO - 2238, 2239, 2240, 2241, 2242, 2243, 2244, 2245, 2246, 2247
2025-02-11 17:23:01,883 - INFO - 2248, 2249, 2250, 2251, 2252, 2253, 2254, 2255, 2256, 2257
2025-02-11 17:23:01,883 - INFO - 2258, 2259, 2260, 2261, 2262, 2263, 2264, 2265, 2266, 2267
2025-02-11 17:23:01,883 - INFO - 2268, 2269, 2270, 2271, 2272, 2273, 2274, 2275, 2276, 2277
2025-02-11 17:23:01,883 - INFO - 2278, 2279, 2280, 2281, 2282, 2283, 2284, 2285, 2286, 2287
2025-02-11 17:23:01,883 - INFO - 2288, 2289, 2290, 2291, 2292, 2293, 2294, 2295, 2296, 2297
2025-02-11 17:23:01,883 - INFO - 2298, 2299, 2300, 2301, 2302, 2303, 2304, 2305, 2306, 2307
2025-02-11 17:23:01,883 - INFO - 2308, 2309, 2310, 2311, 2312, 2313, 2314, 2315, 2316, 2317
2025-02-11 17:23:01,883 - INFO - 2318, 2319, 2320, 2321, 2322, 2323, 2324, 2325, 2326, 2327
2025-02-11 17:23:01,884 - INFO - 2328, 2329, 2330, 2331, 2332, 2333, 2334, 2335, 2336, 2337
2025-02-11 17:23:01,884 - INFO - 2338, 2339, 2340, 2341, 2342, 2343, 2344, 2345, 2346, 2347
2025-02-11 17:23:01,884 - INFO - 2348, 2349, 2350, 2351, 2352, 2353, 2354, 2355, 2356, 2357
2025-02-11 17:23:01,884 - INFO - 2358, 2359, 2360, 2361, 2362, 2363, 2365, 2366, 2367, 2368
2025-02-11 17:23:01,884 - INFO - 2369, 2370, 2371, 2372, 2373, 2374, 2375, 2376, 2377, 2378
2025-02-11 17:23:01,884 - INFO - 2379, 2380, 2381, 2382, 2383, 2384, 2385, 2386, 2387, 2388
2025-02-11 17:23:01,885 - INFO - 2389, 2390, 2391, 2392, 2393, 2394, 2395, 2396, 2397, 2398
2025-02-11 17:23:01,885 - INFO - 2399, 2400, 2401, 2402, 2403, 2404, 2405, 2406, 2407, 2408
2025-02-11 17:23:01,885 - INFO - 2409, 2410, 2411, 2412, 2413, 2414, 2415, 2416, 2418, 2419
2025-02-11 17:23:01,885 - INFO - 2420, 2421, 2422, 2423, 2424, 2425, 2426, 2427, 2428, 2429
2025-02-11 17:23:01,885 - INFO - 2430, 2431, 2432, 2433, 2434, 2435, 2436, 2437, 2439, 2440
2025-02-11 17:23:01,885 - INFO - 2441, 2442, 2443, 2444, 2445, 2446, 2447, 2448, 2449, 2450
2025-02-11 17:23:01,885 - INFO - 2451, 2452, 2453, 2454, 2455, 2456, 2457, 2458, 2460, 2461
2025-02-11 17:23:01,886 - INFO - 2462, 2463, 2464, 2465, 2466, 2467, 2468, 2469, 2470, 2471
2025-02-11 17:23:01,886 - INFO - 2472, 2473, 2474, 2475, 2476, 2478, 2479, 2480, 2481, 2482
2025-02-11 17:23:01,886 - INFO - 2483, 2484, 2485, 2486, 2488, 2490, 2492, 2493, 2495, 2496
2025-02-11 17:23:01,886 - INFO - 2497, 2498, 2499, 2500, 2501, 2502, 2503, 2504, 2505, 2506
2025-02-11 17:23:01,886 - INFO - 2507, 2508, 2509, 2510, 2511, 2512, 2513, 2514, 2515, 2516
2025-02-11 17:23:01,886 - INFO - 2517, 2518, 2519, 2520, 2521, 2523, 2524, 2525, 2526, 2528
2025-02-11 17:23:01,886 - INFO - 2529, 2530, 2531, 2532, 2533, 2534, 2535, 2538, 2539, 2540
2025-02-11 17:23:01,887 - INFO - 2541, 2543, 2544, 2546, 2547, 2548, 2549, 2550, 2551, 2552
2025-02-11 17:23:01,887 - INFO - 2553, 2554, 2555, 2556, 2557, 2558, 2559, 2560, 2562, 2563
2025-02-11 17:23:01,887 - INFO - 2564, 2565, 2566, 2568, 2569, 2570, 2571, 2572, 2573, 2574
2025-02-11 17:23:01,887 - INFO - 2576, 2577, 2578, 2580, 2586, 2587, 2588, 2592, 2593, 2594
2025-02-11 17:23:01,887 - INFO - 2597, 2598, 2599, 2600, 2601, 2602, 2603, 2604, 2605, 2606
2025-02-11 17:23:01,887 - INFO - 2607, 2608, 2609, 2610, 2611, 2612, 2613, 2614, 2615, 2618
2025-02-11 17:23:01,887 - INFO - 2620, 2622, 2629, 2630, 2631, 2636, 2637, 2645, 2696, 2697
2025-02-11 17:23:01,887 - INFO - 2698, 2703, 2705, 2710, 2715, 2717, 2721, 2722, 2723, 2725
2025-02-11 17:23:01,888 - INFO - 2726, 2727, 2728, 2730, 2733, 2739, 2757, 2761, 2768, 2773
2025-02-11 17:23:01,888 - INFO - 2794, 2798, 2799, 2802, 2803, 2807, 2808, 2809, 2810, 2811
2025-02-11 17:23:01,888 - INFO - 2812, 2813, 2814, 2815, 2816, 2817, 2818, 2819, 2820, 2821
2025-02-11 17:23:01,888 - INFO - 2822, 2823, 2824, 2825, 2826, 2827, 2828, 2829, 2830, 2831
2025-02-11 17:23:01,888 - INFO - 2832, 2833, 2834, 2835, 2836, 2837, 2838, 2839, 2840, 2841
2025-02-11 17:23:01,888 - INFO - 2842, 2843, 2844, 2845, 2846, 2847, 2848, 2849, 2850, 2851
2025-02-11 17:23:01,888 - INFO - 2852, 2853, 2854, 2855, 2856, 2857, 2858, 2859, 2860, 2861
2025-02-11 17:23:01,888 - INFO - 2862, 2863, 2864, 2865, 2866, 2867, 2868, 2869, 2870, 2871
2025-02-11 17:23:01,889 - INFO - 2872, 2873, 2874, 2875, 2876, 2877, 2878, 2879, 2880, 2881
2025-02-11 17:23:01,889 - INFO - 2882, 2883, 2884, 2885, 2886, 2887, 2888, 2889, 2890, 2891
2025-02-11 17:23:01,889 - INFO - 2892, 2893, 2894, 2895, 2896, 2897, 2898, 2899, 2900, 2901
2025-02-11 17:23:01,889 - INFO - 2902, 2903, 2904, 2905, 2906, 2907, 2909, 2910, 2911, 2913
2025-02-11 17:23:01,889 - INFO - 2914, 2915, 2916, 2918, 2919, 2920, 2921, 2922, 2923, 2924
2025-02-11 17:23:01,889 - INFO - 2925, 2926, 2927, 2928, 2929, 2930, 2931, 2932, 2933, 2936
2025-02-11 17:23:01,889 - INFO - 2938, 2939, 2940, 2941, 2942, 2944, 2945, 2946, 2947, 2948
2025-02-11 17:23:01,890 - INFO - 2949, 2950, 2951, 2953, 2955, 2956, 2957, 2958, 2959, 2961
2025-02-11 17:23:01,890 - INFO - 2962, 2963, 2964, 2966, 2967, 2968, 2971, 2972, 2973, 2975
2025-02-11 17:23:01,890 - INFO - 2978, 2980, 2981, 2982, 2984, 2985, 2986, 2987, 2988, 2989
2025-02-11 17:23:01,890 - INFO - 2990, 2991, 2992, 2993, 2994, 2995, 2996, 2997, 2998, 2999
2025-02-11 17:23:01,891 - INFO - 
DBSCAN Cluster 1:
2025-02-11 17:23:01,892 - INFO - Behavior distribution:
2025-02-11 17:23:01,892 - INFO - - Exp: 100.0% (9 occurrences)
2025-02-11 17:23:01,892 - INFO - 
Timestamps:
2025-02-11 17:23:01,892 - INFO - 561, 566, 567, 576, 579, 580, 582, 583, 584
2025-02-11 17:23:01,893 - INFO - 
DBSCAN Cluster 2:
2025-02-11 17:23:01,893 - INFO - Behavior distribution:
2025-02-11 17:23:01,893 - INFO - - Exp: 92.98% (53 occurrences)
2025-02-11 17:23:01,893 - INFO - - Sta: 5.26% (3 occurrences)
2025-02-11 17:23:01,894 - INFO - - Scra: 1.75% (1 occurrences)
2025-02-11 17:23:01,894 - INFO - 
Timestamps:
2025-02-11 17:23:01,894 - INFO - 1140, 1141, 1142, 1148, 1149, 1150, 1154, 1155, 1157, 1158
2025-02-11 17:23:01,894 - INFO - 1159, 1160, 1161, 1162, 1164, 1165, 1166, 1179, 1183, 1188
2025-02-11 17:23:01,894 - INFO - 1190, 1191, 1192, 1193, 1198, 1200, 1233, 1277, 1313, 1322
2025-02-11 17:23:01,894 - INFO - 1324, 1325, 1326, 1328, 1332, 1336, 1338, 1341, 1352, 1353
2025-02-11 17:23:01,894 - INFO - 1355, 1369, 1374, 1375, 1376, 1377, 1388, 1389, 1391, 1403
2025-02-11 17:23:01,894 - INFO - 1414, 1417, 1418, 1431, 1433, 1434, 1438
2025-02-11 17:23:01,895 - INFO - 
DBSCAN Cluster 3:
2025-02-11 17:23:01,895 - INFO - Behavior distribution:
2025-02-11 17:23:01,895 - INFO - - Exp: 100.0% (11 occurrences)
2025-02-11 17:23:01,896 - INFO - 
Timestamps:
2025-02-11 17:23:01,896 - INFO - 2053, 2056, 2057, 2061, 2062, 2065, 2080, 2084, 2085, 2086
2025-02-11 17:23:01,896 - INFO - 2087
2025-02-11 17:23:01,897 - INFO - 
DBSCAN Cluster 4:
2025-02-11 17:23:01,897 - INFO - Behavior distribution:
2025-02-11 17:23:01,897 - INFO - - Exp: 100.0% (21 occurrences)
2025-02-11 17:23:01,897 - INFO - 
Timestamps:
2025-02-11 17:23:01,897 - INFO - 2616, 2627, 2639, 2641, 2642, 2646, 2647, 2649, 2650, 2651
2025-02-11 17:23:01,898 - INFO - 2652, 2653, 2654, 2656, 2657, 2660, 2661, 2664, 2666, 2670
2025-02-11 17:23:01,898 - INFO - 2674
2025-02-11 17:23:01,899 - INFO - 
DBSCAN Cluster 5:
2025-02-11 17:23:01,899 - INFO - Behavior distribution:
2025-02-11 17:23:01,899 - INFO - - Exp: 100.0% (19 occurrences)
2025-02-11 17:23:01,899 - INFO - 
Timestamps:
2025-02-11 17:23:01,899 - INFO - 2678, 2680, 2681, 2682, 2684, 2686, 2687, 2688, 2689, 2690
2025-02-11 17:23:01,899 - INFO - 2691, 2692, 2693, 2694, 2695, 2701, 2702, 2704, 2708
2025-02-11 17:23:01,900 - INFO - 
DBSCAN Cluster 6:
2025-02-11 17:23:01,900 - INFO - Behavior distribution:
2025-02-11 17:23:01,901 - INFO - - Exp: 100.0% (5 occurrences)
2025-02-11 17:23:01,901 - INFO - 
Timestamps:
2025-02-11 17:23:01,901 - INFO - 2714, 2718, 2719, 2720, 2731
2025-02-11 17:23:01,901 - INFO - 
DBSCAN Cluster 7:
2025-02-11 17:23:01,902 - INFO - Behavior distribution:
2025-02-11 17:23:01,902 - INFO - - Exp: 100.0% (17 occurrences)
2025-02-11 17:23:01,902 - INFO - 
Timestamps:
2025-02-11 17:23:01,902 - INFO - 2735, 2737, 2742, 2743, 2745, 2746, 2747, 2748, 2751, 2752
2025-02-11 17:23:01,902 - INFO - 2753, 2754, 2755, 2756, 2758, 2759, 2762
2025-02-11 17:23:01,903 - INFO - 
DBSCAN Cluster 8:
2025-02-11 17:23:01,903 - INFO - Behavior distribution:
2025-02-11 17:23:01,903 - INFO - - Exp: 100.0% (5 occurrences)
2025-02-11 17:23:01,904 - INFO - 
Timestamps:
2025-02-11 17:23:01,904 - INFO - 2765, 2767, 2770, 2774, 2784
2025-02-11 17:23:01,904 - INFO - 
==================================================
2025-02-11 17:23:01,904 - INFO - Executing Agglomerative clustering algorithm
2025-02-11 17:23:01,904 - INFO - ==================================================
2025-02-11 17:23:21,143 - INFO - Using parameters: {'n_clusters': 8, 'linkage': 'ward'}
2025-02-11 17:23:27,950 - INFO - 
Agglomerative Cluster 0:
2025-02-11 17:23:27,950 - INFO - Behavior distribution:
2025-02-11 17:23:27,951 - INFO - - Exp: 94.83% (330 occurrences)
2025-02-11 17:23:27,951 - INFO - - Sta: 2.3% (8 occurrences)
2025-02-11 17:23:27,951 - INFO - - Scra: 1.72% (6 occurrences)
2025-02-11 17:23:27,951 - INFO - - Gro: 0.86% (3 occurrences)
2025-02-11 17:23:27,951 - INFO - - Trem: 0.29% (1 occurrences)
2025-02-11 17:23:27,951 - INFO - 
Timestamps:
2025-02-11 17:23:27,951 - INFO - 569, 571, 572, 573, 574, 575, 577, 578, 581, 670
2025-02-11 17:23:27,951 - INFO - 673, 686, 687, 688, 689, 690, 691, 694, 695, 698
2025-02-11 17:23:27,952 - INFO - 700, 702, 703, 704, 705, 706, 707, 708, 709, 710
2025-02-11 17:23:27,952 - INFO - 711, 712, 722, 723, 727, 733, 734, 738, 739, 740
2025-02-11 17:23:27,952 - INFO - 741, 742, 743, 744, 746, 747, 749, 750, 754, 755
2025-02-11 17:23:27,952 - INFO - 756, 757, 759, 760, 761, 770, 776, 777, 778, 779
2025-02-11 17:23:27,952 - INFO - 780, 781, 863, 865, 1077, 1081, 1090, 1135, 1152, 1153
2025-02-11 17:23:27,952 - INFO - 1156, 1163, 1167, 1168, 1169, 1170, 1171, 1172, 1173, 1174
2025-02-11 17:23:27,952 - INFO - 1175, 1176, 1177, 1178, 1180, 1181, 1182, 1184, 1185, 1186
2025-02-11 17:23:27,952 - INFO - 1187, 1189, 1194, 1195, 1196, 1197, 1199, 1201, 1202, 1203
2025-02-11 17:23:27,953 - INFO - 1204, 1205, 1206, 1207, 1208, 1209, 1210, 1211, 1212, 1213
2025-02-11 17:23:27,953 - INFO - 1214, 1215, 1216, 1217, 1218, 1219, 1220, 1221, 1222, 1223
2025-02-11 17:23:27,953 - INFO - 1224, 1225, 1226, 1227, 1228, 1229, 1230, 1231, 1232, 1234
2025-02-11 17:23:27,953 - INFO - 1235, 1236, 1237, 1238, 1239, 1240, 1241, 1242, 1243, 1244
2025-02-11 17:23:27,953 - INFO - 1245, 1246, 1247, 1248, 1249, 1250, 1251, 1252, 1253, 1254
2025-02-11 17:23:27,953 - INFO - 1255, 1256, 1257, 1258, 1259, 1260, 1261, 1262, 1263, 1264
2025-02-11 17:23:27,953 - INFO - 1265, 1266, 1267, 1268, 1269, 1270, 1271, 1272, 1273, 1274
2025-02-11 17:23:27,953 - INFO - 1275, 1276, 1278, 1279, 1280, 1281, 1282, 1283, 1284, 1285
2025-02-11 17:23:27,954 - INFO - 1286, 1287, 1288, 1289, 1290, 1291, 1292, 1293, 1294, 1295
2025-02-11 17:23:27,954 - INFO - 1296, 1297, 1298, 1299, 1300, 1301, 1302, 1303, 1304, 1305
2025-02-11 17:23:27,954 - INFO - 1306, 1307, 1308, 1309, 1310, 1311, 1312, 1314, 1315, 1316
2025-02-11 17:23:27,954 - INFO - 1317, 1318, 1319, 1320, 1321, 1323, 1327, 1329, 1330, 1331
2025-02-11 17:23:27,954 - INFO - 1333, 1335, 1337, 1339, 1340, 1342, 1343, 1344, 1345, 1346
2025-02-11 17:23:27,954 - INFO - 1347, 1348, 1349, 1350, 1351, 1354, 1360, 1361, 1362, 1363
2025-02-11 17:23:27,954 - INFO - 1364, 1365, 1366, 1367, 1368, 1370, 1371, 1372, 1373, 1378
2025-02-11 17:23:27,954 - INFO - 1379, 1380, 1381, 1382, 1383, 1384, 1385, 1386, 1387, 1390
2025-02-11 17:23:27,954 - INFO - 1392, 1393, 1394, 1395, 1396, 1397, 1398, 1399, 1400, 1402
2025-02-11 17:23:27,954 - INFO - 1404, 1405, 1406, 1407, 1408, 1409, 1410, 1411, 1412, 1413
2025-02-11 17:23:27,955 - INFO - 1415, 1416, 1419, 1420, 1421, 1422, 1424, 1425, 1426, 1427
2025-02-11 17:23:27,955 - INFO - 1428, 1429, 1430, 1435, 1436, 1437, 1439, 1440, 1442, 1443
2025-02-11 17:23:27,955 - INFO - 1663, 1749, 2296, 2310, 2312, 2314, 2316, 2317, 2318, 2319
2025-02-11 17:23:27,955 - INFO - 2320, 2322, 2323, 2324, 2325, 2328, 2341, 2343, 2344, 2346
2025-02-11 17:23:27,955 - INFO - 2348, 2349, 2354, 2355, 2359, 2360, 2361, 2364, 2411, 2417
2025-02-11 17:23:27,955 - INFO - 2419, 2428, 2431, 2435, 2436, 2438, 2444, 2459, 2487, 2584
2025-02-11 17:23:27,955 - INFO - 2628, 2633, 2634, 2635, 2644, 2707, 2772, 2781
2025-02-11 17:23:27,956 - INFO - 
Agglomerative Cluster 1:
2025-02-11 17:23:27,956 - INFO - Behavior distribution:
2025-02-11 17:23:27,957 - INFO - - Exp: 86.85% (938 occurrences)
2025-02-11 17:23:27,957 - INFO - - Gro: 8.7% (94 occurrences)
2025-02-11 17:23:27,957 - INFO - - Trem: 3.89% (42 occurrences)
2025-02-11 17:23:27,957 - INFO - - Scra: 0.56% (6 occurrences)
2025-02-11 17:23:27,957 - INFO - 
Timestamps:
2025-02-11 17:23:27,957 - INFO - 8, 20, 22, 32, 33, 35, 37, 38, 39, 41
2025-02-11 17:23:27,957 - INFO - 43, 44, 45, 58, 59, 61, 66, 67, 72, 80
2025-02-11 17:23:27,958 - INFO - 88, 91, 96, 97, 103, 114, 116, 121, 123, 124
2025-02-11 17:23:27,958 - INFO - 126, 129, 159, 301, 345, 389, 437, 438, 439, 440
2025-02-11 17:23:27,958 - INFO - 441, 442, 443, 444, 445, 446, 447, 448, 449, 450
2025-02-11 17:23:27,958 - INFO - 451, 452, 453, 454, 455, 456, 457, 458, 459, 460
2025-02-11 17:23:27,958 - INFO - 461, 462, 463, 464, 465, 466, 467, 468, 469, 470
2025-02-11 17:23:27,959 - INFO - 471, 472, 473, 474, 475, 476, 477, 478, 479, 480
2025-02-11 17:23:27,959 - INFO - 481, 482, 484, 485, 486, 487, 488, 489, 490, 491
2025-02-11 17:23:27,959 - INFO - 492, 493, 494, 495, 496, 497, 498, 499, 500, 501
2025-02-11 17:23:27,959 - INFO - 502, 503, 504, 505, 506, 507, 508, 509, 510, 511
2025-02-11 17:23:27,959 - INFO - 512, 513, 514, 515, 516, 517, 518, 519, 520, 521
2025-02-11 17:23:27,959 - INFO - 522, 523, 524, 525, 526, 527, 528, 529, 530, 531
2025-02-11 17:23:27,959 - INFO - 532, 533, 534, 535, 536, 537, 538, 539, 540, 541
2025-02-11 17:23:27,960 - INFO - 542, 543, 544, 545, 546, 547, 548, 549, 552, 553
2025-02-11 17:23:27,960 - INFO - 554, 555, 556, 557, 558, 559, 560, 563, 568, 570
2025-02-11 17:23:27,960 - INFO - 585, 586, 587, 588, 589, 590, 591, 592, 593, 594
2025-02-11 17:23:27,960 - INFO - 595, 596, 597, 598, 599, 600, 601, 602, 603, 604
2025-02-11 17:23:27,960 - INFO - 605, 606, 607, 608, 609, 610, 611, 612, 613, 614
2025-02-11 17:23:27,960 - INFO - 615, 616, 617, 618, 619, 620, 621, 622, 623, 624
2025-02-11 17:23:27,960 - INFO - 625, 626, 627, 628, 629, 630, 631, 632, 633, 634
2025-02-11 17:23:27,960 - INFO - 635, 636, 637, 638, 639, 641, 642, 643, 644, 646
2025-02-11 17:23:27,961 - INFO - 647, 648, 650, 651, 652, 653, 654, 655, 656, 658
2025-02-11 17:23:27,961 - INFO - 659, 661, 662, 663, 664, 665, 671, 675, 677, 678
2025-02-11 17:23:27,961 - INFO - 680, 681, 683, 713, 714, 715, 716, 717, 718, 719
2025-02-11 17:23:27,961 - INFO - 720, 721, 724, 725, 726, 728, 729, 730, 731, 732
2025-02-11 17:23:27,961 - INFO - 735, 736, 737, 745, 751, 752, 758, 762, 763, 764
2025-02-11 17:23:27,961 - INFO - 765, 766, 767, 768, 771, 772, 773, 774, 775, 782
2025-02-11 17:23:27,961 - INFO - 783, 912, 915, 921, 928, 930, 932, 935, 936, 938
2025-02-11 17:23:27,961 - INFO - 939, 940, 941, 942, 948, 949, 950, 951, 952, 953
2025-02-11 17:23:27,961 - INFO - 954, 955, 956, 957, 959, 960, 961, 962, 963, 964
2025-02-11 17:23:27,961 - INFO - 969, 970, 974, 975, 976, 977, 978, 979, 980, 981
2025-02-11 17:23:27,962 - INFO - 982, 983, 984, 985, 986, 987, 989, 990, 991, 992
2025-02-11 17:23:27,962 - INFO - 993, 994, 1001, 1002, 1004, 1010, 1026, 1027, 1030, 1031
2025-02-11 17:23:27,962 - INFO - 1032, 1033, 1034, 1035, 1036, 1037, 1038, 1039, 1040, 1041
2025-02-11 17:23:27,962 - INFO - 1042, 1043, 1045, 1046, 1047, 1048, 1049, 1050, 1052, 1054
2025-02-11 17:23:27,962 - INFO - 1055, 1058, 1061, 1063, 1064, 1066, 1070, 1072, 1076, 1444
2025-02-11 17:23:27,962 - INFO - 1445, 1446, 1447, 1449, 1450, 1451, 1452, 1453, 1454, 1455
2025-02-11 17:23:27,962 - INFO - 1456, 1457, 1458, 1459, 1460, 1461, 1462, 1463, 1464, 1465
2025-02-11 17:23:27,963 - INFO - 1466, 1467, 1468, 1469, 1470, 1471, 1472, 1473, 1474, 1475
2025-02-11 17:23:27,963 - INFO - 1476, 1477, 1478, 1479, 1480, 1481, 1482, 1483, 1484, 1485
2025-02-11 17:23:27,963 - INFO - 1486, 1487, 1488, 1489, 1490, 1491, 1492, 1493, 1494, 1495
2025-02-11 17:23:27,963 - INFO - 1496, 1497, 1498, 1499, 1500, 1501, 1502, 1503, 1504, 1505
2025-02-11 17:23:27,963 - INFO - 1506, 1507, 1508, 1509, 1510, 1511, 1512, 1513, 1514, 1515
2025-02-11 17:23:27,963 - INFO - 1516, 1517, 1518, 1519, 1520, 1521, 1522, 1523, 1524, 1525
2025-02-11 17:23:27,963 - INFO - 1526, 1527, 1528, 1529, 1530, 1531, 1532, 1533, 1534, 1535
2025-02-11 17:23:27,963 - INFO - 1536, 1538, 1539, 1540, 1541, 1542, 1544, 1545, 1546, 1547
2025-02-11 17:23:27,964 - INFO - 1548, 1549, 1550, 1551, 1552, 1554, 1555, 1556, 1557, 1558
2025-02-11 17:23:27,964 - INFO - 1559, 1560, 1561, 1562, 1563, 1565, 1566, 1567, 1569, 1571
2025-02-11 17:23:27,964 - INFO - 1572, 1573, 1574, 1576, 1578, 1579, 1580, 1584, 1587, 1591
2025-02-11 17:23:27,964 - INFO - 1592, 1593, 1594, 1596, 1599, 1600, 1601, 1603, 1605, 1607
2025-02-11 17:23:27,964 - INFO - 1608, 1610, 1611, 1613, 1619, 1622, 1625, 1627, 1632, 1633
2025-02-11 17:23:27,964 - INFO - 1634, 1635, 1637, 1638, 1640, 1641, 1644, 1645, 1647, 1648
2025-02-11 17:23:27,965 - INFO - 1649, 1650, 1651, 1652, 1654, 1655, 1656, 1657, 1658, 1659
2025-02-11 17:23:27,965 - INFO - 1662, 1664, 1666, 1667, 1668, 1670, 1671, 1673, 1674, 1675
2025-02-11 17:23:27,965 - INFO - 1678, 1680, 1683, 1684, 1685, 1688, 1690, 1693, 1696, 1697
2025-02-11 17:23:27,965 - INFO - 1698, 1699, 1700, 1701, 1702, 1703, 1704, 1705, 1706, 1707
2025-02-11 17:23:27,965 - INFO - 1708, 1709, 1710, 1711, 1712, 1713, 1714, 1715, 1716, 1717
2025-02-11 17:23:27,965 - INFO - 1718, 1719, 1720, 1721, 1722, 1723, 1724, 1725, 1726, 1727
2025-02-11 17:23:27,965 - INFO - 1728, 1729, 1730, 1731, 1732, 1733, 1734, 1736, 1737, 1738
2025-02-11 17:23:27,965 - INFO - 1739, 1740, 1741, 1744, 1745, 1747, 1748, 1750, 1751, 1752
2025-02-11 17:23:27,966 - INFO - 1753, 1754, 1755, 1756, 1757, 1758, 1759, 1760, 1761, 1762
2025-02-11 17:23:27,966 - INFO - 1763, 1764, 1765, 1766, 1767, 1768, 1769, 1770, 1771, 1772
2025-02-11 17:23:27,966 - INFO - 1773, 1774, 1775, 1776, 1777, 1778, 1779, 1780, 1781, 1782
2025-02-11 17:23:27,966 - INFO - 1783, 1784, 1786, 1789, 1790, 1791, 1792, 1793, 1794, 1795
2025-02-11 17:23:27,966 - INFO - 1796, 1797, 1798, 1799, 1800, 1801, 1802, 1803, 1804, 1805
2025-02-11 17:23:27,966 - INFO - 1806, 1807, 1808, 1809, 1810, 1811, 1812, 1813, 1814, 1815
2025-02-11 17:23:27,966 - INFO - 1816, 1817, 1818, 1819, 1820, 1821, 1822, 1823, 1824, 1825
2025-02-11 17:23:27,966 - INFO - 1826, 1827, 1828, 1829, 1830, 1831, 1832, 1833, 1834, 1835
2025-02-11 17:23:27,967 - INFO - 1836, 1837, 1838, 1840, 1841, 1842, 1844, 1845, 1846, 1847
2025-02-11 17:23:27,967 - INFO - 1849, 1850, 1851, 1852, 1853, 1854, 1855, 1856, 1857, 1859
2025-02-11 17:23:27,967 - INFO - 2157, 2158, 2159, 2160, 2161, 2162, 2163, 2164, 2165, 2166
2025-02-11 17:23:27,967 - INFO - 2167, 2168, 2169, 2170, 2171, 2172, 2173, 2174, 2175, 2176
2025-02-11 17:23:27,967 - INFO - 2177, 2178, 2179, 2180, 2181, 2183, 2184, 2185, 2186, 2187
2025-02-11 17:23:27,968 - INFO - 2188, 2189, 2190, 2191, 2192, 2193, 2194, 2195, 2196, 2197
2025-02-11 17:23:27,968 - INFO - 2198, 2199, 2200, 2201, 2202, 2203, 2204, 2205, 2206, 2207
2025-02-11 17:23:27,968 - INFO - 2208, 2209, 2210, 2211, 2212, 2213, 2214, 2215, 2216, 2217
2025-02-11 17:23:27,968 - INFO - 2218, 2219, 2220, 2221, 2222, 2223, 2224, 2225, 2226, 2227
2025-02-11 17:23:27,968 - INFO - 2228, 2229, 2230, 2231, 2232, 2233, 2234, 2235, 2236, 2237
2025-02-11 17:23:27,968 - INFO - 2238, 2239, 2240, 2241, 2242, 2243, 2244, 2245, 2246, 2247
2025-02-11 17:23:27,968 - INFO - 2248, 2249, 2250, 2251, 2252, 2253, 2254, 2255, 2256, 2257
2025-02-11 17:23:27,968 - INFO - 2258, 2259, 2260, 2261, 2262, 2263, 2264, 2265, 2266, 2267
2025-02-11 17:23:27,969 - INFO - 2268, 2269, 2270, 2271, 2272, 2273, 2274, 2275, 2276, 2277
2025-02-11 17:23:27,969 - INFO - 2278, 2279, 2280, 2281, 2282, 2283, 2284, 2285, 2286, 2287
2025-02-11 17:23:27,969 - INFO - 2288, 2289, 2290, 2291, 2292, 2293, 2294, 2295, 2297, 2298
2025-02-11 17:23:27,969 - INFO - 2299, 2300, 2301, 2302, 2303, 2304, 2305, 2306, 2308, 2309
2025-02-11 17:23:27,969 - INFO - 2311, 2313, 2315, 2321, 2326, 2327, 2329, 2330, 2331, 2332
2025-02-11 17:23:27,969 - INFO - 2333, 2334, 2335, 2336, 2337, 2338, 2339, 2340, 2342, 2345
2025-02-11 17:23:27,969 - INFO - 2347, 2350, 2351, 2352, 2353, 2356, 2357, 2362, 2363, 2366
2025-02-11 17:23:27,970 - INFO - 2373, 2376, 2380, 2381, 2382, 2383, 2384, 2385, 2386, 2387
2025-02-11 17:23:27,970 - INFO - 2388, 2389, 2390, 2391, 2392, 2393, 2394, 2395, 2396, 2397
2025-02-11 17:23:27,970 - INFO - 2398, 2399, 2400, 2401, 2402, 2403, 2404, 2405, 2406, 2407
2025-02-11 17:23:27,970 - INFO - 2408, 2409, 2410, 2412, 2413, 2414, 2415, 2416, 2418, 2420
2025-02-11 17:23:27,970 - INFO - 2421, 2422, 2423, 2425, 2426, 2427, 2429, 2430, 2432, 2433
2025-02-11 17:23:27,970 - INFO - 2434, 2437, 2439, 2440, 2441, 2442, 2443, 2445, 2446, 2451
2025-02-11 17:23:27,970 - INFO - 2452, 2453, 2454, 2456, 2466, 2467, 2468, 2469, 2470, 2471
2025-02-11 17:23:27,971 - INFO - 2472, 2475, 2476, 2478, 2479, 2480, 2481, 2482, 2483, 2484
2025-02-11 17:23:27,971 - INFO - 2485, 2490, 2492, 2493, 2495, 2496, 2497, 2498, 2499, 2500
2025-02-11 17:23:27,971 - INFO - 2501, 2502, 2503, 2504, 2505, 2506, 2507, 2508, 2509, 2510
2025-02-11 17:23:27,971 - INFO - 2511, 2512, 2513, 2514, 2515, 2516, 2517, 2518, 2519, 2521
2025-02-11 17:23:27,971 - INFO - 2523, 2524, 2525, 2528, 2529, 2530, 2531, 2532, 2535, 2539
2025-02-11 17:23:27,971 - INFO - 2541, 2543, 2550, 2556, 2558, 2560, 2573, 2597, 2598, 2599
2025-02-11 17:23:27,971 - INFO - 2600, 2601, 2602, 2603, 2604, 2605, 2606, 2607, 2608, 2609
2025-02-11 17:23:27,971 - INFO - 2610, 2611, 2612, 2613, 2614, 2615, 2618, 2620, 2622, 2629
2025-02-11 17:23:27,972 - INFO - 2630, 2631, 2636, 2637, 2645, 2696, 2697, 2698, 2703, 2705
2025-02-11 17:23:27,972 - INFO - 2710, 2715, 2717, 2721, 2722, 2723, 2725, 2726, 2727, 2728
2025-02-11 17:23:27,972 - INFO - 2730, 2733, 2739, 2757, 2761, 2768, 2773, 2808, 2809, 2817
2025-02-11 17:23:27,972 - INFO - 2819, 2822, 2825, 2826, 2827, 2866, 2874, 2920, 2926, 2996
2025-02-11 17:23:27,973 - INFO - 
Agglomerative Cluster 2:
2025-02-11 17:23:27,973 - INFO - Behavior distribution:
2025-02-11 17:23:27,973 - INFO - - Exp: 97.38% (186 occurrences)
2025-02-11 17:23:27,974 - INFO - - Sta: 1.57% (3 occurrences)
2025-02-11 17:23:27,974 - INFO - - Scra: 0.52% (1 occurrences)
2025-02-11 17:23:27,974 - INFO - - Gro: 0.52% (1 occurrences)
2025-02-11 17:23:27,974 - INFO - 
Timestamps:
2025-02-11 17:23:27,974 - INFO - 551, 561, 566, 567, 576, 579, 580, 582, 583, 584
2025-02-11 17:23:27,974 - INFO - 640, 679, 701, 769, 997, 999, 1005, 1009, 1012, 1014
2025-02-11 17:23:27,975 - INFO - 1017, 1019, 1021, 1023, 1053, 1056, 1060, 1065, 1067, 1068
2025-02-11 17:23:27,975 - INFO - 1071, 1073, 1074, 1075, 1082, 1085, 1087, 1088, 1089, 1091
2025-02-11 17:23:27,975 - INFO - 1095, 1096, 1097, 1102, 1103, 1104, 1105, 1109, 1140, 1141
2025-02-11 17:23:27,975 - INFO - 1142, 1148, 1149, 1150, 1154, 1155, 1157, 1158, 1159, 1160
2025-02-11 17:23:27,975 - INFO - 1161, 1162, 1164, 1165, 1166, 1179, 1183, 1188, 1190, 1191
2025-02-11 17:23:27,975 - INFO - 1192, 1193, 1198, 1200, 1233, 1277, 1313, 1322, 1324, 1325
2025-02-11 17:23:27,976 - INFO - 1326, 1328, 1332, 1336, 1338, 1341, 1352, 1353, 1355, 1369
2025-02-11 17:23:27,976 - INFO - 1374, 1375, 1376, 1377, 1388, 1389, 1391, 1403, 1414, 1417
2025-02-11 17:23:27,976 - INFO - 1418, 1431, 1433, 1434, 1438, 1618, 1695, 1735, 1746, 1858
2025-02-11 17:23:27,976 - INFO - 2052, 2156, 2182, 2307, 2358, 2365, 2367, 2368, 2369, 2370
2025-02-11 17:23:27,976 - INFO - 2371, 2372, 2374, 2375, 2377, 2378, 2379, 2424, 2447, 2449
2025-02-11 17:23:27,976 - INFO - 2455, 2458, 2460, 2462, 2463, 2473, 2474, 2477, 2486, 2488
2025-02-11 17:23:27,976 - INFO - 2520, 2526, 2534, 2538, 2540, 2545, 2547, 2548, 2549, 2551
2025-02-11 17:23:27,977 - INFO - 2552, 2562, 2563, 2564, 2568, 2569, 2574, 2576, 2577, 2580
2025-02-11 17:23:27,977 - INFO - 2586, 2587, 2588, 2592, 2593, 2594, 2765, 2767, 2770, 2774
2025-02-11 17:23:27,977 - INFO - 2784, 2918, 2929, 2932, 2939, 2949, 2951, 2961, 2962, 2963
2025-02-11 17:23:27,977 - INFO - 2967, 2968, 2973, 2975, 2978, 2980, 2981, 2984, 2988, 2991
2025-02-11 17:23:27,977 - INFO - 2992
2025-02-11 17:23:27,978 - INFO - 
Agglomerative Cluster 3:
2025-02-11 17:23:27,978 - INFO - Behavior distribution:
2025-02-11 17:23:27,978 - INFO - - Exp: 98.85% (86 occurrences)
2025-02-11 17:23:27,979 - INFO - - Trem: 1.15% (1 occurrences)
2025-02-11 17:23:27,979 - INFO - 
Timestamps:
2025-02-11 17:23:27,979 - INFO - 93, 421, 966, 998, 1007, 1015, 1024, 1025, 1029, 1044
2025-02-11 17:23:27,979 - INFO - 1051, 1059, 1069, 1078, 1080, 1083, 1084, 1086, 2616, 2617
2025-02-11 17:23:27,979 - INFO - 2619, 2621, 2623, 2624, 2625, 2626, 2627, 2632, 2638, 2639
2025-02-11 17:23:27,979 - INFO - 2640, 2641, 2642, 2643, 2646, 2647, 2648, 2649, 2650, 2651
2025-02-11 17:23:27,979 - INFO - 2652, 2653, 2654, 2655, 2656, 2657, 2658, 2659, 2660, 2661
2025-02-11 17:23:27,980 - INFO - 2662, 2663, 2664, 2665, 2666, 2667, 2669, 2670, 2674, 2679
2025-02-11 17:23:27,980 - INFO - 2683, 2685, 2734, 2735, 2736, 2737, 2738, 2740, 2741, 2742
2025-02-11 17:23:27,980 - INFO - 2743, 2745, 2746, 2747, 2748, 2751, 2752, 2753, 2754, 2755
2025-02-11 17:23:27,980 - INFO - 2756, 2758, 2759, 2760, 2762, 2763, 2764
2025-02-11 17:23:27,981 - INFO - 
Agglomerative Cluster 4:
2025-02-11 17:23:27,981 - INFO - Behavior distribution:
2025-02-11 17:23:27,982 - INFO - - Exp: 98.55% (68 occurrences)
2025-02-11 17:23:27,982 - INFO - - Gro: 1.45% (1 occurrences)
2025-02-11 17:23:27,982 - INFO - 
Timestamps:
2025-02-11 17:23:27,982 - INFO - 1570, 2053, 2056, 2057, 2061, 2062, 2065, 2077, 2080, 2083
2025-02-11 17:23:27,982 - INFO - 2084, 2085, 2086, 2087, 2088, 2099, 2116, 2121, 2129, 2131
2025-02-11 17:23:27,982 - INFO - 2135, 2136, 2137, 2138, 2139, 2140, 2142, 2143, 2146, 2714
2025-02-11 17:23:27,983 - INFO - 2718, 2719, 2720, 2729, 2731, 2732, 2744, 2749, 2750, 2766
2025-02-11 17:23:27,983 - INFO - 2769, 2771, 2775, 2777, 2780, 2788, 2789, 2790, 2792, 2793
2025-02-11 17:23:27,983 - INFO - 2795, 2797, 2800, 2801, 2804, 2805, 2908, 2912, 2917, 2934
2025-02-11 17:23:27,983 - INFO - 2935, 2937, 2943, 2952, 2954, 2960, 2969, 2970, 2974
2025-02-11 17:23:27,984 - INFO - 
Agglomerative Cluster 5:
2025-02-11 17:23:27,985 - INFO - Behavior distribution:
2025-02-11 17:23:27,985 - INFO - - Exp: 100.0% (77 occurrences)
2025-02-11 17:23:27,985 - INFO - 
Timestamps:
2025-02-11 17:23:27,985 - INFO - 2150, 2151, 2152, 2153, 2154, 2155, 2489, 2491, 2494, 2522
2025-02-11 17:23:27,985 - INFO - 2527, 2536, 2537, 2542, 2561, 2567, 2575, 2579, 2581, 2582
2025-02-11 17:23:27,985 - INFO - 2583, 2585, 2589, 2590, 2591, 2595, 2596, 2668, 2671, 2672
2025-02-11 17:23:27,986 - INFO - 2673, 2675, 2676, 2677, 2678, 2680, 2681, 2682, 2684, 2686
2025-02-11 17:23:27,986 - INFO - 2687, 2688, 2689, 2690, 2691, 2692, 2693, 2694, 2695, 2699
2025-02-11 17:23:27,986 - INFO - 2700, 2701, 2702, 2704, 2706, 2708, 2709, 2711, 2712, 2713
2025-02-11 17:23:27,986 - INFO - 2716, 2724, 2776, 2778, 2779, 2782, 2783, 2785, 2786, 2787
2025-02-11 17:23:27,986 - INFO - 2791, 2796, 2806, 2976, 2977, 2979, 2983
2025-02-11 17:23:27,987 - INFO - 
Agglomerative Cluster 6:
2025-02-11 17:23:27,988 - INFO - Behavior distribution:
2025-02-11 17:23:27,988 - INFO - - Exp: 70.59% (648 occurrences)
2025-02-11 17:23:27,988 - INFO - - Gro: 25.27% (232 occurrences)
2025-02-11 17:23:27,988 - INFO - - Sta: 2.72% (25 occurrences)
2025-02-11 17:23:27,988 - INFO - - Trem: 1.2% (11 occurrences)
2025-02-11 17:23:27,989 - INFO - - CD1: 0.11% (1 occurrences)
2025-02-11 17:23:27,989 - INFO - - Scra: 0.11% (1 occurrences)
2025-02-11 17:23:27,989 - INFO - 
Timestamps:
2025-02-11 17:23:27,989 - INFO - 1, 2, 3, 4, 5, 6, 7, 9, 10, 11
2025-02-11 17:23:27,989 - INFO - 12, 13, 14, 15, 16, 17, 18, 19, 21, 23
2025-02-11 17:23:27,989 - INFO - 24, 25, 26, 27, 28, 29, 30, 31, 34, 36
2025-02-11 17:23:27,989 - INFO - 40, 42, 46, 47, 48, 49, 50, 51, 52, 53
2025-02-11 17:23:27,990 - INFO - 54, 55, 56, 57, 60, 62, 63, 64, 65, 68
2025-02-11 17:23:27,990 - INFO - 69, 70, 71, 73, 74, 75, 76, 77, 78, 79
2025-02-11 17:23:27,990 - INFO - 81, 82, 83, 84, 85, 86, 87, 89, 90, 92
2025-02-11 17:23:27,990 - INFO - 98, 99, 101, 111, 112, 113, 115, 120, 130, 131
2025-02-11 17:23:27,990 - INFO - 132, 133, 134, 135, 136, 137, 138, 139, 140, 141
2025-02-11 17:23:27,990 - INFO - 142, 143, 144, 145, 146, 147, 148, 149, 150, 151
2025-02-11 17:23:27,991 - INFO - 153, 156, 157, 158, 160, 162, 166, 169, 170, 175
2025-02-11 17:23:27,991 - INFO - 176, 178, 179, 180, 182, 185, 186, 187, 188, 189
2025-02-11 17:23:27,991 - INFO - 190, 191, 192, 193, 194, 195, 197, 199, 201, 202
2025-02-11 17:23:27,991 - INFO - 203, 204, 205, 207, 208, 209, 211, 212, 213, 214
2025-02-11 17:23:27,991 - INFO - 216, 217, 218, 219, 220, 221, 222, 223, 224, 225
2025-02-11 17:23:27,991 - INFO - 226, 227, 228, 229, 230, 231, 232, 233, 234, 235
2025-02-11 17:23:27,992 - INFO - 236, 237, 238, 239, 240, 241, 242, 243, 244, 245
2025-02-11 17:23:27,992 - INFO - 246, 247, 248, 249, 250, 251, 252, 253, 254, 255
2025-02-11 17:23:27,992 - INFO - 256, 257, 258, 259, 260, 261, 262, 263, 264, 265
2025-02-11 17:23:27,992 - INFO - 266, 267, 268, 269, 270, 271, 272, 273, 274, 275
2025-02-11 17:23:27,992 - INFO - 276, 277, 278, 279, 280, 281, 282, 283, 284, 285
2025-02-11 17:23:27,992 - INFO - 286, 287, 288, 289, 290, 291, 292, 293, 294, 295
2025-02-11 17:23:27,992 - INFO - 296, 297, 298, 299, 300, 302, 303, 304, 305, 306
2025-02-11 17:23:27,993 - INFO - 307, 308, 309, 310, 311, 312, 313, 314, 315, 316
2025-02-11 17:23:27,993 - INFO - 317, 318, 319, 320, 321, 322, 323, 324, 325, 326
2025-02-11 17:23:27,993 - INFO - 327, 328, 329, 330, 331, 332, 333, 334, 335, 336
2025-02-11 17:23:27,993 - INFO - 337, 338, 339, 340, 341, 342, 343, 344, 346, 347
2025-02-11 17:23:27,993 - INFO - 348, 349, 350, 351, 352, 353, 354, 355, 356, 357
2025-02-11 17:23:27,993 - INFO - 358, 359, 360, 361, 362, 363, 364, 365, 366, 367
2025-02-11 17:23:27,994 - INFO - 368, 369, 370, 371, 372, 373, 374, 375, 376, 382
2025-02-11 17:23:27,994 - INFO - 384, 387, 390, 394, 395, 483, 784, 785, 786, 787
2025-02-11 17:23:27,994 - INFO - 788, 789, 790, 791, 792, 793, 794, 795, 796, 797
2025-02-11 17:23:27,994 - INFO - 798, 799, 800, 801, 802, 803, 804, 805, 806, 807
2025-02-11 17:23:27,994 - INFO - 808, 809, 810, 811, 812, 813, 814, 815, 816, 817
2025-02-11 17:23:27,994 - INFO - 818, 819, 820, 821, 822, 823, 824, 825, 826, 827
2025-02-11 17:23:27,995 - INFO - 828, 829, 830, 831, 832, 833, 834, 835, 836, 837
2025-02-11 17:23:27,995 - INFO - 838, 839, 840, 841, 842, 843, 844, 845, 846, 847
2025-02-11 17:23:27,995 - INFO - 848, 849, 850, 851, 852, 853, 854, 855, 856, 857
2025-02-11 17:23:27,995 - INFO - 858, 859, 860, 861, 862, 864, 866, 867, 868, 870
2025-02-11 17:23:27,995 - INFO - 871, 873, 874, 875, 876, 877, 878, 879, 880, 881
2025-02-11 17:23:27,995 - INFO - 883, 884, 892, 894, 896, 898, 899, 901, 902, 904
2025-02-11 17:23:27,995 - INFO - 907, 909, 913, 916, 918, 919, 920, 922, 927, 929
2025-02-11 17:23:27,995 - INFO - 933, 944, 947, 958, 1008, 1111, 1112, 1113, 1114, 1115
2025-02-11 17:23:27,996 - INFO - 1116, 1117, 1118, 1119, 1120, 1121, 1122, 1123, 1124, 1125
2025-02-11 17:23:27,996 - INFO - 1126, 1127, 1128, 1129, 1130, 1131, 1132, 1133, 1134, 1136
2025-02-11 17:23:27,996 - INFO - 1137, 1138, 1139, 1143, 1144, 1145, 1147, 1151, 1334, 1356
2025-02-11 17:23:27,996 - INFO - 1357, 1358, 1359, 1448, 1537, 1543, 1553, 1564, 1568, 1575
2025-02-11 17:23:27,996 - INFO - 1577, 1581, 1582, 1583, 1585, 1588, 1590, 1595, 1597, 1598
2025-02-11 17:23:27,996 - INFO - 1602, 1604, 1606, 1609, 1615, 1616, 1617, 1621, 1623, 1624
2025-02-11 17:23:27,996 - INFO - 1626, 1628, 1629, 1630, 1631, 1639, 1642, 1643, 1646, 1660
2025-02-11 17:23:27,996 - INFO - 1661, 1665, 1681, 1682, 1686, 1689, 1692, 1742, 1743, 1785
2025-02-11 17:23:27,997 - INFO - 1787, 1788, 1860, 1861, 1862, 1863, 1864, 1865, 1866, 1867
2025-02-11 17:23:27,997 - INFO - 1868, 1869, 1870, 1871, 1872, 1873, 1874, 1875, 1876, 1877
2025-02-11 17:23:27,997 - INFO - 1878, 1879, 1880, 1881, 1882, 1883, 1884, 1885, 1886, 1887
2025-02-11 17:23:27,997 - INFO - 1888, 1889, 1890, 1891, 1892, 1893, 1894, 1895, 1896, 1897
2025-02-11 17:23:27,997 - INFO - 1898, 1899, 1900, 1901, 1902, 1903, 1904, 1905, 1906, 1907
2025-02-11 17:23:27,997 - INFO - 1908, 1909, 1910, 1911, 1912, 1913, 1914, 1915, 1916, 1917
2025-02-11 17:23:27,998 - INFO - 1918, 1919, 1920, 1921, 1922, 1923, 1924, 1925, 1926, 1927
2025-02-11 17:23:27,998 - INFO - 1928, 1929, 1930, 1931, 1932, 1933, 1934, 1935, 1936, 1937
2025-02-11 17:23:27,998 - INFO - 1938, 1939, 1940, 1941, 1942, 1943, 1944, 1945, 1946, 1947
2025-02-11 17:23:27,998 - INFO - 1948, 1949, 1950, 1951, 1952, 1953, 1954, 1955, 1956, 1957
2025-02-11 17:23:27,998 - INFO - 1958, 1959, 1960, 1961, 1962, 1963, 1964, 1965, 1966, 1967
2025-02-11 17:23:27,998 - INFO - 1968, 1969, 1970, 1971, 1972, 1973, 1974, 1975, 1976, 1977
2025-02-11 17:23:27,999 - INFO - 1978, 1979, 1980, 1981, 1982, 1983, 1984, 1985, 1986, 1987
2025-02-11 17:23:27,999 - INFO - 1988, 1989, 1990, 1991, 1992, 1993, 1994, 1995, 1996, 1997
2025-02-11 17:23:27,999 - INFO - 1998, 1999, 2000, 2001, 2002, 2003, 2004, 2005, 2006, 2007
2025-02-11 17:23:27,999 - INFO - 2008, 2009, 2010, 2011, 2012, 2013, 2014, 2015, 2016, 2017
2025-02-11 17:23:27,999 - INFO - 2018, 2019, 2020, 2021, 2022, 2023, 2024, 2025, 2026, 2027
2025-02-11 17:23:27,999 - INFO - 2028, 2029, 2030, 2031, 2032, 2033, 2034, 2035, 2036, 2037
2025-02-11 17:23:27,999 - INFO - 2038, 2039, 2040, 2041, 2042, 2043, 2044, 2045, 2046, 2047
2025-02-11 17:23:27,999 - INFO - 2048, 2049, 2050, 2051, 2054, 2055, 2058, 2059, 2060, 2063
2025-02-11 17:23:28,000 - INFO - 2064, 2066, 2067, 2068, 2069, 2070, 2071, 2072, 2073, 2074
2025-02-11 17:23:28,000 - INFO - 2075, 2076, 2078, 2079, 2081, 2082, 2089, 2090, 2091, 2092
2025-02-11 17:23:28,000 - INFO - 2093, 2094, 2095, 2096, 2097, 2098, 2100, 2101, 2102, 2103
2025-02-11 17:23:28,000 - INFO - 2104, 2105, 2106, 2107, 2108, 2109, 2110, 2111, 2112, 2113
2025-02-11 17:23:28,000 - INFO - 2114, 2115, 2117, 2118, 2119, 2120, 2122, 2123, 2124, 2125
2025-02-11 17:23:28,000 - INFO - 2126, 2127, 2128, 2130, 2132, 2133, 2134, 2141, 2144, 2145
2025-02-11 17:23:28,000 - INFO - 2147, 2148, 2149, 2450, 2457, 2546, 2559, 2565, 2794, 2798
2025-02-11 17:23:28,000 - INFO - 2799, 2802, 2803, 2807, 2810, 2811, 2812, 2813, 2814, 2815
2025-02-11 17:23:28,001 - INFO - 2816, 2818, 2820, 2821, 2823, 2824, 2828, 2829, 2830, 2831
2025-02-11 17:23:28,001 - INFO - 2832, 2833, 2834, 2835, 2836, 2837, 2838, 2839, 2840, 2841
2025-02-11 17:23:28,001 - INFO - 2842, 2843, 2844, 2845, 2846, 2847, 2848, 2849, 2850, 2851
2025-02-11 17:23:28,001 - INFO - 2852, 2853, 2854, 2855, 2856, 2857, 2858, 2859, 2860, 2861
2025-02-11 17:23:28,001 - INFO - 2862, 2863, 2864, 2865, 2867, 2868, 2869, 2870, 2871, 2872
2025-02-11 17:23:28,001 - INFO - 2873, 2875, 2876, 2877, 2878, 2879, 2880, 2881, 2882, 2883
2025-02-11 17:23:28,001 - INFO - 2884, 2885, 2886, 2887, 2888, 2889, 2890, 2891, 2892, 2893
2025-02-11 17:23:28,001 - INFO - 2894, 2895, 2896, 2897, 2898, 2899, 2900, 2901, 2902, 2903
2025-02-11 17:23:28,002 - INFO - 2904, 2905, 2906, 2907, 2909, 2910, 2911, 2913, 2914, 2915
2025-02-11 17:23:28,002 - INFO - 2916, 2919, 2921, 2922, 2923, 2924, 2925, 2927, 2928, 2930
2025-02-11 17:23:28,002 - INFO - 2931, 2933, 2936, 2938, 2940, 2941, 2942, 2944, 2945, 2946
2025-02-11 17:23:28,002 - INFO - 2947, 2948, 2950, 2953, 2955, 2956, 2957, 2958, 2959, 2964
2025-02-11 17:23:28,002 - INFO - 2966, 2971, 2972, 2985, 2986, 2987, 2989, 2993
2025-02-11 17:23:28,003 - INFO - 
Agglomerative Cluster 7:
2025-02-11 17:23:28,003 - INFO - Behavior distribution:
2025-02-11 17:23:28,004 - INFO - - Exp: 54.15% (124 occurrences)
2025-02-11 17:23:28,004 - INFO - - Trem: 25.33% (58 occurrences)
2025-02-11 17:23:28,004 - INFO - - Gro: 20.09% (46 occurrences)
2025-02-11 17:23:28,004 - INFO - - Scra: 0.44% (1 occurrences)
2025-02-11 17:23:28,004 - INFO - 
Timestamps:
2025-02-11 17:23:28,004 - INFO - 94, 95, 100, 102, 104, 105, 106, 107, 108, 109
2025-02-11 17:23:28,004 - INFO - 110, 117, 118, 119, 122, 125, 127, 128, 152, 154
2025-02-11 17:23:28,005 - INFO - 155, 161, 163, 164, 165, 167, 168, 171, 172, 173
2025-02-11 17:23:28,005 - INFO - 174, 177, 181, 183, 184, 196, 198, 200, 206, 210
2025-02-11 17:23:28,005 - INFO - 215, 377, 378, 379, 380, 381, 383, 385, 386, 388
2025-02-11 17:23:28,005 - INFO - 391, 392, 393, 396, 397, 398, 399, 400, 401, 402
2025-02-11 17:23:28,005 - INFO - 403, 404, 405, 406, 407, 408, 409, 410, 411, 412
2025-02-11 17:23:28,005 - INFO - 413, 414, 415, 416, 417, 418, 419, 420, 422, 423
2025-02-11 17:23:28,005 - INFO - 424, 425, 426, 427, 428, 429, 430, 431, 432, 433
2025-02-11 17:23:28,005 - INFO - 434, 435, 436, 550, 562, 564, 565, 645, 649, 657
2025-02-11 17:23:28,006 - INFO - 660, 666, 667, 668, 669, 672, 674, 676, 682, 684
2025-02-11 17:23:28,006 - INFO - 685, 692, 693, 696, 697, 699, 748, 753, 869, 872
2025-02-11 17:23:28,006 - INFO - 882, 885, 886, 887, 888, 889, 890, 891, 893, 895
2025-02-11 17:23:28,006 - INFO - 897, 900, 903, 905, 906, 908, 910, 911, 914, 917
2025-02-11 17:23:28,006 - INFO - 923, 924, 925, 926, 931, 934, 937, 943, 945, 946
2025-02-11 17:23:28,007 - INFO - 965, 967, 968, 971, 972, 973, 988, 995, 996, 1000
2025-02-11 17:23:28,007 - INFO - 1003, 1006, 1011, 1013, 1016, 1018, 1020, 1022, 1028, 1057
2025-02-11 17:23:28,007 - INFO - 1062, 1079, 1092, 1093, 1094, 1098, 1099, 1100, 1101, 1106
2025-02-11 17:23:28,007 - INFO - 1107, 1108, 1110, 1146, 1401, 1423, 1432, 1441, 1586, 1589
2025-02-11 17:23:28,007 - INFO - 1612, 1614, 1620, 1636, 1653, 1669, 1672, 1676, 1677, 1679
2025-02-11 17:23:28,007 - INFO - 1687, 1691, 1694, 1839, 1843, 1848, 2448, 2461, 2464, 2465
2025-02-11 17:23:28,007 - INFO - 2533, 2544, 2553, 2554, 2555, 2557, 2566, 2570, 2571, 2572
2025-02-11 17:23:28,007 - INFO - 2578, 2965, 2982, 2990, 2994, 2995, 2997, 2998, 2999
2025-02-11 17:23:28,008 - INFO - 
Clustering analysis complete!
