2025-02-12 11:18:11,476 - INFO - Starting clustering analysis, results will be saved to: ../result\clustering_KMeans_20250212_111811.log
2025-02-12 11:18:11,476 - INFO - Using algorithms: KMeans
2025-02-12 11:18:23,325 - INFO - Loaded data from ../datasets\Day6_topology_matrix.xlsx and ../datasets\Day6_with_behavior_labels_filled.xlsx
2025-02-12 11:18:23,332 - INFO - Data shape after excluding 'Exp' behavior: (542, 633)
2025-02-12 11:18:23,333 - INFO - 
==================================================
2025-02-12 11:18:23,333 - INFO - Executing KMeans clustering algorithm
2025-02-12 11:18:23,333 - INFO - ==================================================
2025-02-12 11:20:57,184 - INFO - Reference: Optimal k based on silhouette score would be 5
2025-02-12 11:20:57,199 - INFO - Using manually specified n_clusters = 3
2025-02-12 11:20:57,199 - INFO - Using parameters: {'n_clusters': 3}
2025-02-12 11:21:02,587 - INFO - 
KMeans Cluster 0:
2025-02-12 11:21:02,587 - INFO - Behavior distribution:
2025-02-12 11:21:02,587 - INFO - - Trem: 91.3% (42 occurrences)
2025-02-12 11:21:02,587 - INFO - - Gro: 8.7% (4 occurrences)
2025-02-12 11:21:02,587 - INFO - 
Timestamps:
2025-02-12 11:21:02,587 - INFO - 301, 345, 389, 437, 438, 439, 440, 441, 442, 443
2025-02-12 11:21:02,588 - INFO - 444, 445, 446, 447, 448, 449, 450, 451, 452, 453
2025-02-12 11:21:02,588 - INFO - 454, 455, 456, 457, 458, 459, 460, 461, 462, 463
2025-02-12 11:21:02,588 - INFO - 464, 465, 466, 654, 655, 656, 658, 659, 661, 662
2025-02-12 11:21:02,588 - INFO - 663, 664, 665, 671, 912, 915
2025-02-12 11:21:02,589 - INFO - 
KMeans Cluster 1:
2025-02-12 11:21:02,589 - INFO - Behavior distribution:
2025-02-12 11:21:02,589 - INFO - - Gro: 93.75% (90 occurrences)
2025-02-12 11:21:02,589 - INFO - - Scra: 6.25% (6 occurrences)
2025-02-12 11:21:02,590 - INFO - 
Timestamps:
2025-02-12 11:21:02,590 - INFO - 921, 928, 930, 932, 935, 936, 938, 939, 940, 941
2025-02-12 11:21:02,590 - INFO - 942, 1444, 1445, 1446, 1447, 1449, 1450, 1557, 1558, 1559
2025-02-12 11:21:02,590 - INFO - 1560, 1561, 1562, 1563, 1565, 1566, 1567, 1569, 1571, 1572
2025-02-12 11:21:02,590 - INFO - 1573, 1574, 1576, 1578, 1579, 1580, 1584, 1587, 1591, 1592
2025-02-12 11:21:02,590 - INFO - 1593, 1594, 1596, 1599, 1600, 1601, 1603, 1605, 1607, 1608
2025-02-12 11:21:02,590 - INFO - 1610, 1611, 1613, 1619, 1622, 1625, 1627, 1632, 1633, 1634
2025-02-12 11:21:02,591 - INFO - 1635, 1637, 1638, 1640, 1641, 1644, 1645, 1647, 1648, 1649
2025-02-12 11:21:02,591 - INFO - 1650, 1651, 1652, 1654, 1655, 1656, 1657, 1658, 1659, 1662
2025-02-12 11:21:02,591 - INFO - 1664, 1666, 1667, 1668, 1670, 1671, 1673, 1674, 1675, 1678
2025-02-12 11:21:02,591 - INFO - 1680, 1683, 1684, 1685, 1688, 1690
2025-02-12 11:21:02,592 - INFO - 
KMeans Cluster 2:
2025-02-12 11:21:02,592 - INFO - Behavior distribution:
2025-02-12 11:21:02,592 - INFO - - Gro: 70.75% (283 occurrences)
2025-02-12 11:21:02,593 - INFO - - Trem: 17.75% (71 occurrences)
2025-02-12 11:21:02,593 - INFO - - Sta: 9.0% (36 occurrences)
2025-02-12 11:21:02,593 - INFO - - Scra: 2.25% (9 occurrences)
2025-02-12 11:21:02,593 - INFO - - CD1: 0.25% (1 occurrences)
2025-02-12 11:21:02,593 - INFO - 
Timestamps:
2025-02-12 11:21:02,593 - INFO - 234, 235, 236, 237, 238, 239, 240, 241, 242, 243
2025-02-12 11:21:02,593 - INFO - 244, 245, 246, 247, 248, 249, 250, 251, 252, 253
2025-02-12 11:21:02,594 - INFO - 254, 255, 256, 257, 258, 259, 260, 261, 262, 263
2025-02-12 11:21:02,594 - INFO - 264, 265, 266, 267, 268, 269, 270, 271, 272, 273
2025-02-12 11:21:02,594 - INFO - 274, 275, 276, 277, 278, 279, 280, 281, 282, 283
2025-02-12 11:21:02,594 - INFO - 284, 285, 286, 287, 288, 289, 290, 291, 292, 293
2025-02-12 11:21:02,594 - INFO - 294, 295, 296, 297, 298, 299, 300, 302, 303, 304
2025-02-12 11:21:02,594 - INFO - 305, 306, 307, 308, 309, 310, 311, 312, 313, 314
2025-02-12 11:21:02,594 - INFO - 315, 316, 317, 318, 319, 320, 321, 322, 323, 324
2025-02-12 11:21:02,594 - INFO - 325, 326, 327, 328, 329, 330, 331, 332, 333, 334
2025-02-12 11:21:02,595 - INFO - 335, 336, 337, 338, 339, 340, 341, 342, 343, 344
2025-02-12 11:21:02,595 - INFO - 346, 347, 348, 349, 350, 351, 352, 353, 354, 355
2025-02-12 11:21:02,595 - INFO - 356, 357, 358, 359, 360, 361, 362, 363, 364, 365
2025-02-12 11:21:02,595 - INFO - 366, 367, 368, 369, 370, 371, 372, 373, 374, 375
2025-02-12 11:21:02,595 - INFO - 376, 377, 378, 379, 380, 381, 382, 383, 384, 385
2025-02-12 11:21:02,595 - INFO - 386, 387, 388, 390, 391, 392, 393, 394, 395, 396
2025-02-12 11:21:02,596 - INFO - 397, 398, 399, 400, 401, 402, 403, 404, 405, 406
2025-02-12 11:21:02,596 - INFO - 407, 408, 409, 410, 411, 412, 413, 414, 415, 416
2025-02-12 11:21:02,596 - INFO - 417, 418, 419, 420, 421, 422, 423, 424, 425, 426
2025-02-12 11:21:02,596 - INFO - 427, 428, 429, 430, 431, 432, 433, 434, 435, 436
2025-02-12 11:21:02,596 - INFO - 657, 660, 666, 667, 668, 669, 670, 843, 844, 845
2025-02-12 11:21:02,596 - INFO - 846, 847, 848, 849, 850, 851, 852, 853, 854, 855
2025-02-12 11:21:02,596 - INFO - 856, 857, 858, 859, 860, 861, 862, 863, 864, 865
2025-02-12 11:21:02,596 - INFO - 866, 867, 868, 869, 870, 871, 872, 873, 874, 875
2025-02-12 11:21:02,597 - INFO - 876, 877, 878, 879, 880, 881, 882, 883, 884, 885
2025-02-12 11:21:02,597 - INFO - 886, 887, 888, 889, 890, 891, 892, 893, 894, 895
2025-02-12 11:21:02,597 - INFO - 896, 897, 898, 899, 900, 901, 902, 903, 904, 905
2025-02-12 11:21:02,597 - INFO - 906, 907, 908, 909, 910, 911, 913, 914, 916, 917
2025-02-12 11:21:02,597 - INFO - 918, 919, 920, 922, 923, 924, 925, 926, 927, 929
2025-02-12 11:21:02,597 - INFO - 931, 933, 934, 937, 943, 944, 945, 946, 1113, 1350
2025-02-12 11:21:02,597 - INFO - 1351, 1352, 1353, 1354, 1355, 1356, 1357, 1358, 1359, 1360
2025-02-12 11:21:02,598 - INFO - 1361, 1362, 1363, 1364, 1436, 1437, 1438, 1439, 1440, 1441
2025-02-12 11:21:02,598 - INFO - 1442, 1443, 1448, 1564, 1568, 1570, 1575, 1577, 1581, 1582
2025-02-12 11:21:02,598 - INFO - 1583, 1585, 1586, 1588, 1589, 1590, 1595, 1597, 1598, 1602
2025-02-12 11:21:02,598 - INFO - 1604, 1606, 1609, 1612, 1614, 1615, 1616, 1617, 1618, 1620
2025-02-12 11:21:02,598 - INFO - 1621, 1623, 1624, 1626, 1628, 1629, 1630, 1631, 1636, 1639
2025-02-12 11:21:02,598 - INFO - 1642, 1643, 1646, 1653, 1660, 1661, 1663, 1665, 1669, 1672
2025-02-12 11:21:02,599 - INFO - 1676, 1677, 1679, 1681, 1682, 1686, 1687, 1689, 1691, 1961
2025-02-12 11:21:02,599 - INFO - 1962, 1963, 1964, 1965, 1966, 1967, 1968, 1969, 1970, 1971
2025-02-12 11:21:02,599 - INFO - 1972, 1973, 1974, 1975, 1976, 1977, 1978, 1979, 1980, 1981
2025-02-12 11:21:02,599 - INFO - 
Clustering analysis complete!
