2025-05-23 16:01:55,491 - __main__ - INFO - ============================================================
2025-05-23 16:01:55,491 - __main__ - INFO - 开始数据处理流程
2025-05-23 16:01:55,491 - __main__ - INFO - ============================================================
2025-05-23 16:01:56,463 - scn_phase_space_process - INFO - ============================================================
2025-05-23 16:01:56,463 - scn_phase_space_process - INFO - 3D SCN数据处理流程 - Python版本
2025-05-23 16:01:56,463 - scn_phase_space_process - INFO - 增强版本：支持Excel和MAT格式
2025-05-23 16:01:56,463 - scn_phase_space_process - INFO - ============================================================
2025-05-23 16:01:56,465 - scn_phase_space_process - INFO - 输出目录: D:\GitHub_local\Brain_Neuroimage_Processing\StateClassifier\datasets
2025-05-23 16:01:56,465 - scn_phase_space_process - INFO - 
步骤1: 智能数据加载
2025-05-23 16:01:56,465 - scn_phase_space_process - INFO - ------------------------------
2025-05-23 16:01:56,466 - scn_phase_space_process - INFO - 正在检测和加载数据文件: datasets/EMtrace01.xlsx
2025-05-23 16:01:56,466 - scn_phase_space_process - INFO - 检测到文件格式: excel
2025-05-23 16:01:56,466 - scn_phase_space_process - INFO - 使用Excel数据处理器加载钙离子数据...
2025-05-23 16:01:56,466 - excel_data_processor - INFO - 正在加载Excel数据文件: datasets\EMtrace01.xlsx
2025-05-23 16:01:57,356 - excel_data_processor - INFO - ✓ 成功加载数据: 2999 个时间点, 43 个神经元
2025-05-23 16:01:57,356 - excel_data_processor - INFO - 神经元列: ['n1', 'n2', 'n3', 'n4', 'n5', 'n6', 'n7', 'n8', 'n9', 'n10']...
2025-05-23 16:01:57,356 - excel_data_processor - INFO - 开始预处理钙离子数据...
2025-05-23 16:01:57,362 - excel_data_processor - WARNING - 检测并处理了 247 个异常值
2025-05-23 16:01:57,362 - excel_data_processor - INFO - 执行Z-score标准化...
2025-05-23 16:01:57,365 - excel_data_processor - INFO - ✓ 数据预处理完成: (2999, 43) -> (2999, 43)
2025-05-23 16:01:57,365 - excel_data_processor - INFO - 转换数据为SCN处理格式...
2025-05-23 16:01:57,366 - excel_data_processor - INFO - 分段参数: 段长度=340, 步长=170
2025-05-23 16:01:57,366 - excel_data_processor - INFO - ✓ 转换完成: 10 个神经元, 平均每个神经元 10.0 个时间段
2025-05-23 16:01:57,367 - scn_phase_space_process - INFO - 数据加载信息:
2025-05-23 16:01:57,368 - scn_phase_space_process - INFO -   文件路径: datasets\EMtrace01.xlsx
2025-05-23 16:01:57,368 - scn_phase_space_process - INFO -   时间点数量: 2999
2025-05-23 16:01:57,369 - scn_phase_space_process - INFO -   神经元数量: 43
2025-05-23 16:01:57,369 - scn_phase_space_process - INFO -   数据形状: (2999, 43)
2025-05-23 16:01:57,369 - scn_phase_space_process - INFO -   时间戳范围: 1 - 2999
2025-05-23 16:01:57,369 - scn_phase_space_process - INFO -   神经元ID: ['n1', 'n2', 'n3', 'n4', 'n5', '...']
2025-05-23 16:01:57,370 - scn_phase_space_process - INFO -   缺失值数量: 0
2025-05-23 16:01:57,370 - scn_phase_space_process - INFO -   数据范围: -1.358 - 4.895
2025-05-23 16:01:57,370 - scn_phase_space_process - INFO -   数据均值: -0.000
2025-05-23 16:01:57,370 - scn_phase_space_process - INFO -   数据标准差: 0.578
2025-05-23 16:01:57,370 - scn_phase_space_process - INFO -   数据格式: Excel
2025-05-23 16:01:57,370 - scn_phase_space_process - INFO -   处理器: ExcelCalciumDataProcessor
2025-05-23 16:01:57,370 - scn_phase_space_process - INFO - 
步骤2: 相空间重构
2025-05-23 16:01:57,371 - scn_phase_space_process - INFO - ------------------------------
2025-05-23 16:01:57,371 - scn_phase_space_process - INFO - 数据维度: 10 个细胞, 10 个时间线
2025-05-23 16:01:57,371 - scn_phase_space_process - INFO - 开始处理钙信号数据...
2025-05-23 16:01:57,380 - scn_phase_space_process - ERROR - ✗ 相空间重构失败: mutual() got an unexpected keyword argument 'max_delay'
2025-05-23 16:01:57,381 - __main__ - INFO - ✓ 数据处理完成
2025-05-23 16:01:57,381 - __main__ - INFO - 操作成功完成
2025-05-23 16:04:09,573 - __main__ - INFO - ============================================================
2025-05-23 16:04:09,573 - __main__ - INFO - 开始数据处理流程
2025-05-23 16:04:09,573 - __main__ - INFO - ============================================================
2025-05-23 16:04:10,588 - scn_phase_space_process - INFO - ============================================================
2025-05-23 16:04:10,588 - scn_phase_space_process - INFO - 3D SCN数据处理流程 - Python版本
2025-05-23 16:04:10,588 - scn_phase_space_process - INFO - 增强版本：支持Excel和MAT格式
2025-05-23 16:04:10,588 - scn_phase_space_process - INFO - ============================================================
2025-05-23 16:04:10,588 - scn_phase_space_process - INFO - 输出目录: D:\GitHub_local\Brain_Neuroimage_Processing\StateClassifier\datasets
2025-05-23 16:04:10,589 - scn_phase_space_process - INFO - 
步骤1: 智能数据加载
2025-05-23 16:04:10,589 - scn_phase_space_process - INFO - ------------------------------
2025-05-23 16:04:10,589 - scn_phase_space_process - INFO - 正在检测和加载数据文件: datasets/EMtrace01.xlsx
2025-05-23 16:04:10,589 - scn_phase_space_process - INFO - 检测到文件格式: excel
2025-05-23 16:04:10,589 - scn_phase_space_process - INFO - 使用Excel数据处理器加载钙离子数据...
2025-05-23 16:04:10,590 - excel_data_processor - INFO - 正在加载Excel数据文件: datasets\EMtrace01.xlsx
2025-05-23 16:04:11,516 - excel_data_processor - INFO - ✓ 成功加载数据: 2999 个时间点, 43 个神经元
2025-05-23 16:04:11,516 - excel_data_processor - INFO - 神经元列: ['n1', 'n2', 'n3', 'n4', 'n5', 'n6', 'n7', 'n8', 'n9', 'n10']...
2025-05-23 16:04:11,517 - excel_data_processor - INFO - 开始预处理钙离子数据...
2025-05-23 16:04:11,521 - excel_data_processor - WARNING - 检测并处理了 247 个异常值
2025-05-23 16:04:11,521 - excel_data_processor - INFO - 执行Z-score标准化...
2025-05-23 16:04:11,525 - excel_data_processor - INFO - ✓ 数据预处理完成: (2999, 43) -> (2999, 43)
2025-05-23 16:04:11,525 - excel_data_processor - INFO - 转换数据为SCN处理格式...
2025-05-23 16:04:11,525 - excel_data_processor - INFO - 分段参数: 段长度=340, 步长=170
2025-05-23 16:04:11,525 - excel_data_processor - INFO - ✓ 转换完成: 10 个神经元, 平均每个神经元 10.0 个时间段
2025-05-23 16:04:11,527 - scn_phase_space_process - INFO - 数据加载信息:
2025-05-23 16:04:11,527 - scn_phase_space_process - INFO -   文件路径: datasets\EMtrace01.xlsx
2025-05-23 16:04:11,528 - scn_phase_space_process - INFO -   时间点数量: 2999
2025-05-23 16:04:11,528 - scn_phase_space_process - INFO -   神经元数量: 43
2025-05-23 16:04:11,528 - scn_phase_space_process - INFO -   数据形状: (2999, 43)
2025-05-23 16:04:11,528 - scn_phase_space_process - INFO -   时间戳范围: 1 - 2999
2025-05-23 16:04:11,529 - scn_phase_space_process - INFO -   神经元ID: ['n1', 'n2', 'n3', 'n4', 'n5', '...']
2025-05-23 16:04:11,529 - scn_phase_space_process - INFO -   缺失值数量: 0
2025-05-23 16:04:11,529 - scn_phase_space_process - INFO -   数据范围: -1.358 - 4.895
2025-05-23 16:04:11,529 - scn_phase_space_process - INFO -   数据均值: -0.000
2025-05-23 16:04:11,529 - scn_phase_space_process - INFO -   数据标准差: 0.578
2025-05-23 16:04:11,530 - scn_phase_space_process - INFO -   数据格式: Excel
2025-05-23 16:04:11,530 - scn_phase_space_process - INFO -   处理器: ExcelCalciumDataProcessor
2025-05-23 16:04:11,530 - scn_phase_space_process - INFO - 
步骤2: 相空间重构
2025-05-23 16:04:11,530 - scn_phase_space_process - INFO - ------------------------------
2025-05-23 16:04:11,530 - scn_phase_space_process - INFO - 数据维度: 10 个细胞, 10 个时间线
2025-05-23 16:04:11,530 - scn_phase_space_process - INFO - 开始处理钙信号数据...
2025-05-23 16:04:16,178 - scn_phase_space_process - INFO - ✓ 相空间重构完成
2025-05-23 16:04:16,178 - scn_phase_space_process - INFO - 
步骤3: 数据裁剪
2025-05-23 16:04:16,179 - scn_phase_space_process - INFO - ------------------------------
2025-05-23 16:04:16,179 - scn_phase_space_process - INFO - 开始裁剪数据到统一长度: 170
2025-05-23 16:04:16,179 - scn_phase_space_process - INFO - ✓ 数据裁剪完成
2025-05-23 16:04:16,179 - scn_phase_space_process - INFO - 
步骤4: 构建图数据集
2025-05-23 16:04:16,179 - scn_phase_space_process - INFO - ------------------------------
2025-05-23 16:04:16,179 - scn_phase_space_process - INFO - 有效样本数量: 100
2025-05-23 16:04:16,179 - scn_phase_space_process - INFO - 生成 nodes.csv 文件...
2025-05-23 16:04:16,179 - scn_phase_space_process - INFO - 转换节点特征格式...
2025-05-23 16:04:16,255 - scn_phase_space_process - INFO - ✓ nodes.csv 已保存到: D:\GitHub_local\Brain_Neuroimage_Processing\StateClassifier\datasets\nodes.csv
2025-05-23 16:04:16,255 - scn_phase_space_process - INFO - 生成 edges.csv 文件...
2025-05-23 16:04:16,266 - scn_phase_space_process - INFO - ✓ edges.csv 已保存到: D:\GitHub_local\Brain_Neuroimage_Processing\StateClassifier\datasets\edges.csv
2025-05-23 16:04:16,266 - scn_phase_space_process - INFO - 生成 graphs.csv 文件...
2025-05-23 16:04:16,268 - scn_phase_space_process - INFO - ✓ graphs.csv 已保存到: D:\GitHub_local\Brain_Neuroimage_Processing\StateClassifier\datasets\graphs.csv
2025-05-23 16:04:16,268 - scn_phase_space_process - INFO - 
============================================================
2025-05-23 16:04:16,268 - scn_phase_space_process - INFO - 数据处理流程全部完成!
2025-05-23 16:04:16,268 - scn_phase_space_process - INFO - ============================================================
2025-05-23 16:04:16,269 - scn_phase_space_process - INFO - 数据源信息:
2025-05-23 16:04:16,269 - scn_phase_space_process - INFO -   - 文件: datasets/EMtrace01.xlsx
2025-05-23 16:04:16,269 - scn_phase_space_process - INFO -   - 格式: Excel
2025-05-23 16:04:16,269 - scn_phase_space_process - INFO -   - 处理器: ExcelCalciumDataProcessor
2025-05-23 16:04:16,269 - scn_phase_space_process - INFO - 
生成的文件:
2025-05-23 16:04:16,269 - scn_phase_space_process - INFO -   - D:\GitHub_local\Brain_Neuroimage_Processing\StateClassifier\datasets/nodes.csv
2025-05-23 16:04:16,270 - scn_phase_space_process - INFO -   - D:\GitHub_local\Brain_Neuroimage_Processing\StateClassifier\datasets/edges.csv
2025-05-23 16:04:16,270 - scn_phase_space_process - INFO -   - D:\GitHub_local\Brain_Neuroimage_Processing\StateClassifier\datasets/graphs.csv
2025-05-23 16:04:16,270 - scn_phase_space_process - INFO - 
处理结果:
2025-05-23 16:04:16,270 - scn_phase_space_process - INFO -   - 总样本数量: 100
2025-05-23 16:04:16,270 - scn_phase_space_process - INFO -   - 轨迹长度: 170
2025-05-23 16:04:16,270 - scn_phase_space_process - INFO -   - 嵌入维度: 3
2025-05-23 16:04:16,270 - scn_phase_space_process - INFO - 
下一步操作:
2025-05-23 16:04:16,270 - scn_phase_space_process - INFO -   1. 检查生成的CSV文件质量
2025-05-23 16:04:16,270 - scn_phase_space_process - INFO -   2. 运行训练: python main.py 或 python run.py --train
2025-05-23 16:04:16,270 - scn_phase_space_process - INFO -   3. 查看训练结果: D:\GitHub_local\Brain_Neuroimage_Processing\StateClassifier\results
2025-05-23 16:04:16,271 - __main__ - INFO - ✓ 数据处理完成
2025-05-23 16:04:16,271 - __main__ - INFO - 操作成功完成
2025-05-23 16:05:02,475 - __main__ - INFO - ============================================================
2025-05-23 16:05:02,475 - __main__ - INFO - 开始数据处理流程
2025-05-23 16:05:02,475 - __main__ - INFO - ============================================================
2025-05-23 16:05:03,490 - scn_phase_space_process - INFO - ============================================================
2025-05-23 16:05:03,490 - scn_phase_space_process - INFO - 3D SCN数据处理流程 - Python版本
2025-05-23 16:05:03,490 - scn_phase_space_process - INFO - 增强版本：支持Excel和MAT格式
2025-05-23 16:05:03,490 - scn_phase_space_process - INFO - ============================================================
2025-05-23 16:05:03,490 - scn_phase_space_process - INFO - 输出目录: D:\GitHub_local\Brain_Neuroimage_Processing\StateClassifier\datasets
2025-05-23 16:05:03,490 - scn_phase_space_process - INFO - 
步骤1: 智能数据加载
2025-05-23 16:05:03,490 - scn_phase_space_process - INFO - ------------------------------
2025-05-23 16:05:03,491 - scn_phase_space_process - INFO - 正在检测和加载数据文件: datasets/EMtrace01.xlsx
2025-05-23 16:05:03,491 - scn_phase_space_process - INFO - 检测到文件格式: excel
2025-05-23 16:05:03,491 - scn_phase_space_process - INFO - 使用Excel数据处理器加载钙离子数据...
2025-05-23 16:05:03,491 - excel_data_processor - INFO - 正在加载Excel数据文件: datasets\EMtrace01.xlsx
2025-05-23 16:05:04,415 - excel_data_processor - INFO - ✓ 成功加载数据: 2999 个时间点, 43 个神经元
2025-05-23 16:05:04,415 - excel_data_processor - INFO - 神经元列: ['n1', 'n2', 'n3', 'n4', 'n5', 'n6', 'n7', 'n8', 'n9', 'n10']...
2025-05-23 16:05:04,415 - excel_data_processor - INFO - 开始预处理钙离子数据...
2025-05-23 16:05:04,421 - excel_data_processor - WARNING - 检测并处理了 247 个异常值
2025-05-23 16:05:04,421 - excel_data_processor - INFO - 执行Z-score标准化...
2025-05-23 16:05:04,424 - excel_data_processor - INFO - ✓ 数据预处理完成: (2999, 43) -> (2999, 43)
2025-05-23 16:05:04,425 - excel_data_processor - INFO - 转换数据为SCN处理格式...
2025-05-23 16:05:04,425 - excel_data_processor - INFO - 分段参数: 段长度=340, 步长=170
2025-05-23 16:05:04,425 - excel_data_processor - INFO - ✓ 转换完成: 10 个神经元, 平均每个神经元 10.0 个时间段
2025-05-23 16:05:04,427 - scn_phase_space_process - INFO - 数据加载信息:
2025-05-23 16:05:04,427 - scn_phase_space_process - INFO -   文件路径: datasets\EMtrace01.xlsx
2025-05-23 16:05:04,427 - scn_phase_space_process - INFO -   时间点数量: 2999
2025-05-23 16:05:04,427 - scn_phase_space_process - INFO -   神经元数量: 43
2025-05-23 16:05:04,428 - scn_phase_space_process - INFO -   数据形状: (2999, 43)
2025-05-23 16:05:04,428 - scn_phase_space_process - INFO -   时间戳范围: 1 - 2999
2025-05-23 16:05:04,428 - scn_phase_space_process - INFO -   神经元ID: ['n1', 'n2', 'n3', 'n4', 'n5', '...']
2025-05-23 16:05:04,428 - scn_phase_space_process - INFO -   缺失值数量: 0
2025-05-23 16:05:04,428 - scn_phase_space_process - INFO -   数据范围: -1.358 - 4.895
2025-05-23 16:05:04,428 - scn_phase_space_process - INFO -   数据均值: -0.000
2025-05-23 16:05:04,428 - scn_phase_space_process - INFO -   数据标准差: 0.578
2025-05-23 16:05:04,429 - scn_phase_space_process - INFO -   数据格式: Excel
2025-05-23 16:05:04,429 - scn_phase_space_process - INFO -   处理器: ExcelCalciumDataProcessor
2025-05-23 16:05:04,429 - scn_phase_space_process - INFO - 
步骤2: 相空间重构
2025-05-23 16:05:04,429 - scn_phase_space_process - INFO - ------------------------------
2025-05-23 16:05:04,429 - scn_phase_space_process - INFO - 数据维度: 10 个细胞, 10 个时间线
2025-05-23 16:05:04,429 - scn_phase_space_process - INFO - 开始处理钙信号数据...
2025-05-23 16:05:09,028 - scn_phase_space_process - INFO - ✓ 相空间重构完成
2025-05-23 16:05:09,028 - scn_phase_space_process - INFO - 
步骤3: 数据裁剪
2025-05-23 16:05:09,028 - scn_phase_space_process - INFO - ------------------------------
2025-05-23 16:05:09,028 - scn_phase_space_process - INFO - 开始裁剪数据到统一长度: 170
2025-05-23 16:05:09,029 - scn_phase_space_process - INFO - ✓ 数据裁剪完成
2025-05-23 16:05:09,029 - scn_phase_space_process - INFO - 
步骤4: 构建图数据集
2025-05-23 16:05:09,029 - scn_phase_space_process - INFO - ------------------------------
2025-05-23 16:05:09,029 - scn_phase_space_process - INFO - 有效样本数量: 100
2025-05-23 16:05:09,029 - scn_phase_space_process - INFO - 生成 nodes.csv 文件...
2025-05-23 16:05:09,029 - scn_phase_space_process - INFO - 转换节点特征格式...
2025-05-23 16:05:09,128 - scn_phase_space_process - INFO - ✓ nodes.csv 已保存到: D:\GitHub_local\Brain_Neuroimage_Processing\StateClassifier\datasets\nodes.csv
2025-05-23 16:05:09,129 - scn_phase_space_process - INFO - 生成 edges.csv 文件...
2025-05-23 16:05:09,140 - scn_phase_space_process - INFO - ✓ edges.csv 已保存到: D:\GitHub_local\Brain_Neuroimage_Processing\StateClassifier\datasets\edges.csv
2025-05-23 16:05:09,140 - scn_phase_space_process - INFO - 生成 graphs.csv 文件...
2025-05-23 16:05:09,142 - scn_phase_space_process - INFO - ✓ graphs.csv 已保存到: D:\GitHub_local\Brain_Neuroimage_Processing\StateClassifier\datasets\graphs.csv
2025-05-23 16:05:09,142 - scn_phase_space_process - INFO - 
============================================================
2025-05-23 16:05:09,142 - scn_phase_space_process - INFO - 数据处理流程全部完成!
2025-05-23 16:05:09,142 - scn_phase_space_process - INFO - ============================================================
2025-05-23 16:05:09,142 - scn_phase_space_process - INFO - 数据源信息:
2025-05-23 16:05:09,142 - scn_phase_space_process - INFO -   - 文件: datasets/EMtrace01.xlsx
2025-05-23 16:05:09,142 - scn_phase_space_process - INFO -   - 格式: Excel
2025-05-23 16:05:09,143 - scn_phase_space_process - INFO -   - 处理器: ExcelCalciumDataProcessor
2025-05-23 16:05:09,143 - scn_phase_space_process - INFO - 
生成的文件:
2025-05-23 16:05:09,143 - scn_phase_space_process - INFO -   - D:\GitHub_local\Brain_Neuroimage_Processing\StateClassifier\datasets/nodes.csv
2025-05-23 16:05:09,143 - scn_phase_space_process - INFO -   - D:\GitHub_local\Brain_Neuroimage_Processing\StateClassifier\datasets/edges.csv
2025-05-23 16:05:09,143 - scn_phase_space_process - INFO -   - D:\GitHub_local\Brain_Neuroimage_Processing\StateClassifier\datasets/graphs.csv
2025-05-23 16:05:09,143 - scn_phase_space_process - INFO - 
处理结果:
2025-05-23 16:05:09,143 - scn_phase_space_process - INFO -   - 总样本数量: 100
2025-05-23 16:05:09,143 - scn_phase_space_process - INFO -   - 轨迹长度: 170
2025-05-23 16:05:09,144 - scn_phase_space_process - INFO -   - 嵌入维度: 3
2025-05-23 16:05:09,144 - scn_phase_space_process - INFO - 
下一步操作:
2025-05-23 16:05:09,144 - scn_phase_space_process - INFO -   1. 检查生成的CSV文件质量
2025-05-23 16:05:09,144 - scn_phase_space_process - INFO -   2. 运行训练: python main.py 或 python run.py --train
2025-05-23 16:05:09,144 - scn_phase_space_process - INFO -   3. 查看训练结果: D:\GitHub_local\Brain_Neuroimage_Processing\StateClassifier\results
2025-05-23 16:05:09,144 - __main__ - INFO - ✓ 数据处理完成
2025-05-23 16:05:09,144 - __main__ - INFO - 操作成功完成
2025-05-23 16:05:51,160 - __main__ - INFO - ============================================================
2025-05-23 16:05:51,160 - __main__ - INFO - 开始模型训练流程
2025-05-23 16:05:51,160 - __main__ - INFO - ============================================================
2025-05-23 16:06:02,938 - main - INFO - ============================================================
2025-05-23 16:06:02,938 - main - INFO - 脑网络状态分类器训练程序启动
2025-05-23 16:06:02,938 - main - INFO - ============================================================
2025-05-23 16:06:02,941 - main - INFO - ✓ 随机种子设置完成
2025-05-23 16:06:02,948 - main - INFO - ✓ 使用GPU: NVIDIA GeForce RTX 4060
2025-05-23 16:06:02,948 - main - INFO - 加载数据集...
2025-05-23 16:06:03,005 - main - INFO - ✓ 数据集加载成功
2025-05-23 16:06:03,005 - main - INFO -   - 训练集批次数: 240
2025-05-23 16:06:03,005 - main - INFO -   - 验证集批次数: 20
2025-05-23 16:06:03,005 - main - INFO -   - 测试集批次数: 19
2025-05-23 16:06:03,139 - main - INFO - ✓ 模型创建成功
2025-05-23 16:06:03,140 - main - INFO - 模型架构:
MultiLayerGCN(
  (conv0): GCNConv(3, 32)
  (conv1): GCNConv(32, 32)
  (conv2): GCNConv(32, 32)
  (pool): GlobalPooling(
    (max_pool): AdaptiveMaxPool1d(output_size=1)
    (avg_pool): AdaptiveAvgPool1d(output_size=1)
  )
  (classifier): Sequential(
    (fc0): Linear(in_features=192, out_features=16, bias=False)
    (relu0): LeakyReLU(negative_slope=0.2)
    (drop0): Dropout(p=0.5, inplace=False)
    (fc2): Linear(in_features=16, out_features=6, bias=True)
  )
)
2025-05-23 16:06:03,140 - main - INFO - 模型参数总数: 5,414
2025-05-23 16:06:03,141 - main - INFO - 可训练参数: 5,414
2025-05-23 16:06:03,141 - main - INFO - 
开始模型训练...
2025-05-23 16:06:03,141 - main - INFO - 开始训练，总共 160 个epoch
2025-05-23 16:06:03,533 - __main__ - ERROR - ✗ 模型训练失败: CUDA error: device-side assert triggered
CUDA kernel errors might be asynchronously reported at some other API call, so the stacktrace below might be incorrect.
For debugging consider passing CUDA_LAUNCH_BLOCKING=1
Compile with `TORCH_USE_CUDA_DSA` to enable device-side assertions.

2025-05-23 16:06:03,535 - __main__ - ERROR - 操作失败
