2025-06-02 16:44:22,439 - EnhancedStateAnalyzer - INFO - 日志文件创建于: D:\GitHub_local\Brain_Neuroimage_Processing\Visualization\src\../logs\enhanced_state_analysis_20250602-164422.log
2025-06-02 16:44:22,439 - EnhancedStateAnalyzer - INFO - 增强版神经元状态分析器初始化完成 - 时间窗口: 30.0秒, 重叠率: 0.5
2025-06-02 16:44:22,674 - EnhancedStateAnalyzer - INFO - 日志文件创建于: D:\GitHub_local\Brain_Neuroimage_Processing\Visualization\src\../logs\enhanced_state_analysis_20250602-164422.log
2025-06-02 16:44:22,674 - EnhancedStateAnalyzer - INFO - 日志文件创建于: D:\GitHub_local\Brain_Neuroimage_Processing\Visualization\src\../logs\enhanced_state_analysis_20250602-164422.log
2025-06-02 16:44:22,675 - EnhancedStateAnalyzer - INFO - 增强版神经元状态分析器初始化完成 - 时间窗口: 30.0秒, 重叠率: 0.5
2025-06-02 16:44:22,675 - EnhancedStateAnalyzer - INFO - 增强版神经元状态分析器初始化完成 - 时间窗口: 30.0秒, 重叠率: 0.5
2025-06-02 16:44:22,675 - EnhancedStateAnalyzer - INFO - 使用 gcn 方法识别 4 种神经元状态...
2025-06-02 16:44:22,675 - EnhancedStateAnalyzer - INFO - 使用 gcn 方法识别 4 种神经元状态...
2025-06-02 16:44:22,768 - EnhancedStateAnalyzer - INFO - 聚类质量评估 - 轮廓系数: 0.074, Calinski-Harabasz指数: 7.355
2025-06-02 16:44:22,768 - EnhancedStateAnalyzer - INFO - 聚类质量评估 - 轮廓系数: 0.074, Calinski-Harabasz指数: 7.355
2025-06-02 16:44:22,768 - EnhancedStateAnalyzer - INFO - 状态识别完成，识别出 4 种状态
2025-06-02 16:44:22,768 - EnhancedStateAnalyzer - INFO - 状态识别完成，识别出 4 种状态
2025-06-02 16:44:22,778 - EnhancedStateAnalyzer - INFO - 日志文件创建于: D:\GitHub_local\Brain_Neuroimage_Processing\Visualization\src\../logs\enhanced_state_analysis_20250602-164422.log
2025-06-02 16:44:22,778 - EnhancedStateAnalyzer - INFO - 增强版神经元状态分析器初始化完成 - 时间窗口: 60.0秒, 重叠率: 0.5
2025-06-02 16:44:22,778 - EnhancedStateAnalyzer - INFO - 开始时间窗口状态分析...
2025-06-02 16:44:22,779 - EnhancedStateAnalyzer - INFO - 开始基于时间窗口提取神经元特征...
2025-06-02 16:44:34,022 - EnhancedStateAnalyzer - INFO - 时间窗口特征提取完成，共提取 53 个特征，5 个神经元，95 个时间窗口
2025-06-02 16:44:34,022 - EnhancedStateAnalyzer - INFO - 使用 ensemble 方法识别 4 种神经元状态...
2025-06-02 16:44:34,200 - EnhancedStateAnalyzer - INFO - 聚类质量评估 - 轮廓系数: 0.466, Calinski-Harabasz指数: 77.083
2025-06-02 16:44:34,200 - EnhancedStateAnalyzer - INFO - 状态识别完成，识别出 4 种状态
2025-06-02 16:44:34,202 - EnhancedStateAnalyzer - INFO - 计算时间统计信息...
2025-06-02 16:44:34,204 - EnhancedStateAnalyzer - INFO - 状态分布统计:
2025-06-02 16:44:34,205 - EnhancedStateAnalyzer - INFO -   State 1: 20 窗口 (21.1%)
2025-06-02 16:44:34,206 - EnhancedStateAnalyzer - INFO -   State 2: 29 窗口 (30.5%)
2025-06-02 16:44:34,206 - EnhancedStateAnalyzer - INFO -   State 3: 25 窗口 (26.3%)
2025-06-02 16:44:34,206 - EnhancedStateAnalyzer - INFO -   State 4: 21 窗口 (22.1%)
2025-06-02 16:44:34,207 - EnhancedStateAnalyzer - INFO - 分析状态转换模式...
2025-06-02 16:44:34,212 - EnhancedStateAnalyzer - INFO - 主要状态转换模式:
2025-06-02 16:44:34,213 - EnhancedStateAnalyzer - INFO -   State 2 → State 2: 24 次
2025-06-02 16:44:34,213 - EnhancedStateAnalyzer - INFO -   State 3 → State 3: 20 次
2025-06-02 16:44:34,213 - EnhancedStateAnalyzer - INFO -   State 4 → State 4: 16 次
2025-06-02 16:44:34,214 - EnhancedStateAnalyzer - INFO -   State 1 → State 1: 15 次
2025-06-02 16:44:34,214 - EnhancedStateAnalyzer - INFO -   State 3 → State 4: 5 次
2025-06-02 16:44:34,215 - EnhancedStateAnalyzer - INFO -   State 4 → State 2: 5 次
2025-06-02 16:44:34,215 - EnhancedStateAnalyzer - INFO -   State 2 → State 1: 5 次
2025-06-02 16:44:34,224 - EnhancedStateAnalyzer - INFO - 开始时间窗口状态可视化...
2025-06-02 16:44:34,225 - EnhancedStateAnalyzer - INFO - 生成神经元状态时间线...
2025-06-02 16:44:35,621 - EnhancedStateAnalyzer - INFO - 生成状态转换矩阵...
2025-06-02 16:44:35,940 - EnhancedStateAnalyzer - INFO - 生成状态持续时间分布...
2025-06-02 16:44:36,451 - EnhancedStateAnalyzer - INFO - 生成神经元状态多样性分析...
2025-06-02 16:44:37,365 - EnhancedStateAnalyzer - INFO - 生成时间窗口状态热图...
2025-06-02 16:44:38,244 - EnhancedStateAnalyzer - INFO - 生成代表性状态波形...
2025-06-02 16:44:39,871 - EnhancedStateAnalyzer - INFO - 生成交互式时间线...
2025-06-02 16:44:41,275 - EnhancedStateAnalyzer - INFO - 时间窗口状态可视化完成
2025-06-02 16:44:41,276 - EnhancedStateAnalyzer - INFO - 开始基于时间窗口提取神经元特征...
2025-06-02 16:44:52,600 - EnhancedStateAnalyzer - INFO - 时间窗口特征提取完成，共提取 53 个特征，5 个神经元，95 个时间窗口
2025-06-02 16:44:52,601 - EnhancedStateAnalyzer - INFO - 保存时间窗口分析结果到: ../results/example_temporal_analysis/example_temporal_analysis_results.xlsx
