2025-06-02 17:18:28,910 - EnhancedStateAnalyzer - INFO - 日志文件创建于: D:\GitHub_local\Brain_Neuroimage_Processing\Visualization\src\../logs\enhanced_state_analysis_20250602-171828.log
2025-06-02 17:18:28,910 - EnhancedStateAnalyzer - INFO - 增强版神经元状态分析器初始化完成 - 时间窗口: 30.0秒, 重叠率: 0.5
2025-06-02 17:18:28,910 - EnhancedStateAnalyzer - INFO - 正在加载数据: ../datasets/processed_EMtrace01.xlsx
2025-06-02 17:18:29,878 - EnhancedStateAnalyzer - INFO - 数据加载完成，共 2999 行, 45 列
2025-06-02 17:18:29,879 - EnhancedStateAnalyzer - INFO - 识别到 43 个神经元: ['n1', 'n2', 'n3', 'n4', 'n5', 'n6', 'n7', 'n8', 'n9', 'n10']...
2025-06-02 17:18:29,879 - EnhancedStateAnalyzer - INFO - === 进行时间窗口动态状态分析 ===
2025-06-02 17:18:29,879 - EnhancedStateAnalyzer - INFO - 使用先进GCN分析方法
2025-06-02 17:18:29,879 - EnhancedStateAnalyzer - INFO - 开始先进GCN分析...
2025-06-02 17:18:33,310 - EnhancedStateAnalyzer - INFO - 开始训练先进GCN模型...
2025-06-02 17:21:33,429 - EnhancedStateAnalyzer - INFO - 计算时间统计信息...
2025-06-02 17:21:33,431 - EnhancedStateAnalyzer - INFO - 状态分布统计:
2025-06-02 17:21:33,431 - EnhancedStateAnalyzer - INFO -   State 1: 211 窗口 (12.3%)
2025-06-02 17:21:33,432 - EnhancedStateAnalyzer - INFO -   State 2: 1335 窗口 (77.6%)
2025-06-02 17:21:33,432 - EnhancedStateAnalyzer - INFO -   State 4: 174 窗口 (10.1%)
2025-06-02 17:21:33,432 - EnhancedStateAnalyzer - INFO - 分析状态转换模式...
2025-06-02 17:21:33,452 - EnhancedStateAnalyzer - INFO - 主要状态转换模式:
2025-06-02 17:21:33,453 - EnhancedStateAnalyzer - INFO -   State 2 → State 2: 1052 次
2025-06-02 17:21:33,453 - EnhancedStateAnalyzer - INFO -   State 2 → State 1: 133 次
2025-06-02 17:21:33,453 - EnhancedStateAnalyzer - INFO -   State 1 → State 2: 128 次
2025-06-02 17:21:33,453 - EnhancedStateAnalyzer - INFO -   State 4 → State 2: 122 次
2025-06-02 17:21:33,453 - EnhancedStateAnalyzer - INFO -   State 2 → State 4: 118 次
2025-06-02 17:21:33,453 - EnhancedStateAnalyzer - INFO -   State 1 → State 1: 54 次
2025-06-02 17:21:33,453 - EnhancedStateAnalyzer - INFO -   State 4 → State 4: 29 次
2025-06-02 17:21:33,454 - EnhancedStateAnalyzer - INFO -   State 1 → State 4: 22 次
2025-06-02 17:21:33,454 - EnhancedStateAnalyzer - INFO -   State 4 → State 1: 19 次
2025-06-02 17:21:33,454 - EnhancedStateAnalyzer - INFO - 先进GCN分析完成，共分析 1720 个增强时序图
2025-06-02 17:21:33,454 - EnhancedStateAnalyzer - INFO - 平均图节点数: 142.0
2025-06-02 17:21:33,454 - EnhancedStateAnalyzer - INFO - 平均图边数: 1438.6
2025-06-02 17:21:33,454 - EnhancedStateAnalyzer - INFO - 特征维度: 9
2025-06-02 17:21:33,455 - EnhancedStateAnalyzer - INFO - === GCN训练结果 ===
2025-06-02 17:21:33,455 - EnhancedStateAnalyzer - INFO - 最终训练准确率: 0.3711
2025-06-02 17:21:33,455 - EnhancedStateAnalyzer - INFO - 最终验证准确率: 0.2878
2025-06-02 17:21:33,455 - EnhancedStateAnalyzer - INFO - 最终测试准确率: 0.3169
2025-06-02 17:21:33,455 - EnhancedStateAnalyzer - INFO - 最终训练损失: 1.2757
2025-06-02 17:21:33,455 - EnhancedStateAnalyzer - INFO - 最终验证损失: 1.3462
2025-06-02 17:21:33,459 - EnhancedStateAnalyzer - INFO - 开始基于时间窗口提取神经元特征...
2025-06-02 17:23:41,296 - EnhancedStateAnalyzer - INFO - 时间窗口特征提取完成，共提取 53 个特征，43 个神经元，1720 个时间窗口
2025-06-02 17:23:41,297 - EnhancedStateAnalyzer - INFO - 开始时间窗口状态可视化...
2025-06-02 17:23:41,297 - EnhancedStateAnalyzer - INFO - 生成神经元状态时间线...
2025-06-02 17:23:43,110 - EnhancedStateAnalyzer - INFO - 生成状态转换矩阵...
2025-06-02 17:23:43,111 - EnhancedStateAnalyzer - ERROR - 分析过程中出现错误: index 3 is out of bounds for axis 1 with size 3
