2025-06-02 15:56:03,995 - EnhancedStateAnalyzer - INFO - 日志文件创建于: D:\GitHub_local\Brain_Neuroimage_Processing\Visualization\src\../logs\enhanced_state_analysis_20250602-155603.log
2025-06-02 15:56:03,995 - EnhancedStateAnalyzer - INFO - 增强版神经元状态分析器初始化完成
2025-06-02 15:56:03,996 - EnhancedStateAnalyzer - INFO - 正在加载数据: ../datasets/processed_EMtrace01.xlsx
2025-06-02 15:56:04,934 - EnhancedStateAnalyzer - INFO - 数据加载完成，共 2999 行, 45 列
2025-06-02 15:56:04,934 - EnhancedStateAnalyzer - INFO - 识别到 43 个神经元: ['n1', 'n2', 'n3', 'n4', 'n5', 'n6', 'n7', 'n8', 'n9', 'n10']...
2025-06-02 15:56:04,934 - EnhancedStateAnalyzer - INFO - 开始提取综合神经元特征...
2025-06-02 15:56:44,457 - EnhancedStateAnalyzer - INFO - 综合特征提取完成，共提取 53 个特征，43 个神经元
2025-06-02 15:56:44,457 - EnhancedStateAnalyzer - INFO - 使用 ensemble 方法识别 4 种神经元状态...
2025-06-02 15:56:44,803 - EnhancedStateAnalyzer - INFO - 聚类质量评估 - 轮廓系数: 0.235, Calinski-Harabasz指数: 16.014
2025-06-02 15:56:44,804 - EnhancedStateAnalyzer - INFO - 状态识别完成，识别出 4 种状态
2025-06-02 15:56:44,804 - EnhancedStateAnalyzer - INFO - 开始增强版神经元状态可视化...
2025-06-02 15:56:46,739 - EnhancedStateAnalyzer - INFO - 生成相空间可视化...
2025-06-02 15:56:48,168 - EnhancedStateAnalyzer - INFO - 开始提取综合神经元特征...
2025-06-02 15:57:31,131 - EnhancedStateAnalyzer - INFO - 综合特征提取完成，共提取 53 个特征，43 个神经元
2025-06-02 15:57:39,017 - EnhancedStateAnalyzer - INFO - 生成状态热图...
2025-06-02 15:57:39,588 - EnhancedStateAnalyzer - INFO - 生成时间动态特性分析...
2025-06-02 15:57:40,813 - EnhancedStateAnalyzer - INFO - 生成频率域分析...
2025-06-02 15:57:42,282 - EnhancedStateAnalyzer - INFO - 生成相关性矩阵...
2025-06-02 15:57:44,367 - EnhancedStateAnalyzer - INFO - 生成状态转换分析...
2025-06-02 15:57:46,187 - EnhancedStateAnalyzer - INFO - 生成交互式可视化...
2025-06-02 15:57:46,566 - EnhancedStateAnalyzer - INFO - 增强版状态可视化完成
2025-06-02 15:57:46,724 - EnhancedStateAnalyzer - INFO - 增强分析结果已保存到: ../results/enhanced_state_analysis/enhanced_neuron_states_analysis.xlsx
